#
# There is insufficient memory for the Java Runtime Environment to continue.
# Native memory allocation (mmap) failed to map 65536 bytes for Failed to commit metaspace.
# Possible reasons:
#   The system is out of physical RAM or swap space
#   The process is running with CompressedOops enabled, and the Java Heap may be blocking the growth of the native heap
# Possible solutions:
#   Reduce memory load on the system
#   Increase physical memory or swap space
#   Check if swap backing store is full
#   Decrease Java heap size (-Xmx/-Xms)
#   Decrease number of Java threads
#   Decrease Java thread stack sizes (-Xss)
#   Set larger code cache with -XX:ReservedCodeCacheSize=
#   JVM is running with Unscaled Compressed Oops mode in which the Java heap is
#     placed in the first 4GB address space. The Java Heap base address is the
#     maximum limit for the native heap growth. Please use -XX:HeapBaseMinAddress
#     to set the Java Heap base and to place the Java Heap above 4GB virtual address.
# This output file may be truncated or incomplete.
#
#  Out of Memory Error (virtualSpaceNode.cpp:110), pid=19292, tid=15160
#
# JRE version: Java(TM) SE Runtime Environment (17.0.2+8) (build 17.0.2+8-LTS-86)
# Java VM: Java HotSpot(TM) 64-Bit Server VM (17.0.2+8-LTS-86, mixed mode, emulated-client, tiered, compressed oops, compressed class ptrs, g1 gc, windows-amd64)
# No core dump will be written. Minidumps are not enabled by default on client versions of Windows
#

---------------  S U M M A R Y ------------

Command Line: -Dcom.sun.management.jmxremote -Dcom.sun.management.jmxremote.port=53279 -Dcom.sun.management.jmxremote.authenticate=false -Dcom.sun.management.jmxremote.ssl=false -Djava.rmi.server.hostname=localhost -Dspring.jmx.enabled=true -Dspring.application.admin.enabled=true -XX:TieredStopAtLevel=1 -Dspring.boot.project.name=apigateway -Dfile.encoding=UTF-8 -XX:+ShowCodeDetailsInExceptionMessages com.kodlamaio.gateway.ApigatewayApplication --spring.output.ansi.enabled=always

Host: Intel(R) Core(TM) i3-1005G1 CPU @ 1.20GHz, 4 cores, 3G,  Windows 11 , 64 bit Build 22000 (10.0.22000.1219)
Time: Sat Dec 10 21:37:01 2022 Türkiye Standart Saati elapsed time: 1.338355 seconds (0d 0h 0m 1s)

---------------  T H R E A D  ---------------

Current thread (0x00000227dd1ce730):  JavaThread "main" [_thread_in_vm, id=15160, stack(0x000000a77d500000,0x000000a77d600000)]

Stack: [0x000000a77d500000,0x000000a77d600000]
Native frames: (J=compiled Java code, j=interpreted, Vv=VM code, C=native code)
V  [jvm.dll+0x670baa]
V  [jvm.dll+0x7cfcb4]
V  [jvm.dll+0x7d145e]
V  [jvm.dll+0x7d1ac3]
V  [jvm.dll+0x242bc5]
V  [jvm.dll+0x7cbc5b]
V  [jvm.dll+0x616966]
V  [jvm.dll+0x6169ca]
V  [jvm.dll+0x6191da]
V  [jvm.dll+0x617306]
V  [jvm.dll+0x2385a0]
V  [jvm.dll+0x1e880d]
V  [jvm.dll+0x1de251]
V  [jvm.dll+0x537c30]
V  [jvm.dll+0x1eea37]
V  [jvm.dll+0x74a15b]
V  [jvm.dll+0x74b502]
V  [jvm.dll+0x74b838]
V  [jvm.dll+0x23af1e]
V  [jvm.dll+0x37b2fe]
C  0x00000227e6379a6e

Java frames: (J=compiled Java code, j=interpreted, Vv=VM code)
j  java.net.URL$DefaultFactory.createURLStreamHandler(Ljava/lang/String;)Ljava/net/URLStreamHandler;+120 java.base@17.0.2
j  java.net.URL.getURLStreamHandler(Ljava/lang/String;)Ljava/net/URLStreamHandler;+89 java.base@17.0.2
j  java.net.URL.<init>(Ljava/lang/String;Ljava/lang/String;ILjava/lang/String;Ljava/net/URLStreamHandler;)V+317 java.base@17.0.2
j  jdk.internal.loader.URLClassPath$JarLoader.<init>(Ljava/net/URL;Ljava/net/URLStreamHandler;Ljava/util/HashMap;Ljava/security/AccessControlContext;)V+30 java.base@17.0.2
j  jdk.internal.loader.URLClassPath$3.run()Ljdk/internal/loader/URLClassPath$Loader;+168 java.base@17.0.2
j  jdk.internal.loader.URLClassPath$3.run()Ljava/lang/Object;+1 java.base@17.0.2
j  java.security.AccessController.executePrivileged(Ljava/security/PrivilegedExceptionAction;Ljava/security/AccessControlContext;Ljava/lang/Class;)Ljava/lang/Object;+29 java.base@17.0.2
j  java.security.AccessController.doPrivileged(Ljava/security/PrivilegedExceptionAction;Ljava/security/AccessControlContext;)Ljava/lang/Object;+13 java.base@17.0.2
j  jdk.internal.loader.URLClassPath.getLoader(Ljava/net/URL;)Ljdk/internal/loader/URLClassPath$Loader;+13 java.base@17.0.2
j  jdk.internal.loader.URLClassPath.getLoader(I)Ljdk/internal/loader/URLClassPath$Loader;+81 java.base@17.0.2
j  jdk.internal.loader.URLClassPath$1.next()Z+24 java.base@17.0.2
j  jdk.internal.loader.URLClassPath$1.hasMoreElements()Z+1 java.base@17.0.2
j  jdk.internal.loader.BuiltinClassLoader$1.hasNext()Z+43 java.base@17.0.2
j  jdk.internal.loader.BuiltinClassLoader$1.hasMoreElements()Z+1 java.base@17.0.2
j  java.lang.CompoundEnumeration.next()Z+33 java.base@17.0.2
j  java.lang.CompoundEnumeration.hasMoreElements()Z+1 java.base@17.0.2
j  java.util.ServiceLoader$LazyClassPathLookupIterator.nextProviderClass()Ljava/lang/Class;+152 java.base@17.0.2
j  java.util.ServiceLoader$LazyClassPathLookupIterator.hasNextService()Z+15 java.base@17.0.2
j  java.util.ServiceLoader$LazyClassPathLookupIterator.hasNext()Z+11 java.base@17.0.2
j  java.util.ServiceLoader$2.hasNext()Z+16 java.base@17.0.2
j  java.util.ServiceLoader$3.hasNext()Z+32 java.base@17.0.2
j  jdk.internal.logger.BootstrapLogger$DetectBackend$1.run()Ljdk/internal/logger/BootstrapLogger$LoggingBackend;+13 java.base@17.0.2
j  jdk.internal.logger.BootstrapLogger$DetectBackend$1.run()Ljava/lang/Object;+1 java.base@17.0.2
j  java.security.AccessController.executePrivileged(Ljava/security/PrivilegedAction;Ljava/security/AccessControlContext;Ljava/lang/Class;)Ljava/lang/Object;+29 java.base@17.0.2
j  java.security.AccessController.doPrivileged(Ljava/security/PrivilegedAction;)Ljava/lang/Object;+5 java.base@17.0.2
j  jdk.internal.logger.BootstrapLogger$DetectBackend.<clinit>()V+7 java.base@17.0.2
v  ~StubRoutines::call_stub
j  jdk.internal.logger.BootstrapLogger.useLazyLoggers()Z+6 java.base@17.0.2
j  jdk.internal.logger.LazyLoggers.getLazyLogger(Ljava/lang/String;Ljava/lang/Module;)Ljava/lang/System$Logger;+0 java.base@17.0.2
j  jdk.internal.logger.LazyLoggers.getLogger(Ljava/lang/String;Ljava/lang/Module;)Ljava/lang/System$Logger;+9 java.base@17.0.2
j  java.lang.System.getLogger(Ljava/lang/String;)Ljava/lang/System$Logger;+29 java.base@17.0.2
j  sun.management.jmxremote.ConnectorBootstrap.<clinit>()V+9 jdk.management.agent@17.0.2
v  ~StubRoutines::call_stub
j  jdk.internal.agent.Agent.startAgent(Ljava/util/Properties;)V+48 jdk.management.agent@17.0.2
j  jdk.internal.agent.Agent.startAgent()V+20 jdk.management.agent@17.0.2
v  ~StubRoutines::call_stub

---------------  P R O C E S S  ---------------

Threads class SMR info:
_java_thread_list=0x0000022780de19f0, length=11, elements={
0x00000227dd1ce730, 0x000002278019d260, 0x00000227dd3c0140, 0x00000227801a88c0,
0x00000227801a9180, 0x00000227801a9a40, 0x00000227801aa3f0, 0x00000227801aae50,
0x00000227801fd050, 0x000002278011c530, 0x0000022780e12310
}

Java Threads: ( => current thread )
=>0x00000227dd1ce730 JavaThread "main" [_thread_in_vm, id=15160, stack(0x000000a77d500000,0x000000a77d600000)]
  0x000002278019d260 JavaThread "Reference Handler" daemon [_thread_blocked, id=18252, stack(0x000000a77dc00000,0x000000a77dd00000)]
  0x00000227dd3c0140 JavaThread "Finalizer" daemon [_thread_blocked, id=2728, stack(0x000000a77dd00000,0x000000a77de00000)]
  0x00000227801a88c0 JavaThread "Signal Dispatcher" daemon [_thread_blocked, id=11904, stack(0x000000a77de00000,0x000000a77df00000)]
  0x00000227801a9180 JavaThread "Attach Listener" daemon [_thread_blocked, id=13256, stack(0x000000a77df00000,0x000000a77e000000)]
  0x00000227801a9a40 JavaThread "Service Thread" daemon [_thread_blocked, id=16056, stack(0x000000a77e000000,0x000000a77e100000)]
  0x00000227801aa3f0 JavaThread "Monitor Deflation Thread" daemon [_thread_blocked, id=7508, stack(0x000000a77e100000,0x000000a77e200000)]
  0x00000227801aae50 JavaThread "C1 CompilerThread0" daemon [_thread_blocked, id=6868, stack(0x000000a77e200000,0x000000a77e300000)]
  0x00000227801fd050 JavaThread "Sweeper thread" daemon [_thread_blocked, id=20400, stack(0x000000a77e300000,0x000000a77e400000)]
  0x000002278011c530 JavaThread "Common-Cleaner" daemon [_thread_blocked, id=13960, stack(0x000000a77e400000,0x000000a77e500000)]
  0x0000022780e12310 JavaThread "Notification Thread" daemon [_thread_blocked, id=8896, stack(0x000000a77e500000,0x000000a77e600000)]

Other Threads:
  0x0000022780189d30 VMThread "VM Thread" [stack: 0x000000a77db00000,0x000000a77dc00000] [id=5072]
  0x00000227dd3345e0 GCTaskThread "GC Thread#0" [stack: 0x000000a77d600000,0x000000a77d700000] [id=17680]
  0x00000227dd33e090 ConcurrentGCThread "G1 Main Marker" [stack: 0x000000a77d700000,0x000000a77d800000] [id=17804]
  0x00000227dd3403b0 ConcurrentGCThread "G1 Conc#0" [stack: 0x000000a77d800000,0x000000a77d900000] [id=2124]
  0x00000227dd37e890 ConcurrentGCThread "G1 Refine#0" [stack: 0x000000a77d900000,0x000000a77da00000] [id=17156]
  0x00000227dd3805c0 ConcurrentGCThread "G1 Service" [stack: 0x000000a77da00000,0x000000a77db00000] [id=14756]

Threads with active compile tasks:

VM state: not at safepoint (normal execution)

VM Mutex/Monitor currently owned by a thread:  ([mutex/lock_event])
[0x00000227dd1cc120] Metaspace_lock - owner thread: 0x00000227dd1ce730

Heap address: 0x00000000c3000000, size: 976 MB, Compressed Oops mode: 32-bit

CDS archive(s) not mapped
Compressed class space mapped at: 0x0000000100000000-0x0000000140000000, reserved size: 1073741824
Narrow klass base: 0x0000000000000000, Narrow klass shift: 3, Narrow klass range: 0x140000000

GC Precious Log:
 CPUs: 4 total, 4 available
 Memory: 3902M
 Large Page Support: Disabled
 NUMA Support: Disabled
 Compressed Oops: Enabled (32-bit)
 Heap Region Size: 1M
 Heap Min Capacity: 8M
 Heap Initial Capacity: 62M
 Heap Max Capacity: 976M
 Pre-touch: Disabled
 Parallel Workers: 4
 Concurrent Workers: 1
 Concurrent Refinement Workers: 4
 Periodic GC: Disabled

Heap:
 garbage-first heap   total 63488K, used 1024K [0x00000000c3000000, 0x0000000100000000)
  region size 1024K, 2 young (2048K), 0 survivors (0K)
 Metaspace       used 5667K, committed 5760K, reserved 1056768K
  class space    used 482K, committed 512K, reserved 1048576K

Heap Regions: E=young(eden), S=young(survivor), O=old, HS=humongous(starts), HC=humongous(continues), CS=collection set, F=free, OA=open archive, CA=closed archive, TAMS=top-at-mark-start (previous, next)
|   0|0x00000000c3000000, 0x00000000c3000000, 0x00000000c3100000|  0%| F|  |TAMS 0x00000000c3000000, 0x00000000c3000000| Untracked 
|   1|0x00000000c3100000, 0x00000000c3100000, 0x00000000c3200000|  0%| F|  |TAMS 0x00000000c3100000, 0x00000000c3100000| Untracked 
|   2|0x00000000c3200000, 0x00000000c3200000, 0x00000000c3300000|  0%| F|  |TAMS 0x00000000c3200000, 0x00000000c3200000| Untracked 
|   3|0x00000000c3300000, 0x00000000c3300000, 0x00000000c3400000|  0%| F|  |TAMS 0x00000000c3300000, 0x00000000c3300000| Untracked 
|   4|0x00000000c3400000, 0x00000000c3400000, 0x00000000c3500000|  0%| F|  |TAMS 0x00000000c3400000, 0x00000000c3400000| Untracked 
|   5|0x00000000c3500000, 0x00000000c3500000, 0x00000000c3600000|  0%| F|  |TAMS 0x00000000c3500000, 0x00000000c3500000| Untracked 
|   6|0x00000000c3600000, 0x00000000c3600000, 0x00000000c3700000|  0%| F|  |TAMS 0x00000000c3600000, 0x00000000c3600000| Untracked 
|   7|0x00000000c3700000, 0x00000000c3700000, 0x00000000c3800000|  0%| F|  |TAMS 0x00000000c3700000, 0x00000000c3700000| Untracked 
|   8|0x00000000c3800000, 0x00000000c3800000, 0x00000000c3900000|  0%| F|  |TAMS 0x00000000c3800000, 0x00000000c3800000| Untracked 
|   9|0x00000000c3900000, 0x00000000c3900000, 0x00000000c3a00000|  0%| F|  |TAMS 0x00000000c3900000, 0x00000000c3900000| Untracked 
|  10|0x00000000c3a00000, 0x00000000c3a00000, 0x00000000c3b00000|  0%| F|  |TAMS 0x00000000c3a00000, 0x00000000c3a00000| Untracked 
|  11|0x00000000c3b00000, 0x00000000c3b00000, 0x00000000c3c00000|  0%| F|  |TAMS 0x00000000c3b00000, 0x00000000c3b00000| Untracked 
|  12|0x00000000c3c00000, 0x00000000c3c00000, 0x00000000c3d00000|  0%| F|  |TAMS 0x00000000c3c00000, 0x00000000c3c00000| Untracked 
|  13|0x00000000c3d00000, 0x00000000c3d00000, 0x00000000c3e00000|  0%| F|  |TAMS 0x00000000c3d00000, 0x00000000c3d00000| Untracked 
|  14|0x00000000c3e00000, 0x00000000c3e00000, 0x00000000c3f00000|  0%| F|  |TAMS 0x00000000c3e00000, 0x00000000c3e00000| Untracked 
|  15|0x00000000c3f00000, 0x00000000c3f00000, 0x00000000c4000000|  0%| F|  |TAMS 0x00000000c3f00000, 0x00000000c3f00000| Untracked 
|  16|0x00000000c4000000, 0x00000000c4000000, 0x00000000c4100000|  0%| F|  |TAMS 0x00000000c4000000, 0x00000000c4000000| Untracked 
|  17|0x00000000c4100000, 0x00000000c4100000, 0x00000000c4200000|  0%| F|  |TAMS 0x00000000c4100000, 0x00000000c4100000| Untracked 
|  18|0x00000000c4200000, 0x00000000c4200000, 0x00000000c4300000|  0%| F|  |TAMS 0x00000000c4200000, 0x00000000c4200000| Untracked 
|  19|0x00000000c4300000, 0x00000000c4300000, 0x00000000c4400000|  0%| F|  |TAMS 0x00000000c4300000, 0x00000000c4300000| Untracked 
|  20|0x00000000c4400000, 0x00000000c4400000, 0x00000000c4500000|  0%| F|  |TAMS 0x00000000c4400000, 0x00000000c4400000| Untracked 
|  21|0x00000000c4500000, 0x00000000c4500000, 0x00000000c4600000|  0%| F|  |TAMS 0x00000000c4500000, 0x00000000c4500000| Untracked 
|  22|0x00000000c4600000, 0x00000000c4600000, 0x00000000c4700000|  0%| F|  |TAMS 0x00000000c4600000, 0x00000000c4600000| Untracked 
|  23|0x00000000c4700000, 0x00000000c4700000, 0x00000000c4800000|  0%| F|  |TAMS 0x00000000c4700000, 0x00000000c4700000| Untracked 
|  24|0x00000000c4800000, 0x00000000c4800000, 0x00000000c4900000|  0%| F|  |TAMS 0x00000000c4800000, 0x00000000c4800000| Untracked 
|  25|0x00000000c4900000, 0x00000000c4900000, 0x00000000c4a00000|  0%| F|  |TAMS 0x00000000c4900000, 0x00000000c4900000| Untracked 
|  26|0x00000000c4a00000, 0x00000000c4a00000, 0x00000000c4b00000|  0%| F|  |TAMS 0x00000000c4a00000, 0x00000000c4a00000| Untracked 
|  27|0x00000000c4b00000, 0x00000000c4b00000, 0x00000000c4c00000|  0%| F|  |TAMS 0x00000000c4b00000, 0x00000000c4b00000| Untracked 
|  28|0x00000000c4c00000, 0x00000000c4c00000, 0x00000000c4d00000|  0%| F|  |TAMS 0x00000000c4c00000, 0x00000000c4c00000| Untracked 
|  29|0x00000000c4d00000, 0x00000000c4d00000, 0x00000000c4e00000|  0%| F|  |TAMS 0x00000000c4d00000, 0x00000000c4d00000| Untracked 
|  30|0x00000000c4e00000, 0x00000000c4e00000, 0x00000000c4f00000|  0%| F|  |TAMS 0x00000000c4e00000, 0x00000000c4e00000| Untracked 
|  31|0x00000000c4f00000, 0x00000000c4f00000, 0x00000000c5000000|  0%| F|  |TAMS 0x00000000c4f00000, 0x00000000c4f00000| Untracked 
|  32|0x00000000c5000000, 0x00000000c5000000, 0x00000000c5100000|  0%| F|  |TAMS 0x00000000c5000000, 0x00000000c5000000| Untracked 
|  33|0x00000000c5100000, 0x00000000c5100000, 0x00000000c5200000|  0%| F|  |TAMS 0x00000000c5100000, 0x00000000c5100000| Untracked 
|  34|0x00000000c5200000, 0x00000000c5200000, 0x00000000c5300000|  0%| F|  |TAMS 0x00000000c5200000, 0x00000000c5200000| Untracked 
|  35|0x00000000c5300000, 0x00000000c5300000, 0x00000000c5400000|  0%| F|  |TAMS 0x00000000c5300000, 0x00000000c5300000| Untracked 
|  36|0x00000000c5400000, 0x00000000c5400000, 0x00000000c5500000|  0%| F|  |TAMS 0x00000000c5400000, 0x00000000c5400000| Untracked 
|  37|0x00000000c5500000, 0x00000000c5500000, 0x00000000c5600000|  0%| F|  |TAMS 0x00000000c5500000, 0x00000000c5500000| Untracked 
|  38|0x00000000c5600000, 0x00000000c5600000, 0x00000000c5700000|  0%| F|  |TAMS 0x00000000c5600000, 0x00000000c5600000| Untracked 
|  39|0x00000000c5700000, 0x00000000c5700000, 0x00000000c5800000|  0%| F|  |TAMS 0x00000000c5700000, 0x00000000c5700000| Untracked 
|  40|0x00000000c5800000, 0x00000000c5800000, 0x00000000c5900000|  0%| F|  |TAMS 0x00000000c5800000, 0x00000000c5800000| Untracked 
|  41|0x00000000c5900000, 0x00000000c5900000, 0x00000000c5a00000|  0%| F|  |TAMS 0x00000000c5900000, 0x00000000c5900000| Untracked 
|  42|0x00000000c5a00000, 0x00000000c5a00000, 0x00000000c5b00000|  0%| F|  |TAMS 0x00000000c5a00000, 0x00000000c5a00000| Untracked 
|  43|0x00000000c5b00000, 0x00000000c5b00000, 0x00000000c5c00000|  0%| F|  |TAMS 0x00000000c5b00000, 0x00000000c5b00000| Untracked 
|  44|0x00000000c5c00000, 0x00000000c5c00000, 0x00000000c5d00000|  0%| F|  |TAMS 0x00000000c5c00000, 0x00000000c5c00000| Untracked 
|  45|0x00000000c5d00000, 0x00000000c5d00000, 0x00000000c5e00000|  0%| F|  |TAMS 0x00000000c5d00000, 0x00000000c5d00000| Untracked 
|  46|0x00000000c5e00000, 0x00000000c5e00000, 0x00000000c5f00000|  0%| F|  |TAMS 0x00000000c5e00000, 0x00000000c5e00000| Untracked 
|  47|0x00000000c5f00000, 0x00000000c5f00000, 0x00000000c6000000|  0%| F|  |TAMS 0x00000000c5f00000, 0x00000000c5f00000| Untracked 
|  48|0x00000000c6000000, 0x00000000c6000000, 0x00000000c6100000|  0%| F|  |TAMS 0x00000000c6000000, 0x00000000c6000000| Untracked 
|  49|0x00000000c6100000, 0x00000000c6100000, 0x00000000c6200000|  0%| F|  |TAMS 0x00000000c6100000, 0x00000000c6100000| Untracked 
|  50|0x00000000c6200000, 0x00000000c6200000, 0x00000000c6300000|  0%| F|  |TAMS 0x00000000c6200000, 0x00000000c6200000| Untracked 
|  51|0x00000000c6300000, 0x00000000c6300000, 0x00000000c6400000|  0%| F|  |TAMS 0x00000000c6300000, 0x00000000c6300000| Untracked 
|  52|0x00000000c6400000, 0x00000000c6400000, 0x00000000c6500000|  0%| F|  |TAMS 0x00000000c6400000, 0x00000000c6400000| Untracked 
|  53|0x00000000c6500000, 0x00000000c6500000, 0x00000000c6600000|  0%| F|  |TAMS 0x00000000c6500000, 0x00000000c6500000| Untracked 
|  54|0x00000000c6600000, 0x00000000c6600000, 0x00000000c6700000|  0%| F|  |TAMS 0x00000000c6600000, 0x00000000c6600000| Untracked 
|  55|0x00000000c6700000, 0x00000000c6700000, 0x00000000c6800000|  0%| F|  |TAMS 0x00000000c6700000, 0x00000000c6700000| Untracked 
|  56|0x00000000c6800000, 0x00000000c6800000, 0x00000000c6900000|  0%| F|  |TAMS 0x00000000c6800000, 0x00000000c6800000| Untracked 
|  57|0x00000000c6900000, 0x00000000c6900000, 0x00000000c6a00000|  0%| F|  |TAMS 0x00000000c6900000, 0x00000000c6900000| Untracked 
|  58|0x00000000c6a00000, 0x00000000c6a00000, 0x00000000c6b00000|  0%| F|  |TAMS 0x00000000c6a00000, 0x00000000c6a00000| Untracked 
|  59|0x00000000c6b00000, 0x00000000c6b00000, 0x00000000c6c00000|  0%| F|  |TAMS 0x00000000c6b00000, 0x00000000c6b00000| Untracked 
|  60|0x00000000c6c00000, 0x00000000c6cc8340, 0x00000000c6d00000| 78%| E|  |TAMS 0x00000000c6c00000, 0x00000000c6c00000| Complete 
|  61|0x00000000c6d00000, 0x00000000c6e00000, 0x00000000c6e00000|100%| E|CS|TAMS 0x00000000c6d00000, 0x00000000c6d00000| Complete 

Card table byte_map: [0x00000227e99f0000,0x00000227e9be0000] _byte_map_base: 0x00000227e93d8000

Marking Bits (Prev, Next): (CMBitMap*) 0x00000227dd335c00, (CMBitMap*) 0x00000227dd335c40
 Prev Bits: [0x00000227e9dd0000, 0x00000227ead10000)
 Next Bits: [0x00000227ead10000, 0x00000227ebc50000)

Polling page: 0x00000227dd3d0000

Metaspace:

Usage:
  Non-class:      5.06 MB used.
      Class:    482.28 KB used.
       Both:      5.53 MB used.

Virtual space:
  Non-class space:        8.00 MB reserved,       5.12 MB ( 64%) committed,  1 nodes.
      Class space:        1.00 GB reserved,     512.00 KB ( <1%) committed,  1 nodes.
             Both:        1.01 GB reserved,       5.62 MB ( <1%) committed. 

Chunk freelists:
   Non-Class:  2.50 MB
       Class:  3.51 MB
        Both:  6.01 MB

MaxMetaspaceSize: unlimited
CompressedClassSpaceSize: 1.00 GB
Initial GC threshold: 21.00 MB
Current GC threshold: 21.00 MB
CDS: off
MetaspaceReclaimPolicy: balanced
 - commit_granule_bytes: 65536.
 - commit_granule_words: 8192.
 - virtual_space_node_default_size: 1048576.
 - enlarge_chunks_in_place: 1.
 - new_chunks_are_fully_committed: 0.
 - uncommit_free_chunks: 1.
 - use_allocation_guard: 0.
 - handle_deallocations: 1.


Internal statistics:

num_allocs_failed_limit: 0.
num_arena_births: 4.
num_arena_deaths: 0.
num_vsnodes_births: 2.
num_vsnodes_deaths: 0.
num_space_committed: 90.
num_space_uncommitted: 0.
num_chunks_returned_to_freelist: 0.
num_chunks_taken_from_freelist: 11.
num_chunk_merges: 0.
num_chunk_splits: 3.
num_chunks_enlarged: 1.
num_purges: 0.
num_inconsistent_stats: 0.

CodeCache: size=49152Kb used=1314Kb max_used=1314Kb free=47837Kb
 bounds [0x00000227e6360000, 0x00000227e65d0000, 0x00000227e9360000]
 total_blobs=547 nmethods=212 adapters=263
 compilation: enabled
              stopped_count=0, restarted_count=0
 full_count=0

Compilation events (20 events):
Event: 1.319 Thread 0x00000227801aae50  203       1       java.lang.ref.Reference::reachabilityFence (1 bytes)
Event: 1.320 Thread 0x00000227801aae50 nmethod 203 0x00000227e64a5b90 code [0x00000227e64a5d20, 0x00000227e64a5db8]
Event: 1.320 Thread 0x00000227801aae50  204       1       java.nio.Buffer::scope (17 bytes)
Event: 1.320 Thread 0x00000227801aae50 nmethod 204 0x00000227e64a5e90 code [0x00000227e64a6040, 0x00000227e64a6168]
Event: 1.320 Thread 0x00000227801aae50  205       1       java.nio.Buffer::checkIndex (22 bytes)
Event: 1.320 Thread 0x00000227801aae50 nmethod 205 0x00000227e64a6210 code [0x00000227e64a63a0, 0x00000227e64a64c8]
Event: 1.320 Thread 0x00000227801aae50  206   !   1       java.nio.DirectByteBuffer::get (34 bytes)
Event: 1.321 Thread 0x00000227801aae50 nmethod 206 0x00000227e64a6590 code [0x00000227e64a6760, 0x00000227e64a6a08]
Event: 1.321 Thread 0x00000227801aae50  207       1       java.nio.DirectByteBuffer::ix (10 bytes)
Event: 1.321 Thread 0x00000227801aae50 nmethod 207 0x00000227e64a6d10 code [0x00000227e64a6ea0, 0x00000227e64a6f78]
Event: 1.321 Thread 0x00000227801aae50  208   !   1       jdk.internal.misc.ScopedMemoryAccess::getByte (20 bytes)
Event: 1.321 Thread 0x00000227801aae50 nmethod 208 0x00000227e64a7010 code [0x00000227e64a71c0, 0x00000227e64a7398]
Event: 1.321 Thread 0x00000227801aae50  209   !   1       jdk.internal.misc.ScopedMemoryAccess::getByteInternal (36 bytes)
Event: 1.321 Thread 0x00000227801aae50 nmethod 209 0x00000227e64a7510 code [0x00000227e64a76a0, 0x00000227e64a77e8]
Event: 1.322 Thread 0x00000227801aae50  210       1       jdk.internal.jimage.ImageStringsReader::unmaskedHashCode (166 bytes)
Event: 1.322 Thread 0x00000227801aae50 nmethod 210 0x00000227e64a7890 code [0x00000227e64a7a60, 0x00000227e64a7f38]
Event: 1.327 Thread 0x00000227801aae50  211       1       java.lang.StringBuilder::append (8 bytes)
Event: 1.327 Thread 0x00000227801aae50 nmethod 211 0x00000227e64a8310 code [0x00000227e64a84a0, 0x00000227e64a8588]
Event: 1.327 Thread 0x00000227801aae50  212       1       java.lang.AbstractStringBuilder::append (77 bytes)
Event: 1.328 Thread 0x00000227801aae50 nmethod 212 0x00000227e64a8610 code [0x00000227e64a87c0, 0x00000227e64a8a08]

GC Heap History (0 events):
No events

Deoptimization events (0 events):
No events

Classes unloaded (0 events):
No events

Classes redefined (0 events):
No events

Internal exceptions (0 events):
No events

VM Operations (2 events):
Event: 1.251 Executing VM operation: HandshakeAllThreads
Event: 1.251 Executing VM operation: HandshakeAllThreads done

Events (20 events):
Event: 1.326 loading class sun/util/locale/LocaleObjectCache$CacheEntry done
Event: 1.326 loading class java/util/Locale$Cache
Event: 1.326 loading class java/util/Locale$Cache done
Event: 1.326 loading class jdk/internal/loader/URLClassPath$3
Event: 1.326 loading class jdk/internal/loader/URLClassPath$3 done
Event: 1.326 loading class jdk/internal/loader/URLClassPath$FileLoader
Event: 1.326 loading class jdk/internal/loader/URLClassPath$Loader
Event: 1.327 loading class jdk/internal/loader/URLClassPath$Loader done
Event: 1.327 loading class jdk/internal/loader/URLClassPath$FileLoader done
Event: 1.329 loading class jdk/internal/loader/URLClassPath$JarLoader
Event: 1.330 loading class jdk/internal/loader/URLClassPath$JarLoader done
Event: 1.330 loading class java/util/zip/ZipFile
Event: 1.331 loading class java/util/zip/ZipConstants
Event: 1.331 loading class java/util/zip/ZipConstants done
Event: 1.331 loading class java/util/zip/ZipFile done
Event: 1.331 loading class java/util/zip/ZipFile$1
Event: 1.331 loading class jdk/internal/access/JavaUtilZipFileAccess
Event: 1.331 loading class jdk/internal/access/JavaUtilZipFileAccess done
Event: 1.331 loading class java/util/zip/ZipFile$1 done
Event: 1.332 loading class sun/net/www/protocol/jar/Handler


Dynamic libraries:
0x00007ff79cf70000 - 0x00007ff79cf80000 	C:\Program Files\Java\jdk-17.0.2\bin\javaw.exe
0x00007ffeab8a0000 - 0x00007ffeabaa9000 	C:\WINDOWS\SYSTEM32\ntdll.dll
0x00007ffeaa300000 - 0x00007ffeaa3be000 	C:\WINDOWS\System32\KERNEL32.DLL
0x00007ffea8d70000 - 0x00007ffea90eb000 	C:\WINDOWS\System32\KERNELBASE.dll
0x00007ffea9120000 - 0x00007ffea9231000 	C:\WINDOWS\System32\ucrtbase.dll
0x00007ffe77ac0000 - 0x00007ffe77ad8000 	C:\Program Files\Java\jdk-17.0.2\bin\jli.dll
0x00007ffeaa3d0000 - 0x00007ffeaa47e000 	C:\WINDOWS\System32\ADVAPI32.dll
0x00007ffeab1b0000 - 0x00007ffeab253000 	C:\WINDOWS\System32\msvcrt.dll
0x00007ffeab440000 - 0x00007ffeab4de000 	C:\WINDOWS\System32\sechost.dll
0x00007ffeaa1b0000 - 0x00007ffeaa2d0000 	C:\WINDOWS\System32\RPCRT4.dll
0x00007ffeab6b0000 - 0x00007ffeab85d000 	C:\WINDOWS\System32\USER32.dll
0x00007ffea90f0000 - 0x00007ffea9116000 	C:\WINDOWS\System32\win32u.dll
0x00007ffeaa2d0000 - 0x00007ffeaa2f9000 	C:\WINDOWS\System32\GDI32.dll
0x00007ffea9240000 - 0x00007ffea9358000 	C:\WINDOWS\System32\gdi32full.dll
0x00007ffea9600000 - 0x00007ffea969d000 	C:\WINDOWS\System32\msvcp_win.dll
0x00007ffe77aa0000 - 0x00007ffe77aba000 	C:\Program Files\Java\jdk-17.0.2\bin\VCRUNTIME140.dll
0x00007ffe96370000 - 0x00007ffe96615000 	C:\WINDOWS\WinSxS\amd64_microsoft.windows.common-controls_6595b64144ccf1df_6.0.22000.120_none_9d947278b86cc467\COMCTL32.dll
0x00007ffea0220000 - 0x00007ffea022a000 	C:\WINDOWS\SYSTEM32\VERSION.dll
0x00007ffea9950000 - 0x00007ffea9982000 	C:\WINDOWS\System32\IMM32.DLL
0x00007ffea5240000 - 0x00007ffea524c000 	C:\Program Files\Java\jdk-17.0.2\bin\vcruntime140_1.dll
0x00007ffe67360000 - 0x00007ffe673ed000 	C:\Program Files\Java\jdk-17.0.2\bin\msvcp140.dll
0x00007ffe62b90000 - 0x00007ffe63751000 	C:\Program Files\Java\jdk-17.0.2\bin\server\jvm.dll
0x00007ffeab540000 - 0x00007ffeab548000 	C:\WINDOWS\System32\PSAPI.DLL
0x00007ffe89d60000 - 0x00007ffe89d69000 	C:\WINDOWS\SYSTEM32\WSOCK32.dll
0x00007ffeab640000 - 0x00007ffeab6af000 	C:\WINDOWS\System32\WS2_32.dll
0x00007ffea16a0000 - 0x00007ffea16d3000 	C:\WINDOWS\SYSTEM32\WINMM.dll
0x00007ffea7db0000 - 0x00007ffea7dc8000 	C:\WINDOWS\SYSTEM32\kernel.appcore.dll
0x00007ffea3ae0000 - 0x00007ffea3aea000 	C:\Program Files\Java\jdk-17.0.2\bin\jimage.dll
0x00007ffea6820000 - 0x00007ffea6a41000 	C:\WINDOWS\SYSTEM32\DBGHELP.DLL
0x00007ffe89570000 - 0x00007ffe895a1000 	C:\WINDOWS\SYSTEM32\dbgcore.DLL
0x00007ffea96a0000 - 0x00007ffea971f000 	C:\WINDOWS\System32\bcryptPrimitives.dll
0x00007ffe75c30000 - 0x00007ffe75c55000 	C:\Program Files\Java\jdk-17.0.2\bin\java.dll
0x00007ffe67280000 - 0x00007ffe67356000 	C:\Program Files\Java\jdk-17.0.2\bin\jsvml.dll
0x00007ffeaa950000 - 0x00007ffeab108000 	C:\WINDOWS\System32\SHELL32.dll
0x00007ffea6e20000 - 0x00007ffea7685000 	C:\WINDOWS\SYSTEM32\windows.storage.dll
0x00007ffea9ce0000 - 0x00007ffeaa058000 	C:\WINDOWS\System32\combase.dll
0x00007ffea6cb0000 - 0x00007ffea6e16000 	C:\WINDOWS\SYSTEM32\wintypes.dll
0x00007ffeab550000 - 0x00007ffeab63a000 	C:\WINDOWS\System32\SHCORE.dll
0x00007ffeab4e0000 - 0x00007ffeab53d000 	C:\WINDOWS\System32\shlwapi.dll
0x00007ffea8ca0000 - 0x00007ffea8cc1000 	C:\WINDOWS\SYSTEM32\profapi.dll

dbghelp: loaded successfully - version: 4.0.5 - missing functions: none
symbol engine: initialized successfully - sym options: 0x614 - pdb path: .;C:\Program Files\Java\jdk-17.0.2\bin;C:\WINDOWS\SYSTEM32;C:\WINDOWS\WinSxS\amd64_microsoft.windows.common-controls_6595b64144ccf1df_6.0.22000.120_none_9d947278b86cc467;C:\Program Files\Java\jdk-17.0.2\bin\server

VM Arguments:
jvm_args: -Dcom.sun.management.jmxremote -Dcom.sun.management.jmxremote.port=53279 -Dcom.sun.management.jmxremote.authenticate=false -Dcom.sun.management.jmxremote.ssl=false -Djava.rmi.server.hostname=localhost -Dspring.jmx.enabled=true -Dspring.application.admin.enabled=true -XX:TieredStopAtLevel=1 -Dspring.boot.project.name=apigateway -Dfile.encoding=UTF-8 -XX:+ShowCodeDetailsInExceptionMessages 
java_command: com.kodlamaio.gateway.ApigatewayApplication --spring.output.ansi.enabled=always
java_class_path (initial): C:\casgem\backend\mikroservices\apigateway\target\classes;C:\Users\brnoz\.m2\repository\org\springframework\boot\spring-boot-starter-webflux\2.7.6\spring-boot-starter-webflux-2.7.6.jar;C:\Users\brnoz\.m2\repository\org\springframework\boot\spring-boot-starter\2.7.6\spring-boot-starter-2.7.6.jar;C:\Users\brnoz\.m2\repository\org\springframework\boot\spring-boot\2.7.6\spring-boot-2.7.6.jar;C:\Users\brnoz\.m2\repository\org\springframework\boot\spring-boot-autoconfigure\2.7.6\spring-boot-autoconfigure-2.7.6.jar;C:\Users\brnoz\.m2\repository\org\springframework\boot\spring-boot-starter-logging\2.7.6\spring-boot-starter-logging-2.7.6.jar;C:\Users\brnoz\.m2\repository\ch\qos\logback\logback-classic\1.2.11\logback-classic-1.2.11.jar;C:\Users\brnoz\.m2\repository\ch\qos\logback\logback-core\1.2.11\logback-core-1.2.11.jar;C:\Users\brnoz\.m2\repository\org\apache\logging\log4j\log4j-to-slf4j\2.17.2\log4j-to-slf4j-2.17.2.jar;C:\Users\brnoz\.m2\repository\org\apache\logging\log4j\log4j-api\2.17.2\log4j-api-2.17.2.jar;C:\Users\brnoz\.m2\repository\org\slf4j\jul-to-slf4j\1.7.36\jul-to-slf4j-1.7.36.jar;C:\Users\brnoz\.m2\repository\jakarta\annotation\jakarta.annotation-api\1.3.5\jakarta.annotation-api-1.3.5.jar;C:\Users\brnoz\.m2\repository\org\yaml\snakeyaml\1.30\snakeyaml-1.30.jar;C:\Users\brnoz\.m2\repository\org\springframework\boot\spring-boot-starter-json\2.7.6\spring-boot-starter-json-2.7.6.jar;C:\Users\brnoz\.m2\repository\com\fasterxml\jackson\datatype\jackson-datatype-jdk8\2.13.4\jackson-datatype-jdk8-2.13.4.jar;C:\Users\brnoz\.m2\repository\com\fasterxml\jackson\datatype\jackson-datatype-jsr310\2.13.4\jackson-datatype-jsr310-2.13.4.jar;C:\Users\brnoz\.m2\repository\com\fasterxml\jackson\module\jackson-module-parameter-names\2.13.4\jackson-module-parameter-names-2.13.4.jar;C:\Users\brnoz\.m2\repository\org\springframework\boot\spring-boot-starter-reactor-netty\2.7.6\spring-boot-starter-reactor-netty-2.7.6.jar;C:\Users\brnoz\.m2\repository\io\
Launcher Type: SUN_STANDARD

[Global flags]
     intx CICompilerCount                          = 3                                         {product} {ergonomic}
     uint ConcGCThreads                            = 1                                         {product} {ergonomic}
     uint G1ConcRefinementThreads                  = 4                                         {product} {ergonomic}
   size_t G1HeapRegionSize                         = 1048576                                   {product} {ergonomic}
    uintx GCDrainStackTargetSize                   = 64                                        {product} {ergonomic}
   size_t InitialHeapSize                          = 65011712                                  {product} {ergonomic}
     bool ManagementServer                         = true                                      {product} {command line}
   size_t MarkStackSize                            = 4194304                                   {product} {ergonomic}
   size_t MaxHeapSize                              = 1023410176                                {product} {ergonomic}
   size_t MaxNewSize                               = 613416960                                 {product} {ergonomic}
   size_t MinHeapDeltaBytes                        = 1048576                                   {product} {ergonomic}
   size_t MinHeapSize                              = 8388608                                   {product} {ergonomic}
    uintx NonProfiledCodeHeapSize                  = 0                                      {pd product} {ergonomic}
     bool ProfileInterpreter                       = false                                  {pd product} {command line}
    uintx ProfiledCodeHeapSize                     = 0                                      {pd product} {ergonomic}
     bool ShowCodeDetailsInExceptionMessages       = true                                   {manageable} {command line}
   size_t SoftMaxHeapSize                          = 1023410176                             {manageable} {ergonomic}
     intx TieredStopAtLevel                        = 1                                         {product} {command line}
     bool UseCompressedClassPointers               = true                           {product lp64_product} {ergonomic}
     bool UseCompressedOops                        = true                           {product lp64_product} {ergonomic}
     bool UseG1GC                                  = true                                      {product} {ergonomic}
     bool UseLargePagesIndividualAllocation        = false                                  {pd product} {ergonomic}

Logging:
Log output configuration:
 #0: stdout all=warning uptime,level,tags
 #1: stderr all=off uptime,level,tags

Environment Variables:
PATH=C:\Program Files\Common Files\Oracle\Java\javapath;C:\Python\Python39\Scripts\;C:\Python\Python39\;C:\WINDOWS\system32;C:\WINDOWS;C:\WINDOWS\System32\Wbem;C:\WINDOWS\System32\WindowsPowerShell\v1.0\;C:\WINDOWS\System32\OpenSSH\;C:\Program Files\dotnet\;C:\Program Files\Microsoft SQL Server\130\Tools\Binn\;C:\Program Files\Microsoft SQL Server\Client SDK\ODBC\170\Tools\Binn\;C:\Program Files (x86)\Microsoft SQL Server\150\Tools\Binn\;C:\Program Files\Microsoft SQL Server\150\Tools\Binn\;C:\Program Files\Microsoft SQL Server\150\DTS\Binn\;C:\Program Files (x86)\Microsoft SQL Server\150\DTS\Binn\;C:\Program Files\Azure Data Studio\bin;C:\Program Files\Git\cmd;C:\composer;C:\xampp\php;C:\Program Files\Docker\Docker\resources\bin;C:\Users\brnoz\anaconda3;C:\Users\brnoz\anaconda3\Library\mingw-w64\bin;C:\Users\brnoz\anaconda3\Library\usr\bin;C:\Users\brnoz\anaconda3\Library\bin;C:\Users\brnoz\anaconda3\Scripts;C:\Users\brnoz\AppData\Local\Microsoft\WindowsApps;C:\Users\brnoz\.dotnet\tools;C:\Program Files\Azure Data Studio\bin;C:\Users\brnoz\AppData\Roaming\Composer\vendor\bin;C:\Program Files\JetBrains\PhpStorm 2021.2.3\bin;C:\Users\brnoz\AppData\Local\Microsoft\WindowsApps;C:\Program Files\JetBrains\IntelliJ IDEA Community Edition 2022.1\bin;C:\Users\brnoz\AppData\Local\Programs\Microsoft VS Code\bin;C:\Users\brnoz\.dotnet\tools
USERNAME=brnoz
OS=Windows_NT
PROCESSOR_IDENTIFIER=Intel64 Family 6 Model 126 Stepping 5, GenuineIntel



---------------  S Y S T E M  ---------------

OS:
 Windows 11 , 64 bit Build 22000 (10.0.22000.1219)
OS uptime: 1 days 4:53 hours
Hyper-V role detected

CPU: total 4 (initial active 4) (2 cores per cpu, 2 threads per core) family 6 model 126 stepping 5 microcode 0xa6, cx8, cmov, fxsr, ht, mmx, 3dnowpref, sse, sse2, sse3, ssse3, sse4.1, sse4.2, popcnt, lzcnt, tsc, tscinvbit, avx, avx2, aes, erms, clmul, bmi1, bmi2, adx, avx512f, avx512dq, avx512cd, avx512bw, avx512vl, sha, fma, vzeroupper, avx512_vpopcntdq, avx512_vpclmulqdq, avx512_vaes, avx512_vnni, clflush, clflushopt, avx512_vbmi2, avx512_vbmi, hv

Memory: 4k page, system-wide physical 3902M (51M free)
TotalPageFile size 15678M (AvailPageFile size 0M)
current process WorkingSet (physical memory assigned to process): 28M, peak: 28M
current process commit charge ("private bytes"): 122M, peak: 122M

vm_info: Java HotSpot(TM) 64-Bit Server VM (17.0.2+8-LTS-86) for windows-amd64 JRE (17.0.2+8-LTS-86), built on Dec  7 2021 21:51:03 by "mach5one" with MS VC++ 16.8 / 16.9 (VS2019)

END.
