#
# There is insufficient memory for the Java Runtime Environment to continue.
# Native memory allocation (mmap) failed to map 339738624 bytes for G1 virtual space
# Possible reasons:
#   The system is out of physical RAM or swap space
#   The process is running with CompressedOops enabled, and the Java Heap may be blocking the growth of the native heap
# Possible solutions:
#   Reduce memory load on the system
#   Increase physical memory or swap space
#   Check if swap backing store is full
#   Decrease Java heap size (-Xmx/-Xms)
#   Decrease number of Java threads
#   Decrease Java thread stack sizes (-Xss)
#   Set larger code cache with -XX:ReservedCodeCacheSize=
#   JVM is running with Unscaled Compressed Oops mode in which the Java heap is
#     placed in the first 4GB address space. The Java Heap base address is the
#     maximum limit for the native heap growth. Please use -XX:HeapBaseMinAddress
#     to set the Java Heap base and to place the Java Heap above 4GB virtual address.
# This output file may be truncated or incomplete.
#
#  Out of Memory Error (os_windows.cpp:3532), pid=23132, tid=16932
#
# JRE version: Java(TM) SE Runtime Environment (17.0.2+8) (build 17.0.2+8-LTS-86)
# Java VM: Java HotSpot(TM) 64-Bit Server VM (17.0.2+8-LTS-86, mixed mode, emulated-client, sharing, tiered, compressed oops, compressed class ptrs, g1 gc, windows-amd64)
# No core dump will be written. Minidumps are not enabled by default on client versions of Windows
#

---------------  S U M M A R Y ------------

Command Line: -Dcom.sun.management.jmxremote -Dcom.sun.management.jmxremote.port=55333 -Dcom.sun.management.jmxremote.authenticate=false -Dcom.sun.management.jmxremote.ssl=false -Djava.rmi.server.hostname=localhost -Dspring.jmx.enabled=true -Dspring.application.admin.enabled=true -XX:TieredStopAtLevel=1 -Dspring.boot.project.name=rental-service -Dfile.encoding=UTF-8 -XX:+ShowCodeDetailsInExceptionMessages com.kodlamaio.rentalservice.RentalServiceApplication --spring.output.ansi.enabled=always

Host: Intel(R) Core(TM) i3-1005G1 CPU @ 1.20GHz, 4 cores, 3G,  Windows 11 , 64 bit Build 22000 (10.0.22000.1335)
Time: Tue Jan  3 05:33:21 2023 Türkiye Standart Saati elapsed time: 2157.922782 seconds (0d 0h 35m 57s)

---------------  T H R E A D  ---------------

Current thread (0x00000273acdfd800):  VMThread "VM Thread" [stack: 0x000000a90d600000,0x000000a90d700000] [id=16932]

Stack: [0x000000a90d600000,0x000000a90d700000]
Native frames: (J=compiled Java code, j=interpreted, Vv=VM code, C=native code)
V  [jvm.dll+0x670baa]
V  [jvm.dll+0x7cfcb4]
V  [jvm.dll+0x7d145e]
V  [jvm.dll+0x7d1ac3]
V  [jvm.dll+0x242bc5]
V  [jvm.dll+0x66dac9]
V  [jvm.dll+0x662412]
V  [jvm.dll+0x300c0b]
V  [jvm.dll+0x3081a6]
V  [jvm.dll+0x357d0e]
V  [jvm.dll+0x357f3f]
V  [jvm.dll+0x2d7ec8]
V  [jvm.dll+0x2d6194]
V  [jvm.dll+0x2d579c]
V  [jvm.dll+0x3190eb]
V  [jvm.dll+0x7d5f9b]
V  [jvm.dll+0x7d6cd4]
V  [jvm.dll+0x7d71ec]
V  [jvm.dll+0x7d75c4]
V  [jvm.dll+0x7d7690]
V  [jvm.dll+0x77ff7a]
V  [jvm.dll+0x66fa35]
C  [ucrtbase.dll+0x26c0c]
C  [KERNEL32.DLL+0x155a0]
C  [ntdll.dll+0x485b]

VM_Operation (0x000000a90f3fe2d0): G1CollectForAllocation, mode: safepoint, requested by thread 0x00000273c062efd0


---------------  P R O C E S S  ---------------

Threads class SMR info:
_java_thread_list=0x00000273c13269f0, length=32, elements={
0x00000273ace03a40, 0x00000273ace06da0, 0x00000273bbc4ce30, 0x00000273bbc4d7e0,
0x00000273bbc4e190, 0x00000273bbc4eb40, 0x00000273bbc4f5a0, 0x00000273bbc5e280,
0x00000273acdeba80, 0x00000273bc924f70, 0x00000273bd0ff800, 0x00000273bd0e4070,
0x00000273bd0fd310, 0x00000273bd0fd7e0, 0x00000273bd17a020, 0x00000273c062ce20,
0x00000273c2dd14e0, 0x00000273c2dcf800, 0x00000273c2dd1e80, 0x00000273c2dd19b0,
0x00000273c2dce990, 0x00000273c2dd0b40, 0x00000273c2dcee60, 0x00000273c2dd1010,
0x00000273c0629930, 0x00000273c062e160, 0x00000273c062efd0, 0x00000273c062ac70,
0x00000273c062b140, 0x00000273c062e630, 0x00000273c062f4a0, 0x00000273c062d7c0
}

Java Threads: ( => current thread )
  0x00000273ace03a40 JavaThread "Reference Handler" daemon [_thread_blocked, id=4784, stack(0x000000a90d700000,0x000000a90d800000)]
  0x00000273ace06da0 JavaThread "Finalizer" daemon [_thread_blocked, id=11424, stack(0x000000a90d800000,0x000000a90d900000)]
  0x00000273bbc4ce30 JavaThread "Signal Dispatcher" daemon [_thread_blocked, id=17276, stack(0x000000a90d900000,0x000000a90da00000)]
  0x00000273bbc4d7e0 JavaThread "Attach Listener" daemon [_thread_blocked, id=20604, stack(0x000000a90da00000,0x000000a90db00000)]
  0x00000273bbc4e190 JavaThread "Service Thread" daemon [_thread_blocked, id=9748, stack(0x000000a90db00000,0x000000a90dc00000)]
  0x00000273bbc4eb40 JavaThread "Monitor Deflation Thread" daemon [_thread_blocked, id=12332, stack(0x000000a90dc00000,0x000000a90dd00000)]
  0x00000273bbc4f5a0 JavaThread "C1 CompilerThread0" daemon [_thread_blocked, id=16692, stack(0x000000a90dd00000,0x000000a90de00000)]
  0x00000273bbc5e280 JavaThread "Sweeper thread" daemon [_thread_blocked, id=4760, stack(0x000000a90de00000,0x000000a90df00000)]
  0x00000273acdeba80 JavaThread "Common-Cleaner" daemon [_thread_blocked, id=7664, stack(0x000000a90df00000,0x000000a90e000000)]
  0x00000273bc924f70 JavaThread "Notification Thread" daemon [_thread_blocked, id=8876, stack(0x000000a90e000000,0x000000a90e100000)]
  0x00000273bd0ff800 JavaThread "RMI TCP Accept-0" daemon [_thread_in_native, id=15548, stack(0x000000a90e400000,0x000000a90e500000)]
  0x00000273bd0e4070 JavaThread "RMI TCP Accept-55333" daemon [_thread_in_native, id=22624, stack(0x000000a90e500000,0x000000a90e600000)]
  0x00000273bd0fd310 JavaThread "RMI TCP Accept-0" daemon [_thread_in_native, id=5716, stack(0x000000a90e700000,0x000000a90e800000)]
  0x00000273bd0fd7e0 JavaThread "RMI Scheduler(0)" daemon [_thread_blocked, id=13012, stack(0x000000a90e900000,0x000000a90ea00000)]
  0x00000273bd17a020 JavaThread "JMX server connection timeout 21" daemon [_thread_blocked, id=6796, stack(0x000000a90eb00000,0x000000a90ec00000)]
  0x00000273c062ce20 JavaThread "DestroyJavaVM" [_thread_blocked, id=11824, stack(0x000000a90d000000,0x000000a90d100000)]
  0x00000273c2dd14e0 JavaThread "RMI TCP Connection(idle)" daemon [_thread_blocked, id=18980, stack(0x000000a910500000,0x000000a910600000)]
  0x00000273c2dcf800 JavaThread "Thread-7" [_thread_blocked, id=20204, stack(0x000000a90cd00000,0x000000a90ce00000)]
  0x00000273c2dd1e80 JavaThread "restartedMain" [_thread_blocked, id=17784, stack(0x000000a90cf00000,0x000000a90d000000)]
  0x00000273c2dd19b0 JavaThread "Keep-Alive-Timer" daemon [_thread_blocked, id=3496, stack(0x000000a90ce00000,0x000000a90cf00000)]
  0x00000273c2dce990 JavaThread "Catalina-utility-1" [_thread_blocked, id=22988, stack(0x000000a90e600000,0x000000a90e700000)]
  0x00000273c2dd0b40 JavaThread "Catalina-utility-2" [_thread_blocked, id=23424, stack(0x000000a90ec00000,0x000000a90ed00000)]
  0x00000273c2dcee60 JavaThread "container-0" [_thread_blocked, id=7124, stack(0x000000a90ed00000,0x000000a90ee00000)]
  0x00000273c2dd1010 JavaThread "HikariPool-3 housekeeper" daemon [_thread_blocked, id=13652, stack(0x000000a90ee00000,0x000000a90ef00000)]
  0x00000273c0629930 JavaThread "ClassGraph-worker-128" daemon [_thread_blocked, id=14960, stack(0x000000a90ef00000,0x000000a90f000000)]
  0x00000273c062e160 JavaThread "ClassGraph-worker-129" daemon [_thread_blocked, id=14984, stack(0x000000a90f200000,0x000000a90f300000)]
  0x00000273c062efd0 JavaThread "ClassGraph-worker-130" daemon [_thread_blocked, id=9640, stack(0x000000a90f300000,0x000000a90f400000)]
  0x00000273c062ac70 JavaThread "ClassGraph-worker-131" daemon [_thread_blocked, id=1304, stack(0x000000a90f400000,0x000000a90f500000)]
  0x00000273c062b140 JavaThread "ClassGraph-worker-132" daemon [_thread_blocked, id=16064, stack(0x000000a90f500000,0x000000a90f600000)]
  0x00000273c062e630 JavaThread "ClassGraph-worker-133" daemon [_thread_blocked, id=4604, stack(0x000000a90f600000,0x000000a90f700000)]
  0x00000273c062f4a0 JavaThread "ClassGraph-worker-134" daemon [_thread_blocked, id=13408, stack(0x000000a90f700000,0x000000a90f800000)]
  0x00000273c062d7c0 JavaThread "ClassGraph-worker-135" daemon [_thread_blocked, id=6152, stack(0x000000a90f800000,0x000000a90f900000)]

Other Threads:
=>0x00000273acdfd800 VMThread "VM Thread" [stack: 0x000000a90d600000,0x000000a90d700000] [id=16932]
  0x00000273acd53680 WatcherThread [stack: 0x000000a90e800000,0x000000a90e900000] [id=7096]
  0x00000273acd7fba0 GCTaskThread "GC Thread#0" [stack: 0x000000a90d100000,0x000000a90d200000] [id=9496]
  0x00000273bcffe560 GCTaskThread "GC Thread#1" [stack: 0x000000a90e100000,0x000000a90e200000] [id=11140]
  0x00000273bd005810 GCTaskThread "GC Thread#2" [stack: 0x000000a90e200000,0x000000a90e300000] [id=17792]
  0x00000273bd005ac0 GCTaskThread "GC Thread#3" [stack: 0x000000a90e300000,0x000000a90e400000] [id=21476]
  0x00000273acd884e0 ConcurrentGCThread "G1 Main Marker" [stack: 0x000000a90d200000,0x000000a90d300000] [id=20104]
  0x00000273acd898c0 ConcurrentGCThread "G1 Conc#0" [stack: 0x000000a90d300000,0x000000a90d400000] [id=11044]
  0x00000273acdc9170 ConcurrentGCThread "G1 Refine#0" [stack: 0x000000a90d400000,0x000000a90d500000] [id=8268]
  0x00000273acdc9b90 ConcurrentGCThread "G1 Service" [stack: 0x000000a90d500000,0x000000a90d600000] [id=14428]

Threads with active compile tasks:

VM state: at safepoint (normal execution)

VM Mutex/Monitor currently owned by a thread:  ([mutex/lock_event])
[0x00000273acd4e940] Threads_lock - owner thread: 0x00000273acdfd800
[0x00000273acd4ee50] Heap_lock - owner thread: 0x00000273c062efd0

Heap address: 0x00000000c3000000, size: 976 MB, Compressed Oops mode: 32-bit

CDS archive(s) mapped at: [0x0000000800000000-0x0000000800bc0000-0x0000000800bc0000), size 12320768, SharedBaseAddress: 0x0000000800000000, ArchiveRelocationMode: 0.
Compressed class space mapped at: 0x0000000800c00000-0x0000000840c00000, reserved size: 1073741824
Narrow klass base: 0x0000000800000000, Narrow klass shift: 0, Narrow klass range: 0x100000000

GC Precious Log:
 CPUs: 4 total, 4 available
 Memory: 3902M
 Large Page Support: Disabled
 NUMA Support: Disabled
 Compressed Oops: Enabled (32-bit)
 Heap Region Size: 1M
 Heap Min Capacity: 8M
 Heap Initial Capacity: 62M
 Heap Max Capacity: 976M
 Pre-touch: Disabled
 Parallel Workers: 4
 Concurrent Workers: 1
 Concurrent Refinement Workers: 4
 Periodic GC: Disabled

Heap:
 garbage-first heap   total 171008K, used 75198K [0x00000000c3000000, 0x0000000100000000)
  region size 1024K, 1 young (1024K), 1 survivors (1024K)
 Metaspace       used 79864K, committed 80320K, reserved 1122304K
  class space    used 11164K, committed 11328K, reserved 1048576K

Heap Regions: E=young(eden), S=young(survivor), O=old, HS=humongous(starts), HC=humongous(continues), CS=collection set, F=free, OA=open archive, CA=closed archive, TAMS=top-at-mark-start (previous, next)
|   0|0x00000000c3000000, 0x00000000c3100000, 0x00000000c3100000|100%|HS|  |TAMS 0x00000000c3100000, 0x00000000c3000000| Complete 
|   1|0x00000000c3100000, 0x00000000c3200000, 0x00000000c3200000|100%| O|  |TAMS 0x00000000c3200000, 0x00000000c3100000| Untracked 
|   2|0x00000000c3200000, 0x00000000c32fef68, 0x00000000c3300000| 99%| O|  |TAMS 0x00000000c32fef68, 0x00000000c3200000| Untracked 
|   3|0x00000000c3300000, 0x00000000c3400000, 0x00000000c3400000|100%| O|  |TAMS 0x00000000c3400000, 0x00000000c3300000| Untracked 
|   4|0x00000000c3400000, 0x00000000c3500000, 0x00000000c3500000|100%| O|  |TAMS 0x00000000c3500000, 0x00000000c3400000| Untracked 
|   5|0x00000000c3500000, 0x00000000c3600000, 0x00000000c3600000|100%| O|  |TAMS 0x00000000c3600000, 0x00000000c3500000| Untracked 
|   6|0x00000000c3600000, 0x00000000c36ffb60, 0x00000000c3700000| 99%| O|  |TAMS 0x00000000c36ffb60, 0x00000000c3600000| Untracked 
|   7|0x00000000c3700000, 0x00000000c3800000, 0x00000000c3800000|100%| O|  |TAMS 0x00000000c3800000, 0x00000000c3700000| Untracked 
|   8|0x00000000c3800000, 0x00000000c38fffe8, 0x00000000c3900000| 99%| O|  |TAMS 0x00000000c38fffe8, 0x00000000c3800000| Untracked 
|   9|0x00000000c3900000, 0x00000000c3a00000, 0x00000000c3a00000|100%| O|  |TAMS 0x00000000c3a00000, 0x00000000c3900000| Untracked 
|  10|0x00000000c3a00000, 0x00000000c3afff98, 0x00000000c3b00000| 99%| O|  |TAMS 0x00000000c3afff98, 0x00000000c3a00000| Untracked 
|  11|0x00000000c3b00000, 0x00000000c3bffff8, 0x00000000c3c00000| 99%| O|  |TAMS 0x00000000c3bffff8, 0x00000000c3b00000| Untracked 
|  12|0x00000000c3c00000, 0x00000000c3cfffd0, 0x00000000c3d00000| 99%| O|  |TAMS 0x00000000c3cfffd0, 0x00000000c3c00000| Untracked 
|  13|0x00000000c3d00000, 0x00000000c3dffff0, 0x00000000c3e00000| 99%| O|  |TAMS 0x00000000c3dffff0, 0x00000000c3d00000| Untracked 
|  14|0x00000000c3e00000, 0x00000000c3efffc8, 0x00000000c3f00000| 99%| O|  |TAMS 0x00000000c3efffc8, 0x00000000c3e00000| Untracked 
|  15|0x00000000c3f00000, 0x00000000c3ffff98, 0x00000000c4000000| 99%| O|  |TAMS 0x00000000c3ffff98, 0x00000000c3f00000| Untracked 
|  16|0x00000000c4000000, 0x00000000c40ffff0, 0x00000000c4100000| 99%| O|  |TAMS 0x00000000c40ffff0, 0x00000000c4000000| Untracked 
|  17|0x00000000c4100000, 0x00000000c41fffc8, 0x00000000c4200000| 99%| O|  |TAMS 0x00000000c41fffc8, 0x00000000c4100000| Untracked 
|  18|0x00000000c4200000, 0x00000000c4300000, 0x00000000c4300000|100%| O|  |TAMS 0x00000000c4300000, 0x00000000c4200000| Untracked 
|  19|0x00000000c4300000, 0x00000000c43ffff0, 0x00000000c4400000| 99%| O|  |TAMS 0x00000000c43ffff0, 0x00000000c4300000| Untracked 
|  20|0x00000000c4400000, 0x00000000c44fffa8, 0x00000000c4500000| 99%| O|  |TAMS 0x00000000c44fffa8, 0x00000000c4400000| Untracked 
|  21|0x00000000c4500000, 0x00000000c45f4c28, 0x00000000c4600000| 95%| O|  |TAMS 0x00000000c45f4c28, 0x00000000c4500000| Untracked 
|  22|0x00000000c4600000, 0x00000000c46fffb0, 0x00000000c4700000| 99%| O|  |TAMS 0x00000000c46fffb0, 0x00000000c4600000| Untracked 
|  23|0x00000000c4700000, 0x00000000c4800000, 0x00000000c4800000|100%| O|  |TAMS 0x00000000c4800000, 0x00000000c4700000| Untracked 
|  24|0x00000000c4800000, 0x00000000c4900000, 0x00000000c4900000|100%| O|  |TAMS 0x00000000c4900000, 0x00000000c4800000| Untracked 
|  25|0x00000000c4900000, 0x00000000c49fffc0, 0x00000000c4a00000| 99%| O|  |TAMS 0x00000000c49fffc0, 0x00000000c4900000| Untracked 
|  26|0x00000000c4a00000, 0x00000000c4b00000, 0x00000000c4b00000|100%| O|  |TAMS 0x00000000c4b00000, 0x00000000c4a00000| Untracked 
|  27|0x00000000c4b00000, 0x00000000c4c00000, 0x00000000c4c00000|100%| O|  |TAMS 0x00000000c4c00000, 0x00000000c4b00000| Untracked 
|  28|0x00000000c4c00000, 0x00000000c4cfffe8, 0x00000000c4d00000| 99%| O|  |TAMS 0x00000000c4cfffe8, 0x00000000c4c00000| Untracked 
|  29|0x00000000c4d00000, 0x00000000c4dffff8, 0x00000000c4e00000| 99%| O|  |TAMS 0x00000000c4dffff8, 0x00000000c4d00000| Untracked 
|  30|0x00000000c4e00000, 0x00000000c4efffd8, 0x00000000c4f00000| 99%| O|  |TAMS 0x00000000c4efffd8, 0x00000000c4e00000| Untracked 
|  31|0x00000000c4f00000, 0x00000000c4fffff8, 0x00000000c5000000| 99%| O|  |TAMS 0x00000000c4fffff8, 0x00000000c4f00000| Untracked 
|  32|0x00000000c5000000, 0x00000000c5100000, 0x00000000c5100000|100%| O|  |TAMS 0x00000000c5100000, 0x00000000c5000000| Untracked 
|  33|0x00000000c5100000, 0x00000000c51ffff0, 0x00000000c5200000| 99%| O|  |TAMS 0x00000000c51ffff0, 0x00000000c5100000| Untracked 
|  34|0x00000000c5200000, 0x00000000c52fffe0, 0x00000000c5300000| 99%| O|  |TAMS 0x00000000c52fffe0, 0x00000000c5200000| Untracked 
|  35|0x00000000c5300000, 0x00000000c53ffff0, 0x00000000c5400000| 99%| O|  |TAMS 0x00000000c53ffff0, 0x00000000c5300000| Untracked 
|  36|0x00000000c5400000, 0x00000000c5500000, 0x00000000c5500000|100%| O|  |TAMS 0x00000000c5500000, 0x00000000c5400000| Untracked 
|  37|0x00000000c5500000, 0x00000000c55fffc8, 0x00000000c5600000| 99%| O|  |TAMS 0x00000000c55fffc8, 0x00000000c5500000| Untracked 
|  38|0x00000000c5600000, 0x00000000c56e4b68, 0x00000000c5700000| 89%| O|  |TAMS 0x00000000c56e4b68, 0x00000000c5600000| Untracked 
|  39|0x00000000c5700000, 0x00000000c57db370, 0x00000000c5800000| 85%| O|  |TAMS 0x00000000c57db370, 0x00000000c5700000| Untracked 
|  40|0x00000000c5800000, 0x00000000c5900000, 0x00000000c5900000|100%| O|  |TAMS 0x00000000c5800000, 0x00000000c5800000| Untracked 
|  41|0x00000000c5900000, 0x00000000c5a00000, 0x00000000c5a00000|100%| O|  |TAMS 0x00000000c5a00000, 0x00000000c5900000| Untracked 
|  42|0x00000000c5a00000, 0x00000000c5b00000, 0x00000000c5b00000|100%| O|  |TAMS 0x00000000c5b00000, 0x00000000c5a00000| Untracked 
|  43|0x00000000c5b00000, 0x00000000c5c00000, 0x00000000c5c00000|100%| O|  |TAMS 0x00000000c5c00000, 0x00000000c5b00000| Untracked 
|  44|0x00000000c5c00000, 0x00000000c5d00000, 0x00000000c5d00000|100%| O|  |TAMS 0x00000000c5d00000, 0x00000000c5c00000| Untracked 
|  45|0x00000000c5d00000, 0x00000000c5e00000, 0x00000000c5e00000|100%| O|  |TAMS 0x00000000c5e00000, 0x00000000c5d00000| Untracked 
|  46|0x00000000c5e00000, 0x00000000c5f00000, 0x00000000c5f00000|100%| O|  |TAMS 0x00000000c5f00000, 0x00000000c5e00000| Untracked 
|  47|0x00000000c5f00000, 0x00000000c6000000, 0x00000000c6000000|100%| O|  |TAMS 0x00000000c6000000, 0x00000000c5f00000| Untracked 
|  48|0x00000000c6000000, 0x00000000c6100000, 0x00000000c6100000|100%| O|  |TAMS 0x00000000c6100000, 0x00000000c6000000| Untracked 
|  49|0x00000000c6100000, 0x00000000c6200000, 0x00000000c6200000|100%| O|  |TAMS 0x00000000c6200000, 0x00000000c6100000| Untracked 
|  50|0x00000000c6200000, 0x00000000c6300000, 0x00000000c6300000|100%| O|  |TAMS 0x00000000c6300000, 0x00000000c6200000| Untracked 
|  51|0x00000000c6300000, 0x00000000c6400000, 0x00000000c6400000|100%| O|  |TAMS 0x00000000c6400000, 0x00000000c6300000| Untracked 
|  52|0x00000000c6400000, 0x00000000c6400000, 0x00000000c6500000|  0%| F|  |TAMS 0x00000000c6400000, 0x00000000c6400000| Untracked 
|  53|0x00000000c6500000, 0x00000000c6600000, 0x00000000c6600000|100%| O|  |TAMS 0x00000000c6600000, 0x00000000c6500000| Untracked 
|  54|0x00000000c6600000, 0x00000000c6700000, 0x00000000c6700000|100%| O|  |TAMS 0x00000000c6600000, 0x00000000c6600000| Untracked 
|  55|0x00000000c6700000, 0x00000000c6800000, 0x00000000c6800000|100%| O|  |TAMS 0x00000000c6700000, 0x00000000c6700000| Untracked 
|  56|0x00000000c6800000, 0x00000000c6900000, 0x00000000c6900000|100%| O|  |TAMS 0x00000000c6800000, 0x00000000c6800000| Untracked 
|  57|0x00000000c6900000, 0x00000000c6a00000, 0x00000000c6a00000|100%| O|  |TAMS 0x00000000c6900000, 0x00000000c6900000| Untracked 
|  58|0x00000000c6a00000, 0x00000000c6b00000, 0x00000000c6b00000|100%| O|  |TAMS 0x00000000c6a00000, 0x00000000c6a00000| Untracked 
|  59|0x00000000c6b00000, 0x00000000c6c00000, 0x00000000c6c00000|100%| O|  |TAMS 0x00000000c6b00000, 0x00000000c6b00000| Untracked 
|  60|0x00000000c6c00000, 0x00000000c6d00000, 0x00000000c6d00000|100%| O|  |TAMS 0x00000000c6c00000, 0x00000000c6c00000| Untracked 
|  61|0x00000000c6d00000, 0x00000000c6d00000, 0x00000000c6e00000|  0%| F|  |TAMS 0x00000000c6d00000, 0x00000000c6d00000| Untracked 
|  62|0x00000000c6e00000, 0x00000000c6f00000, 0x00000000c6f00000|100%| O|  |TAMS 0x00000000c6e00000, 0x00000000c6e00000| Untracked 
|  63|0x00000000c6f00000, 0x00000000c6f00000, 0x00000000c7000000|  0%| F|  |TAMS 0x00000000c6f00000, 0x00000000c6f00000| Untracked 
|  64|0x00000000c7000000, 0x00000000c7000000, 0x00000000c7100000|  0%| F|  |TAMS 0x00000000c7000000, 0x00000000c7000000| Untracked 
|  65|0x00000000c7100000, 0x00000000c7200000, 0x00000000c7200000|100%| O|  |TAMS 0x00000000c7200000, 0x00000000c7100000| Untracked 
|  66|0x00000000c7200000, 0x00000000c7300000, 0x00000000c7300000|100%| O|  |TAMS 0x00000000c7300000, 0x00000000c7200000| Untracked 
|  67|0x00000000c7300000, 0x00000000c7400000, 0x00000000c7400000|100%| O|  |TAMS 0x00000000c7400000, 0x00000000c7300000| Untracked 
|  68|0x00000000c7400000, 0x00000000c7400000, 0x00000000c7500000|  0%| F|  |TAMS 0x00000000c7400000, 0x00000000c7400000| Untracked 
|  69|0x00000000c7500000, 0x00000000c7600000, 0x00000000c7600000|100%| O|  |TAMS 0x00000000c7500000, 0x00000000c7500000| Untracked 
|  70|0x00000000c7600000, 0x00000000c7700000, 0x00000000c7700000|100%| O|  |TAMS 0x00000000c7600000, 0x00000000c7600000| Untracked 
|  71|0x00000000c7700000, 0x00000000c7800000, 0x00000000c7800000|100%| O|  |TAMS 0x00000000c7700000, 0x00000000c7700000| Untracked 
|  72|0x00000000c7800000, 0x00000000c7900000, 0x00000000c7900000|100%| O|  |TAMS 0x00000000c7800000, 0x00000000c7800000| Untracked 
|  73|0x00000000c7900000, 0x00000000c7a00000, 0x00000000c7a00000|100%| O|  |TAMS 0x00000000c7900000, 0x00000000c7900000| Untracked 
|  74|0x00000000c7a00000, 0x00000000c7b00000, 0x00000000c7b00000|100%| O|  |TAMS 0x00000000c7a00000, 0x00000000c7a00000| Untracked 
|  75|0x00000000c7b00000, 0x00000000c7c00000, 0x00000000c7c00000|100%| O|  |TAMS 0x00000000c7b00000, 0x00000000c7b00000| Untracked 
|  76|0x00000000c7c00000, 0x00000000c7d00000, 0x00000000c7d00000|100%| O|  |TAMS 0x00000000c7c00000, 0x00000000c7c00000| Untracked 
|  77|0x00000000c7d00000, 0x00000000c7dbc600, 0x00000000c7e00000| 73%| O|  |TAMS 0x00000000c7d00000, 0x00000000c7d00000| Untracked 
|  78|0x00000000c7e00000, 0x00000000c7e00000, 0x00000000c7f00000|  0%| F|  |TAMS 0x00000000c7e00000, 0x00000000c7e00000| Untracked 
|  79|0x00000000c7f00000, 0x00000000c7f00000, 0x00000000c8000000|  0%| F|  |TAMS 0x00000000c7f00000, 0x00000000c7f00000| Untracked 
|  80|0x00000000c8000000, 0x00000000c8000000, 0x00000000c8100000|  0%| F|  |TAMS 0x00000000c8000000, 0x00000000c8000000| Untracked 
|  81|0x00000000c8100000, 0x00000000c8100000, 0x00000000c8200000|  0%| F|  |TAMS 0x00000000c8100000, 0x00000000c8100000| Untracked 
|  82|0x00000000c8200000, 0x00000000c8200000, 0x00000000c8300000|  0%| F|  |TAMS 0x00000000c8200000, 0x00000000c8200000| Untracked 
|  83|0x00000000c8300000, 0x00000000c8300000, 0x00000000c8400000|  0%| F|  |TAMS 0x00000000c8300000, 0x00000000c8300000| Untracked 
|  84|0x00000000c8400000, 0x00000000c8400000, 0x00000000c8500000|  0%| F|  |TAMS 0x00000000c8400000, 0x00000000c8400000| Untracked 
|  85|0x00000000c8500000, 0x00000000c8500000, 0x00000000c8600000|  0%| F|  |TAMS 0x00000000c8500000, 0x00000000c8500000| Untracked 
|  86|0x00000000c8600000, 0x00000000c8600000, 0x00000000c8700000|  0%| F|  |TAMS 0x00000000c8600000, 0x00000000c8600000| Untracked 
|  87|0x00000000c8700000, 0x00000000c8700000, 0x00000000c8800000|  0%| F|  |TAMS 0x00000000c8700000, 0x00000000c8700000| Untracked 
|  88|0x00000000c8800000, 0x00000000c8800000, 0x00000000c8900000|  0%| F|  |TAMS 0x00000000c8800000, 0x00000000c8800000| Untracked 
|  89|0x00000000c8900000, 0x00000000c8900000, 0x00000000c8a00000|  0%| F|  |TAMS 0x00000000c8900000, 0x00000000c8900000| Untracked 
|  90|0x00000000c8a00000, 0x00000000c8a00000, 0x00000000c8b00000|  0%| F|  |TAMS 0x00000000c8a00000, 0x00000000c8a00000| Untracked 
|  91|0x00000000c8b00000, 0x00000000c8b00000, 0x00000000c8c00000|  0%| F|  |TAMS 0x00000000c8b00000, 0x00000000c8b00000| Untracked 
|  92|0x00000000c8c00000, 0x00000000c8c00000, 0x00000000c8d00000|  0%| F|  |TAMS 0x00000000c8c00000, 0x00000000c8c00000| Untracked 
|  93|0x00000000c8d00000, 0x00000000c8d00000, 0x00000000c8e00000|  0%| F|  |TAMS 0x00000000c8d00000, 0x00000000c8d00000| Untracked 
|  94|0x00000000c8e00000, 0x00000000c8e00000, 0x00000000c8f00000|  0%| F|  |TAMS 0x00000000c8e00000, 0x00000000c8e00000| Untracked 
|  95|0x00000000c8f00000, 0x00000000c8f00000, 0x00000000c9000000|  0%| F|  |TAMS 0x00000000c8f00000, 0x00000000c8f00000| Untracked 
|  96|0x00000000c9000000, 0x00000000c9000000, 0x00000000c9100000|  0%| F|  |TAMS 0x00000000c9000000, 0x00000000c9000000| Untracked 
|  97|0x00000000c9100000, 0x00000000c9100000, 0x00000000c9200000|  0%| F|  |TAMS 0x00000000c9100000, 0x00000000c9100000| Untracked 
|  98|0x00000000c9200000, 0x00000000c9200000, 0x00000000c9300000|  0%| F|  |TAMS 0x00000000c9200000, 0x00000000c9200000| Untracked 
|  99|0x00000000c9300000, 0x00000000c9300000, 0x00000000c9400000|  0%| F|  |TAMS 0x00000000c9300000, 0x00000000c9300000| Untracked 
| 100|0x00000000c9400000, 0x00000000c9400000, 0x00000000c9500000|  0%| F|  |TAMS 0x00000000c9400000, 0x00000000c9400000| Untracked 
| 101|0x00000000c9500000, 0x00000000c9500000, 0x00000000c9600000|  0%| F|  |TAMS 0x00000000c9500000, 0x00000000c9500000| Untracked 
| 102|0x00000000c9600000, 0x00000000c9600000, 0x00000000c9700000|  0%| F|  |TAMS 0x00000000c9600000, 0x00000000c9600000| Untracked 
| 103|0x00000000c9700000, 0x00000000c9700000, 0x00000000c9800000|  0%| F|  |TAMS 0x00000000c9700000, 0x00000000c9700000| Untracked 
| 104|0x00000000c9800000, 0x00000000c9800000, 0x00000000c9900000|  0%| F|  |TAMS 0x00000000c9800000, 0x00000000c9800000| Untracked 
| 105|0x00000000c9900000, 0x00000000c9900000, 0x00000000c9a00000|  0%| F|  |TAMS 0x00000000c9900000, 0x00000000c9900000| Untracked 
| 106|0x00000000c9a00000, 0x00000000c9a00000, 0x00000000c9b00000|  0%| F|  |TAMS 0x00000000c9a00000, 0x00000000c9a00000| Untracked 
| 107|0x00000000c9b00000, 0x00000000c9b00000, 0x00000000c9c00000|  0%| F|  |TAMS 0x00000000c9b00000, 0x00000000c9b00000| Untracked 
| 108|0x00000000c9c00000, 0x00000000c9c00000, 0x00000000c9d00000|  0%| F|  |TAMS 0x00000000c9c00000, 0x00000000c9c00000| Untracked 
| 109|0x00000000c9d00000, 0x00000000c9d00000, 0x00000000c9e00000|  0%| F|  |TAMS 0x00000000c9d00000, 0x00000000c9d00000| Untracked 
| 110|0x00000000c9e00000, 0x00000000c9e00000, 0x00000000c9f00000|  0%| F|  |TAMS 0x00000000c9e00000, 0x00000000c9e00000| Untracked 
| 111|0x00000000c9f00000, 0x00000000c9f00000, 0x00000000ca000000|  0%| F|  |TAMS 0x00000000c9f00000, 0x00000000c9f00000| Untracked 
| 112|0x00000000ca000000, 0x00000000ca000000, 0x00000000ca100000|  0%| F|  |TAMS 0x00000000ca000000, 0x00000000ca000000| Untracked 
| 113|0x00000000ca100000, 0x00000000ca100000, 0x00000000ca200000|  0%| F|  |TAMS 0x00000000ca100000, 0x00000000ca100000| Untracked 
| 114|0x00000000ca200000, 0x00000000ca200000, 0x00000000ca300000|  0%| F|  |TAMS 0x00000000ca200000, 0x00000000ca200000| Untracked 
| 115|0x00000000ca300000, 0x00000000ca300000, 0x00000000ca400000|  0%| F|  |TAMS 0x00000000ca300000, 0x00000000ca300000| Untracked 
| 116|0x00000000ca400000, 0x00000000ca400000, 0x00000000ca500000|  0%| F|  |TAMS 0x00000000ca400000, 0x00000000ca400000| Untracked 
| 117|0x00000000ca500000, 0x00000000ca500000, 0x00000000ca600000|  0%| F|  |TAMS 0x00000000ca500000, 0x00000000ca500000| Untracked 
| 118|0x00000000ca600000, 0x00000000ca600000, 0x00000000ca700000|  0%| F|  |TAMS 0x00000000ca600000, 0x00000000ca600000| Untracked 
| 119|0x00000000ca700000, 0x00000000ca700000, 0x00000000ca800000|  0%| F|  |TAMS 0x00000000ca700000, 0x00000000ca700000| Untracked 
| 120|0x00000000ca800000, 0x00000000ca800000, 0x00000000ca900000|  0%| F|  |TAMS 0x00000000ca800000, 0x00000000ca800000| Untracked 
| 121|0x00000000ca900000, 0x00000000ca900000, 0x00000000caa00000|  0%| F|  |TAMS 0x00000000ca900000, 0x00000000ca900000| Untracked 
| 122|0x00000000caa00000, 0x00000000caa00000, 0x00000000cab00000|  0%| F|  |TAMS 0x00000000caa00000, 0x00000000caa00000| Untracked 
| 123|0x00000000cab00000, 0x00000000cab00000, 0x00000000cac00000|  0%| F|  |TAMS 0x00000000cab00000, 0x00000000cab00000| Untracked 
| 124|0x00000000cac00000, 0x00000000cac00000, 0x00000000cad00000|  0%| F|  |TAMS 0x00000000cac00000, 0x00000000cac00000| Untracked 
| 125|0x00000000cad00000, 0x00000000cad00000, 0x00000000cae00000|  0%| F|  |TAMS 0x00000000cad00000, 0x00000000cad00000| Untracked 
| 126|0x00000000cae00000, 0x00000000cae00000, 0x00000000caf00000|  0%| F|  |TAMS 0x00000000cae00000, 0x00000000cae00000| Untracked 
| 127|0x00000000caf00000, 0x00000000caf00000, 0x00000000cb000000|  0%| F|  |TAMS 0x00000000caf00000, 0x00000000caf00000| Untracked 
| 128|0x00000000cb000000, 0x00000000cb000000, 0x00000000cb100000|  0%| F|  |TAMS 0x00000000cb000000, 0x00000000cb000000| Untracked 
| 129|0x00000000cb100000, 0x00000000cb100000, 0x00000000cb200000|  0%| F|  |TAMS 0x00000000cb100000, 0x00000000cb100000| Untracked 
| 130|0x00000000cb200000, 0x00000000cb200000, 0x00000000cb300000|  0%| F|  |TAMS 0x00000000cb200000, 0x00000000cb200000| Untracked 
| 131|0x00000000cb300000, 0x00000000cb300000, 0x00000000cb400000|  0%| F|  |TAMS 0x00000000cb300000, 0x00000000cb300000| Untracked 
| 132|0x00000000cb400000, 0x00000000cb400000, 0x00000000cb500000|  0%| F|  |TAMS 0x00000000cb400000, 0x00000000cb400000| Untracked 
| 133|0x00000000cb500000, 0x00000000cb500000, 0x00000000cb600000|  0%| F|  |TAMS 0x00000000cb500000, 0x00000000cb500000| Untracked 
| 134|0x00000000cb600000, 0x00000000cb600000, 0x00000000cb700000|  0%| F|  |TAMS 0x00000000cb600000, 0x00000000cb600000| Untracked 
| 135|0x00000000cb700000, 0x00000000cb700000, 0x00000000cb800000|  0%| F|  |TAMS 0x00000000cb700000, 0x00000000cb700000| Untracked 
| 136|0x00000000cb800000, 0x00000000cb800000, 0x00000000cb900000|  0%| F|  |TAMS 0x00000000cb800000, 0x00000000cb800000| Untracked 
| 137|0x00000000cb900000, 0x00000000cb900000, 0x00000000cba00000|  0%| F|  |TAMS 0x00000000cb900000, 0x00000000cb900000| Untracked 
| 138|0x00000000cba00000, 0x00000000cba00000, 0x00000000cbb00000|  0%| F|  |TAMS 0x00000000cba00000, 0x00000000cba00000| Untracked 
| 139|0x00000000cbb00000, 0x00000000cbb00000, 0x00000000cbc00000|  0%| F|  |TAMS 0x00000000cbb00000, 0x00000000cbb00000| Untracked 
| 140|0x00000000cbc00000, 0x00000000cbc00000, 0x00000000cbd00000|  0%| F|  |TAMS 0x00000000cbc00000, 0x00000000cbc00000| Untracked 
| 141|0x00000000cbd00000, 0x00000000cbd00000, 0x00000000cbe00000|  0%| F|  |TAMS 0x00000000cbd00000, 0x00000000cbd00000| Untracked 
| 142|0x00000000cbe00000, 0x00000000cbe00000, 0x00000000cbf00000|  0%| F|  |TAMS 0x00000000cbe00000, 0x00000000cbe00000| Untracked 
| 143|0x00000000cbf00000, 0x00000000cbf00000, 0x00000000cc000000|  0%| F|  |TAMS 0x00000000cbf00000, 0x00000000cbf00000| Untracked 
| 144|0x00000000cc000000, 0x00000000cc000000, 0x00000000cc100000|  0%| F|  |TAMS 0x00000000cc000000, 0x00000000cc000000| Untracked 
| 145|0x00000000cc100000, 0x00000000cc100000, 0x00000000cc200000|  0%| F|  |TAMS 0x00000000cc100000, 0x00000000cc100000| Untracked 
| 146|0x00000000cc200000, 0x00000000cc200000, 0x00000000cc300000|  0%| F|  |TAMS 0x00000000cc200000, 0x00000000cc200000| Untracked 
| 147|0x00000000cc300000, 0x00000000cc300000, 0x00000000cc400000|  0%| F|  |TAMS 0x00000000cc300000, 0x00000000cc300000| Untracked 
| 148|0x00000000cc400000, 0x00000000cc400000, 0x00000000cc500000|  0%| F|  |TAMS 0x00000000cc400000, 0x00000000cc400000| Untracked 
| 149|0x00000000cc500000, 0x00000000cc500000, 0x00000000cc600000|  0%| F|  |TAMS 0x00000000cc500000, 0x00000000cc500000| Untracked 
| 150|0x00000000cc600000, 0x00000000cc600000, 0x00000000cc700000|  0%| F|  |TAMS 0x00000000cc600000, 0x00000000cc600000| Untracked 
| 151|0x00000000cc700000, 0x00000000cc700000, 0x00000000cc800000|  0%| F|  |TAMS 0x00000000cc700000, 0x00000000cc700000| Untracked 
| 152|0x00000000cc800000, 0x00000000cc800000, 0x00000000cc900000|  0%| F|  |TAMS 0x00000000cc800000, 0x00000000cc800000| Untracked 
| 153|0x00000000cc900000, 0x00000000cc900000, 0x00000000cca00000|  0%| F|  |TAMS 0x00000000cc900000, 0x00000000cc900000| Untracked 
| 154|0x00000000cca00000, 0x00000000cca00000, 0x00000000ccb00000|  0%| F|  |TAMS 0x00000000cca00000, 0x00000000cca00000| Untracked 
| 155|0x00000000ccb00000, 0x00000000ccb00000, 0x00000000ccc00000|  0%| F|  |TAMS 0x00000000ccb00000, 0x00000000ccb00000| Untracked 
| 156|0x00000000ccc00000, 0x00000000ccc00000, 0x00000000ccd00000|  0%| F|  |TAMS 0x00000000ccc00000, 0x00000000ccc00000| Untracked 
| 157|0x00000000ccd00000, 0x00000000ccd00000, 0x00000000cce00000|  0%| F|  |TAMS 0x00000000ccd00000, 0x00000000ccd00000| Untracked 
| 158|0x00000000cce00000, 0x00000000cce00000, 0x00000000ccf00000|  0%| F|  |TAMS 0x00000000cce00000, 0x00000000cce00000| Untracked 
| 159|0x00000000ccf00000, 0x00000000ccf00000, 0x00000000cd000000|  0%| F|  |TAMS 0x00000000ccf00000, 0x00000000ccf00000| Untracked 
| 160|0x00000000cd000000, 0x00000000cd000000, 0x00000000cd100000|  0%| F|  |TAMS 0x00000000cd000000, 0x00000000cd000000| Untracked 
| 161|0x00000000cd100000, 0x00000000cd100000, 0x00000000cd200000|  0%| F|  |TAMS 0x00000000cd100000, 0x00000000cd100000| Untracked 
| 162|0x00000000cd200000, 0x00000000cd200000, 0x00000000cd300000|  0%| F|  |TAMS 0x00000000cd200000, 0x00000000cd200000| Untracked 
| 163|0x00000000cd300000, 0x00000000cd300000, 0x00000000cd400000|  0%| F|  |TAMS 0x00000000cd300000, 0x00000000cd300000| Untracked 
| 164|0x00000000cd400000, 0x00000000cd400000, 0x00000000cd500000|  0%| F|  |TAMS 0x00000000cd400000, 0x00000000cd400000| Untracked 
| 165|0x00000000cd500000, 0x00000000cd600000, 0x00000000cd600000|100%| S|CS|TAMS 0x00000000cd500000, 0x00000000cd500000| Complete 
| 166|0x00000000cd600000, 0x00000000cd600000, 0x00000000cd700000|  0%| F|  |TAMS 0x00000000cd600000, 0x00000000cd600000| Untracked 

Card table byte_map: [0x00000273b7590000,0x00000273b7780000] _byte_map_base: 0x00000273b6f78000

Marking Bits (Prev, Next): (CMBitMap*) 0x00000273acd801f0, (CMBitMap*) 0x00000273acd801b0
 Prev Bits: [0x00000273b88b0000, 0x00000273b97f0000)
 Next Bits: [0x00000273b7970000, 0x00000273b88b0000)

Polling page: 0x00000273ac510000

Metaspace:

Usage:
  Non-class:     67.09 MB used.
      Class:     10.90 MB used.
       Both:     77.99 MB used.

Virtual space:
  Non-class space:       72.00 MB reserved,      67.38 MB ( 94%) committed,  9 nodes.
      Class space:        1.00 GB reserved,      11.06 MB (  1%) committed,  1 nodes.
             Both:        1.07 GB reserved,      78.44 MB (  7%) committed. 

Chunk freelists:
   Non-Class:  354.00 KB
       Class:  897.00 KB
        Both:  1.22 MB

MaxMetaspaceSize: unlimited
CompressedClassSpaceSize: 1.00 GB
Initial GC threshold: 21.00 MB
Current GC threshold: 130.75 MB
CDS: on
MetaspaceReclaimPolicy: balanced
 - commit_granule_bytes: 65536.
 - commit_granule_words: 8192.
 - virtual_space_node_default_size: 1048576.
 - enlarge_chunks_in_place: 1.
 - new_chunks_are_fully_committed: 0.
 - uncommit_free_chunks: 1.
 - use_allocation_guard: 0.
 - handle_deallocations: 1.


Internal statistics:

num_allocs_failed_limit: 12.
num_arena_births: 842.
num_arena_deaths: 262.
num_vsnodes_births: 10.
num_vsnodes_deaths: 0.
num_space_committed: 1255.
num_space_uncommitted: 0.
num_chunks_returned_to_freelist: 365.
num_chunks_taken_from_freelist: 3946.
num_chunk_merges: 112.
num_chunk_splits: 2703.
num_chunks_enlarged: 2077.
num_purges: 8.
num_inconsistent_stats: 0.

CodeCache: size=49152Kb used=17533Kb max_used=17533Kb free=31618Kb
 bounds [0x00000273b4590000, 0x00000273b56b0000, 0x00000273b7590000]
 total_blobs=10455 nmethods=9736 adapters=645
 compilation: enabled
              stopped_count=0, restarted_count=0
 full_count=0

Compilation events (20 events):
Event: 2157.650 Thread 0x00000273bbc4f5a0 10145  s    1       java.lang.Thread::nextThreadID (10 bytes)
Event: 2157.650 Thread 0x00000273bbc4f5a0 nmethod 10145 0x00000273b56a9290 code [0x00000273b56a9420, 0x00000273b56a9598]
Event: 2157.650 Thread 0x00000273bbc4f5a0 10146   !   1       java.util.concurrent.ThreadPoolExecutor::addWorker (289 bytes)
Event: 2157.657 Thread 0x00000273bbc4f5a0 nmethod 10146 0x00000273b56a9610 code [0x00000273b56a98c0, 0x00000273b56aa308]
Event: 2157.665 Thread 0x00000273bbc4f5a0 10147       1       org.springframework.http.HttpLogging::forLogName (10 bytes)
Event: 2157.672 Thread 0x00000273bbc4f5a0 nmethod 10147 0x00000273b56aad10 code [0x00000273b56aaec0, 0x00000273b56ab088]
Event: 2157.672 Thread 0x00000273bbc4f5a0 10148       1       org.springframework.http.HttpLogging::forLog (12 bytes)
Event: 2157.673 Thread 0x00000273bbc4f5a0 nmethod 10148 0x00000273b56ab210 code [0x00000273b56ab3a0, 0x00000273b56ab508]
Event: 2157.673 Thread 0x00000273bbc4f5a0 10149       1       org.springframework.core.log.LogDelegateFactory::getCompositeLog (43 bytes)
Event: 2157.682 Thread 0x00000273bbc4f5a0 nmethod 10149 0x00000273b56ab590 code [0x00000273b56ab780, 0x00000273b56abc78]
Event: 2157.682 Thread 0x00000273bbc4f5a0 10150       1       org.springframework.core.log.CompositeLog::<init> (10 bytes)
Event: 2157.683 Thread 0x00000273bbc4f5a0 nmethod 10150 0x00000273b56abf90 code [0x00000273b56ac120, 0x00000273b56ac238]
Event: 2157.807 Thread 0x00000273bbc4f5a0 10151   !   1       java.lang.ThreadGroup::add (110 bytes)
Event: 2157.809 Thread 0x00000273bbc4f5a0 nmethod 10151 0x00000273b56ac690 code [0x00000273b56ac860, 0x00000273b56acdf8]
Event: 2157.809 Thread 0x00000273bbc4f5a0 10152       1       java.lang.Thread::setDaemon (25 bytes)
Event: 2157.810 Thread 0x00000273bbc4f5a0 nmethod 10152 0x00000273b56ad190 code [0x00000273b56ad340, 0x00000273b56ad548]
Event: 2157.810 Thread 0x00000273bbc4f5a0 10154  s!   1       java.lang.Thread::start (71 bytes)
Event: 2157.810 Thread 0x00000273bbc4f5a0 nmethod 10154 0x00000273b56ad690 code [0x00000273b56ad860, 0x00000273b56adc58]
Event: 2157.811 Thread 0x00000273bbc4f5a0 10155   !   1       sun.nio.fs.WindowsDirectoryStream::<init> (175 bytes)
Event: 2157.822 Thread 0x00000273bbc4f5a0 nmethod 10155 0x00000273b56adf10 code [0x00000273b56ae1e0, 0x00000273b56aeda8]

GC Heap History (20 events):
Event: 1967.481 GC heap after
{Heap after GC invocations=54 (full 1):
 garbage-first heap   total 262144K, used 80754K [0x00000000c3000000, 0x0000000100000000)
  region size 1024K, 2 young (2048K), 2 survivors (2048K)
 Metaspace       used 79421K, committed 79808K, reserved 1122304K
  class space    used 11109K, committed 11264K, reserved 1048576K
}
Event: 2136.680 GC heap before
{Heap before GC invocations=54 (full 1):
 garbage-first heap   total 262144K, used 119666K [0x00000000c3000000, 0x0000000100000000)
  region size 1024K, 41 young (41984K), 2 survivors (2048K)
 Metaspace       used 79565K, committed 80000K, reserved 1122304K
  class space    used 11137K, committed 11328K, reserved 1048576K
}
Event: 2139.144 GC heap after
{Heap after GC invocations=55 (full 2):
 garbage-first heap   total 147456K, used 42293K [0x00000000c3000000, 0x0000000100000000)
  region size 1024K, 0 young (0K), 0 survivors (0K)
 Metaspace       used 79565K, committed 80000K, reserved 1122304K
  class space    used 11137K, committed 11328K, reserved 1048576K
}
Event: 2145.944 GC heap before
{Heap before GC invocations=55 (full 2):
 garbage-first heap   total 147456K, used 101685K [0x00000000c3000000, 0x0000000100000000)
  region size 1024K, 59 young (60416K), 0 survivors (0K)
 Metaspace       used 79646K, committed 80128K, reserved 1122304K
  class space    used 11150K, committed 11328K, reserved 1048576K
}
Event: 2146.007 GC heap after
{Heap after GC invocations=56 (full 2):
 garbage-first heap   total 147456K, used 46042K [0x00000000c3000000, 0x0000000100000000)
  region size 1024K, 4 young (4096K), 4 survivors (4096K)
 Metaspace       used 79646K, committed 80128K, reserved 1122304K
  class space    used 11150K, committed 11328K, reserved 1048576K
}
Event: 2155.107 GC heap before
{Heap before GC invocations=57 (full 2):
 garbage-first heap   total 147456K, used 106458K [0x00000000c3000000, 0x0000000100000000)
  region size 1024K, 63 young (64512K), 4 survivors (4096K)
 Metaspace       used 79850K, committed 80320K, reserved 1122304K
  class space    used 11160K, committed 11328K, reserved 1048576K
}
Event: 2155.245 GC heap after
{Heap after GC invocations=58 (full 2):
 garbage-first heap   total 147456K, used 51509K [0x00000000c3000000, 0x0000000100000000)
  region size 1024K, 8 young (8192K), 8 survivors (8192K)
 Metaspace       used 79850K, committed 80320K, reserved 1122304K
  class space    used 11160K, committed 11328K, reserved 1048576K
}
Event: 2155.286 GC heap before
{Heap before GC invocations=58 (full 2):
 garbage-first heap   total 147456K, used 51509K [0x00000000c3000000, 0x0000000100000000)
  region size 1024K, 9 young (9216K), 8 survivors (8192K)
 Metaspace       used 79850K, committed 80320K, reserved 1122304K
  class space    used 11160K, committed 11328K, reserved 1048576K
}
Event: 2155.395 GC heap after
{Heap after GC invocations=59 (full 2):
 garbage-first heap   total 147456K, used 52237K [0x00000000c3000000, 0x0000000100000000)
  region size 1024K, 1 young (1024K), 1 survivors (1024K)
 Metaspace       used 79850K, committed 80320K, reserved 1122304K
  class space    used 11160K, committed 11328K, reserved 1048576K
}
Event: 2155.700 GC heap before
{Heap before GC invocations=59 (full 2):
 garbage-first heap   total 147456K, used 63501K [0x00000000c3000000, 0x0000000100000000)
  region size 1024K, 13 young (13312K), 1 survivors (1024K)
 Metaspace       used 79850K, committed 80320K, reserved 1122304K
  class space    used 11160K, committed 11328K, reserved 1048576K
}
Event: 2155.751 GC heap after
{Heap after GC invocations=60 (full 2):
 garbage-first heap   total 147456K, used 54090K [0x00000000c3000000, 0x0000000100000000)
  region size 1024K, 3 young (3072K), 3 survivors (3072K)
 Metaspace       used 79850K, committed 80320K, reserved 1122304K
  class space    used 11160K, committed 11328K, reserved 1048576K
}
Event: 2157.039 GC heap before
{Heap before GC invocations=61 (full 2):
 garbage-first heap   total 171008K, used 110410K [0x00000000c3000000, 0x0000000100000000)
  region size 1024K, 57 young (58368K), 3 survivors (3072K)
 Metaspace       used 79864K, committed 80320K, reserved 1122304K
  class space    used 11164K, committed 11328K, reserved 1048576K
}
Event: 2157.085 GC heap after
{Heap after GC invocations=62 (full 2):
 garbage-first heap   total 171008K, used 68531K [0x00000000c3000000, 0x0000000100000000)
  region size 1024K, 8 young (8192K), 8 survivors (8192K)
 Metaspace       used 79864K, committed 80320K, reserved 1122304K
  class space    used 11164K, committed 11328K, reserved 1048576K
}
Event: 2157.088 GC heap before
{Heap before GC invocations=62 (full 2):
 garbage-first heap   total 171008K, used 69555K [0x00000000c3000000, 0x0000000100000000)
  region size 1024K, 9 young (9216K), 8 survivors (8192K)
 Metaspace       used 79864K, committed 80320K, reserved 1122304K
  class space    used 11164K, committed 11328K, reserved 1048576K
}
Event: 2157.117 GC heap after
{Heap after GC invocations=63 (full 2):
 garbage-first heap   total 171008K, used 71114K [0x00000000c3000000, 0x0000000100000000)
  region size 1024K, 2 young (2048K), 2 survivors (2048K)
 Metaspace       used 79864K, committed 80320K, reserved 1122304K
  class space    used 11164K, committed 11328K, reserved 1048576K
}
Event: 2157.171 GC heap before
{Heap before GC invocations=63 (full 2):
 garbage-first heap   total 171008K, used 84426K [0x00000000c3000000, 0x0000000100000000)
  region size 1024K, 16 young (16384K), 2 survivors (2048K)
 Metaspace       used 79864K, committed 80320K, reserved 1122304K
  class space    used 11164K, committed 11328K, reserved 1048576K
}
Event: 2157.175 GC heap after
{Heap after GC invocations=64 (full 2):
 garbage-first heap   total 171008K, used 72643K [0x00000000c3000000, 0x0000000100000000)
  region size 1024K, 4 young (4096K), 4 survivors (4096K)
 Metaspace       used 79864K, committed 80320K, reserved 1122304K
  class space    used 11164K, committed 11328K, reserved 1048576K
}
Event: 2157.847 GC heap before
{Heap before GC invocations=65 (full 2):
 garbage-first heap   total 171008K, used 117699K [0x00000000c3000000, 0x0000000100000000)
  region size 1024K, 55 young (56320K), 4 survivors (4096K)
 Metaspace       used 79864K, committed 80320K, reserved 1122304K
  class space    used 11164K, committed 11328K, reserved 1048576K
}
Event: 2157.868 GC heap after
{Heap after GC invocations=66 (full 2):
 garbage-first heap   total 171008K, used 78310K [0x00000000c3000000, 0x0000000100000000)
  region size 1024K, 7 young (7168K), 7 survivors (7168K)
 Metaspace       used 79864K, committed 80320K, reserved 1122304K
  class space    used 11164K, committed 11328K, reserved 1048576K
}
Event: 2157.872 GC heap before
{Heap before GC invocations=66 (full 2):
 garbage-first heap   total 171008K, used 79334K [0x00000000c3000000, 0x0000000100000000)
  region size 1024K, 8 young (8192K), 7 survivors (7168K)
 Metaspace       used 79864K, committed 80320K, reserved 1122304K
  class space    used 11164K, committed 11328K, reserved 1048576K
}

Deoptimization events (20 events):
Event: 16.085 Thread 0x00000273bd3e7130 DEOPT PACKING pc=0x00000273b4c738f5 sp=0x000000a90edfd990
Event: 16.085 Thread 0x00000273bd3e7130 DEOPT UNPACKING pc=0x00000273b45e6763 sp=0x000000a90edfcde8 mode 3
Event: 18.026 Thread 0x00000273bd3e7130 DEOPT PACKING pc=0x00000273b4d161e3 sp=0x000000a90edfd490
Event: 18.027 Thread 0x00000273bd3e7130 DEOPT UNPACKING pc=0x00000273b45e6763 sp=0x000000a90edfc920 mode 3
Event: 18.034 Thread 0x00000273bd3e7130 DEOPT PACKING pc=0x00000273b4d11cbc sp=0x000000a90edfd6f0
Event: 18.034 Thread 0x00000273bd3e7130 DEOPT UNPACKING pc=0x00000273b45e6763 sp=0x000000a90edfcb70 mode 3
Event: 41.050 Thread 0x00000273bd3e7130 DEOPT PACKING pc=0x00000273b4e5cc99 sp=0x000000a90edfa380
Event: 41.051 Thread 0x00000273bd3e7130 DEOPT UNPACKING pc=0x00000273b45e6763 sp=0x000000a90edf9860 mode 3
Event: 41.260 Thread 0x00000273bd3e7130 DEOPT PACKING pc=0x00000273b49ecd2a sp=0x000000a90edfa7f0
Event: 41.261 Thread 0x00000273bd3e7130 DEOPT UNPACKING pc=0x00000273b45e6763 sp=0x000000a90edf9cf8 mode 3
Event: 44.368 Thread 0x00000273bd3e7130 DEOPT PACKING pc=0x00000273b4f4abfb sp=0x000000a90edfc750
Event: 44.369 Thread 0x00000273bd3e7130 DEOPT UNPACKING pc=0x00000273b45e6763 sp=0x000000a90edfbc98 mode 3
Event: 56.854 Thread 0x00000273c0629e00 DEOPT PACKING pc=0x00000273b4ef131c sp=0x000000a90f8fe610
Event: 56.855 Thread 0x00000273c0629e00 DEOPT UNPACKING pc=0x00000273b45e6763 sp=0x000000a90f8fdad0 mode 0
Event: 58.570 Thread 0x00000273bd0e2ea0 DEOPT PACKING pc=0x00000273b4f07b4c sp=0x000000a90eafeaa0
Event: 58.570 Thread 0x00000273bd0e2ea0 DEOPT UNPACKING pc=0x00000273b45e6763 sp=0x000000a90eafdfc8 mode 0
Event: 59.450 Thread 0x00000273bd3e7130 DEOPT PACKING pc=0x00000273b514363d sp=0x000000a90edfaa90
Event: 59.450 Thread 0x00000273bd3e7130 DEOPT UNPACKING pc=0x00000273b45e6763 sp=0x000000a90edfa010 mode 3
Event: 63.826 Thread 0x00000273c062bae0 DEOPT PACKING pc=0x00000273b4fdd79c sp=0x000000a90f7ff1a0
Event: 63.828 Thread 0x00000273c062bae0 DEOPT UNPACKING pc=0x00000273b45e6763 sp=0x000000a90f7fe720 mode 0

Classes unloaded (20 events):
Event: 2146.654 Thread 0x00000273acdfd800 Unloading class 0x0000000801719400 'jdk/internal/reflect/GeneratedConstructorAccessor89'
Event: 2146.654 Thread 0x00000273acdfd800 Unloading class 0x0000000801719000 'jdk/internal/reflect/GeneratedConstructorAccessor88'
Event: 2146.654 Thread 0x00000273acdfd800 Unloading class 0x0000000801713c00 'jdk/internal/reflect/GeneratedConstructorAccessor86'
Event: 2146.654 Thread 0x00000273acdfd800 Unloading class 0x0000000801713800 'jdk/internal/reflect/GeneratedMethodAccessor82'
Event: 2146.654 Thread 0x00000273acdfd800 Unloading class 0x0000000801713400 'jdk/internal/reflect/GeneratedSerializationConstructorAccessor38'
Event: 2146.654 Thread 0x00000273acdfd800 Unloading class 0x0000000801713000 'jdk/internal/reflect/GeneratedSerializationConstructorAccessor37'
Event: 2146.656 Thread 0x00000273acdfd800 Unloading class 0x0000000801712c00 'jdk/internal/reflect/GeneratedSerializationConstructorAccessor36'
Event: 2146.656 Thread 0x00000273acdfd800 Unloading class 0x0000000801712800 'jdk/internal/reflect/GeneratedSerializationConstructorAccessor35'
Event: 2146.656 Thread 0x00000273acdfd800 Unloading class 0x0000000801712400 'jdk/internal/reflect/GeneratedSerializationConstructorAccessor34'
Event: 2146.656 Thread 0x00000273acdfd800 Unloading class 0x0000000801712000 'jdk/internal/reflect/GeneratedSerializationConstructorAccessor33'
Event: 2146.656 Thread 0x00000273acdfd800 Unloading class 0x0000000801711c00 'jdk/internal/reflect/GeneratedSerializationConstructorAccessor32'
Event: 2146.656 Thread 0x00000273acdfd800 Unloading class 0x0000000801711800 'jdk/internal/reflect/GeneratedConstructorAccessor85'
Event: 2146.656 Thread 0x00000273acdfd800 Unloading class 0x000000080170cc00 'jdk/internal/reflect/GeneratedSerializationConstructorAccessor31'
Event: 2146.656 Thread 0x00000273acdfd800 Unloading class 0x0000000800c02c00 'jdk/internal/reflect/GeneratedMethodAccessor65'
Event: 2146.656 Thread 0x00000273acdfd800 Unloading class 0x0000000801489000 'jdk/internal/reflect/GeneratedSerializationConstructorAccessor30'
Event: 2146.657 Thread 0x00000273acdfd800 Unloading class 0x00000008016bdc00 'jdk/internal/reflect/GeneratedSerializationConstructorAccessor28'
Event: 2146.657 Thread 0x00000273acdfd800 Unloading class 0x00000008016bd800 'jdk/internal/reflect/GeneratedSerializationConstructorAccessor27'
Event: 2146.657 Thread 0x00000273acdfd800 Unloading class 0x00000008016bd400 'jdk/internal/reflect/GeneratedSerializationConstructorAccessor26'
Event: 2146.657 Thread 0x00000273acdfd800 Unloading class 0x0000000801548c00 'jdk/internal/reflect/GeneratedConstructorAccessor45'
Event: 2146.657 Thread 0x00000273acdfd800 Unloading class 0x0000000800cd1000 'jdk/internal/reflect/GeneratedSerializationConstructorAccessor9'

Classes redefined (0 events):
No events

Internal exceptions (20 events):
Event: 2157.812 Thread 0x00000273c0629930 Exception <a 'sun/nio/fs/WindowsException'{0x00000000ca6806f0}> (0x00000000ca6806f0) 
thrown [t:\workspace\open\src\hotspot\share\prims\jni.cpp, line 516]
Event: 2157.812 Thread 0x00000273c0629930 Exception <a 'sun/nio/fs/WindowsException'{0x00000000ca6809c0}> (0x00000000ca6809c0) 
thrown [t:\workspace\open\src\hotspot\share\prims\jni.cpp, line 516]
Event: 2157.812 Thread 0x00000273c062e160 Exception <a 'sun/nio/fs/WindowsException'{0x00000000ca695b60}> (0x00000000ca695b60) 
thrown [t:\workspace\open\src\hotspot\share\prims\jni.cpp, line 516]
Event: 2157.812 Thread 0x00000273c062e160 Exception <a 'sun/nio/fs/WindowsException'{0x00000000ca695e80}> (0x00000000ca695e80) 
thrown [t:\workspace\open\src\hotspot\share\prims\jni.cpp, line 516]
Event: 2157.812 Thread 0x00000273c062e160 Exception <a 'sun/nio/fs/WindowsException'{0x00000000ca6967b8}> (0x00000000ca6967b8) 
thrown [t:\workspace\open\src\hotspot\share\prims\jni.cpp, line 516]
Event: 2157.812 Thread 0x00000273c062e160 Exception <a 'sun/nio/fs/WindowsException'{0x00000000ca696aa8}> (0x00000000ca696aa8) 
thrown [t:\workspace\open\src\hotspot\share\prims\jni.cpp, line 516]
Event: 2157.813 Thread 0x00000273c062e160 Exception <a 'sun/nio/fs/WindowsException'{0x00000000ca6973b8}> (0x00000000ca6973b8) 
thrown [t:\workspace\open\src\hotspot\share\prims\jni.cpp, line 516]
Event: 2157.813 Thread 0x00000273c062e160 Exception <a 'sun/nio/fs/WindowsException'{0x00000000ca697678}> (0x00000000ca697678) 
thrown [t:\workspace\open\src\hotspot\share\prims\jni.cpp, line 516]
Event: 2157.813 Thread 0x00000273c062e160 Exception <a 'sun/nio/fs/WindowsException'{0x00000000ca697f90}> (0x00000000ca697f90) 
thrown [t:\workspace\open\src\hotspot\share\prims\jni.cpp, line 516]
Event: 2157.813 Thread 0x00000273c062e160 Exception <a 'sun/nio/fs/WindowsException'{0x00000000ca698260}> (0x00000000ca698260) 
thrown [t:\workspace\open\src\hotspot\share\prims\jni.cpp, line 516]
Event: 2157.813 Thread 0x00000273c062e160 Exception <a 'sun/nio/fs/WindowsException'{0x00000000ca698b70}> (0x00000000ca698b70) 
thrown [t:\workspace\open\src\hotspot\share\prims\jni.cpp, line 516]
Event: 2157.813 Thread 0x00000273c062e160 Exception <a 'sun/nio/fs/WindowsException'{0x00000000ca698e30}> (0x00000000ca698e30) 
thrown [t:\workspace\open\src\hotspot\share\prims\jni.cpp, line 516]
Event: 2157.813 Thread 0x00000273c062e160 Exception <a 'sun/nio/fs/WindowsException'{0x00000000ca699748}> (0x00000000ca699748) 
thrown [t:\workspace\open\src\hotspot\share\prims\jni.cpp, line 516]
Event: 2157.813 Thread 0x00000273c062e160 Exception <a 'sun/nio/fs/WindowsException'{0x00000000ca699a18}> (0x00000000ca699a18) 
thrown [t:\workspace\open\src\hotspot\share\prims\jni.cpp, line 516]
Event: 2157.814 Thread 0x00000273c062e160 Exception <a 'sun/nio/fs/WindowsException'{0x00000000ca69a350}> (0x00000000ca69a350) 
thrown [t:\workspace\open\src\hotspot\share\prims\jni.cpp, line 516]
Event: 2157.814 Thread 0x00000273c062e160 Exception <a 'sun/nio/fs/WindowsException'{0x00000000ca69a640}> (0x00000000ca69a640) 
thrown [t:\workspace\open\src\hotspot\share\prims\jni.cpp, line 516]
Event: 2157.814 Thread 0x00000273c062e160 Exception <a 'sun/nio/fs/WindowsException'{0x00000000ca69af88}> (0x00000000ca69af88) 
thrown [t:\workspace\open\src\hotspot\share\prims\jni.cpp, line 516]
Event: 2157.814 Thread 0x00000273c062e160 Exception <a 'sun/nio/fs/WindowsException'{0x00000000ca69b288}> (0x00000000ca69b288) 
thrown [t:\workspace\open\src\hotspot\share\prims\jni.cpp, line 516]
Event: 2157.815 Thread 0x00000273c062e160 Exception <a 'sun/nio/fs/WindowsException'{0x00000000ca69bbc8}> (0x00000000ca69bbc8) 
thrown [t:\workspace\open\src\hotspot\share\prims\jni.cpp, line 516]
Event: 2157.815 Thread 0x00000273c062e160 Exception <a 'sun/nio/fs/WindowsException'{0x00000000ca69bec8}> (0x00000000ca69bec8) 
thrown [t:\workspace\open\src\hotspot\share\prims\jni.cpp, line 516]

VM Operations (20 events):
Event: 2157.823 Executing VM operation: ICBufferFull done
Event: 2157.824 Executing VM operation: ICBufferFull
Event: 2157.824 Executing VM operation: ICBufferFull done
Event: 2157.825 Executing VM operation: ICBufferFull
Event: 2157.826 Executing VM operation: ICBufferFull done
Event: 2157.826 Executing VM operation: ICBufferFull
Event: 2157.827 Executing VM operation: ICBufferFull done
Event: 2157.838 Executing VM operation: ICBufferFull
Event: 2157.838 Executing VM operation: ICBufferFull done
Event: 2157.841 Executing VM operation: ICBufferFull
Event: 2157.841 Executing VM operation: ICBufferFull done
Event: 2157.843 Executing VM operation: ICBufferFull
Event: 2157.844 Executing VM operation: ICBufferFull done
Event: 2157.844 Executing VM operation: ICBufferFull
Event: 2157.844 Executing VM operation: ICBufferFull done
Event: 2157.846 Executing VM operation: ICBufferFull
Event: 2157.847 Executing VM operation: ICBufferFull done
Event: 2157.847 Executing VM operation: G1CollectForAllocation
Event: 2157.872 Executing VM operation: G1CollectForAllocation done
Event: 2157.872 Executing VM operation: G1CollectForAllocation

Events (20 events):
Event: 2157.626 Thread 0x00000273c062d2f0 Thread added: 0x00000273c062d2f0
Event: 2157.626 Thread 0x00000273c062e630 Thread added: 0x00000273c062e630
Event: 2157.626 Thread 0x00000273c062dc90 Thread added: 0x00000273c062dc90
Event: 2157.626 Thread 0x00000273c062f970 Thread added: 0x00000273c062f970
Event: 2157.634 Thread 0x00000273c062a2d0 Thread exited: 0x00000273c062a2d0
Event: 2157.634 Thread 0x00000273c062e630 Thread exited: 0x00000273c062e630
Event: 2157.634 Thread 0x00000273c0629460 Thread exited: 0x00000273c0629460
Event: 2157.634 Thread 0x00000273c062f970 Thread exited: 0x00000273c062f970
Event: 2157.634 Thread 0x00000273c062dc90 Thread exited: 0x00000273c062dc90
Event: 2157.634 Thread 0x00000273c062d2f0 Thread exited: 0x00000273c062d2f0
Event: 2157.634 Thread 0x00000273c062b610 Thread exited: 0x00000273c062b610
Event: 2157.634 Thread 0x00000273c062c480 Thread exited: 0x00000273c062c480
Event: 2157.806 Thread 0x00000273c0629930 Thread added: 0x00000273c0629930
Event: 2157.807 Thread 0x00000273c062e160 Thread added: 0x00000273c062e160
Event: 2157.807 Thread 0x00000273c062efd0 Thread added: 0x00000273c062efd0
Event: 2157.808 Thread 0x00000273c062ac70 Thread added: 0x00000273c062ac70
Event: 2157.808 Thread 0x00000273c062b140 Thread added: 0x00000273c062b140
Event: 2157.808 Thread 0x00000273c062e630 Thread added: 0x00000273c062e630
Event: 2157.809 Thread 0x00000273c062f4a0 Thread added: 0x00000273c062f4a0
Event: 2157.810 Thread 0x00000273c062d7c0 Thread added: 0x00000273c062d7c0


Dynamic libraries:
0x00007ff755300000 - 0x00007ff755310000 	C:\Program Files\Java\jdk-17.0.2\bin\javaw.exe
0x00007ff9791c0000 - 0x00007ff9793c9000 	C:\WINDOWS\SYSTEM32\ntdll.dll
0x00007ff9559e0000 - 0x00007ff9559f7000 	C:\Program Files\Avast Software\Avast\aswhook.dll
0x00007ff978600000 - 0x00007ff9786be000 	C:\WINDOWS\System32\KERNEL32.DLL
0x00007ff976990000 - 0x00007ff976d0b000 	C:\WINDOWS\System32\KERNELBASE.dll
0x00007ff976e80000 - 0x00007ff976f91000 	C:\WINDOWS\System32\ucrtbase.dll
0x00007ff9631f0000 - 0x00007ff963208000 	C:\Program Files\Java\jdk-17.0.2\bin\jli.dll
0x00007ff9778e0000 - 0x00007ff97798e000 	C:\WINDOWS\System32\ADVAPI32.dll
0x00007ff9788a0000 - 0x00007ff978943000 	C:\WINDOWS\System32\msvcrt.dll
0x00007ff978ea0000 - 0x00007ff978f3e000 	C:\WINDOWS\System32\sechost.dll
0x00007ff9786c0000 - 0x00007ff9787e0000 	C:\WINDOWS\System32\RPCRT4.dll
0x00007ff977580000 - 0x00007ff97772d000 	C:\WINDOWS\System32\USER32.dll
0x00007ff963180000 - 0x00007ff96319a000 	C:\Program Files\Java\jdk-17.0.2\bin\VCRUNTIME140.dll
0x00007ff976690000 - 0x00007ff9766b6000 	C:\WINDOWS\System32\win32u.dll
0x00007ff9787e0000 - 0x00007ff978809000 	C:\WINDOWS\System32\GDI32.dll
0x00007ff9636a0000 - 0x00007ff963945000 	C:\WINDOWS\WinSxS\amd64_microsoft.windows.common-controls_6595b64144ccf1df_6.0.22000.120_none_9d947278b86cc467\COMCTL32.dll
0x00007ff9766c0000 - 0x00007ff9767d8000 	C:\WINDOWS\System32\gdi32full.dll
0x00007ff976fa0000 - 0x00007ff97703d000 	C:\WINDOWS\System32\msvcp_win.dll
0x00007ff970270000 - 0x00007ff97027a000 	C:\WINDOWS\SYSTEM32\VERSION.dll
0x00007ff977130000 - 0x00007ff977162000 	C:\WINDOWS\System32\IMM32.DLL
0x00007ff9631e0000 - 0x00007ff9631ec000 	C:\Program Files\Java\jdk-17.0.2\bin\vcruntime140_1.dll
0x00007ff961c20000 - 0x00007ff961cad000 	C:\Program Files\Java\jdk-17.0.2\bin\msvcp140.dll
0x00007ff9131e0000 - 0x00007ff913da1000 	C:\Program Files\Java\jdk-17.0.2\bin\server\jvm.dll
0x00007ff978890000 - 0x00007ff978898000 	C:\WINDOWS\System32\PSAPI.DLL
0x00007ff9526f0000 - 0x00007ff9526f9000 	C:\WINDOWS\SYSTEM32\WSOCK32.dll
0x00007ff978f40000 - 0x00007ff978faf000 	C:\WINDOWS\System32\WS2_32.dll
0x00007ff970a40000 - 0x00007ff970a73000 	C:\WINDOWS\SYSTEM32\WINMM.dll
0x00007ff9757c0000 - 0x00007ff9757d8000 	C:\WINDOWS\SYSTEM32\kernel.appcore.dll
0x00007ff9631b0000 - 0x00007ff9631ba000 	C:\Program Files\Java\jdk-17.0.2\bin\jimage.dll
0x00007ff974150000 - 0x00007ff974371000 	C:\WINDOWS\SYSTEM32\DBGHELP.DLL
0x00007ff952250000 - 0x00007ff952281000 	C:\WINDOWS\SYSTEM32\dbgcore.DLL
0x00007ff976850000 - 0x00007ff9768cf000 	C:\WINDOWS\System32\bcryptPrimitives.dll
0x00007ff961bf0000 - 0x00007ff961c15000 	C:\Program Files\Java\jdk-17.0.2\bin\java.dll
0x00007ff9270e0000 - 0x00007ff9271b6000 	C:\Program Files\Java\jdk-17.0.2\bin\jsvml.dll
0x00007ff977dc0000 - 0x00007ff978577000 	C:\WINDOWS\System32\SHELL32.dll
0x00007ff974750000 - 0x00007ff974fb5000 	C:\WINDOWS\SYSTEM32\windows.storage.dll
0x00007ff977170000 - 0x00007ff9774e8000 	C:\WINDOWS\System32\combase.dll
0x00007ff9745e0000 - 0x00007ff974746000 	C:\WINDOWS\SYSTEM32\wintypes.dll
0x00007ff977040000 - 0x00007ff97712a000 	C:\WINDOWS\System32\SHCORE.dll
0x00007ff979120000 - 0x00007ff97917d000 	C:\WINDOWS\System32\shlwapi.dll
0x00007ff9765c0000 - 0x00007ff9765e1000 	C:\WINDOWS\SYSTEM32\profapi.dll
0x00007ff961bd0000 - 0x00007ff961be9000 	C:\Program Files\Java\jdk-17.0.2\bin\net.dll
0x00007ff9713c0000 - 0x00007ff9714d4000 	C:\WINDOWS\SYSTEM32\WINHTTP.dll
0x00007ff975c60000 - 0x00007ff975cc7000 	C:\WINDOWS\system32\mswsock.dll
0x00007ff961bb0000 - 0x00007ff961bc6000 	C:\Program Files\Java\jdk-17.0.2\bin\nio.dll
0x00007ff961b90000 - 0x00007ff961ba8000 	C:\Program Files\Java\jdk-17.0.2\bin\zip.dll
0x00007ff961b80000 - 0x00007ff961b89000 	C:\Program Files\Java\jdk-17.0.2\bin\management.dll
0x00007ff961ad0000 - 0x00007ff961adb000 	C:\Program Files\Java\jdk-17.0.2\bin\management_ext.dll
0x00007ff95e5c0000 - 0x00007ff95e5d7000 	C:\WINDOWS\system32\napinsp.dll
0x00007ff95e580000 - 0x00007ff95e59b000 	C:\WINDOWS\system32\pnrpnsp.dll
0x00007ff9752a0000 - 0x00007ff975388000 	C:\WINDOWS\SYSTEM32\DNSAPI.dll
0x00007ff975270000 - 0x00007ff97529d000 	C:\WINDOWS\SYSTEM32\IPHLPAPI.DLL
0x00007ff977730000 - 0x00007ff977739000 	C:\WINDOWS\System32\NSI.dll
0x00007ff95e560000 - 0x00007ff95e572000 	C:\WINDOWS\System32\winrnr.dll
0x00007ff96ffa0000 - 0x00007ff96ffb5000 	C:\WINDOWS\system32\wshbth.dll
0x00007ff95e540000 - 0x00007ff95e55f000 	C:\WINDOWS\system32\nlansp_c.dll
0x00007ff966e40000 - 0x00007ff966e4a000 	C:\Windows\System32\rasadhlp.dll
0x00007ff96fda0000 - 0x00007ff96fe21000 	C:\WINDOWS\System32\fwpuclnt.dll
0x00007ff975ec0000 - 0x00007ff975ed8000 	C:\WINDOWS\SYSTEM32\CRYPTSP.dll
0x00007ff975720000 - 0x00007ff975755000 	C:\WINDOWS\system32\rsaenh.dll
0x00007ff975d70000 - 0x00007ff975d99000 	C:\WINDOWS\SYSTEM32\USERENV.dll
0x00007ff976070000 - 0x00007ff976097000 	C:\WINDOWS\SYSTEM32\bcrypt.dll
0x00007ff975ee0000 - 0x00007ff975eec000 	C:\WINDOWS\SYSTEM32\CRYPTBASE.dll
0x00007ff971550000 - 0x00007ff971569000 	C:\WINDOWS\SYSTEM32\dhcpcsvc6.DLL
0x00007ff971760000 - 0x00007ff97177e000 	C:\WINDOWS\SYSTEM32\dhcpcsvc.DLL
0x00007ff961910000 - 0x00007ff961920000 	C:\Program Files\Java\jdk-17.0.2\bin\verify.dll
0x00007ff960a90000 - 0x00007ff960a9e000 	C:\Program Files\Java\jdk-17.0.2\bin\sunmscapi.dll
0x00007ff976d10000 - 0x00007ff976e72000 	C:\WINDOWS\System32\CRYPT32.dll
0x00007ff976040000 - 0x00007ff976068000 	C:\WINDOWS\SYSTEM32\ncrypt.dll
0x00007ff976000000 - 0x00007ff976037000 	C:\WINDOWS\SYSTEM32\NTASN1.dll
0x00007ff971db0000 - 0x00007ff971db8000 	C:\WINDOWS\system32\wshunix.dll

dbghelp: loaded successfully - version: 4.0.5 - missing functions: none
symbol engine: initialized successfully - sym options: 0x614 - pdb path: .;C:\Program Files\Java\jdk-17.0.2\bin;C:\WINDOWS\SYSTEM32;C:\Program Files\Avast Software\Avast;C:\WINDOWS\WinSxS\amd64_microsoft.windows.common-controls_6595b64144ccf1df_6.0.22000.120_none_9d947278b86cc467;C:\Program Files\Java\jdk-17.0.2\bin\server

VM Arguments:
jvm_args: -Dcom.sun.management.jmxremote -Dcom.sun.management.jmxremote.port=55333 -Dcom.sun.management.jmxremote.authenticate=false -Dcom.sun.management.jmxremote.ssl=false -Djava.rmi.server.hostname=localhost -Dspring.jmx.enabled=true -Dspring.application.admin.enabled=true -XX:TieredStopAtLevel=1 -Dspring.boot.project.name=rental-service -Dfile.encoding=UTF-8 -XX:+ShowCodeDetailsInExceptionMessages 
java_command: com.kodlamaio.rentalservice.RentalServiceApplication --spring.output.ansi.enabled=always
java_class_path (initial): C:\casgem\backend\mikroservices\rental-service\target\classes;C:\casgem\backend\mikroservices\common\target\classes;C:\Users\brnoz\.m2\repository\org\springframework\boot\spring-boot-starter\2.7.6\spring-boot-starter-2.7.6.jar;C:\Users\brnoz\.m2\repository\org\springframework\boot\spring-boot\2.7.6\spring-boot-2.7.6.jar;C:\Users\brnoz\.m2\repository\org\springframework\spring-context\5.3.24\spring-context-5.3.24.jar;C:\Users\brnoz\.m2\repository\org\springframework\spring-aop\5.3.24\spring-aop-5.3.24.jar;C:\Users\brnoz\.m2\repository\org\springframework\spring-beans\5.3.24\spring-beans-5.3.24.jar;C:\Users\brnoz\.m2\repository\org\springframework\spring-expression\5.3.24\spring-expression-5.3.24.jar;C:\Users\brnoz\.m2\repository\org\springframework\boot\spring-boot-autoconfigure\2.7.6\spring-boot-autoconfigure-2.7.6.jar;C:\Users\brnoz\.m2\repository\org\springframework\boot\spring-boot-starter-logging\2.7.6\spring-boot-starter-logging-2.7.6.jar;C:\Users\brnoz\.m2\repository\ch\qos\logback\logback-classic\1.2.11\logback-classic-1.2.11.jar;C:\Users\brnoz\.m2\repository\ch\qos\logback\logback-core\1.2.11\logback-core-1.2.11.jar;C:\Users\brnoz\.m2\repository\org\apache\logging\log4j\log4j-to-slf4j\2.17.2\log4j-to-slf4j-2.17.2.jar;C:\Users\brnoz\.m2\repository\org\apache\logging\log4j\log4j-api\2.17.2\log4j-api-2.17.2.jar;C:\Users\brnoz\.m2\repository\org\slf4j\jul-to-slf4j\1.7.36\jul-to-slf4j-1.7.36.jar;C:\Users\brnoz\.m2\repository\jakarta\annotation\jakarta.annotation-api\1.3.5\jakarta.annotation-api-1.3.5.jar;C:\Users\brnoz\.m2\repository\org\springframework\spring-core\5.3.24\spring-core-5.3.24.jar;C:\Users\brnoz\.m2\repository\org\springframework\spring-jcl\5.3.24\spring-jcl-5.3.24.jar;C:\Users\brnoz\.m2\repository\org\yaml\snakeyaml\1.30\snakeyaml-1.30.jar;C:\Users\brnoz\.m2\repository\org\modelmapper\modelmapper\3.0.0\modelmapper-3.0.0.jar;C:\Users\brnoz\.m2\repository\org\projectlombok\lombok\1.18.24\lombok-1.18.24.jar;C:\Users\brnoz\
Launcher Type: SUN_STANDARD

[Global flags]
     intx CICompilerCount                          = 3                                         {product} {ergonomic}
     uint ConcGCThreads                            = 1                                         {product} {ergonomic}
     uint G1ConcRefinementThreads                  = 4                                         {product} {ergonomic}
   size_t G1HeapRegionSize                         = 1048576                                   {product} {ergonomic}
    uintx GCDrainStackTargetSize                   = 64                                        {product} {ergonomic}
   size_t InitialHeapSize                          = 65011712                                  {product} {ergonomic}
     bool ManagementServer                         = true                                      {product} {command line}
   size_t MarkStackSize                            = 4194304                                   {product} {ergonomic}
   size_t MaxHeapSize                              = 1023410176                                {product} {ergonomic}
   size_t MaxNewSize                               = 613416960                                 {product} {ergonomic}
   size_t MinHeapDeltaBytes                        = 1048576                                   {product} {ergonomic}
   size_t MinHeapSize                              = 8388608                                   {product} {ergonomic}
    uintx NonProfiledCodeHeapSize                  = 0                                      {pd product} {ergonomic}
     bool ProfileInterpreter                       = false                                  {pd product} {command line}
    uintx ProfiledCodeHeapSize                     = 0                                      {pd product} {ergonomic}
     bool ShowCodeDetailsInExceptionMessages       = true                                   {manageable} {command line}
   size_t SoftMaxHeapSize                          = 1023410176                             {manageable} {ergonomic}
     intx TieredStopAtLevel                        = 1                                         {product} {command line}
     bool UseCompressedClassPointers               = true                           {product lp64_product} {ergonomic}
     bool UseCompressedOops                        = true                           {product lp64_product} {ergonomic}
     bool UseG1GC                                  = true                                      {product} {ergonomic}
     bool UseLargePagesIndividualAllocation        = false                                  {pd product} {ergonomic}

Logging:
Log output configuration:
 #0: stdout all=warning uptime,level,tags
 #1: stderr all=off uptime,level,tags

Environment Variables:
PATH=C:\Program Files\Common Files\Oracle\Java\javapath;C:\Python\Python39\Scripts\;C:\Python\Python39\;C:\WINDOWS\system32;C:\WINDOWS;C:\WINDOWS\System32\Wbem;C:\WINDOWS\System32\WindowsPowerShell\v1.0\;C:\WINDOWS\System32\OpenSSH\;C:\Program Files\dotnet\;C:\Program Files\Microsoft SQL Server\130\Tools\Binn\;C:\Program Files\Microsoft SQL Server\Client SDK\ODBC\170\Tools\Binn\;C:\Program Files (x86)\Microsoft SQL Server\150\Tools\Binn\;C:\Program Files\Microsoft SQL Server\150\Tools\Binn\;C:\Program Files\Microsoft SQL Server\150\DTS\Binn\;C:\Program Files (x86)\Microsoft SQL Server\150\DTS\Binn\;C:\Program Files\Azure Data Studio\bin;C:\Program Files\Git\cmd;C:\composer;C:\xampp\php;C:\Program Files\Docker\Docker\resources\bin;C:\Users\brnoz\anaconda3;C:\Users\brnoz\anaconda3\Library\mingw-w64\bin;C:\Users\brnoz\anaconda3\Library\usr\bin;C:\Users\brnoz\anaconda3\Library\bin;C:\Users\brnoz\anaconda3\Scripts;C:\Users\brnoz\AppData\Local\Microsoft\WindowsApps;C:\Users\brnoz\.dotnet\tools;C:\Program Files\Azure Data Studio\bin;C:\Users\brnoz\AppData\Roaming\Composer\vendor\bin;C:\Program Files\JetBrains\PhpStorm 2021.2.3\bin;C:\Users\brnoz\AppData\Local\Microsoft\WindowsApps;C:\Program Files\JetBrains\IntelliJ IDEA Community Edition 2022.1\bin;C:\Users\brnoz\AppData\Local\Programs\Microsoft VS Code\bin;C:\Users\brnoz\.dotnet\tools
USERNAME=brnoz
OS=Windows_NT
PROCESSOR_IDENTIFIER=Intel64 Family 6 Model 126 Stepping 5, GenuineIntel



---------------  S Y S T E M  ---------------

OS:
 Windows 11 , 64 bit Build 22000 (10.0.22000.1335)
OS uptime: 17 days 11:01 hours
Hyper-V role detected

CPU: total 4 (initial active 4) (2 cores per cpu, 2 threads per core) family 6 model 126 stepping 5 microcode 0xa6, cx8, cmov, fxsr, ht, mmx, 3dnowpref, sse, sse2, sse3, ssse3, sse4.1, sse4.2, popcnt, lzcnt, tsc, tscinvbit, avx, avx2, aes, erms, clmul, bmi1, bmi2, adx, avx512f, avx512dq, avx512cd, avx512bw, avx512vl, sha, fma, vzeroupper, avx512_vpopcntdq, avx512_vpclmulqdq, avx512_vaes, avx512_vnni, clflush, clflushopt, avx512_vbmi2, avx512_vbmi, hv

Memory: 4k page, system-wide physical 3902M (23M free)
TotalPageFile size 15678M (AvailPageFile size 316M)
current process WorkingSet (physical memory assigned to process): 200M, peak: 204M
current process commit charge ("private bytes"): 383M, peak: 707M

vm_info: Java HotSpot(TM) 64-Bit Server VM (17.0.2+8-LTS-86) for windows-amd64 JRE (17.0.2+8-LTS-86), built on Dec  7 2021 21:51:03 by "mach5one" with MS VC++ 16.8 / 16.9 (VS2019)

END.
