#
# There is insufficient memory for the Java Runtime Environment to continue.
# Native memory allocation (mmap) failed to map 292552704 bytes for G1 virtual space
# Possible reasons:
#   The system is out of physical RAM or swap space
#   The process is running with CompressedOops enabled, and the Java Heap may be blocking the growth of the native heap
# Possible solutions:
#   Reduce memory load on the system
#   Increase physical memory or swap space
#   Check if swap backing store is full
#   Decrease Java heap size (-Xmx/-Xms)
#   Decrease number of Java threads
#   Decrease Java thread stack sizes (-Xss)
#   Set larger code cache with -XX:ReservedCodeCacheSize=
#   JVM is running with Unscaled Compressed Oops mode in which the Java heap is
#     placed in the first 4GB address space. The Java Heap base address is the
#     maximum limit for the native heap growth. Please use -XX:HeapBaseMinAddress
#     to set the Java Heap base and to place the Java Heap above 4GB virtual address.
# This output file may be truncated or incomplete.
#
#  Out of Memory Error (os_windows.cpp:3532), pid=7136, tid=7224
#
# JRE version: Java(TM) SE Runtime Environment (17.0.2+8) (build 17.0.2+8-LTS-86)
# Java VM: Java HotSpot(TM) 64-Bit Server VM (17.0.2+8-LTS-86, mixed mode, emulated-client, sharing, tiered, compressed oops, compressed class ptrs, g1 gc, windows-amd64)
# No core dump will be written. Minidumps are not enabled by default on client versions of Windows
#

---------------  S U M M A R Y ------------

Command Line: -Dcom.sun.management.jmxremote -Dcom.sun.management.jmxremote.port=51144 -Dcom.sun.management.jmxremote.authenticate=false -Dcom.sun.management.jmxremote.ssl=false -Djava.rmi.server.hostname=localhost -Dspring.jmx.enabled=true -Dspring.application.admin.enabled=true -XX:TieredStopAtLevel=1 -Dspring.boot.project.name=rental-service -Dfile.encoding=UTF-8 -XX:+ShowCodeDetailsInExceptionMessages com.kodlamaio.rentalservice.RentalServiceApplication --spring.output.ansi.enabled=always

Host: Intel(R) Core(TM) i3-1005G1 CPU @ 1.20GHz, 4 cores, 3G,  Windows 11 , 64 bit Build 22000 (10.0.22000.1335)
Time: Thu Jan  5 00:04:39 2023 Türkiye Standart Saati elapsed time: 9897.797271 seconds (0d 2h 44m 57s)

---------------  T H R E A D  ---------------

Current thread (0x00000189c4912060):  VMThread "VM Thread" [stack: 0x00000030ecd00000,0x00000030ece00000] [id=7224]

Stack: [0x00000030ecd00000,0x00000030ece00000]
Native frames: (J=compiled Java code, j=interpreted, Vv=VM code, C=native code)
V  [jvm.dll+0x670baa]
V  [jvm.dll+0x7cfcb4]
V  [jvm.dll+0x7d145e]
V  [jvm.dll+0x7d1ac3]
V  [jvm.dll+0x242bc5]
V  [jvm.dll+0x66dac9]
V  [jvm.dll+0x662412]
V  [jvm.dll+0x300c0b]
V  [jvm.dll+0x3081a6]
V  [jvm.dll+0x357d0e]
V  [jvm.dll+0x357f3f]
V  [jvm.dll+0x2d7ec8]
V  [jvm.dll+0x2d6194]
V  [jvm.dll+0x2d579c]
V  [jvm.dll+0x319411]
V  [jvm.dll+0x7d5f9b]
V  [jvm.dll+0x7d6cd4]
V  [jvm.dll+0x7d71ec]
V  [jvm.dll+0x7d75c4]
V  [jvm.dll+0x7d7690]
V  [jvm.dll+0x77ff7a]
V  [jvm.dll+0x66fa35]
C  [ucrtbase.dll+0x26c0c]
C  [KERNEL32.DLL+0x155a0]
C  [ntdll.dll+0x485b]

VM_Operation (0x00000030edffc500): G1TryInitiateConcMark, mode: safepoint, requested by thread 0x00000189db26a8d0


---------------  P R O C E S S  ---------------

Threads class SMR info:
_java_thread_list=0x00000189db0c1740, length=26, elements={
0x00000189c4917b00, 0x00000189c4918930, 0x00000189d375e070, 0x00000189d375e930,
0x00000189d375f2e0, 0x00000189d375fc90, 0x00000189d37606f0, 0x00000189d3799190,
0x00000189c48fc350, 0x00000189d4522050, 0x00000189d4c7fb30, 0x00000189d4c80000,
0x00000189d4d14910, 0x00000189d5343af0, 0x00000189d5354f70, 0x00000189da7dc060,
0x00000189dac493c0, 0x00000189dac4a700, 0x00000189dac45530, 0x00000189dac476e0,
0x00000189db26ada0, 0x00000189db3a3c80, 0x00000189db3a4150, 0x00000189db3a4fc0,
0x00000189db26a8d0, 0x00000189db3a2ae0
}

Java Threads: ( => current thread )
  0x00000189c4917b00 JavaThread "Reference Handler" daemon [_thread_blocked, id=20396, stack(0x00000030ece00000,0x00000030ecf00000)]
  0x00000189c4918930 JavaThread "Finalizer" daemon [_thread_blocked, id=5548, stack(0x00000030ecf00000,0x00000030ed000000)]
  0x00000189d375e070 JavaThread "Signal Dispatcher" daemon [_thread_blocked, id=4968, stack(0x00000030ed000000,0x00000030ed100000)]
  0x00000189d375e930 JavaThread "Attach Listener" daemon [_thread_blocked, id=1720, stack(0x00000030ed100000,0x00000030ed200000)]
  0x00000189d375f2e0 JavaThread "Service Thread" daemon [_thread_blocked, id=22480, stack(0x00000030ed200000,0x00000030ed300000)]
  0x00000189d375fc90 JavaThread "Monitor Deflation Thread" daemon [_thread_blocked, id=11116, stack(0x00000030ed300000,0x00000030ed400000)]
  0x00000189d37606f0 JavaThread "C1 CompilerThread0" daemon [_thread_blocked, id=7056, stack(0x00000030ed400000,0x00000030ed500000)]
  0x00000189d3799190 JavaThread "Sweeper thread" daemon [_thread_blocked, id=16328, stack(0x00000030ed500000,0x00000030ed600000)]
  0x00000189c48fc350 JavaThread "Common-Cleaner" daemon [_thread_blocked, id=1740, stack(0x00000030ed600000,0x00000030ed700000)]
  0x00000189d4522050 JavaThread "Notification Thread" daemon [_thread_blocked, id=16920, stack(0x00000030ed700000,0x00000030ed800000)]
  0x00000189d4c7fb30 JavaThread "RMI TCP Accept-0" daemon [_thread_in_native, id=2436, stack(0x00000030edb00000,0x00000030edc00000)]
  0x00000189d4c80000 JavaThread "RMI TCP Accept-51144" daemon [_thread_in_native, id=2140, stack(0x00000030edc00000,0x00000030edd00000)]
  0x00000189d4d14910 JavaThread "RMI TCP Accept-0" daemon [_thread_in_native, id=17076, stack(0x00000030edd00000,0x00000030ede00000)]
  0x00000189d5343af0 JavaThread "RMI Scheduler(0)" daemon [_thread_blocked, id=14328, stack(0x00000030ee000000,0x00000030ee100000)]
  0x00000189d5354f70 JavaThread "JMX server connection timeout 21" daemon [_thread_blocked, id=14016, stack(0x00000030ee200000,0x00000030ee300000)]
  0x00000189da7dc060 JavaThread "DestroyJavaVM" [_thread_blocked, id=2700, stack(0x00000030ec700000,0x00000030ec800000)]
  0x00000189dac493c0 JavaThread "boundedElastic-evictor-1" daemon [_thread_blocked, id=18816, stack(0x00000030ee300000,0x00000030ee400000)]
  0x00000189dac4a700 JavaThread "pool-160-thread-1" daemon [_thread_blocked, id=6876, stack(0x00000030f0300000,0x00000030f0400000)]
  0x00000189dac45530 JavaThread "RMI TCP Connection(idle)" daemon [_thread_blocked, id=8492, stack(0x00000030efd00000,0x00000030efe00000)]
  0x00000189dac476e0 JavaThread "pool-167-thread-1" daemon [_thread_blocked, id=1392, stack(0x00000030ec600000,0x00000030ec700000)]
  0x00000189db26ada0 JavaThread "Thread-163" [_thread_blocked, id=12900, stack(0x00000030eec00000,0x00000030eed00000)]
  0x00000189db3a3c80 JavaThread "RMI TCP Connection(idle)" daemon [_thread_blocked, id=17560, stack(0x00000030f0000000,0x00000030f0100000)]
  0x00000189db3a4150 JavaThread "RMI TCP Connection(idle)" daemon [_thread_blocked, id=1240, stack(0x00000030f0200000,0x00000030f0300000)]
  0x00000189db3a4fc0 JavaThread "RMI TCP Connection(idle)" daemon [_thread_blocked, id=20676, stack(0x00000030f0400000,0x00000030f0500000)]
  0x00000189db26a8d0 JavaThread "restartedMain" [_thread_blocked, id=8840, stack(0x00000030edf00000,0x00000030ee000000)]
  0x00000189db3a2ae0 JavaThread "Keep-Alive-Timer" daemon [_thread_blocked, id=23240, stack(0x00000030ec500000,0x00000030ec600000)]

Other Threads:
=>0x00000189c4912060 VMThread "VM Thread" [stack: 0x00000030ecd00000,0x00000030ece00000] [id=7224]
  0x00000189c4863350 WatcherThread [stack: 0x00000030ede00000,0x00000030edf00000] [id=6580]
  0x00000189c488fa80 GCTaskThread "GC Thread#0" [stack: 0x00000030ec800000,0x00000030ec900000] [id=23316]
  0x00000189d4bf12a0 GCTaskThread "GC Thread#1" [stack: 0x00000030ed800000,0x00000030ed900000] [id=11436]
  0x00000189d4bfd090 GCTaskThread "GC Thread#2" [stack: 0x00000030ed900000,0x00000030eda00000] [id=22784]
  0x00000189d4bfd340 GCTaskThread "GC Thread#3" [stack: 0x00000030eda00000,0x00000030edb00000] [id=20900]
  0x00000189c48983c0 ConcurrentGCThread "G1 Main Marker" [stack: 0x00000030ec900000,0x00000030eca00000] [id=12176]
  0x00000189c4898dd0 ConcurrentGCThread "G1 Conc#0" [stack: 0x00000030eca00000,0x00000030ecb00000] [id=22716]
  0x00000189c48d6d80 ConcurrentGCThread "G1 Refine#0" [stack: 0x00000030ecb00000,0x00000030ecc00000] [id=19076]
  0x00000189dae044b0 ConcurrentGCThread "G1 Refine#1" [stack: 0x00000030ef100000,0x00000030ef200000] [id=18632]
  0x00000189dac9c100 ConcurrentGCThread "G1 Refine#2" [stack: 0x00000030ef300000,0x00000030ef400000] [id=16204]
  0x00000189d88fc7c0 ConcurrentGCThread "G1 Refine#3" [stack: 0x00000030ef400000,0x00000030ef500000] [id=14708]
  0x00000189c48d8650 ConcurrentGCThread "G1 Service" [stack: 0x00000030ecc00000,0x00000030ecd00000] [id=7888]

Threads with active compile tasks:

VM state: at safepoint (normal execution)

VM Mutex/Monitor currently owned by a thread:  ([mutex/lock_event])
[0x00000189c485e7a0] Threads_lock - owner thread: 0x00000189c4912060
[0x00000189c485eb90] Heap_lock - owner thread: 0x00000189db26a8d0

Heap address: 0x00000000c3000000, size: 976 MB, Compressed Oops mode: 32-bit

CDS archive(s) mapped at: [0x0000000800000000-0x0000000800bc0000-0x0000000800bc0000), size 12320768, SharedBaseAddress: 0x0000000800000000, ArchiveRelocationMode: 0.
Compressed class space mapped at: 0x0000000800c00000-0x0000000840c00000, reserved size: 1073741824
Narrow klass base: 0x0000000800000000, Narrow klass shift: 0, Narrow klass range: 0x100000000

GC Precious Log:
 CPUs: 4 total, 4 available
 Memory: 3902M
 Large Page Support: Disabled
 NUMA Support: Disabled
 Compressed Oops: Enabled (32-bit)
 Heap Region Size: 1M
 Heap Min Capacity: 8M
 Heap Initial Capacity: 62M
 Heap Max Capacity: 976M
 Pre-touch: Disabled
 Parallel Workers: 4
 Concurrent Workers: 1
 Concurrent Refinement Workers: 4
 Periodic GC: Disabled

Heap:
 garbage-first heap   total 286720K, used 90087K [0x00000000c3000000, 0x0000000100000000)
  region size 1024K, 5 young (5120K), 5 survivors (5120K)
 Metaspace       used 89573K, committed 90560K, reserved 1130496K
  class space    used 12291K, committed 12800K, reserved 1048576K

Heap Regions: E=young(eden), S=young(survivor), O=old, HS=humongous(starts), HC=humongous(continues), CS=collection set, F=free, OA=open archive, CA=closed archive, TAMS=top-at-mark-start (previous, next)
|   0|0x00000000c3000000, 0x00000000c3100000, 0x00000000c3100000|100%|HS|  |TAMS 0x00000000c3100000, 0x00000000c3100000| Untracked 
|   1|0x00000000c3100000, 0x00000000c3200000, 0x00000000c3200000|100%| O|  |TAMS 0x00000000c3200000, 0x00000000c3200000| Untracked 
|   2|0x00000000c3200000, 0x00000000c32fd098, 0x00000000c3300000| 98%| O|  |TAMS 0x00000000c32fd098, 0x00000000c32fd098| Untracked 
|   3|0x00000000c3300000, 0x00000000c3400000, 0x00000000c3400000|100%| O|  |TAMS 0x00000000c3400000, 0x00000000c3400000| Untracked 
|   4|0x00000000c3400000, 0x00000000c3500000, 0x00000000c3500000|100%| O|  |TAMS 0x00000000c3500000, 0x00000000c3500000| Untracked 
|   5|0x00000000c3500000, 0x00000000c35ffce0, 0x00000000c3600000| 99%| O|  |TAMS 0x00000000c35ffce0, 0x00000000c35ffce0| Untracked 
|   6|0x00000000c3600000, 0x00000000c36fd418, 0x00000000c3700000| 98%| O|  |TAMS 0x00000000c36fd418, 0x00000000c36fd418| Untracked 
|   7|0x00000000c3700000, 0x00000000c37ffff8, 0x00000000c3800000| 99%| O|  |TAMS 0x00000000c37ffff8, 0x00000000c37ffff8| Untracked 
|   8|0x00000000c3800000, 0x00000000c38fffd0, 0x00000000c3900000| 99%| O|  |TAMS 0x00000000c38fffd0, 0x00000000c38fffd0| Untracked 
|   9|0x00000000c3900000, 0x00000000c39fffd8, 0x00000000c3a00000| 99%| O|  |TAMS 0x00000000c39fffd8, 0x00000000c39fffd8| Untracked 
|  10|0x00000000c3a00000, 0x00000000c3b00000, 0x00000000c3b00000|100%| O|  |TAMS 0x00000000c3b00000, 0x00000000c3b00000| Untracked 
|  11|0x00000000c3b00000, 0x00000000c3bfffd8, 0x00000000c3c00000| 99%| O|  |TAMS 0x00000000c3bfffd8, 0x00000000c3bfffd8| Untracked 
|  12|0x00000000c3c00000, 0x00000000c3cfffc8, 0x00000000c3d00000| 99%| O|  |TAMS 0x00000000c3cfffc8, 0x00000000c3cfffc8| Untracked 
|  13|0x00000000c3d00000, 0x00000000c3dfffc8, 0x00000000c3e00000| 99%| O|  |TAMS 0x00000000c3dfffc8, 0x00000000c3dfffc8| Untracked 
|  14|0x00000000c3e00000, 0x00000000c3effb00, 0x00000000c3f00000| 99%| O|  |TAMS 0x00000000c3effb00, 0x00000000c3effb00| Untracked 
|  15|0x00000000c3f00000, 0x00000000c3fffff0, 0x00000000c4000000| 99%| O|  |TAMS 0x00000000c3fffff0, 0x00000000c3fffff0| Untracked 
|  16|0x00000000c4000000, 0x00000000c40ffff8, 0x00000000c4100000| 99%| O|  |TAMS 0x00000000c40ffff8, 0x00000000c40ffff8| Untracked 
|  17|0x00000000c4100000, 0x00000000c41fffe8, 0x00000000c4200000| 99%| O|  |TAMS 0x00000000c41fffe8, 0x00000000c41fffe8| Untracked 
|  18|0x00000000c4200000, 0x00000000c42fffe8, 0x00000000c4300000| 99%| O|  |TAMS 0x00000000c42fffe8, 0x00000000c42fffe8| Untracked 
|  19|0x00000000c4300000, 0x00000000c43ffb28, 0x00000000c4400000| 99%| O|  |TAMS 0x00000000c43ffb28, 0x00000000c43ffb28| Untracked 
|  20|0x00000000c4400000, 0x00000000c4500000, 0x00000000c4500000|100%| O|  |TAMS 0x00000000c4500000, 0x00000000c4500000| Untracked 
|  21|0x00000000c4500000, 0x00000000c45ffff8, 0x00000000c4600000| 99%| O|  |TAMS 0x00000000c45ffff8, 0x00000000c45ffff8| Untracked 
|  22|0x00000000c4600000, 0x00000000c46ffff8, 0x00000000c4700000| 99%| O|  |TAMS 0x00000000c46ffff8, 0x00000000c46ffff8| Untracked 
|  23|0x00000000c4700000, 0x00000000c4800000, 0x00000000c4800000|100%| O|  |TAMS 0x00000000c4800000, 0x00000000c4800000| Untracked 
|  24|0x00000000c4800000, 0x00000000c48ffd98, 0x00000000c4900000| 99%| O|  |TAMS 0x00000000c48ffd98, 0x00000000c48ffd98| Untracked 
|  25|0x00000000c4900000, 0x00000000c49f82b0, 0x00000000c4a00000| 96%| O|  |TAMS 0x00000000c49f82b0, 0x00000000c49f82b0| Untracked 
|  26|0x00000000c4a00000, 0x00000000c4afffe8, 0x00000000c4b00000| 99%| O|  |TAMS 0x00000000c4afffe8, 0x00000000c4afffe8| Untracked 
|  27|0x00000000c4b00000, 0x00000000c4bffff8, 0x00000000c4c00000| 99%| O|  |TAMS 0x00000000c4bffff8, 0x00000000c4bffff8| Untracked 
|  28|0x00000000c4c00000, 0x00000000c4cffff8, 0x00000000c4d00000| 99%| O|  |TAMS 0x00000000c4cffff8, 0x00000000c4cffff8| Untracked 
|  29|0x00000000c4d00000, 0x00000000c4dffff8, 0x00000000c4e00000| 99%| O|  |TAMS 0x00000000c4dffff8, 0x00000000c4dffff8| Untracked 
|  30|0x00000000c4e00000, 0x00000000c4f00000, 0x00000000c4f00000|100%| O|  |TAMS 0x00000000c4f00000, 0x00000000c4f00000| Untracked 
|  31|0x00000000c4f00000, 0x00000000c4ffffe0, 0x00000000c5000000| 99%| O|  |TAMS 0x00000000c4ffffe0, 0x00000000c4ffffe0| Untracked 
|  32|0x00000000c5000000, 0x00000000c50fffe8, 0x00000000c5100000| 99%| O|  |TAMS 0x00000000c50fffe8, 0x00000000c50fffe8| Untracked 
|  33|0x00000000c5100000, 0x00000000c51fffd0, 0x00000000c5200000| 99%| O|  |TAMS 0x00000000c51fffd0, 0x00000000c51fffd0| Untracked 
|  34|0x00000000c5200000, 0x00000000c52fffc0, 0x00000000c5300000| 99%| O|  |TAMS 0x00000000c52fffc0, 0x00000000c52fffc0| Untracked 
|  35|0x00000000c5300000, 0x00000000c53f6ce0, 0x00000000c5400000| 96%| O|  |TAMS 0x00000000c53f6ce0, 0x00000000c53f6ce0| Untracked 
|  36|0x00000000c5400000, 0x00000000c54fffe8, 0x00000000c5500000| 99%| O|  |TAMS 0x00000000c54fffe8, 0x00000000c54fffe8| Untracked 
|  37|0x00000000c5500000, 0x00000000c55ffff8, 0x00000000c5600000| 99%| O|  |TAMS 0x00000000c55ffff8, 0x00000000c55ffff8| Untracked 
|  38|0x00000000c5600000, 0x00000000c5700000, 0x00000000c5700000|100%| O|  |TAMS 0x00000000c5700000, 0x00000000c5700000| Untracked 
|  39|0x00000000c5700000, 0x00000000c57ffff0, 0x00000000c5800000| 99%| O|  |TAMS 0x00000000c57ffff0, 0x00000000c57ffff0| Untracked 
|  40|0x00000000c5800000, 0x00000000c58ffff8, 0x00000000c5900000| 99%| O|  |TAMS 0x00000000c58ffff8, 0x00000000c58ffff8| Untracked 
|  41|0x00000000c5900000, 0x00000000c5a00000, 0x00000000c5a00000|100%| O|  |TAMS 0x00000000c5a00000, 0x00000000c5a00000| Untracked 
|  42|0x00000000c5a00000, 0x00000000c5b00000, 0x00000000c5b00000|100%| O|  |TAMS 0x00000000c5b00000, 0x00000000c5b00000| Untracked 
|  43|0x00000000c5b00000, 0x00000000c5bfffd8, 0x00000000c5c00000| 99%| O|  |TAMS 0x00000000c5bfffd8, 0x00000000c5bfffd8| Untracked 
|  44|0x00000000c5c00000, 0x00000000c5cff258, 0x00000000c5d00000| 99%| O|  |TAMS 0x00000000c5cff258, 0x00000000c5cff258| Untracked 
|  45|0x00000000c5d00000, 0x00000000c5dfffd8, 0x00000000c5e00000| 99%| O|  |TAMS 0x00000000c5dfffd8, 0x00000000c5dfffd8| Untracked 
|  46|0x00000000c5e00000, 0x00000000c5efffe8, 0x00000000c5f00000| 99%| O|  |TAMS 0x00000000c5efffe8, 0x00000000c5efffe8| Untracked 
|  47|0x00000000c5f00000, 0x00000000c6000000, 0x00000000c6000000|100%| O|  |TAMS 0x00000000c6000000, 0x00000000c6000000| Untracked 
|  48|0x00000000c6000000, 0x00000000c60fffe8, 0x00000000c6100000| 99%| O|  |TAMS 0x00000000c60fffe8, 0x00000000c60fffe8| Untracked 
|  49|0x00000000c6100000, 0x00000000c61fffd8, 0x00000000c6200000| 99%| O|  |TAMS 0x00000000c61fffd8, 0x00000000c61fffd8| Untracked 
|  50|0x00000000c6200000, 0x00000000c62fff80, 0x00000000c6300000| 99%| O|  |TAMS 0x00000000c62fff80, 0x00000000c62fff80| Untracked 
|  51|0x00000000c6300000, 0x00000000c6400000, 0x00000000c6400000|100%| O|  |TAMS 0x00000000c6400000, 0x00000000c6400000| Untracked 
|  52|0x00000000c6400000, 0x00000000c64fffe8, 0x00000000c6500000| 99%| O|  |TAMS 0x00000000c64fffe8, 0x00000000c64fffe8| Untracked 
|  53|0x00000000c6500000, 0x00000000c65ffff8, 0x00000000c6600000| 99%| O|  |TAMS 0x00000000c65ffff8, 0x00000000c65ffff8| Untracked 
|  54|0x00000000c6600000, 0x00000000c66fffe8, 0x00000000c6700000| 99%| O|  |TAMS 0x00000000c66fffe8, 0x00000000c66fffe8| Untracked 
|  55|0x00000000c6700000, 0x00000000c67fffb8, 0x00000000c6800000| 99%| O|  |TAMS 0x00000000c67fffb8, 0x00000000c67fffb8| Untracked 
|  56|0x00000000c6800000, 0x00000000c68fffe0, 0x00000000c6900000| 99%| O|  |TAMS 0x00000000c68fffe0, 0x00000000c68fffe0| Untracked 
|  57|0x00000000c6900000, 0x00000000c69fffe8, 0x00000000c6a00000| 99%| O|  |TAMS 0x00000000c69fffe8, 0x00000000c69fffe8| Untracked 
|  58|0x00000000c6a00000, 0x00000000c6affff8, 0x00000000c6b00000| 99%| O|  |TAMS 0x00000000c6affff8, 0x00000000c6affff8| Untracked 
|  59|0x00000000c6b00000, 0x00000000c6bfffe8, 0x00000000c6c00000| 99%| O|  |TAMS 0x00000000c6bfffe8, 0x00000000c6bfffe8| Untracked 
|  60|0x00000000c6c00000, 0x00000000c6cfffe0, 0x00000000c6d00000| 99%| O|  |TAMS 0x00000000c6cfffe0, 0x00000000c6cfffe0| Untracked 
|  61|0x00000000c6d00000, 0x00000000c6dfffd0, 0x00000000c6e00000| 99%| O|  |TAMS 0x00000000c6dfffd0, 0x00000000c6dfffd0| Untracked 
|  62|0x00000000c6e00000, 0x00000000c6f00000, 0x00000000c6f00000|100%| O|  |TAMS 0x00000000c6f00000, 0x00000000c6f00000| Untracked 
|  63|0x00000000c6f00000, 0x00000000c6fffff8, 0x00000000c7000000| 99%| O|  |TAMS 0x00000000c6fffff8, 0x00000000c6fffff8| Untracked 
|  64|0x00000000c7000000, 0x00000000c70fff80, 0x00000000c7100000| 99%| O|  |TAMS 0x00000000c70fff80, 0x00000000c70fff80| Untracked 
|  65|0x00000000c7100000, 0x00000000c71fff70, 0x00000000c7200000| 99%| O|  |TAMS 0x00000000c71fff70, 0x00000000c71fff70| Untracked 
|  66|0x00000000c7200000, 0x00000000c72fffb8, 0x00000000c7300000| 99%| O|  |TAMS 0x00000000c72fffb8, 0x00000000c72fffb8| Untracked 
|  67|0x00000000c7300000, 0x00000000c73ffff0, 0x00000000c7400000| 99%| O|  |TAMS 0x00000000c7300000, 0x00000000c73ffff0| Untracked 
|  68|0x00000000c7400000, 0x00000000c74ffdb0, 0x00000000c7500000| 99%| O|  |TAMS 0x00000000c74ffdb0, 0x00000000c74ffdb0| Untracked 
|  69|0x00000000c7500000, 0x00000000c75fffd8, 0x00000000c7600000| 99%| O|  |TAMS 0x00000000c7500000, 0x00000000c75fffd8| Untracked 
|  70|0x00000000c7600000, 0x00000000c76ffff8, 0x00000000c7700000| 99%| O|  |TAMS 0x00000000c7600000, 0x00000000c76ffff8| Untracked 
|  71|0x00000000c7700000, 0x00000000c77ffff0, 0x00000000c7800000| 99%| O|  |TAMS 0x00000000c7700000, 0x00000000c77ffff0| Untracked 
|  72|0x00000000c7800000, 0x00000000c78fffe8, 0x00000000c7900000| 99%| O|  |TAMS 0x00000000c78fffe8, 0x00000000c78fffe8| Untracked 
|  73|0x00000000c7900000, 0x00000000c7a00000, 0x00000000c7a00000|100%| O|  |TAMS 0x00000000c7900000, 0x00000000c7a00000| Untracked 
|  74|0x00000000c7a00000, 0x00000000c7affff8, 0x00000000c7b00000| 99%| O|  |TAMS 0x00000000c7a00000, 0x00000000c7affff8| Untracked 
|  75|0x00000000c7b00000, 0x00000000c7bffef0, 0x00000000c7c00000| 99%| O|  |TAMS 0x00000000c7b00000, 0x00000000c7bffef0| Untracked 
|  76|0x00000000c7c00000, 0x00000000c7cfe090, 0x00000000c7d00000| 99%| O|  |TAMS 0x00000000c7c00000, 0x00000000c7cfe090| Untracked 
|  77|0x00000000c7d00000, 0x00000000c7e00000, 0x00000000c7e00000|100%| O|  |TAMS 0x00000000c7d00000, 0x00000000c7e00000| Untracked 
|  78|0x00000000c7e00000, 0x00000000c7efff90, 0x00000000c7f00000| 99%| O|  |TAMS 0x00000000c7e00000, 0x00000000c7efff90| Untracked 
|  79|0x00000000c7f00000, 0x00000000c7ffa360, 0x00000000c8000000| 97%| O|  |TAMS 0x00000000c7f00000, 0x00000000c7ffa360| Untracked 
|  80|0x00000000c8000000, 0x00000000c80ffff0, 0x00000000c8100000| 99%| O|  |TAMS 0x00000000c8000000, 0x00000000c80ffff0| Untracked 
|  81|0x00000000c8100000, 0x00000000c8200000, 0x00000000c8200000|100%| O|  |TAMS 0x00000000c8100000, 0x00000000c8200000| Untracked 
|  82|0x00000000c8200000, 0x00000000c8200000, 0x00000000c8300000|  0%| F|  |TAMS 0x00000000c8200000, 0x00000000c8200000| Untracked 
|  83|0x00000000c8300000, 0x00000000c838d900, 0x00000000c8400000| 55%| O|  |TAMS 0x00000000c8300000, 0x00000000c838d900| Untracked 
|  84|0x00000000c8400000, 0x00000000c8400000, 0x00000000c8500000|  0%| F|  |TAMS 0x00000000c8400000, 0x00000000c8400000| Untracked 
|  85|0x00000000c8500000, 0x00000000c8500000, 0x00000000c8600000|  0%| F|  |TAMS 0x00000000c8500000, 0x00000000c8500000| Untracked 
|  86|0x00000000c8600000, 0x00000000c869d198, 0x00000000c8700000| 61%| O|  |TAMS 0x00000000c8600000, 0x00000000c869d198| Untracked 
|  87|0x00000000c8700000, 0x00000000c87a42d0, 0x00000000c8800000| 64%| O|  |TAMS 0x00000000c8700000, 0x00000000c87a42d0| Untracked 
|  88|0x00000000c8800000, 0x00000000c8800000, 0x00000000c8900000|  0%| F|  |TAMS 0x00000000c8800000, 0x00000000c8800000| Untracked 
|  89|0x00000000c8900000, 0x00000000c8900000, 0x00000000c8a00000|  0%| F|  |TAMS 0x00000000c8900000, 0x00000000c8900000| Untracked 
|  90|0x00000000c8a00000, 0x00000000c8a00000, 0x00000000c8b00000|  0%| F|  |TAMS 0x00000000c8a00000, 0x00000000c8a00000| Untracked 
|  91|0x00000000c8b00000, 0x00000000c8b00000, 0x00000000c8c00000|  0%| F|  |TAMS 0x00000000c8b00000, 0x00000000c8b00000| Untracked 
|  92|0x00000000c8c00000, 0x00000000c8c00000, 0x00000000c8d00000|  0%| F|  |TAMS 0x00000000c8c00000, 0x00000000c8c00000| Untracked 
|  93|0x00000000c8d00000, 0x00000000c8d00000, 0x00000000c8e00000|  0%| F|  |TAMS 0x00000000c8d00000, 0x00000000c8d00000| Untracked 
|  94|0x00000000c8e00000, 0x00000000c8e00000, 0x00000000c8f00000|  0%| F|  |TAMS 0x00000000c8e00000, 0x00000000c8e00000| Untracked 
|  95|0x00000000c8f00000, 0x00000000c8f00000, 0x00000000c9000000|  0%| F|  |TAMS 0x00000000c8f00000, 0x00000000c8f00000| Untracked 
|  96|0x00000000c9000000, 0x00000000c9000000, 0x00000000c9100000|  0%| F|  |TAMS 0x00000000c9000000, 0x00000000c9000000| Untracked 
|  97|0x00000000c9100000, 0x00000000c9100000, 0x00000000c9200000|  0%| F|  |TAMS 0x00000000c9100000, 0x00000000c9100000| Untracked 
|  98|0x00000000c9200000, 0x00000000c9200000, 0x00000000c9300000|  0%| F|  |TAMS 0x00000000c9200000, 0x00000000c9200000| Untracked 
|  99|0x00000000c9300000, 0x00000000c9300000, 0x00000000c9400000|  0%| F|  |TAMS 0x00000000c9300000, 0x00000000c9300000| Untracked 
| 100|0x00000000c9400000, 0x00000000c9400000, 0x00000000c9500000|  0%| F|  |TAMS 0x00000000c9400000, 0x00000000c9400000| Untracked 
| 101|0x00000000c9500000, 0x00000000c9500000, 0x00000000c9600000|  0%| F|  |TAMS 0x00000000c9500000, 0x00000000c9500000| Untracked 
| 102|0x00000000c9600000, 0x00000000c9600000, 0x00000000c9700000|  0%| F|  |TAMS 0x00000000c9600000, 0x00000000c9600000| Untracked 
| 103|0x00000000c9700000, 0x00000000c9700000, 0x00000000c9800000|  0%| F|  |TAMS 0x00000000c9700000, 0x00000000c9700000| Untracked 
| 104|0x00000000c9800000, 0x00000000c9800000, 0x00000000c9900000|  0%| F|  |TAMS 0x00000000c9800000, 0x00000000c9800000| Untracked 
| 105|0x00000000c9900000, 0x00000000c9900000, 0x00000000c9a00000|  0%| F|  |TAMS 0x00000000c9900000, 0x00000000c9900000| Untracked 
| 106|0x00000000c9a00000, 0x00000000c9a00000, 0x00000000c9b00000|  0%| F|  |TAMS 0x00000000c9a00000, 0x00000000c9a00000| Untracked 
| 107|0x00000000c9b00000, 0x00000000c9b00000, 0x00000000c9c00000|  0%| F|  |TAMS 0x00000000c9b00000, 0x00000000c9b00000| Untracked 
| 108|0x00000000c9c00000, 0x00000000c9c00000, 0x00000000c9d00000|  0%| F|  |TAMS 0x00000000c9c00000, 0x00000000c9c00000| Untracked 
| 109|0x00000000c9d00000, 0x00000000c9d00000, 0x00000000c9e00000|  0%| F|  |TAMS 0x00000000c9d00000, 0x00000000c9d00000| Untracked 
| 110|0x00000000c9e00000, 0x00000000c9e00000, 0x00000000c9f00000|  0%| F|  |TAMS 0x00000000c9e00000, 0x00000000c9e00000| Untracked 
| 111|0x00000000c9f00000, 0x00000000c9f00000, 0x00000000ca000000|  0%| F|  |TAMS 0x00000000c9f00000, 0x00000000c9f00000| Untracked 
| 112|0x00000000ca000000, 0x00000000ca000000, 0x00000000ca100000|  0%| F|  |TAMS 0x00000000ca000000, 0x00000000ca000000| Untracked 
| 113|0x00000000ca100000, 0x00000000ca100000, 0x00000000ca200000|  0%| F|  |TAMS 0x00000000ca100000, 0x00000000ca100000| Untracked 
| 114|0x00000000ca200000, 0x00000000ca200000, 0x00000000ca300000|  0%| F|  |TAMS 0x00000000ca200000, 0x00000000ca200000| Untracked 
| 115|0x00000000ca300000, 0x00000000ca300000, 0x00000000ca400000|  0%| F|  |TAMS 0x00000000ca300000, 0x00000000ca300000| Untracked 
| 116|0x00000000ca400000, 0x00000000ca400000, 0x00000000ca500000|  0%| F|  |TAMS 0x00000000ca400000, 0x00000000ca400000| Untracked 
| 117|0x00000000ca500000, 0x00000000ca500000, 0x00000000ca600000|  0%| F|  |TAMS 0x00000000ca500000, 0x00000000ca500000| Untracked 
| 118|0x00000000ca600000, 0x00000000ca600000, 0x00000000ca700000|  0%| F|  |TAMS 0x00000000ca600000, 0x00000000ca600000| Untracked 
| 119|0x00000000ca700000, 0x00000000ca700000, 0x00000000ca800000|  0%| F|  |TAMS 0x00000000ca700000, 0x00000000ca700000| Untracked 
| 120|0x00000000ca800000, 0x00000000ca800000, 0x00000000ca900000|  0%| F|  |TAMS 0x00000000ca800000, 0x00000000ca800000| Untracked 
| 121|0x00000000ca900000, 0x00000000ca900000, 0x00000000caa00000|  0%| F|  |TAMS 0x00000000ca900000, 0x00000000ca900000| Untracked 
| 122|0x00000000caa00000, 0x00000000caa00000, 0x00000000cab00000|  0%| F|  |TAMS 0x00000000caa00000, 0x00000000caa00000| Untracked 
| 123|0x00000000cab00000, 0x00000000cab00000, 0x00000000cac00000|  0%| F|  |TAMS 0x00000000cab00000, 0x00000000cab00000| Untracked 
| 124|0x00000000cac00000, 0x00000000cac00000, 0x00000000cad00000|  0%| F|  |TAMS 0x00000000cac00000, 0x00000000cac00000| Untracked 
| 125|0x00000000cad00000, 0x00000000cad00000, 0x00000000cae00000|  0%| F|  |TAMS 0x00000000cad00000, 0x00000000cad00000| Untracked 
| 126|0x00000000cae00000, 0x00000000cae00000, 0x00000000caf00000|  0%| F|  |TAMS 0x00000000cae00000, 0x00000000cae00000| Untracked 
| 127|0x00000000caf00000, 0x00000000caf00000, 0x00000000cb000000|  0%| F|  |TAMS 0x00000000caf00000, 0x00000000caf00000| Untracked 
| 128|0x00000000cb000000, 0x00000000cb000000, 0x00000000cb100000|  0%| F|  |TAMS 0x00000000cb000000, 0x00000000cb000000| Untracked 
| 129|0x00000000cb100000, 0x00000000cb100000, 0x00000000cb200000|  0%| F|  |TAMS 0x00000000cb100000, 0x00000000cb100000| Untracked 
| 130|0x00000000cb200000, 0x00000000cb200000, 0x00000000cb300000|  0%| F|  |TAMS 0x00000000cb200000, 0x00000000cb200000| Untracked 
| 131|0x00000000cb300000, 0x00000000cb300000, 0x00000000cb400000|  0%| F|  |TAMS 0x00000000cb300000, 0x00000000cb300000| Untracked 
| 132|0x00000000cb400000, 0x00000000cb400000, 0x00000000cb500000|  0%| F|  |TAMS 0x00000000cb400000, 0x00000000cb400000| Untracked 
| 133|0x00000000cb500000, 0x00000000cb500000, 0x00000000cb600000|  0%| F|  |TAMS 0x00000000cb500000, 0x00000000cb500000| Untracked 
| 134|0x00000000cb600000, 0x00000000cb600000, 0x00000000cb700000|  0%| F|  |TAMS 0x00000000cb600000, 0x00000000cb600000| Untracked 
| 135|0x00000000cb700000, 0x00000000cb700000, 0x00000000cb800000|  0%| F|  |TAMS 0x00000000cb700000, 0x00000000cb700000| Untracked 
| 136|0x00000000cb800000, 0x00000000cb800000, 0x00000000cb900000|  0%| F|  |TAMS 0x00000000cb800000, 0x00000000cb800000| Untracked 
| 137|0x00000000cb900000, 0x00000000cb900000, 0x00000000cba00000|  0%| F|  |TAMS 0x00000000cb900000, 0x00000000cb900000| Untracked 
| 138|0x00000000cba00000, 0x00000000cba00000, 0x00000000cbb00000|  0%| F|  |TAMS 0x00000000cba00000, 0x00000000cba00000| Untracked 
| 139|0x00000000cbb00000, 0x00000000cbb00000, 0x00000000cbc00000|  0%| F|  |TAMS 0x00000000cbb00000, 0x00000000cbb00000| Untracked 
| 140|0x00000000cbc00000, 0x00000000cbc00000, 0x00000000cbd00000|  0%| F|  |TAMS 0x00000000cbc00000, 0x00000000cbc00000| Untracked 
| 141|0x00000000cbd00000, 0x00000000cbd00000, 0x00000000cbe00000|  0%| F|  |TAMS 0x00000000cbd00000, 0x00000000cbd00000| Untracked 
| 142|0x00000000cbe00000, 0x00000000cbe00000, 0x00000000cbf00000|  0%| F|  |TAMS 0x00000000cbe00000, 0x00000000cbe00000| Untracked 
| 143|0x00000000cbf00000, 0x00000000cbf00000, 0x00000000cc000000|  0%| F|  |TAMS 0x00000000cbf00000, 0x00000000cbf00000| Untracked 
| 144|0x00000000cc000000, 0x00000000cc000000, 0x00000000cc100000|  0%| F|  |TAMS 0x00000000cc000000, 0x00000000cc000000| Untracked 
| 145|0x00000000cc100000, 0x00000000cc100000, 0x00000000cc200000|  0%| F|  |TAMS 0x00000000cc100000, 0x00000000cc100000| Untracked 
| 146|0x00000000cc200000, 0x00000000cc200000, 0x00000000cc300000|  0%| F|  |TAMS 0x00000000cc200000, 0x00000000cc200000| Untracked 
| 147|0x00000000cc300000, 0x00000000cc300000, 0x00000000cc400000|  0%| F|  |TAMS 0x00000000cc300000, 0x00000000cc300000| Untracked 
| 148|0x00000000cc400000, 0x00000000cc400000, 0x00000000cc500000|  0%| F|  |TAMS 0x00000000cc400000, 0x00000000cc400000| Untracked 
| 149|0x00000000cc500000, 0x00000000cc500000, 0x00000000cc600000|  0%| F|  |TAMS 0x00000000cc500000, 0x00000000cc500000| Untracked 
| 150|0x00000000cc600000, 0x00000000cc600000, 0x00000000cc700000|  0%| F|  |TAMS 0x00000000cc600000, 0x00000000cc600000| Untracked 
| 151|0x00000000cc700000, 0x00000000cc700000, 0x00000000cc800000|  0%| F|  |TAMS 0x00000000cc700000, 0x00000000cc700000| Untracked 
| 152|0x00000000cc800000, 0x00000000cc800000, 0x00000000cc900000|  0%| F|  |TAMS 0x00000000cc800000, 0x00000000cc800000| Untracked 
| 153|0x00000000cc900000, 0x00000000cc900000, 0x00000000cca00000|  0%| F|  |TAMS 0x00000000cc900000, 0x00000000cc900000| Untracked 
| 154|0x00000000cca00000, 0x00000000cca00000, 0x00000000ccb00000|  0%| F|  |TAMS 0x00000000cca00000, 0x00000000cca00000| Untracked 
| 155|0x00000000ccb00000, 0x00000000ccb00000, 0x00000000ccc00000|  0%| F|  |TAMS 0x00000000ccb00000, 0x00000000ccb00000| Untracked 
| 156|0x00000000ccc00000, 0x00000000ccc00000, 0x00000000ccd00000|  0%| F|  |TAMS 0x00000000ccc00000, 0x00000000ccc00000| Untracked 
| 157|0x00000000ccd00000, 0x00000000ccd00000, 0x00000000cce00000|  0%| F|  |TAMS 0x00000000ccd00000, 0x00000000ccd00000| Untracked 
| 158|0x00000000cce00000, 0x00000000cce00000, 0x00000000ccf00000|  0%| F|  |TAMS 0x00000000cce00000, 0x00000000cce00000| Untracked 
| 159|0x00000000ccf00000, 0x00000000ccf00000, 0x00000000cd000000|  0%| F|  |TAMS 0x00000000ccf00000, 0x00000000ccf00000| Untracked 
| 160|0x00000000cd000000, 0x00000000cd000000, 0x00000000cd100000|  0%| F|  |TAMS 0x00000000cd000000, 0x00000000cd000000| Untracked 
| 161|0x00000000cd100000, 0x00000000cd100000, 0x00000000cd200000|  0%| F|  |TAMS 0x00000000cd100000, 0x00000000cd100000| Untracked 
| 162|0x00000000cd200000, 0x00000000cd200000, 0x00000000cd300000|  0%| F|  |TAMS 0x00000000cd200000, 0x00000000cd200000| Untracked 
| 163|0x00000000cd300000, 0x00000000cd300000, 0x00000000cd400000|  0%| F|  |TAMS 0x00000000cd300000, 0x00000000cd300000| Untracked 
| 164|0x00000000cd400000, 0x00000000cd400000, 0x00000000cd500000|  0%| F|  |TAMS 0x00000000cd400000, 0x00000000cd400000| Untracked 
| 165|0x00000000cd500000, 0x00000000cd500000, 0x00000000cd600000|  0%| F|  |TAMS 0x00000000cd500000, 0x00000000cd500000| Untracked 
| 166|0x00000000cd600000, 0x00000000cd600000, 0x00000000cd700000|  0%| F|  |TAMS 0x00000000cd600000, 0x00000000cd600000| Untracked 
| 167|0x00000000cd700000, 0x00000000cd700000, 0x00000000cd800000|  0%| F|  |TAMS 0x00000000cd700000, 0x00000000cd700000| Untracked 
| 168|0x00000000cd800000, 0x00000000cd800000, 0x00000000cd900000|  0%| F|  |TAMS 0x00000000cd800000, 0x00000000cd800000| Untracked 
| 169|0x00000000cd900000, 0x00000000cd900000, 0x00000000cda00000|  0%| F|  |TAMS 0x00000000cd900000, 0x00000000cd900000| Untracked 
| 170|0x00000000cda00000, 0x00000000cda00000, 0x00000000cdb00000|  0%| F|  |TAMS 0x00000000cda00000, 0x00000000cda00000| Untracked 
| 171|0x00000000cdb00000, 0x00000000cdb00000, 0x00000000cdc00000|  0%| F|  |TAMS 0x00000000cdb00000, 0x00000000cdb00000| Untracked 
| 172|0x00000000cdc00000, 0x00000000cdc00000, 0x00000000cdd00000|  0%| F|  |TAMS 0x00000000cdc00000, 0x00000000cdc00000| Untracked 
| 173|0x00000000cdd00000, 0x00000000cdd00000, 0x00000000cde00000|  0%| F|  |TAMS 0x00000000cdd00000, 0x00000000cdd00000| Untracked 
| 174|0x00000000cde00000, 0x00000000cde00000, 0x00000000cdf00000|  0%| F|  |TAMS 0x00000000cde00000, 0x00000000cde00000| Untracked 
| 175|0x00000000cdf00000, 0x00000000cdf00000, 0x00000000ce000000|  0%| F|  |TAMS 0x00000000cdf00000, 0x00000000cdf00000| Untracked 
| 176|0x00000000ce000000, 0x00000000ce000000, 0x00000000ce100000|  0%| F|  |TAMS 0x00000000ce000000, 0x00000000ce000000| Untracked 
| 177|0x00000000ce100000, 0x00000000ce100000, 0x00000000ce200000|  0%| F|  |TAMS 0x00000000ce100000, 0x00000000ce100000| Untracked 
| 178|0x00000000ce200000, 0x00000000ce200000, 0x00000000ce300000|  0%| F|  |TAMS 0x00000000ce200000, 0x00000000ce200000| Untracked 
| 179|0x00000000ce300000, 0x00000000ce300000, 0x00000000ce400000|  0%| F|  |TAMS 0x00000000ce300000, 0x00000000ce300000| Untracked 
| 180|0x00000000ce400000, 0x00000000ce400000, 0x00000000ce500000|  0%| F|  |TAMS 0x00000000ce400000, 0x00000000ce400000| Untracked 
| 181|0x00000000ce500000, 0x00000000ce500000, 0x00000000ce600000|  0%| F|  |TAMS 0x00000000ce500000, 0x00000000ce500000| Untracked 
| 182|0x00000000ce600000, 0x00000000ce600000, 0x00000000ce700000|  0%| F|  |TAMS 0x00000000ce600000, 0x00000000ce600000| Untracked 
| 183|0x00000000ce700000, 0x00000000ce700000, 0x00000000ce800000|  0%| F|  |TAMS 0x00000000ce700000, 0x00000000ce700000| Untracked 
| 184|0x00000000ce800000, 0x00000000ce800000, 0x00000000ce900000|  0%| F|  |TAMS 0x00000000ce800000, 0x00000000ce800000| Untracked 
| 185|0x00000000ce900000, 0x00000000ce900000, 0x00000000cea00000|  0%| F|  |TAMS 0x00000000ce900000, 0x00000000ce900000| Untracked 
| 186|0x00000000cea00000, 0x00000000cea00000, 0x00000000ceb00000|  0%| F|  |TAMS 0x00000000cea00000, 0x00000000cea00000| Untracked 
| 187|0x00000000ceb00000, 0x00000000ceb00000, 0x00000000cec00000|  0%| F|  |TAMS 0x00000000ceb00000, 0x00000000ceb00000| Untracked 
| 188|0x00000000cec00000, 0x00000000cec00000, 0x00000000ced00000|  0%| F|  |TAMS 0x00000000cec00000, 0x00000000cec00000| Untracked 
| 189|0x00000000ced00000, 0x00000000ced00000, 0x00000000cee00000|  0%| F|  |TAMS 0x00000000ced00000, 0x00000000ced00000| Untracked 
| 190|0x00000000cee00000, 0x00000000cee00000, 0x00000000cef00000|  0%| F|  |TAMS 0x00000000cee00000, 0x00000000cee00000| Untracked 
| 191|0x00000000cef00000, 0x00000000cef00000, 0x00000000cf000000|  0%| F|  |TAMS 0x00000000cef00000, 0x00000000cef00000| Untracked 
| 192|0x00000000cf000000, 0x00000000cf000000, 0x00000000cf100000|  0%| F|  |TAMS 0x00000000cf000000, 0x00000000cf000000| Untracked 
| 193|0x00000000cf100000, 0x00000000cf100000, 0x00000000cf200000|  0%| F|  |TAMS 0x00000000cf100000, 0x00000000cf100000| Untracked 
| 194|0x00000000cf200000, 0x00000000cf200000, 0x00000000cf300000|  0%| F|  |TAMS 0x00000000cf200000, 0x00000000cf200000| Untracked 
| 195|0x00000000cf300000, 0x00000000cf300000, 0x00000000cf400000|  0%| F|  |TAMS 0x00000000cf300000, 0x00000000cf300000| Untracked 
| 196|0x00000000cf400000, 0x00000000cf400000, 0x00000000cf500000|  0%| F|  |TAMS 0x00000000cf400000, 0x00000000cf400000| Untracked 
| 197|0x00000000cf500000, 0x00000000cf500000, 0x00000000cf600000|  0%| F|  |TAMS 0x00000000cf500000, 0x00000000cf500000| Untracked 
| 198|0x00000000cf600000, 0x00000000cf600000, 0x00000000cf700000|  0%| F|  |TAMS 0x00000000cf600000, 0x00000000cf600000| Untracked 
| 199|0x00000000cf700000, 0x00000000cf700000, 0x00000000cf800000|  0%| F|  |TAMS 0x00000000cf700000, 0x00000000cf700000| Untracked 
| 200|0x00000000cf800000, 0x00000000cf800000, 0x00000000cf900000|  0%| F|  |TAMS 0x00000000cf800000, 0x00000000cf800000| Untracked 
| 201|0x00000000cf900000, 0x00000000cf900000, 0x00000000cfa00000|  0%| F|  |TAMS 0x00000000cf900000, 0x00000000cf900000| Untracked 
| 202|0x00000000cfa00000, 0x00000000cfa00000, 0x00000000cfb00000|  0%| F|  |TAMS 0x00000000cfa00000, 0x00000000cfa00000| Untracked 
| 203|0x00000000cfb00000, 0x00000000cfb00000, 0x00000000cfc00000|  0%| F|  |TAMS 0x00000000cfb00000, 0x00000000cfb00000| Untracked 
| 204|0x00000000cfc00000, 0x00000000cfc00000, 0x00000000cfd00000|  0%| F|  |TAMS 0x00000000cfc00000, 0x00000000cfc00000| Untracked 
| 205|0x00000000cfd00000, 0x00000000cfd00000, 0x00000000cfe00000|  0%| F|  |TAMS 0x00000000cfd00000, 0x00000000cfd00000| Untracked 
| 206|0x00000000cfe00000, 0x00000000cfe00000, 0x00000000cff00000|  0%| F|  |TAMS 0x00000000cfe00000, 0x00000000cfe00000| Untracked 
| 207|0x00000000cff00000, 0x00000000cff00000, 0x00000000d0000000|  0%| F|  |TAMS 0x00000000cff00000, 0x00000000cff00000| Untracked 
| 208|0x00000000d0000000, 0x00000000d0000000, 0x00000000d0100000|  0%| F|  |TAMS 0x00000000d0000000, 0x00000000d0000000| Untracked 
| 209|0x00000000d0100000, 0x00000000d0100000, 0x00000000d0200000|  0%| F|  |TAMS 0x00000000d0100000, 0x00000000d0100000| Untracked 
| 210|0x00000000d0200000, 0x00000000d0200000, 0x00000000d0300000|  0%| F|  |TAMS 0x00000000d0200000, 0x00000000d0200000| Untracked 
| 211|0x00000000d0300000, 0x00000000d0300000, 0x00000000d0400000|  0%| F|  |TAMS 0x00000000d0300000, 0x00000000d0300000| Untracked 
| 212|0x00000000d0400000, 0x00000000d044c1b0, 0x00000000d0500000| 29%| S|CS|TAMS 0x00000000d0400000, 0x00000000d0400000| Complete 
| 213|0x00000000d0500000, 0x00000000d0600000, 0x00000000d0600000|100%| S|CS|TAMS 0x00000000d0500000, 0x00000000d0500000| Complete 
| 214|0x00000000d0600000, 0x00000000d0700000, 0x00000000d0700000|100%| S|CS|TAMS 0x00000000d0600000, 0x00000000d0600000| Complete 
| 215|0x00000000d0700000, 0x00000000d0800000, 0x00000000d0800000|100%| S|CS|TAMS 0x00000000d0700000, 0x00000000d0700000| Complete 
| 216|0x00000000d0800000, 0x00000000d0900000, 0x00000000d0900000|100%| S|CS|TAMS 0x00000000d0800000, 0x00000000d0800000| Complete 
| 217|0x00000000d0900000, 0x00000000d0900000, 0x00000000d0a00000|  0%| F|  |TAMS 0x00000000d0900000, 0x00000000d0900000| Untracked 
| 218|0x00000000d0a00000, 0x00000000d0a00000, 0x00000000d0b00000|  0%| F|  |TAMS 0x00000000d0a00000, 0x00000000d0a00000| Untracked 
| 219|0x00000000d0b00000, 0x00000000d0b00000, 0x00000000d0c00000|  0%| F|  |TAMS 0x00000000d0b00000, 0x00000000d0b00000| Untracked 
| 220|0x00000000d0c00000, 0x00000000d0c00000, 0x00000000d0d00000|  0%| F|  |TAMS 0x00000000d0c00000, 0x00000000d0c00000| Untracked 
| 221|0x00000000d0d00000, 0x00000000d0d00000, 0x00000000d0e00000|  0%| F|  |TAMS 0x00000000d0d00000, 0x00000000d0d00000| Untracked 
| 222|0x00000000d0e00000, 0x00000000d0e00000, 0x00000000d0f00000|  0%| F|  |TAMS 0x00000000d0e00000, 0x00000000d0e00000| Untracked 
| 223|0x00000000d0f00000, 0x00000000d0f00000, 0x00000000d1000000|  0%| F|  |TAMS 0x00000000d0f00000, 0x00000000d0f00000| Untracked 
| 224|0x00000000d1000000, 0x00000000d1000000, 0x00000000d1100000|  0%| F|  |TAMS 0x00000000d1000000, 0x00000000d1000000| Untracked 
| 225|0x00000000d1100000, 0x00000000d1100000, 0x00000000d1200000|  0%| F|  |TAMS 0x00000000d1100000, 0x00000000d1100000| Untracked 
| 226|0x00000000d1200000, 0x00000000d1200000, 0x00000000d1300000|  0%| F|  |TAMS 0x00000000d1200000, 0x00000000d1200000| Untracked 
| 227|0x00000000d1300000, 0x00000000d1300000, 0x00000000d1400000|  0%| F|  |TAMS 0x00000000d1300000, 0x00000000d1300000| Untracked 
| 228|0x00000000d1400000, 0x00000000d1400000, 0x00000000d1500000|  0%| F|  |TAMS 0x00000000d1400000, 0x00000000d1400000| Untracked 
| 229|0x00000000d1500000, 0x00000000d1500000, 0x00000000d1600000|  0%| F|  |TAMS 0x00000000d1500000, 0x00000000d1500000| Untracked 
| 230|0x00000000d1600000, 0x00000000d1600000, 0x00000000d1700000|  0%| F|  |TAMS 0x00000000d1600000, 0x00000000d1600000| Untracked 
| 231|0x00000000d1700000, 0x00000000d1700000, 0x00000000d1800000|  0%| F|  |TAMS 0x00000000d1700000, 0x00000000d1700000| Untracked 
| 232|0x00000000d1800000, 0x00000000d1800000, 0x00000000d1900000|  0%| F|  |TAMS 0x00000000d1800000, 0x00000000d1800000| Untracked 
| 233|0x00000000d1900000, 0x00000000d1900000, 0x00000000d1a00000|  0%| F|  |TAMS 0x00000000d1900000, 0x00000000d1900000| Untracked 
| 234|0x00000000d1a00000, 0x00000000d1a00000, 0x00000000d1b00000|  0%| F|  |TAMS 0x00000000d1a00000, 0x00000000d1a00000| Untracked 
| 235|0x00000000d1b00000, 0x00000000d1b00000, 0x00000000d1c00000|  0%| F|  |TAMS 0x00000000d1b00000, 0x00000000d1b00000| Untracked 
| 236|0x00000000d1c00000, 0x00000000d1c00000, 0x00000000d1d00000|  0%| F|  |TAMS 0x00000000d1c00000, 0x00000000d1c00000| Untracked 
| 237|0x00000000d1d00000, 0x00000000d1d00000, 0x00000000d1e00000|  0%| F|  |TAMS 0x00000000d1d00000, 0x00000000d1d00000| Untracked 
| 238|0x00000000d1e00000, 0x00000000d1e00000, 0x00000000d1f00000|  0%| F|  |TAMS 0x00000000d1e00000, 0x00000000d1e00000| Untracked 
| 239|0x00000000d1f00000, 0x00000000d1f00000, 0x00000000d2000000|  0%| F|  |TAMS 0x00000000d1f00000, 0x00000000d1f00000| Untracked 
| 240|0x00000000d2000000, 0x00000000d2000000, 0x00000000d2100000|  0%| F|  |TAMS 0x00000000d2000000, 0x00000000d2000000| Untracked 
| 241|0x00000000d2100000, 0x00000000d2100000, 0x00000000d2200000|  0%| F|  |TAMS 0x00000000d2100000, 0x00000000d2100000| Untracked 
| 242|0x00000000d2200000, 0x00000000d2200000, 0x00000000d2300000|  0%| F|  |TAMS 0x00000000d2200000, 0x00000000d2200000| Untracked 
| 243|0x00000000d2300000, 0x00000000d2300000, 0x00000000d2400000|  0%| F|  |TAMS 0x00000000d2300000, 0x00000000d2300000| Untracked 
| 244|0x00000000d2400000, 0x00000000d2400000, 0x00000000d2500000|  0%| F|  |TAMS 0x00000000d2400000, 0x00000000d2400000| Untracked 
| 245|0x00000000d2500000, 0x00000000d2500000, 0x00000000d2600000|  0%| F|  |TAMS 0x00000000d2500000, 0x00000000d2500000| Untracked 
| 246|0x00000000d2600000, 0x00000000d2600000, 0x00000000d2700000|  0%| F|  |TAMS 0x00000000d2600000, 0x00000000d2600000| Untracked 
| 247|0x00000000d2700000, 0x00000000d2700000, 0x00000000d2800000|  0%| F|  |TAMS 0x00000000d2700000, 0x00000000d2700000| Untracked 
| 248|0x00000000d2800000, 0x00000000d2800000, 0x00000000d2900000|  0%| F|  |TAMS 0x00000000d2800000, 0x00000000d2800000| Untracked 
| 249|0x00000000d2900000, 0x00000000d2900000, 0x00000000d2a00000|  0%| F|  |TAMS 0x00000000d2900000, 0x00000000d2900000| Untracked 
| 250|0x00000000d2a00000, 0x00000000d2a00000, 0x00000000d2b00000|  0%| F|  |TAMS 0x00000000d2a00000, 0x00000000d2a00000| Untracked 
| 251|0x00000000d2b00000, 0x00000000d2b00000, 0x00000000d2c00000|  0%| F|  |TAMS 0x00000000d2b00000, 0x00000000d2b00000| Untracked 
| 252|0x00000000d2c00000, 0x00000000d2c00000, 0x00000000d2d00000|  0%| F|  |TAMS 0x00000000d2c00000, 0x00000000d2c00000| Untracked 
| 253|0x00000000d2d00000, 0x00000000d2d00000, 0x00000000d2e00000|  0%| F|  |TAMS 0x00000000d2d00000, 0x00000000d2d00000| Untracked 
| 254|0x00000000d2e00000, 0x00000000d2e00000, 0x00000000d2f00000|  0%| F|  |TAMS 0x00000000d2e00000, 0x00000000d2e00000| Untracked 
| 255|0x00000000d2f00000, 0x00000000d2f00000, 0x00000000d3000000|  0%| F|  |TAMS 0x00000000d2f00000, 0x00000000d2f00000| Untracked 
| 256|0x00000000d3000000, 0x00000000d3000000, 0x00000000d3100000|  0%| F|  |TAMS 0x00000000d3000000, 0x00000000d3000000| Untracked 
| 257|0x00000000d3100000, 0x00000000d3100000, 0x00000000d3200000|  0%| F|  |TAMS 0x00000000d3100000, 0x00000000d3100000| Untracked 
| 258|0x00000000d3200000, 0x00000000d3200000, 0x00000000d3300000|  0%| F|  |TAMS 0x00000000d3200000, 0x00000000d3200000| Untracked 
| 259|0x00000000d3300000, 0x00000000d3300000, 0x00000000d3400000|  0%| F|  |TAMS 0x00000000d3300000, 0x00000000d3300000| Untracked 
| 260|0x00000000d3400000, 0x00000000d3400000, 0x00000000d3500000|  0%| F|  |TAMS 0x00000000d3400000, 0x00000000d3400000| Untracked 
| 261|0x00000000d3500000, 0x00000000d3500000, 0x00000000d3600000|  0%| F|  |TAMS 0x00000000d3500000, 0x00000000d3500000| Untracked 
| 262|0x00000000d3600000, 0x00000000d3600000, 0x00000000d3700000|  0%| F|  |TAMS 0x00000000d3600000, 0x00000000d3600000| Untracked 
| 263|0x00000000d3700000, 0x00000000d3700000, 0x00000000d3800000|  0%| F|  |TAMS 0x00000000d3700000, 0x00000000d3700000| Untracked 
| 264|0x00000000d3800000, 0x00000000d3800000, 0x00000000d3900000|  0%| F|  |TAMS 0x00000000d3800000, 0x00000000d3800000| Untracked 
| 265|0x00000000d3900000, 0x00000000d3900000, 0x00000000d3a00000|  0%| F|  |TAMS 0x00000000d3900000, 0x00000000d3900000| Untracked 
| 266|0x00000000d3a00000, 0x00000000d3a00000, 0x00000000d3b00000|  0%| F|  |TAMS 0x00000000d3a00000, 0x00000000d3a00000| Untracked 
| 267|0x00000000d3b00000, 0x00000000d3b00000, 0x00000000d3c00000|  0%| F|  |TAMS 0x00000000d3b00000, 0x00000000d3b00000| Untracked 
| 268|0x00000000d3c00000, 0x00000000d3c00000, 0x00000000d3d00000|  0%| F|  |TAMS 0x00000000d3c00000, 0x00000000d3c00000| Untracked 
| 269|0x00000000d3d00000, 0x00000000d3d00000, 0x00000000d3e00000|  0%| F|  |TAMS 0x00000000d3d00000, 0x00000000d3d00000| Untracked 
| 270|0x00000000d3e00000, 0x00000000d3e00000, 0x00000000d3f00000|  0%| F|  |TAMS 0x00000000d3e00000, 0x00000000d3e00000| Untracked 
| 271|0x00000000d3f00000, 0x00000000d3f00000, 0x00000000d4000000|  0%| F|  |TAMS 0x00000000d3f00000, 0x00000000d3f00000| Untracked 
| 272|0x00000000d4000000, 0x00000000d4000000, 0x00000000d4100000|  0%| F|  |TAMS 0x00000000d4000000, 0x00000000d4000000| Untracked 
| 273|0x00000000d4100000, 0x00000000d4100000, 0x00000000d4200000|  0%| F|  |TAMS 0x00000000d4100000, 0x00000000d4100000| Untracked 
| 274|0x00000000d4200000, 0x00000000d4200000, 0x00000000d4300000|  0%| F|  |TAMS 0x00000000d4200000, 0x00000000d4200000| Untracked 
| 275|0x00000000d4300000, 0x00000000d4300000, 0x00000000d4400000|  0%| F|  |TAMS 0x00000000d4300000, 0x00000000d4300000| Untracked 
| 276|0x00000000d4400000, 0x00000000d4400000, 0x00000000d4500000|  0%| F|  |TAMS 0x00000000d4400000, 0x00000000d4400000| Untracked 
| 277|0x00000000d4500000, 0x00000000d4500000, 0x00000000d4600000|  0%| F|  |TAMS 0x00000000d4500000, 0x00000000d4500000| Untracked 
| 278|0x00000000d4600000, 0x00000000d4600000, 0x00000000d4700000|  0%| F|  |TAMS 0x00000000d4600000, 0x00000000d4600000| Untracked 
| 279|0x00000000d4700000, 0x00000000d4700000, 0x00000000d4800000|  0%| F|  |TAMS 0x00000000d4700000, 0x00000000d4700000| Untracked 

Card table byte_map: [0x00000189cf0a0000,0x00000189cf290000] _byte_map_base: 0x00000189cea88000

Marking Bits (Prev, Next): (CMBitMap*) 0x00000189c48900d0, (CMBitMap*) 0x00000189c4890090
 Prev Bits: [0x00000189d03c0000, 0x00000189d1300000)
 Next Bits: [0x00000189cf480000, 0x00000189d03c0000)

Polling page: 0x00000189c27a0000

Metaspace:

Usage:
  Non-class:     75.47 MB used.
      Class:     12.00 MB used.
       Both:     87.47 MB used.

Virtual space:
  Non-class space:       80.00 MB reserved,      75.94 MB ( 95%) committed,  10 nodes.
      Class space:        1.00 GB reserved,      12.50 MB (  1%) committed,  1 nodes.
             Both:        1.08 GB reserved,      88.44 MB (  8%) committed. 

Chunk freelists:
   Non-Class:  3.91 MB
       Class:  3.54 MB
        Both:  7.45 MB

MaxMetaspaceSize: unlimited
CompressedClassSpaceSize: 1.00 GB
Initial GC threshold: 21.00 MB
Current GC threshold: 147.31 MB
CDS: on
MetaspaceReclaimPolicy: balanced
 - commit_granule_bytes: 65536.
 - commit_granule_words: 8192.
 - virtual_space_node_default_size: 1048576.
 - enlarge_chunks_in_place: 1.
 - new_chunks_are_fully_committed: 0.
 - uncommit_free_chunks: 1.
 - use_allocation_guard: 0.
 - handle_deallocations: 1.


Internal statistics:

num_allocs_failed_limit: 6.
num_arena_births: 2444.
num_arena_deaths: 1286.
num_vsnodes_births: 11.
num_vsnodes_deaths: 0.
num_space_committed: 1444.
num_space_uncommitted: 29.
num_chunks_returned_to_freelist: 2358.
num_chunks_taken_from_freelist: 7219.
num_chunk_merges: 564.
num_chunk_splits: 3892.
num_chunks_enlarged: 2526.
num_purges: 96.
num_inconsistent_stats: 0.

CodeCache: size=49152Kb used=31264Kb max_used=31264Kb free=17887Kb
 bounds [0x00000189cc0a0000, 0x00000189cdf30000, 0x00000189cf0a0000]
 total_blobs=18151 nmethods=17374 adapters=702
 compilation: enabled
              stopped_count=0, restarted_count=0
 full_count=0

Compilation events (20 events):
Event: 9894.368 Thread 0x00000189d37606f0 18050   !   1       org.springframework.beans.factory.support.AbstractAutowireCapableBeanFactory::obtainFromSupplier (114 bytes)
Event: 9894.424 Thread 0x00000189d37606f0 nmethod 18050 0x00000189cdf24390 code [0x00000189cdf24620, 0x00000189cdf24f78]
Event: 9895.212 Thread 0x00000189d37606f0 18051       1       org.springframework.core.ResolvableType::forClass (31 bytes)
Event: 9895.232 Thread 0x00000189d37606f0 nmethod 18051 0x00000189cdf25610 code [0x00000189cdf257e0, 0x00000189cdf259d8]
Event: 9895.502 Thread 0x00000189d37606f0 18052       1       org.springframework.boot.context.properties.source.UnboundElementsSourceFilter::apply (9 bytes)
Event: 9895.507 Thread 0x00000189d37606f0 nmethod 18052 0x00000189cdf25b90 code [0x00000189cdf25d20, 0x00000189cdf25e48]
Event: 9895.507 Thread 0x00000189d37606f0 18053       1       org.springframework.boot.context.properties.source.UnboundElementsSourceFilter::apply (48 bytes)
Event: 9895.523 Thread 0x00000189d37606f0 nmethod 18053 0x00000189cdf25f10 code [0x00000189cdf260e0, 0x00000189cdf262f8]
Event: 9895.971 Thread 0x00000189d37606f0 18054       1       org.apache.catalina.startup.Tomcat::getEngine (73 bytes)
Event: 9895.992 Thread 0x00000189d37606f0 nmethod 18054 0x00000189cdf26410 code [0x00000189cdf26620, 0x00000189cdf26aa8]
Event: 9897.085 Thread 0x00000189d37606f0 18055       1       org.apache.catalina.util.LifecycleBase::addLifecycleListener (12 bytes)
Event: 9897.093 Thread 0x00000189d37606f0 nmethod 18055 0x00000189cdf26d90 code [0x00000189cdf26f20, 0x00000189cdf27008]
Event: 9897.116 Thread 0x00000189d37606f0 18056       1       java.util.regex.Pattern::single (82 bytes)
Event: 9897.166 Thread 0x00000189d37606f0 nmethod 18056 0x00000189cdf27090 code [0x00000189cdf272a0, 0x00000189cdf27758]
Event: 9897.166 Thread 0x00000189d37606f0 18057       1       java.util.regex.Pattern::Single (7 bytes)
Event: 9897.167 Thread 0x00000189d37606f0 nmethod 18057 0x00000189cdf27990 code [0x00000189cdf27b20, 0x00000189cdf27c08]
Event: 9897.167 Thread 0x00000189d37606f0 18058       1       java.util.regex.Pattern$$Lambda$19/0x800000025::<init> (10 bytes)
Event: 9897.167 Thread 0x00000189d37606f0 nmethod 18058 0x00000189cdf27d10 code [0x00000189cdf27ea0, 0x00000189cdf27f78]
Event: 9897.184 Thread 0x00000189d37606f0 18059       1       org.apache.catalina.webresources.StandardRoot::isCachingAllowed (5 bytes)
Event: 9897.184 Thread 0x00000189d37606f0 nmethod 18059 0x00000189cdf28010 code [0x00000189cdf281a0, 0x00000189cdf28278]

GC Heap History (20 events):
Event: 9540.780 GC heap after
{Heap after GC invocations=314 (full 26):
 garbage-first heap   total 314368K, used 88277K [0x00000000c3000000, 0x0000000100000000)
  region size 1024K, 6 young (6144K), 6 survivors (6144K)
 Metaspace       used 89035K, committed 89984K, reserved 1130496K
  class space    used 12240K, committed 12736K, reserved 1048576K
}
Event: 9540.846 GC heap before
{Heap before GC invocations=314 (full 26):
 garbage-first heap   total 314368K, used 96469K [0x00000000c3000000, 0x0000000100000000)
  region size 1024K, 16 young (16384K), 6 survivors (6144K)
 Metaspace       used 89035K, committed 89984K, reserved 1130496K
  class space    used 12240K, committed 12736K, reserved 1048576K
}
Event: 9540.910 GC heap after
{Heap after GC invocations=315 (full 26):
 garbage-first heap   total 314368K, used 89985K [0x00000000c3000000, 0x0000000100000000)
  region size 1024K, 5 young (5120K), 5 survivors (5120K)
 Metaspace       used 89035K, committed 89984K, reserved 1130496K
  class space    used 12240K, committed 12736K, reserved 1048576K
}
Event: 9780.658 GC heap before
{Heap before GC invocations=316 (full 26):
 garbage-first heap   total 314368K, used 194433K [0x00000000c3000000, 0x0000000100000000)
  region size 1024K, 107 young (109568K), 5 survivors (5120K)
 Metaspace       used 89119K, committed 90048K, reserved 1130496K
  class space    used 12247K, committed 12736K, reserved 1048576K
}
Event: 9783.237 GC heap after
{Heap after GC invocations=317 (full 27):
 garbage-first heap   total 286720K, used 83298K [0x00000000c3000000, 0x0000000100000000)
  region size 1024K, 0 young (0K), 0 survivors (0K)
 Metaspace       used 89119K, committed 90048K, reserved 1130496K
  class space    used 12247K, committed 12736K, reserved 1048576K
}
Event: 9810.268 GC heap before
{Heap before GC invocations=317 (full 27):
 garbage-first heap   total 286720K, used 145762K [0x00000000c3000000, 0x0000000100000000)
  region size 1024K, 62 young (63488K), 0 survivors (0K)
 Metaspace       used 89200K, committed 90112K, reserved 1130496K
  class space    used 12260K, committed 12736K, reserved 1048576K
}
Event: 9810.426 GC heap after
{Heap after GC invocations=318 (full 27):
 garbage-first heap   total 286720K, used 87873K [0x00000000c3000000, 0x0000000100000000)
  region size 1024K, 5 young (5120K), 5 survivors (5120K)
 Metaspace       used 89200K, committed 90112K, reserved 1130496K
  class space    used 12260K, committed 12736K, reserved 1048576K
}
Event: 9827.510 GC heap before
{Heap before GC invocations=319 (full 27):
 garbage-first heap   total 286720K, used 219969K [0x00000000c3000000, 0x0000000100000000)
  region size 1024K, 132 young (135168K), 5 survivors (5120K)
 Metaspace       used 89392K, committed 90304K, reserved 1130496K
  class space    used 12268K, committed 12736K, reserved 1048576K
}
Event: 9827.807 GC heap after
{Heap after GC invocations=320 (full 27):
 garbage-first heap   total 286720K, used 92729K [0x00000000c3000000, 0x0000000100000000)
  region size 1024K, 10 young (10240K), 10 survivors (10240K)
 Metaspace       used 89392K, committed 90304K, reserved 1130496K
  class space    used 12268K, committed 12736K, reserved 1048576K
}
Event: 9827.963 GC heap before
{Heap before GC invocations=320 (full 27):
 garbage-first heap   total 286720K, used 95801K [0x00000000c3000000, 0x0000000100000000)
  region size 1024K, 14 young (14336K), 10 survivors (10240K)
 Metaspace       used 89392K, committed 90304K, reserved 1130496K
  class space    used 12268K, committed 12736K, reserved 1048576K
}
Event: 9828.032 GC heap after
{Heap after GC invocations=321 (full 27):
 garbage-first heap   total 286720K, used 94230K [0x00000000c3000000, 0x0000000100000000)
  region size 1024K, 2 young (2048K), 2 survivors (2048K)
 Metaspace       used 89392K, committed 90304K, reserved 1130496K
  class space    used 12268K, committed 12736K, reserved 1048576K
}
Event: 9828.071 GC heap before
{Heap before GC invocations=321 (full 27):
 garbage-first heap   total 286720K, used 98326K [0x00000000c3000000, 0x0000000100000000)
  region size 1024K, 7 young (7168K), 2 survivors (2048K)
 Metaspace       used 89392K, committed 90304K, reserved 1130496K
  class space    used 12268K, committed 12736K, reserved 1048576K
}
Event: 9828.145 GC heap after
{Heap after GC invocations=322 (full 27):
 garbage-first heap   total 286720K, used 94486K [0x00000000c3000000, 0x0000000100000000)
  region size 1024K, 3 young (3072K), 3 survivors (3072K)
 Metaspace       used 89392K, committed 90304K, reserved 1130496K
  class space    used 12268K, committed 12736K, reserved 1048576K
}
Event: 9837.289 GC heap before
{Heap before GC invocations=323 (full 27):
 garbage-first heap   total 286720K, used 213270K [0x00000000c3000000, 0x0000000100000000)
  region size 1024K, 116 young (118784K), 3 survivors (3072K)
 Metaspace       used 89392K, committed 90304K, reserved 1130496K
  class space    used 12268K, committed 12736K, reserved 1048576K
}
Event: 9837.618 GC heap after
{Heap after GC invocations=324 (full 27):
 garbage-first heap   total 286720K, used 123862K [0x00000000c3000000, 0x0000000100000000)
  region size 1024K, 15 young (15360K), 15 survivors (15360K)
 Metaspace       used 89392K, committed 90304K, reserved 1130496K
  class space    used 12268K, committed 12736K, reserved 1048576K
}
Event: 9838.838 GC heap before
{Heap before GC invocations=324 (full 27):
 garbage-first heap   total 286720K, used 124886K [0x00000000c3000000, 0x0000000100000000)
  region size 1024K, 16 young (16384K), 15 survivors (15360K)
 Metaspace       used 89392K, committed 90304K, reserved 1130496K
  class space    used 12268K, committed 12736K, reserved 1048576K
}
Event: 9838.889 GC heap after
{Heap after GC invocations=325 (full 27):
 garbage-first heap   total 286720K, used 126706K [0x00000000c3000000, 0x0000000100000000)
  region size 1024K, 2 young (2048K), 2 survivors (2048K)
 Metaspace       used 89392K, committed 90304K, reserved 1130496K
  class space    used 12268K, committed 12736K, reserved 1048576K
}
Event: 9870.776 GC heap before
{Heap before GC invocations=325 (full 27):
 garbage-first heap   total 286720K, used 154354K [0x00000000c3000000, 0x0000000100000000)
  region size 1024K, 30 young (30720K), 2 survivors (2048K)
 Metaspace       used 89495K, committed 90496K, reserved 1130496K
  class space    used 12279K, committed 12800K, reserved 1048576K
}
Event: 9873.294 GC heap after
{Heap after GC invocations=326 (full 28):
 garbage-first heap   total 286720K, used 85687K [0x00000000c3000000, 0x0000000100000000)
  region size 1024K, 0 young (0K), 0 survivors (0K)
 Metaspace       used 89495K, committed 90496K, reserved 1130496K
  class space    used 12279K, committed 12800K, reserved 1048576K
}
Event: 9897.590 GC heap before
{Heap before GC invocations=326 (full 28):
 garbage-first heap   total 286720K, used 148151K [0x00000000c3000000, 0x0000000100000000)
  region size 1024K, 63 young (64512K), 0 survivors (0K)
 Metaspace       used 89573K, committed 90560K, reserved 1130496K
  class space    used 12291K, committed 12800K, reserved 1048576K
}

Deoptimization events (20 events):
Event: 9497.895 Thread 0x00000189da7e0890 DEOPT PACKING pc=0x00000189cdd162cc sp=0x00000030ef0ff130
Event: 9497.895 Thread 0x00000189da7e0890 DEOPT UNPACKING pc=0x00000189cc0f6763 sp=0x00000030ef0fe630 mode 1
Event: 9497.896 Thread 0x00000189da7de210 DEOPT PACKING pc=0x00000189ccf8c71c sp=0x00000030eeeff0a0
Event: 9497.896 Thread 0x00000189da7de210 DEOPT UNPACKING pc=0x00000189cc0f6763 sp=0x00000030eeefe618 mode 1
Event: 9497.896 Thread 0x00000189da7de210 DEOPT PACKING pc=0x00000189cdd162cc sp=0x00000030eeeff2a0
Event: 9497.896 Thread 0x00000189da7de210 DEOPT UNPACKING pc=0x00000189cc0f6763 sp=0x00000030eeefe7a0 mode 1
Event: 9498.724 Thread 0x00000189da7ddd40 DEOPT PACKING pc=0x00000189ccf8c71c sp=0x00000030eeafef00
Event: 9498.724 Thread 0x00000189da7ddd40 DEOPT UNPACKING pc=0x00000189cc0f6763 sp=0x00000030eeafe478 mode 1
Event: 9498.724 Thread 0x00000189da7ddd40 DEOPT PACKING pc=0x00000189cce15ecc sp=0x00000030eeaff040
Event: 9498.724 Thread 0x00000189da7ddd40 DEOPT UNPACKING pc=0x00000189cc0f6763 sp=0x00000030eeafe538 mode 1
Event: 9498.724 Thread 0x00000189da7ddd40 DEOPT PACKING pc=0x00000189cd2aa0b4 sp=0x00000030eeaff100
Event: 9498.725 Thread 0x00000189da7ddd40 DEOPT UNPACKING pc=0x00000189cc0f6763 sp=0x00000030eeafe688 mode 0
Event: 9502.809 Thread 0x00000189dac446c0 DEOPT PACKING pc=0x00000189cce15ecc sp=0x00000030efdff060
Event: 9502.809 Thread 0x00000189dac446c0 DEOPT UNPACKING pc=0x00000189cc0f6763 sp=0x00000030efdfe558 mode 1
Event: 9502.809 Thread 0x00000189dac446c0 DEOPT PACKING pc=0x00000189cd2aa0b4 sp=0x00000030efdff120
Event: 9502.809 Thread 0x00000189dac446c0 DEOPT UNPACKING pc=0x00000189cc0f6763 sp=0x00000030efdfe6a8 mode 0
Event: 9558.217 Thread 0x00000189d5343af0 DEOPT PACKING pc=0x00000189cce15ecc sp=0x00000030ee0ff4b0
Event: 9558.221 Thread 0x00000189d5343af0 DEOPT UNPACKING pc=0x00000189cc0f6763 sp=0x00000030ee0fe9b0 mode 0
Event: 9725.884 Thread 0x00000189da7e0d60 DEOPT PACKING pc=0x00000189cca0cee3 sp=0x00000030eedfcea0
Event: 9725.885 Thread 0x00000189da7e0d60 DEOPT UNPACKING pc=0x00000189cc0f6763 sp=0x00000030eedfc3b0 mode 3

Classes unloaded (20 events):
Event: 9812.295 Thread 0x00000189c4912060 Unloading class 0x000000080184e400 'jdk/internal/reflect/GeneratedMethodAccessor331'
Event: 9812.295 Thread 0x00000189c4912060 Unloading class 0x000000080184e000 'jdk/internal/reflect/GeneratedMethodAccessor330'
Event: 9812.295 Thread 0x00000189c4912060 Unloading class 0x000000080184dc00 'jdk/internal/reflect/GeneratedConstructorAccessor334'
Event: 9812.295 Thread 0x00000189c4912060 Unloading class 0x000000080184d800 'jdk/internal/reflect/GeneratedMethodAccessor329'
Event: 9812.295 Thread 0x00000189c4912060 Unloading class 0x00000008017a2c00 'jdk/internal/reflect/GeneratedMethodAccessor328'
Event: 9812.295 Thread 0x00000189c4912060 Unloading class 0x00000008017a2800 'jdk/internal/reflect/GeneratedSerializationConstructorAccessor253'
Event: 9812.295 Thread 0x00000189c4912060 Unloading class 0x00000008017e9400 'jdk/internal/reflect/GeneratedSerializationConstructorAccessor252'
Event: 9812.295 Thread 0x00000189c4912060 Unloading class 0x00000008017e9000 'jdk/internal/reflect/GeneratedSerializationConstructorAccessor251'
Event: 9812.295 Thread 0x00000189c4912060 Unloading class 0x00000008017aac00 'jdk/internal/reflect/GeneratedSerializationConstructorAccessor250'
Event: 9812.295 Thread 0x00000189c4912060 Unloading class 0x00000008017aa800 'jdk/internal/reflect/GeneratedSerializationConstructorAccessor249'
Event: 9812.296 Thread 0x00000189c4912060 Unloading class 0x0000000801840c00 'jdk/internal/reflect/GeneratedSerializationConstructorAccessor248'
Event: 9812.296 Thread 0x00000189c4912060 Unloading class 0x0000000801840800 'jdk/internal/reflect/GeneratedSerializationConstructorAccessor247'
Event: 9812.296 Thread 0x00000189c4912060 Unloading class 0x00000008017e2400 'jdk/internal/reflect/GeneratedSerializationConstructorAccessor246'
Event: 9812.296 Thread 0x00000189c4912060 Unloading class 0x00000008017e2000 'jdk/internal/reflect/GeneratedSerializationConstructorAccessor245'
Event: 9812.296 Thread 0x00000189c4912060 Unloading class 0x0000000800dc1400 'jdk/internal/reflect/GeneratedSerializationConstructorAccessor244'
Event: 9812.296 Thread 0x00000189c4912060 Unloading class 0x0000000801484800 'jdk/internal/reflect/GeneratedConstructorAccessor333'
Event: 9812.296 Thread 0x00000189c4912060 Unloading class 0x000000080178c000 'jdk/internal/reflect/GeneratedSerializationConstructorAccessor243'
Event: 9812.296 Thread 0x00000189c4912060 Unloading class 0x000000080181cc00 'jdk/internal/reflect/GeneratedSerializationConstructorAccessor242'
Event: 9812.296 Thread 0x00000189c4912060 Unloading class 0x0000000801803400 'jdk/internal/reflect/GeneratedConstructorAccessor332'
Event: 9812.296 Thread 0x00000189c4912060 Unloading class 0x00000008017a0000 'jdk/internal/reflect/GeneratedMethodAccessor323'

Classes redefined (0 events):
No events

Internal exceptions (20 events):
Event: 9830.943 Thread 0x00000189da7e2a40 Exception <a 'sun/nio/fs/WindowsException'{0x00000000d148eae8}> (0x00000000d148eae8) 
thrown [t:\workspace\open\src\hotspot\share\prims\jni.cpp, line 516]
Event: 9830.943 Thread 0x00000189da7e2a40 Exception <a 'sun/nio/fs/WindowsException'{0x00000000d148edd8}> (0x00000000d148edd8) 
thrown [t:\workspace\open\src\hotspot\share\prims\jni.cpp, line 516]
Event: 9830.943 Thread 0x00000189da7e2a40 Exception <a 'sun/nio/fs/WindowsException'{0x00000000d148f720}> (0x00000000d148f720) 
thrown [t:\workspace\open\src\hotspot\share\prims\jni.cpp, line 516]
Event: 9830.943 Thread 0x00000189da7e2a40 Exception <a 'sun/nio/fs/WindowsException'{0x00000000d148fa20}> (0x00000000d148fa20) 
thrown [t:\workspace\open\src\hotspot\share\prims\jni.cpp, line 516]
Event: 9830.943 Thread 0x00000189da7e2a40 Exception <a 'sun/nio/fs/WindowsException'{0x00000000d1490360}> (0x00000000d1490360) 
thrown [t:\workspace\open\src\hotspot\share\prims\jni.cpp, line 516]
Event: 9830.943 Thread 0x00000189da7e2a40 Exception <a 'sun/nio/fs/WindowsException'{0x00000000d1490660}> (0x00000000d1490660) 
thrown [t:\workspace\open\src\hotspot\share\prims\jni.cpp, line 516]
Event: 9855.492 Thread 0x00000189db3a4fc0 Exception <a 'java/lang/NoSuchMethodError'{0x00000000d2f210e0}: static [B.<clinit>()V> (0x00000000d2f210e0) 
thrown [t:\workspace\open\src\hotspot\share\prims\jni.cpp, line 1107]
Event: 9858.304 Thread 0x00000189dac47210 Exception <a 'java/lang/InterruptedException'{0x00000000d2b00040}: sleep interrupted> (0x00000000d2b00040) 
thrown [t:\workspace\open\src\hotspot\share\prims\jvm.cpp, line 3067]
Event: 9875.489 Thread 0x00000189db26a8d0 Exception <a 'sun/nio/fs/WindowsException'{0x00000000d4662898}> (0x00000000d4662898) 
thrown [t:\workspace\open\src\hotspot\share\prims\jni.cpp, line 516]
Event: 9893.738 Thread 0x00000189db26a8d0 Exception <a 'java/lang/NoClassDefFoundError'{0x00000000d19e83b0}: org/flywaydb/core/Flyway> (0x00000000d19e83b0) 
thrown [t:\workspace\open\src\hotspot\share\oops\constantPool.cpp, line 835]
Event: 9893.738 Thread 0x00000189db26a8d0 Exception <a 'java/lang/NoClassDefFoundError'{0x00000000d19e8a00}: liquibase/integration/spring/SpringLiquibase> (0x00000000d19e8a00) 
thrown [t:\workspace\open\src\hotspot\share\oops\constantPool.cpp, line 835]
Event: 9893.900 Thread 0x00000189db26a8d0 Exception <a 'java/lang/NoClassDefFoundError'{0x00000000d1875c28}: org/jooq/DSLContext> (0x00000000d1875c28) 
thrown [t:\workspace\open\src\hotspot\share\oops\constantPool.cpp, line 835]
Event: 9893.902 Thread 0x00000189db26a8d0 Exception <a 'java/lang/NoClassDefFoundError'{0x00000000d1886bd0}: org/springframework/batch/core/repository/JobRepository> (0x00000000d1886bd0) 
thrown [t:\workspace\open\src\hotspot\share\oops\constantPool.cpp, line 835]
Event: 9893.902 Thread 0x00000189db26a8d0 Exception <a 'java/lang/NoClassDefFoundError'{0x00000000d1887218}: org/quartz/Scheduler> (0x00000000d1887218) 
thrown [t:\workspace\open\src\hotspot\share\oops\constantPool.cpp, line 835]
Event: 9893.902 Thread 0x00000189db26a8d0 Exception <a 'java/lang/NoClassDefFoundError'{0x00000000d1887888}: org/springframework/session/jdbc/JdbcIndexedSessionRepository> (0x00000000d1887888) 
thrown [t:\workspace\open\src\hotspot\share\oops\constantPool.cpp, line 835]
Event: 9897.068 Thread 0x00000189db26a8d0 Exception <a 'sun/nio/fs/WindowsException'{0x00000000d0cf06f0}> (0x00000000d0cf06f0) 
thrown [t:\workspace\open\src\hotspot\share\prims\jni.cpp, line 516]
Event: 9897.075 Thread 0x00000189db26a8d0 Exception <a 'sun/nio/fs/WindowsException'{0x00000000d0cf0d58}> (0x00000000d0cf0d58) 
thrown [t:\workspace\open\src\hotspot\share\prims\jni.cpp, line 516]
Event: 9897.076 Thread 0x00000189db26a8d0 Exception <a 'sun/nio/fs/WindowsException'{0x00000000d0cf1430}> (0x00000000d0cf1430) 
thrown [t:\workspace\open\src\hotspot\share\prims\jni.cpp, line 516]
Event: 9897.463 Thread 0x00000189db26a8d0 Exception <a 'java/io/FileNotFoundException'{0x00000000d0b51628}> (0x00000000d0b51628) 
thrown [t:\workspace\open\src\hotspot\share\prims\jni.cpp, line 516]
Event: 9897.466 Thread 0x00000189db26a8d0 Exception <a 'java/io/FileNotFoundException'{0x00000000d0b52b78}> (0x00000000d0b52b78) 
thrown [t:\workspace\open\src\hotspot\share\prims\jni.cpp, line 516]

VM Operations (20 events):
Event: 9870.489 Executing VM operation: ICBufferFull done
Event: 9870.491 Executing VM operation: ICBufferFull
Event: 9870.491 Executing VM operation: ICBufferFull done
Event: 9870.763 Executing VM operation: G1CollectFull
Event: 9873.304 Executing VM operation: G1CollectFull done
Event: 9877.306 Executing VM operation: Cleanup
Event: 9877.308 Executing VM operation: Cleanup done
Event: 9883.310 Executing VM operation: Cleanup
Event: 9883.315 Executing VM operation: Cleanup done
Event: 9885.316 Executing VM operation: Cleanup
Event: 9885.340 Executing VM operation: Cleanup done
Event: 9891.344 Executing VM operation: Cleanup
Event: 9891.351 Executing VM operation: Cleanup done
Event: 9892.352 Executing VM operation: Cleanup
Event: 9892.361 Executing VM operation: Cleanup done
Event: 9895.362 Executing VM operation: Cleanup
Event: 9895.413 Executing VM operation: Cleanup done
Event: 9896.413 Executing VM operation: Cleanup
Event: 9896.413 Executing VM operation: Cleanup done
Event: 9897.588 Executing VM operation: G1TryInitiateConcMark

Events (20 events):
Event: 9858.448 Thread 0x00000189d8636420 Thread exited: 0x00000189d8636420
Event: 9858.567 Thread 0x00000189dac43380 Thread exited: 0x00000189dac43380
Event: 9859.553 Thread 0x00000189dac48080 Thread exited: 0x00000189dac48080
Event: 9865.418 Thread 0x00000189d8635f50 Thread exited: 0x00000189d8635f50
Event: 9865.508 Thread 0x00000189db269590 Thread exited: 0x00000189db269590
Event: 9866.031 Thread 0x00000189db3a4620 Thread added: 0x00000189db3a4620
Event: 9866.080 Thread 0x00000189dac48550 Thread exited: 0x00000189dac48550
Event: 9866.134 Thread 0x00000189db3a4620 Thread exited: 0x00000189db3a4620
Event: 9869.211 Thread 0x00000189daafbfd0 Thread exited: 0x00000189daafbfd0
Event: 9869.212 Thread 0x00000189daafce40 Thread exited: 0x00000189daafce40
Event: 9869.212 Thread 0x00000189da7e2a40 Thread exited: 0x00000189da7e2a40
Event: 9870.255 Thread 0x00000189db26a8d0 Thread exited: 0x00000189db26a8d0
Event: 9873.320 Thread 0x00000189db269590 Thread added: 0x00000189db269590
Event: 9873.347 Thread 0x00000189db269590 Thread exited: 0x00000189db269590
Event: 9873.349 Thread 0x00000189db26a8d0 Thread added: 0x00000189db26a8d0
Event: 9876.140 Thread 0x00000189db269f30 Thread added: 0x00000189db269f30
Event: 9876.472 Thread 0x00000189db269f30 Thread exited: 0x00000189db269f30
Event: 9882.730 Thread 0x00000189db3a2ae0 Thread added: 0x00000189db3a2ae0
Event: 9885.737 Thread 0x00000189db26a400 Thread added: 0x00000189db26a400
Event: 9886.293 Thread 0x00000189db26a400 Thread exited: 0x00000189db26a400


Dynamic libraries:
0x00007ff66bdf0000 - 0x00007ff66be00000 	C:\Program Files\Java\jdk-17.0.2\bin\javaw.exe
0x00007ff9791c0000 - 0x00007ff9793c9000 	C:\WINDOWS\SYSTEM32\ntdll.dll
0x00007ff9559e0000 - 0x00007ff9559f7000 	C:\Program Files\Avast Software\Avast\aswhook.dll
0x00007ff978600000 - 0x00007ff9786be000 	C:\WINDOWS\System32\KERNEL32.DLL
0x00007ff976990000 - 0x00007ff976d0b000 	C:\WINDOWS\System32\KERNELBASE.dll
0x00007ff976e80000 - 0x00007ff976f91000 	C:\WINDOWS\System32\ucrtbase.dll
0x00007ff9629f0000 - 0x00007ff962a08000 	C:\Program Files\Java\jdk-17.0.2\bin\jli.dll
0x00007ff9778e0000 - 0x00007ff97798e000 	C:\WINDOWS\System32\ADVAPI32.dll
0x00007ff9788a0000 - 0x00007ff978943000 	C:\WINDOWS\System32\msvcrt.dll
0x00007ff978ea0000 - 0x00007ff978f3e000 	C:\WINDOWS\System32\sechost.dll
0x00007ff9786c0000 - 0x00007ff9787e0000 	C:\WINDOWS\System32\RPCRT4.dll
0x00007ff977580000 - 0x00007ff97772d000 	C:\WINDOWS\System32\USER32.dll
0x00007ff976690000 - 0x00007ff9766b6000 	C:\WINDOWS\System32\win32u.dll
0x00007ff9787e0000 - 0x00007ff978809000 	C:\WINDOWS\System32\GDI32.dll
0x00007ff9766c0000 - 0x00007ff9767d8000 	C:\WINDOWS\System32\gdi32full.dll
0x00007ff976fa0000 - 0x00007ff97703d000 	C:\WINDOWS\System32\msvcp_win.dll
0x00007ff962a10000 - 0x00007ff962a2a000 	C:\Program Files\Java\jdk-17.0.2\bin\VCRUNTIME140.dll
0x00007ff9636a0000 - 0x00007ff963945000 	C:\WINDOWS\WinSxS\amd64_microsoft.windows.common-controls_6595b64144ccf1df_6.0.22000.120_none_9d947278b86cc467\COMCTL32.dll
0x00007ff970270000 - 0x00007ff97027a000 	C:\WINDOWS\SYSTEM32\VERSION.dll
0x00007ff977130000 - 0x00007ff977162000 	C:\WINDOWS\System32\IMM32.DLL
0x00007ff9629e0000 - 0x00007ff9629ec000 	C:\Program Files\Java\jdk-17.0.2\bin\vcruntime140_1.dll
0x00007ff92c210000 - 0x00007ff92c29d000 	C:\Program Files\Java\jdk-17.0.2\bin\msvcp140.dll
0x00007ff8e6010000 - 0x00007ff8e6bd1000 	C:\Program Files\Java\jdk-17.0.2\bin\server\jvm.dll
0x00007ff978890000 - 0x00007ff978898000 	C:\WINDOWS\System32\PSAPI.DLL
0x00007ff9526f0000 - 0x00007ff9526f9000 	C:\WINDOWS\SYSTEM32\WSOCK32.dll
0x00007ff978f40000 - 0x00007ff978faf000 	C:\WINDOWS\System32\WS2_32.dll
0x00007ff970a40000 - 0x00007ff970a73000 	C:\WINDOWS\SYSTEM32\WINMM.dll
0x00007ff9757c0000 - 0x00007ff9757d8000 	C:\WINDOWS\SYSTEM32\kernel.appcore.dll
0x00007ff962930000 - 0x00007ff96293a000 	C:\Program Files\Java\jdk-17.0.2\bin\jimage.dll
0x00007ff974150000 - 0x00007ff974371000 	C:\WINDOWS\SYSTEM32\DBGHELP.DLL
0x00007ff952250000 - 0x00007ff952281000 	C:\WINDOWS\SYSTEM32\dbgcore.DLL
0x00007ff976850000 - 0x00007ff9768cf000 	C:\WINDOWS\System32\bcryptPrimitives.dll
0x00007ff9625f0000 - 0x00007ff962615000 	C:\Program Files\Java\jdk-17.0.2\bin\java.dll
0x00007ff92b600000 - 0x00007ff92b6d6000 	C:\Program Files\Java\jdk-17.0.2\bin\jsvml.dll
0x00007ff977dc0000 - 0x00007ff978577000 	C:\WINDOWS\System32\SHELL32.dll
0x00007ff974750000 - 0x00007ff974fb5000 	C:\WINDOWS\SYSTEM32\windows.storage.dll
0x00007ff977170000 - 0x00007ff9774e8000 	C:\WINDOWS\System32\combase.dll
0x00007ff9745e0000 - 0x00007ff974746000 	C:\WINDOWS\SYSTEM32\wintypes.dll
0x00007ff977040000 - 0x00007ff97712a000 	C:\WINDOWS\System32\SHCORE.dll
0x00007ff979120000 - 0x00007ff97917d000 	C:\WINDOWS\System32\shlwapi.dll
0x00007ff9765c0000 - 0x00007ff9765e1000 	C:\WINDOWS\SYSTEM32\profapi.dll
0x00007ff962300000 - 0x00007ff962319000 	C:\Program Files\Java\jdk-17.0.2\bin\net.dll
0x00007ff9713c0000 - 0x00007ff9714d4000 	C:\WINDOWS\SYSTEM32\WINHTTP.dll
0x00007ff975c60000 - 0x00007ff975cc7000 	C:\WINDOWS\system32\mswsock.dll
0x00007ff9622e0000 - 0x00007ff9622f6000 	C:\Program Files\Java\jdk-17.0.2\bin\nio.dll
0x00007ff9622c0000 - 0x00007ff9622d8000 	C:\Program Files\Java\jdk-17.0.2\bin\zip.dll
0x00007ff9625e0000 - 0x00007ff9625e9000 	C:\Program Files\Java\jdk-17.0.2\bin\management.dll
0x00007ff95dcb0000 - 0x00007ff95dcbb000 	C:\Program Files\Java\jdk-17.0.2\bin\management_ext.dll
0x00007ff95e5c0000 - 0x00007ff95e5d7000 	C:\WINDOWS\system32\napinsp.dll
0x00007ff95e580000 - 0x00007ff95e59b000 	C:\WINDOWS\system32\pnrpnsp.dll
0x00007ff9752a0000 - 0x00007ff975388000 	C:\WINDOWS\SYSTEM32\DNSAPI.dll
0x00007ff975270000 - 0x00007ff97529d000 	C:\WINDOWS\SYSTEM32\IPHLPAPI.DLL
0x00007ff977730000 - 0x00007ff977739000 	C:\WINDOWS\System32\NSI.dll
0x00007ff95e560000 - 0x00007ff95e572000 	C:\WINDOWS\System32\winrnr.dll
0x00007ff96ffa0000 - 0x00007ff96ffb5000 	C:\WINDOWS\system32\wshbth.dll
0x00007ff95e540000 - 0x00007ff95e55f000 	C:\WINDOWS\system32\nlansp_c.dll
0x00007ff966e40000 - 0x00007ff966e4a000 	C:\Windows\System32\rasadhlp.dll
0x00007ff96fda0000 - 0x00007ff96fe21000 	C:\WINDOWS\System32\fwpuclnt.dll
0x00007ff975ec0000 - 0x00007ff975ed8000 	C:\WINDOWS\SYSTEM32\CRYPTSP.dll
0x00007ff975720000 - 0x00007ff975755000 	C:\WINDOWS\system32\rsaenh.dll
0x00007ff975d70000 - 0x00007ff975d99000 	C:\WINDOWS\SYSTEM32\USERENV.dll
0x00007ff976070000 - 0x00007ff976097000 	C:\WINDOWS\SYSTEM32\bcrypt.dll
0x00007ff975ee0000 - 0x00007ff975eec000 	C:\WINDOWS\SYSTEM32\CRYPTBASE.dll
0x00007ff971550000 - 0x00007ff971569000 	C:\WINDOWS\SYSTEM32\dhcpcsvc6.DLL
0x00007ff971760000 - 0x00007ff97177e000 	C:\WINDOWS\SYSTEM32\dhcpcsvc.DLL
0x00007ff95dca0000 - 0x00007ff95dcb0000 	C:\Program Files\Java\jdk-17.0.2\bin\verify.dll
0x00007ff952670000 - 0x00007ff95267e000 	C:\Program Files\Java\jdk-17.0.2\bin\sunmscapi.dll
0x00007ff976d10000 - 0x00007ff976e72000 	C:\WINDOWS\System32\CRYPT32.dll
0x00007ff976040000 - 0x00007ff976068000 	C:\WINDOWS\SYSTEM32\ncrypt.dll
0x00007ff976000000 - 0x00007ff976037000 	C:\WINDOWS\SYSTEM32\NTASN1.dll
0x00007ff94fa50000 - 0x00007ff94fa58000 	C:\WINDOWS\system32\wshunix.dll

dbghelp: loaded successfully - version: 4.0.5 - missing functions: none
symbol engine: initialized successfully - sym options: 0x614 - pdb path: .;C:\Program Files\Java\jdk-17.0.2\bin;C:\WINDOWS\SYSTEM32;C:\Program Files\Avast Software\Avast;C:\WINDOWS\WinSxS\amd64_microsoft.windows.common-controls_6595b64144ccf1df_6.0.22000.120_none_9d947278b86cc467;C:\Program Files\Java\jdk-17.0.2\bin\server

VM Arguments:
jvm_args: -Dcom.sun.management.jmxremote -Dcom.sun.management.jmxremote.port=51144 -Dcom.sun.management.jmxremote.authenticate=false -Dcom.sun.management.jmxremote.ssl=false -Djava.rmi.server.hostname=localhost -Dspring.jmx.enabled=true -Dspring.application.admin.enabled=true -XX:TieredStopAtLevel=1 -Dspring.boot.project.name=rental-service -Dfile.encoding=UTF-8 -XX:+ShowCodeDetailsInExceptionMessages 
java_command: com.kodlamaio.rentalservice.RentalServiceApplication --spring.output.ansi.enabled=always
java_class_path (initial): C:\casgem\backend\mikroservices\rental-service\target\classes;C:\casgem\backend\mikroservices\common\target\classes;C:\Users\brnoz\.m2\repository\org\springframework\boot\spring-boot-starter\2.7.6\spring-boot-starter-2.7.6.jar;C:\Users\brnoz\.m2\repository\org\springframework\boot\spring-boot\2.7.6\spring-boot-2.7.6.jar;C:\Users\brnoz\.m2\repository\org\springframework\spring-context\5.3.24\spring-context-5.3.24.jar;C:\Users\brnoz\.m2\repository\org\springframework\spring-aop\5.3.24\spring-aop-5.3.24.jar;C:\Users\brnoz\.m2\repository\org\springframework\spring-beans\5.3.24\spring-beans-5.3.24.jar;C:\Users\brnoz\.m2\repository\org\springframework\spring-expression\5.3.24\spring-expression-5.3.24.jar;C:\Users\brnoz\.m2\repository\org\springframework\boot\spring-boot-autoconfigure\2.7.6\spring-boot-autoconfigure-2.7.6.jar;C:\Users\brnoz\.m2\repository\org\springframework\boot\spring-boot-starter-logging\2.7.6\spring-boot-starter-logging-2.7.6.jar;C:\Users\brnoz\.m2\repository\ch\qos\logback\logback-classic\1.2.11\logback-classic-1.2.11.jar;C:\Users\brnoz\.m2\repository\ch\qos\logback\logback-core\1.2.11\logback-core-1.2.11.jar;C:\Users\brnoz\.m2\repository\org\apache\logging\log4j\log4j-to-slf4j\2.17.2\log4j-to-slf4j-2.17.2.jar;C:\Users\brnoz\.m2\repository\org\apache\logging\log4j\log4j-api\2.17.2\log4j-api-2.17.2.jar;C:\Users\brnoz\.m2\repository\org\slf4j\jul-to-slf4j\1.7.36\jul-to-slf4j-1.7.36.jar;C:\Users\brnoz\.m2\repository\jakarta\annotation\jakarta.annotation-api\1.3.5\jakarta.annotation-api-1.3.5.jar;C:\Users\brnoz\.m2\repository\org\springframework\spring-core\5.3.24\spring-core-5.3.24.jar;C:\Users\brnoz\.m2\repository\org\springframework\spring-jcl\5.3.24\spring-jcl-5.3.24.jar;C:\Users\brnoz\.m2\repository\org\yaml\snakeyaml\1.30\snakeyaml-1.30.jar;C:\Users\brnoz\.m2\repository\org\modelmapper\modelmapper\3.0.0\modelmapper-3.0.0.jar;C:\Users\brnoz\.m2\repository\org\projectlombok\lombok\1.18.24\lombok-1.18.24.jar;C:\Users\brnoz\
Launcher Type: SUN_STANDARD

[Global flags]
     intx CICompilerCount                          = 3                                         {product} {ergonomic}
     uint ConcGCThreads                            = 1                                         {product} {ergonomic}
     uint G1ConcRefinementThreads                  = 4                                         {product} {ergonomic}
   size_t G1HeapRegionSize                         = 1048576                                   {product} {ergonomic}
    uintx GCDrainStackTargetSize                   = 64                                        {product} {ergonomic}
   size_t InitialHeapSize                          = 65011712                                  {product} {ergonomic}
     bool ManagementServer                         = true                                      {product} {command line}
   size_t MarkStackSize                            = 4194304                                   {product} {ergonomic}
   size_t MaxHeapSize                              = 1023410176                                {product} {ergonomic}
   size_t MaxNewSize                               = 613416960                                 {product} {ergonomic}
   size_t MinHeapDeltaBytes                        = 1048576                                   {product} {ergonomic}
   size_t MinHeapSize                              = 8388608                                   {product} {ergonomic}
    uintx NonProfiledCodeHeapSize                  = 0                                      {pd product} {ergonomic}
     bool ProfileInterpreter                       = false                                  {pd product} {command line}
    uintx ProfiledCodeHeapSize                     = 0                                      {pd product} {ergonomic}
     bool ShowCodeDetailsInExceptionMessages       = true                                   {manageable} {command line}
   size_t SoftMaxHeapSize                          = 1023410176                             {manageable} {ergonomic}
     intx TieredStopAtLevel                        = 1                                         {product} {command line}
     bool UseCompressedClassPointers               = true                           {product lp64_product} {ergonomic}
     bool UseCompressedOops                        = true                           {product lp64_product} {ergonomic}
     bool UseG1GC                                  = true                                      {product} {ergonomic}
     bool UseLargePagesIndividualAllocation        = false                                  {pd product} {ergonomic}

Logging:
Log output configuration:
 #0: stdout all=warning uptime,level,tags
 #1: stderr all=off uptime,level,tags

Environment Variables:
PATH=C:\Program Files\Common Files\Oracle\Java\javapath;C:\Python\Python39\Scripts\;C:\Python\Python39\;C:\WINDOWS\system32;C:\WINDOWS;C:\WINDOWS\System32\Wbem;C:\WINDOWS\System32\WindowsPowerShell\v1.0\;C:\WINDOWS\System32\OpenSSH\;C:\Program Files\dotnet\;C:\Program Files\Microsoft SQL Server\130\Tools\Binn\;C:\Program Files\Microsoft SQL Server\Client SDK\ODBC\170\Tools\Binn\;C:\Program Files (x86)\Microsoft SQL Server\150\Tools\Binn\;C:\Program Files\Microsoft SQL Server\150\Tools\Binn\;C:\Program Files\Microsoft SQL Server\150\DTS\Binn\;C:\Program Files (x86)\Microsoft SQL Server\150\DTS\Binn\;C:\Program Files\Azure Data Studio\bin;C:\Program Files\Git\cmd;C:\composer;C:\xampp\php;C:\Program Files\Docker\Docker\resources\bin;C:\Users\brnoz\anaconda3;C:\Users\brnoz\anaconda3\Library\mingw-w64\bin;C:\Users\brnoz\anaconda3\Library\usr\bin;C:\Users\brnoz\anaconda3\Library\bin;C:\Users\brnoz\anaconda3\Scripts;C:\Users\brnoz\AppData\Local\Microsoft\WindowsApps;C:\Users\brnoz\.dotnet\tools;C:\Program Files\Azure Data Studio\bin;C:\Users\brnoz\AppData\Roaming\Composer\vendor\bin;C:\Program Files\JetBrains\PhpStorm 2021.2.3\bin;C:\Users\brnoz\AppData\Local\Microsoft\WindowsApps;C:\Program Files\JetBrains\IntelliJ IDEA Community Edition 2022.1\bin;C:\Users\brnoz\AppData\Local\Programs\Microsoft VS Code\bin;C:\Users\brnoz\.dotnet\tools
USERNAME=brnoz
OS=Windows_NT
PROCESSOR_IDENTIFIER=Intel64 Family 6 Model 126 Stepping 5, GenuineIntel



---------------  S Y S T E M  ---------------

OS:
 Windows 11 , 64 bit Build 22000 (10.0.22000.1335)
OS uptime: 19 days 5:32 hours
Hyper-V role detected

CPU: total 4 (initial active 4) (2 cores per cpu, 2 threads per core) family 6 model 126 stepping 5 microcode 0xa6, cx8, cmov, fxsr, ht, mmx, 3dnowpref, sse, sse2, sse3, ssse3, sse4.1, sse4.2, popcnt, lzcnt, tsc, tscinvbit, avx, avx2, aes, erms, clmul, bmi1, bmi2, adx, avx512f, avx512dq, avx512cd, avx512bw, avx512vl, sha, fma, vzeroupper, avx512_vpopcntdq, avx512_vpclmulqdq, avx512_vaes, avx512_vnni, clflush, clflushopt, avx512_vbmi2, avx512_vbmi, hv

Memory: 4k page, system-wide physical 3902M (43M free)
TotalPageFile size 15678M (AvailPageFile size 259M)
current process WorkingSet (physical memory assigned to process): 71M, peak: 364M
current process commit charge ("private bytes"): 531M, peak: 810M

vm_info: Java HotSpot(TM) 64-Bit Server VM (17.0.2+8-LTS-86) for windows-amd64 JRE (17.0.2+8-LTS-86), built on Dec  7 2021 21:51:03 by "mach5one" with MS VC++ 16.8 / 16.9 (VS2019)

END.
