#
# There is insufficient memory for the Java Runtime Environment to continue.
# Native memory allocation (mmap) failed to map 173015040 bytes for G1 virtual space
# Possible reasons:
#   The system is out of physical RAM or swap space
#   The process is running with CompressedOops enabled, and the Java Heap may be blocking the growth of the native heap
# Possible solutions:
#   Reduce memory load on the system
#   Increase physical memory or swap space
#   Check if swap backing store is full
#   Decrease Java heap size (-Xmx/-Xms)
#   Decrease number of Java threads
#   Decrease Java thread stack sizes (-Xss)
#   Set larger code cache with -XX:ReservedCodeCacheSize=
#   JVM is running with Unscaled Compressed Oops mode in which the Java heap is
#     placed in the first 4GB address space. The Java Heap base address is the
#     maximum limit for the native heap growth. Please use -XX:HeapBaseMinAddress
#     to set the Java Heap base and to place the Java Heap above 4GB virtual address.
# This output file may be truncated or incomplete.
#
#  Out of Memory Error (os_windows.cpp:3532), pid=11980, tid=23188
#
# JRE version: Java(TM) SE Runtime Environment (17.0.2+8) (build 17.0.2+8-LTS-86)
# Java VM: Java HotSpot(TM) 64-Bit Server VM (17.0.2+8-LTS-86, mixed mode, emulated-client, sharing, tiered, compressed oops, compressed class ptrs, g1 gc, windows-amd64)
# No core dump will be written. Minidumps are not enabled by default on client versions of Windows
#

---------------  S U M M A R Y ------------

Command Line: -Dcom.sun.management.jmxremote -Dcom.sun.management.jmxremote.port=51500 -Dcom.sun.management.jmxremote.authenticate=false -Dcom.sun.management.jmxremote.ssl=false -Djava.rmi.server.hostname=localhost -Dspring.jmx.enabled=true -Dspring.application.admin.enabled=true -XX:TieredStopAtLevel=1 -Dspring.boot.project.name=rental-service -Dfile.encoding=UTF-8 -XX:+ShowCodeDetailsInExceptionMessages com.kodlamaio.rentalservice.RentalServiceApplication --spring.output.ansi.enabled=always

Host: Intel(R) Core(TM) i3-1005G1 CPU @ 1.20GHz, 4 cores, 3G,  Windows 11 , 64 bit Build 22000 (10.0.22000.1335)
Time: Mon Jan  2 22:02:51 2023 Türkiye Standart Saati elapsed time: 814.550952 seconds (0d 0h 13m 34s)

---------------  T H R E A D  ---------------

Current thread (0x000001c529b61b10):  VMThread "VM Thread" [stack: 0x0000006b39d00000,0x0000006b39e00000] [id=23188]

Stack: [0x0000006b39d00000,0x0000006b39e00000]
Native frames: (J=compiled Java code, j=interpreted, Vv=VM code, C=native code)
V  [jvm.dll+0x670baa]
V  [jvm.dll+0x7cfcb4]
V  [jvm.dll+0x7d145e]
V  [jvm.dll+0x7d1ac3]
V  [jvm.dll+0x242bc5]
V  [jvm.dll+0x66dac9]
V  [jvm.dll+0x662412]
V  [jvm.dll+0x300c0b]
V  [jvm.dll+0x3081a6]
V  [jvm.dll+0x357d0e]
V  [jvm.dll+0x357f3f]
V  [jvm.dll+0x2d7ec8]
V  [jvm.dll+0x2d6194]
V  [jvm.dll+0x2d579c]
V  [jvm.dll+0x3190eb]
V  [jvm.dll+0x7d5f9b]
V  [jvm.dll+0x7d6cd4]
V  [jvm.dll+0x7d71ec]
V  [jvm.dll+0x7d75c4]
V  [jvm.dll+0x7d7690]
V  [jvm.dll+0x77ff7a]
V  [jvm.dll+0x66fa35]
C  [ucrtbase.dll+0x26c0c]
C  [KERNEL32.DLL+0x155a0]
C  [ntdll.dll+0x485b]

VM_Operation (0x0000006b3bafd720): G1CollectForAllocation, mode: safepoint, requested by thread 0x000001c541b91f20


---------------  P R O C E S S  ---------------

Threads class SMR info:
_java_thread_list=0x000001c541d0ca10, length=26, elements={
0x000001c529b675b0, 0x000001c529b6a3f0, 0x000001c53a94ffc0, 0x000001c53a950580,
0x000001c53a950f30, 0x000001c53a9518e0, 0x000001c53a952340, 0x000001c53a988dd0,
0x000001c529b533a0, 0x000001c53b510910, 0x000001c53bce1f50, 0x000001c53bce33c0,
0x000001c53bd203c0, 0x000001c53c49c840, 0x000001c53c504430, 0x000001c541c38a20,
0x000001c541b940d0, 0x000001c541c3cd80, 0x000001c541c38550, 0x000001c541c3b570,
0x000001c541c39890, 0x000001c541c3a700, 0x000001c541c3abd0, 0x000001c541c3ba40,
0x000001c541b91f20, 0x000001c541b94f40
}

Java Threads: ( => current thread )
  0x000001c529b675b0 JavaThread "Reference Handler" daemon [_thread_blocked, id=5728, stack(0x0000006b39e00000,0x0000006b39f00000)]
  0x000001c529b6a3f0 JavaThread "Finalizer" daemon [_thread_blocked, id=5056, stack(0x0000006b39f00000,0x0000006b3a000000)]
  0x000001c53a94ffc0 JavaThread "Signal Dispatcher" daemon [_thread_blocked, id=20948, stack(0x0000006b3a000000,0x0000006b3a100000)]
  0x000001c53a950580 JavaThread "Attach Listener" daemon [_thread_blocked, id=11016, stack(0x0000006b3a100000,0x0000006b3a200000)]
  0x000001c53a950f30 JavaThread "Service Thread" daemon [_thread_blocked, id=21372, stack(0x0000006b3a200000,0x0000006b3a300000)]
  0x000001c53a9518e0 JavaThread "Monitor Deflation Thread" daemon [_thread_blocked, id=18320, stack(0x0000006b3a300000,0x0000006b3a400000)]
  0x000001c53a952340 JavaThread "C1 CompilerThread0" daemon [_thread_blocked, id=4836, stack(0x0000006b3a400000,0x0000006b3a500000)]
  0x000001c53a988dd0 JavaThread "Sweeper thread" daemon [_thread_blocked, id=6084, stack(0x0000006b3a500000,0x0000006b3a600000)]
  0x000001c529b533a0 JavaThread "Common-Cleaner" daemon [_thread_blocked, id=17872, stack(0x0000006b3a600000,0x0000006b3a700000)]
  0x000001c53b510910 JavaThread "Notification Thread" daemon [_thread_blocked, id=17392, stack(0x0000006b3a900000,0x0000006b3aa00000)]
  0x000001c53bce1f50 JavaThread "RMI TCP Accept-0" daemon [_thread_in_native, id=20660, stack(0x0000006b3ad00000,0x0000006b3ae00000)]
  0x000001c53bce33c0 JavaThread "RMI TCP Accept-51500" daemon [_thread_in_native, id=11964, stack(0x0000006b3ae00000,0x0000006b3af00000)]
  0x000001c53bd203c0 JavaThread "RMI TCP Accept-0" daemon [_thread_in_native, id=19052, stack(0x0000006b3af00000,0x0000006b3b000000)]
  0x000001c53c49c840 JavaThread "RMI Scheduler(0)" daemon [_thread_blocked, id=21364, stack(0x0000006b3b200000,0x0000006b3b300000)]
  0x000001c53c504430 JavaThread "JMX server connection timeout 21" daemon [_thread_blocked, id=22680, stack(0x0000006b3b400000,0x0000006b3b500000)]
  0x000001c541c38a20 JavaThread "DestroyJavaVM" [_thread_blocked, id=22352, stack(0x0000006b39700000,0x0000006b39800000)]
  0x000001c541b940d0 JavaThread "RMI TCP Connection(idle)" daemon [_thread_blocked, id=240, stack(0x0000006b3ca00000,0x0000006b3cb00000)]
  0x000001c541c3cd80 JavaThread "Thread-15" [_thread_blocked, id=14712, stack(0x0000006b39500000,0x0000006b39600000)]
  0x000001c541c38550 JavaThread "restartedMain" [_thread_blocked, id=20816, stack(0x0000006b3a700000,0x0000006b3a800000)]
  0x000001c541c3b570 JavaThread "Keep-Alive-Timer" daemon [_thread_blocked, id=15732, stack(0x0000006b3b100000,0x0000006b3b200000)]
  0x000001c541c39890 JavaThread "Catalina-utility-1" [_thread_blocked, id=9332, stack(0x0000006b3b300000,0x0000006b3b400000)]
  0x000001c541c3a700 JavaThread "Catalina-utility-2" [_thread_blocked, id=16472, stack(0x0000006b3b500000,0x0000006b3b600000)]
  0x000001c541c3abd0 JavaThread "container-0" [_thread_blocked, id=3084, stack(0x0000006b3b600000,0x0000006b3b700000)]
  0x000001c541c3ba40 JavaThread "HikariPool-4 housekeeper" daemon [_thread_blocked, id=18196, stack(0x0000006b3b800000,0x0000006b3b900000)]
  0x000001c541b91f20 JavaThread "ClassGraph-worker-160" daemon [_thread_blocked, id=21980, stack(0x0000006b3ba00000,0x0000006b3bb00000)]
  0x000001c541b94f40 JavaThread "ClassGraph-worker-161" daemon [_thread_blocked, id=5992, stack(0x0000006b3bb00000,0x0000006b3bc00000)]

Other Threads:
=>0x000001c529b61b10 VMThread "VM Thread" [stack: 0x0000006b39d00000,0x0000006b39e00000] [id=23188]
  0x000001c529ac0160 WatcherThread [stack: 0x0000006b3b000000,0x0000006b3b100000] [id=5032]
  0x000001c529aec8a0 GCTaskThread "GC Thread#0" [stack: 0x0000006b39800000,0x0000006b39900000] [id=7776]
  0x000001c53bc53a00 GCTaskThread "GC Thread#1" [stack: 0x0000006b3aa00000,0x0000006b3ab00000] [id=12612]
  0x000001c53bc5ea70 GCTaskThread "GC Thread#2" [stack: 0x0000006b3ab00000,0x0000006b3ac00000] [id=23052]
  0x000001c53bc5ed20 GCTaskThread "GC Thread#3" [stack: 0x0000006b3ac00000,0x0000006b3ad00000] [id=11256]
  0x000001c529af51e0 ConcurrentGCThread "G1 Main Marker" [stack: 0x0000006b39900000,0x0000006b39a00000] [id=8940]
  0x000001c529af5bf0 ConcurrentGCThread "G1 Conc#0" [stack: 0x0000006b39a00000,0x0000006b39b00000] [id=16260]
  0x000001c529b3f470 ConcurrentGCThread "G1 Refine#0" [stack: 0x0000006b39b00000,0x0000006b39c00000] [id=19404]
  0x000001c53fed1300 ConcurrentGCThread "G1 Refine#1" [stack: 0x0000006b3b900000,0x0000006b3ba00000] [id=11728]
  0x000001c529b412a0 ConcurrentGCThread "G1 Service" [stack: 0x0000006b39c00000,0x0000006b39d00000] [id=17728]

Threads with active compile tasks:

VM state: at safepoint (normal execution)

VM Mutex/Monitor currently owned by a thread:  ([mutex/lock_event])
[0x000001c529abad30] Threads_lock - owner thread: 0x000001c529b61b10
[0x000001c529abae50] Heap_lock - owner thread: 0x000001c541b91f20

Heap address: 0x00000000c3000000, size: 976 MB, Compressed Oops mode: 32-bit

CDS archive(s) mapped at: [0x0000000800000000-0x0000000800bc0000-0x0000000800bc0000), size 12320768, SharedBaseAddress: 0x0000000800000000, ArchiveRelocationMode: 0.
Compressed class space mapped at: 0x0000000800c00000-0x0000000840c00000, reserved size: 1073741824
Narrow klass base: 0x0000000800000000, Narrow klass shift: 0, Narrow klass range: 0x100000000

GC Precious Log:
 CPUs: 4 total, 4 available
 Memory: 3902M
 Large Page Support: Disabled
 NUMA Support: Disabled
 Compressed Oops: Enabled (32-bit)
 Heap Region Size: 1M
 Heap Min Capacity: 8M
 Heap Initial Capacity: 62M
 Heap Max Capacity: 976M
 Pre-touch: Disabled
 Parallel Workers: 4
 Concurrent Workers: 1
 Concurrent Refinement Workers: 4
 Periodic GC: Disabled

Heap:
 garbage-first heap   total 158720K, used 77182K [0x00000000c3000000, 0x0000000100000000)
  region size 1024K, 1 young (1024K), 1 survivors (1024K)
 Metaspace       used 82938K, committed 83584K, reserved 1122304K
  class space    used 11683K, committed 11968K, reserved 1048576K

Heap Regions: E=young(eden), S=young(survivor), O=old, HS=humongous(starts), HC=humongous(continues), CS=collection set, F=free, OA=open archive, CA=closed archive, TAMS=top-at-mark-start (previous, next)
|   0|0x00000000c3000000, 0x00000000c3100000, 0x00000000c3100000|100%| O|  |TAMS 0x00000000c3100000, 0x00000000c3000000| Untracked 
|   1|0x00000000c3100000, 0x00000000c3200000, 0x00000000c3200000|100%|HS|  |TAMS 0x00000000c3200000, 0x00000000c3100000| Complete 
|   2|0x00000000c3200000, 0x00000000c32ffff0, 0x00000000c3300000| 99%| O|  |TAMS 0x00000000c32ffff0, 0x00000000c3200000| Untracked 
|   3|0x00000000c3300000, 0x00000000c3400000, 0x00000000c3400000|100%| O|  |TAMS 0x00000000c3400000, 0x00000000c3300000| Untracked 
|   4|0x00000000c3400000, 0x00000000c3500000, 0x00000000c3500000|100%| O|  |TAMS 0x00000000c3500000, 0x00000000c3400000| Untracked 
|   5|0x00000000c3500000, 0x00000000c3600000, 0x00000000c3600000|100%| O|  |TAMS 0x00000000c3600000, 0x00000000c3500000| Untracked 
|   6|0x00000000c3600000, 0x00000000c36fe6e8, 0x00000000c3700000| 99%| O|  |TAMS 0x00000000c36fe6e8, 0x00000000c3600000| Untracked 
|   7|0x00000000c3700000, 0x00000000c3800000, 0x00000000c3800000|100%| O|  |TAMS 0x00000000c3800000, 0x00000000c3700000| Untracked 
|   8|0x00000000c3800000, 0x00000000c3900000, 0x00000000c3900000|100%| O|  |TAMS 0x00000000c3900000, 0x00000000c3800000| Untracked 
|   9|0x00000000c3900000, 0x00000000c39fffb8, 0x00000000c3a00000| 99%| O|  |TAMS 0x00000000c39fffb8, 0x00000000c3900000| Untracked 
|  10|0x00000000c3a00000, 0x00000000c3affff8, 0x00000000c3b00000| 99%| O|  |TAMS 0x00000000c3affff8, 0x00000000c3a00000| Untracked 
|  11|0x00000000c3b00000, 0x00000000c3c00000, 0x00000000c3c00000|100%| O|  |TAMS 0x00000000c3c00000, 0x00000000c3b00000| Untracked 
|  12|0x00000000c3c00000, 0x00000000c3d00000, 0x00000000c3d00000|100%| O|  |TAMS 0x00000000c3d00000, 0x00000000c3c00000| Untracked 
|  13|0x00000000c3d00000, 0x00000000c3dfff98, 0x00000000c3e00000| 99%| O|  |TAMS 0x00000000c3dfff98, 0x00000000c3d00000| Untracked 
|  14|0x00000000c3e00000, 0x00000000c3effff0, 0x00000000c3f00000| 99%| O|  |TAMS 0x00000000c3effff0, 0x00000000c3e00000| Untracked 
|  15|0x00000000c3f00000, 0x00000000c3fffff8, 0x00000000c4000000| 99%| O|  |TAMS 0x00000000c3fffff8, 0x00000000c3f00000| Untracked 
|  16|0x00000000c4000000, 0x00000000c40ffff8, 0x00000000c4100000| 99%| O|  |TAMS 0x00000000c40ffff8, 0x00000000c4000000| Untracked 
|  17|0x00000000c4100000, 0x00000000c41ffff8, 0x00000000c4200000| 99%| O|  |TAMS 0x00000000c41ffff8, 0x00000000c4100000| Untracked 
|  18|0x00000000c4200000, 0x00000000c4300000, 0x00000000c4300000|100%| O|  |TAMS 0x00000000c4300000, 0x00000000c4200000| Untracked 
|  19|0x00000000c4300000, 0x00000000c43ffff8, 0x00000000c4400000| 99%| O|  |TAMS 0x00000000c43ffff8, 0x00000000c4300000| Untracked 
|  20|0x00000000c4400000, 0x00000000c44fffe8, 0x00000000c4500000| 99%| O|  |TAMS 0x00000000c44fffe8, 0x00000000c4400000| Untracked 
|  21|0x00000000c4500000, 0x00000000c4600000, 0x00000000c4600000|100%| O|  |TAMS 0x00000000c4600000, 0x00000000c4500000| Untracked 
|  22|0x00000000c4600000, 0x00000000c46fffe8, 0x00000000c4700000| 99%| O|  |TAMS 0x00000000c46fffe8, 0x00000000c4600000| Untracked 
|  23|0x00000000c4700000, 0x00000000c47ffff0, 0x00000000c4800000| 99%| O|  |TAMS 0x00000000c47ffff0, 0x00000000c4700000| Untracked 
|  24|0x00000000c4800000, 0x00000000c48ffff0, 0x00000000c4900000| 99%| O|  |TAMS 0x00000000c48ffff0, 0x00000000c4800000| Untracked 
|  25|0x00000000c4900000, 0x00000000c49ffff0, 0x00000000c4a00000| 99%| O|  |TAMS 0x00000000c49ffff0, 0x00000000c4900000| Untracked 
|  26|0x00000000c4a00000, 0x00000000c4afffe0, 0x00000000c4b00000| 99%| O|  |TAMS 0x00000000c4afffe0, 0x00000000c4a00000| Untracked 
|  27|0x00000000c4b00000, 0x00000000c4bffff0, 0x00000000c4c00000| 99%| O|  |TAMS 0x00000000c4bffff0, 0x00000000c4b00000| Untracked 
|  28|0x00000000c4c00000, 0x00000000c4cf3998, 0x00000000c4d00000| 95%| O|  |TAMS 0x00000000c4cf3998, 0x00000000c4c00000| Untracked 
|  29|0x00000000c4d00000, 0x00000000c4dffff0, 0x00000000c4e00000| 99%| O|  |TAMS 0x00000000c4dffff0, 0x00000000c4d00000| Untracked 
|  30|0x00000000c4e00000, 0x00000000c4efffd0, 0x00000000c4f00000| 99%| O|  |TAMS 0x00000000c4efffd0, 0x00000000c4e00000| Untracked 
|  31|0x00000000c4f00000, 0x00000000c5000000, 0x00000000c5000000|100%| O|  |TAMS 0x00000000c5000000, 0x00000000c4f00000| Untracked 
|  32|0x00000000c5000000, 0x00000000c5100000, 0x00000000c5100000|100%| O|  |TAMS 0x00000000c5100000, 0x00000000c5000000| Untracked 
|  33|0x00000000c5100000, 0x00000000c5200000, 0x00000000c5200000|100%| O|  |TAMS 0x00000000c5200000, 0x00000000c5100000| Untracked 
|  34|0x00000000c5200000, 0x00000000c5300000, 0x00000000c5300000|100%| O|  |TAMS 0x00000000c5300000, 0x00000000c5200000| Untracked 
|  35|0x00000000c5300000, 0x00000000c5400000, 0x00000000c5400000|100%| O|  |TAMS 0x00000000c5400000, 0x00000000c5300000| Untracked 
|  36|0x00000000c5400000, 0x00000000c5500000, 0x00000000c5500000|100%| O|  |TAMS 0x00000000c5500000, 0x00000000c5400000| Untracked 
|  37|0x00000000c5500000, 0x00000000c5597628, 0x00000000c5600000| 59%| O|  |TAMS 0x00000000c5597628, 0x00000000c5500000| Untracked 
|  38|0x00000000c5600000, 0x00000000c5700000, 0x00000000c5700000|100%| O|  |TAMS 0x00000000c5700000, 0x00000000c5600000| Untracked 
|  39|0x00000000c5700000, 0x00000000c5800000, 0x00000000c5800000|100%| O|  |TAMS 0x00000000c5800000, 0x00000000c5700000| Untracked 
|  40|0x00000000c5800000, 0x00000000c5900000, 0x00000000c5900000|100%| O|  |TAMS 0x00000000c5900000, 0x00000000c5800000| Untracked 
|  41|0x00000000c5900000, 0x00000000c5a00000, 0x00000000c5a00000|100%| O|  |TAMS 0x00000000c5a00000, 0x00000000c5900000| Untracked 
|  42|0x00000000c5a00000, 0x00000000c5afffd8, 0x00000000c5b00000| 99%| O|  |TAMS 0x00000000c5afffd8, 0x00000000c5a00000| Untracked 
|  43|0x00000000c5b00000, 0x00000000c5c00000, 0x00000000c5c00000|100%| O|  |TAMS 0x00000000c5c00000, 0x00000000c5b00000| Untracked 
|  44|0x00000000c5c00000, 0x00000000c5d00000, 0x00000000c5d00000|100%| O|  |TAMS 0x00000000c5d00000, 0x00000000c5c00000| Untracked 
|  45|0x00000000c5d00000, 0x00000000c5d84c20, 0x00000000c5e00000| 51%| O|  |TAMS 0x00000000c5d84c20, 0x00000000c5d00000| Untracked 
|  46|0x00000000c5e00000, 0x00000000c5efe128, 0x00000000c5f00000| 99%| O|  |TAMS 0x00000000c5efe128, 0x00000000c5e00000| Untracked 
|  47|0x00000000c5f00000, 0x00000000c6000000, 0x00000000c6000000|100%| O|  |TAMS 0x00000000c6000000, 0x00000000c5f00000| Untracked 
|  48|0x00000000c6000000, 0x00000000c6000000, 0x00000000c6100000|  0%| F|  |TAMS 0x00000000c6000000, 0x00000000c6000000| Untracked 
|  49|0x00000000c6100000, 0x00000000c6200000, 0x00000000c6200000|100%| O|  |TAMS 0x00000000c6200000, 0x00000000c6100000| Untracked 
|  50|0x00000000c6200000, 0x00000000c6300000, 0x00000000c6300000|100%| O|  |TAMS 0x00000000c6300000, 0x00000000c6200000| Untracked 
|  51|0x00000000c6300000, 0x00000000c6400000, 0x00000000c6400000|100%| O|  |TAMS 0x00000000c6400000, 0x00000000c6300000| Untracked 
|  52|0x00000000c6400000, 0x00000000c6400000, 0x00000000c6500000|  0%| F|  |TAMS 0x00000000c6400000, 0x00000000c6400000| Untracked 
|  53|0x00000000c6500000, 0x00000000c6500000, 0x00000000c6600000|  0%| F|  |TAMS 0x00000000c6500000, 0x00000000c6500000| Untracked 
|  54|0x00000000c6600000, 0x00000000c6700000, 0x00000000c6700000|100%| O|  |TAMS 0x00000000c6700000, 0x00000000c6600000| Untracked 
|  55|0x00000000c6700000, 0x00000000c6800000, 0x00000000c6800000|100%| O|  |TAMS 0x00000000c6800000, 0x00000000c6700000| Untracked 
|  56|0x00000000c6800000, 0x00000000c6900000, 0x00000000c6900000|100%| O|  |TAMS 0x00000000c6900000, 0x00000000c6800000| Untracked 
|  57|0x00000000c6900000, 0x00000000c6a00000, 0x00000000c6a00000|100%| O|  |TAMS 0x00000000c6900000, 0x00000000c6900000| Untracked 
|  58|0x00000000c6a00000, 0x00000000c6a00000, 0x00000000c6b00000|  0%| F|  |TAMS 0x00000000c6a00000, 0x00000000c6a00000| Untracked 
|  59|0x00000000c6b00000, 0x00000000c6b00000, 0x00000000c6c00000|  0%| F|  |TAMS 0x00000000c6b00000, 0x00000000c6b00000| Untracked 
|  60|0x00000000c6c00000, 0x00000000c6c00000, 0x00000000c6d00000|  0%| F|  |TAMS 0x00000000c6c00000, 0x00000000c6c00000| Untracked 
|  61|0x00000000c6d00000, 0x00000000c6d00000, 0x00000000c6e00000|  0%| F|  |TAMS 0x00000000c6d00000, 0x00000000c6d00000| Untracked 
|  62|0x00000000c6e00000, 0x00000000c6e00000, 0x00000000c6f00000|  0%| F|  |TAMS 0x00000000c6e00000, 0x00000000c6e00000| Untracked 
|  63|0x00000000c6f00000, 0x00000000c6f00000, 0x00000000c7000000|  0%| F|  |TAMS 0x00000000c6f00000, 0x00000000c6f00000| Untracked 
|  64|0x00000000c7000000, 0x00000000c7000000, 0x00000000c7100000|  0%| F|  |TAMS 0x00000000c7000000, 0x00000000c7000000| Untracked 
|  65|0x00000000c7100000, 0x00000000c7100000, 0x00000000c7200000|  0%| F|  |TAMS 0x00000000c7100000, 0x00000000c7100000| Untracked 
|  66|0x00000000c7200000, 0x00000000c7200000, 0x00000000c7300000|  0%| F|  |TAMS 0x00000000c7200000, 0x00000000c7200000| Untracked 
|  67|0x00000000c7300000, 0x00000000c7300000, 0x00000000c7400000|  0%| F|  |TAMS 0x00000000c7300000, 0x00000000c7300000| Untracked 
|  68|0x00000000c7400000, 0x00000000c7400000, 0x00000000c7500000|  0%| F|  |TAMS 0x00000000c7400000, 0x00000000c7400000| Untracked 
|  69|0x00000000c7500000, 0x00000000c7600000, 0x00000000c7600000|100%| O|  |TAMS 0x00000000c7600000, 0x00000000c7500000| Untracked 
|  70|0x00000000c7600000, 0x00000000c7700000, 0x00000000c7700000|100%| O|  |TAMS 0x00000000c7700000, 0x00000000c7600000| Untracked 
|  71|0x00000000c7700000, 0x00000000c7800000, 0x00000000c7800000|100%| O|  |TAMS 0x00000000c7780000, 0x00000000c7700000| Untracked 
|  72|0x00000000c7800000, 0x00000000c7900000, 0x00000000c7900000|100%| O|  |TAMS 0x00000000c7800000, 0x00000000c7800000| Untracked 
|  73|0x00000000c7900000, 0x00000000c7a00000, 0x00000000c7a00000|100%| O|  |TAMS 0x00000000c7900000, 0x00000000c7900000| Untracked 
|  74|0x00000000c7a00000, 0x00000000c7b00000, 0x00000000c7b00000|100%| O|  |TAMS 0x00000000c7a00000, 0x00000000c7a00000| Untracked 
|  75|0x00000000c7b00000, 0x00000000c7bffff8, 0x00000000c7c00000| 99%| O|  |TAMS 0x00000000c7bffff8, 0x00000000c7b00000| Untracked 
|  76|0x00000000c7c00000, 0x00000000c7d00000, 0x00000000c7d00000|100%| O|  |TAMS 0x00000000c7c00000, 0x00000000c7c00000| Untracked 
|  77|0x00000000c7d00000, 0x00000000c7d00000, 0x00000000c7e00000|  0%| F|  |TAMS 0x00000000c7d00000, 0x00000000c7d00000| Untracked 
|  78|0x00000000c7e00000, 0x00000000c7f00000, 0x00000000c7f00000|100%| O|  |TAMS 0x00000000c7e00000, 0x00000000c7e00000| Untracked 
|  79|0x00000000c7f00000, 0x00000000c8000000, 0x00000000c8000000|100%| O|  |TAMS 0x00000000c7f00000, 0x00000000c7f00000| Untracked 
|  80|0x00000000c8000000, 0x00000000c8100000, 0x00000000c8100000|100%| O|  |TAMS 0x00000000c8000000, 0x00000000c8000000| Untracked 
|  81|0x00000000c8100000, 0x00000000c8200000, 0x00000000c8200000|100%| O|  |TAMS 0x00000000c8100000, 0x00000000c8100000| Untracked 
|  82|0x00000000c8200000, 0x00000000c8300000, 0x00000000c8300000|100%| O|  |TAMS 0x00000000c8200000, 0x00000000c8200000| Untracked 
|  83|0x00000000c8300000, 0x00000000c8400000, 0x00000000c8400000|100%| O|  |TAMS 0x00000000c8300000, 0x00000000c8300000| Untracked 
|  84|0x00000000c8400000, 0x00000000c8500000, 0x00000000c8500000|100%| O|  |TAMS 0x00000000c8400000, 0x00000000c8400000| Untracked 
|  85|0x00000000c8500000, 0x00000000c8600000, 0x00000000c8600000|100%| O|  |TAMS 0x00000000c8500000, 0x00000000c8500000| Untracked 
|  86|0x00000000c8600000, 0x00000000c8700000, 0x00000000c8700000|100%| O|  |TAMS 0x00000000c8600000, 0x00000000c8600000| Untracked 
|  87|0x00000000c8700000, 0x00000000c8800000, 0x00000000c8800000|100%| O|  |TAMS 0x00000000c8700000, 0x00000000c8700000| Untracked 
|  88|0x00000000c8800000, 0x00000000c8900000, 0x00000000c8900000|100%| O|  |TAMS 0x00000000c8800000, 0x00000000c8800000| Untracked 
|  89|0x00000000c8900000, 0x00000000c8a00000, 0x00000000c8a00000|100%| O|  |TAMS 0x00000000c8900000, 0x00000000c8900000| Untracked 
|  90|0x00000000c8a00000, 0x00000000c8a53800, 0x00000000c8b00000| 32%| O|  |TAMS 0x00000000c8a00000, 0x00000000c8a00000| Untracked 
|  91|0x00000000c8b00000, 0x00000000c8b00000, 0x00000000c8c00000|  0%| F|  |TAMS 0x00000000c8b00000, 0x00000000c8b00000| Untracked 
|  92|0x00000000c8c00000, 0x00000000c8c00000, 0x00000000c8d00000|  0%| F|  |TAMS 0x00000000c8c00000, 0x00000000c8c00000| Untracked 
|  93|0x00000000c8d00000, 0x00000000c8d00000, 0x00000000c8e00000|  0%| F|  |TAMS 0x00000000c8d00000, 0x00000000c8d00000| Untracked 
|  94|0x00000000c8e00000, 0x00000000c8e00000, 0x00000000c8f00000|  0%| F|  |TAMS 0x00000000c8e00000, 0x00000000c8e00000| Untracked 
|  95|0x00000000c8f00000, 0x00000000c8f00000, 0x00000000c9000000|  0%| F|  |TAMS 0x00000000c8f00000, 0x00000000c8f00000| Untracked 
|  96|0x00000000c9000000, 0x00000000c9000000, 0x00000000c9100000|  0%| F|  |TAMS 0x00000000c9000000, 0x00000000c9000000| Untracked 
|  97|0x00000000c9100000, 0x00000000c9100000, 0x00000000c9200000|  0%| F|  |TAMS 0x00000000c9100000, 0x00000000c9100000| Untracked 
|  98|0x00000000c9200000, 0x00000000c9200000, 0x00000000c9300000|  0%| F|  |TAMS 0x00000000c9200000, 0x00000000c9200000| Untracked 
|  99|0x00000000c9300000, 0x00000000c9300000, 0x00000000c9400000|  0%| F|  |TAMS 0x00000000c9300000, 0x00000000c9300000| Untracked 
| 100|0x00000000c9400000, 0x00000000c9400000, 0x00000000c9500000|  0%| F|  |TAMS 0x00000000c9400000, 0x00000000c9400000| Untracked 
| 101|0x00000000c9500000, 0x00000000c9500000, 0x00000000c9600000|  0%| F|  |TAMS 0x00000000c9500000, 0x00000000c9500000| Untracked 
| 102|0x00000000c9600000, 0x00000000c9600000, 0x00000000c9700000|  0%| F|  |TAMS 0x00000000c9600000, 0x00000000c9600000| Untracked 
| 103|0x00000000c9700000, 0x00000000c9700000, 0x00000000c9800000|  0%| F|  |TAMS 0x00000000c9700000, 0x00000000c9700000| Untracked 
| 104|0x00000000c9800000, 0x00000000c9800000, 0x00000000c9900000|  0%| F|  |TAMS 0x00000000c9800000, 0x00000000c9800000| Untracked 
| 105|0x00000000c9900000, 0x00000000c9900000, 0x00000000c9a00000|  0%| F|  |TAMS 0x00000000c9900000, 0x00000000c9900000| Untracked 
| 106|0x00000000c9a00000, 0x00000000c9a00000, 0x00000000c9b00000|  0%| F|  |TAMS 0x00000000c9a00000, 0x00000000c9a00000| Untracked 
| 107|0x00000000c9b00000, 0x00000000c9b00000, 0x00000000c9c00000|  0%| F|  |TAMS 0x00000000c9b00000, 0x00000000c9b00000| Untracked 
| 108|0x00000000c9c00000, 0x00000000c9c00000, 0x00000000c9d00000|  0%| F|  |TAMS 0x00000000c9c00000, 0x00000000c9c00000| Untracked 
| 109|0x00000000c9d00000, 0x00000000c9d00000, 0x00000000c9e00000|  0%| F|  |TAMS 0x00000000c9d00000, 0x00000000c9d00000| Untracked 
| 110|0x00000000c9e00000, 0x00000000c9e00000, 0x00000000c9f00000|  0%| F|  |TAMS 0x00000000c9e00000, 0x00000000c9e00000| Untracked 
| 111|0x00000000c9f00000, 0x00000000c9f00000, 0x00000000ca000000|  0%| F|  |TAMS 0x00000000c9f00000, 0x00000000c9f00000| Untracked 
| 112|0x00000000ca000000, 0x00000000ca000000, 0x00000000ca100000|  0%| F|  |TAMS 0x00000000ca000000, 0x00000000ca000000| Untracked 
| 113|0x00000000ca100000, 0x00000000ca100000, 0x00000000ca200000|  0%| F|  |TAMS 0x00000000ca100000, 0x00000000ca100000| Untracked 
| 114|0x00000000ca200000, 0x00000000ca200000, 0x00000000ca300000|  0%| F|  |TAMS 0x00000000ca200000, 0x00000000ca200000| Untracked 
| 115|0x00000000ca300000, 0x00000000ca300000, 0x00000000ca400000|  0%| F|  |TAMS 0x00000000ca300000, 0x00000000ca300000| Untracked 
| 116|0x00000000ca400000, 0x00000000ca400000, 0x00000000ca500000|  0%| F|  |TAMS 0x00000000ca400000, 0x00000000ca400000| Untracked 
| 117|0x00000000ca500000, 0x00000000ca500000, 0x00000000ca600000|  0%| F|  |TAMS 0x00000000ca500000, 0x00000000ca500000| Untracked 
| 118|0x00000000ca600000, 0x00000000ca600000, 0x00000000ca700000|  0%| F|  |TAMS 0x00000000ca600000, 0x00000000ca600000| Untracked 
| 119|0x00000000ca700000, 0x00000000ca700000, 0x00000000ca800000|  0%| F|  |TAMS 0x00000000ca700000, 0x00000000ca700000| Untracked 
| 120|0x00000000ca800000, 0x00000000ca800000, 0x00000000ca900000|  0%| F|  |TAMS 0x00000000ca800000, 0x00000000ca800000| Untracked 
| 121|0x00000000ca900000, 0x00000000ca900000, 0x00000000caa00000|  0%| F|  |TAMS 0x00000000ca900000, 0x00000000ca900000| Untracked 
| 122|0x00000000caa00000, 0x00000000caa00000, 0x00000000cab00000|  0%| F|  |TAMS 0x00000000caa00000, 0x00000000caa00000| Untracked 
| 123|0x00000000cab00000, 0x00000000cab00000, 0x00000000cac00000|  0%| F|  |TAMS 0x00000000cab00000, 0x00000000cab00000| Untracked 
| 124|0x00000000cac00000, 0x00000000cac00000, 0x00000000cad00000|  0%| F|  |TAMS 0x00000000cac00000, 0x00000000cac00000| Untracked 
| 125|0x00000000cad00000, 0x00000000cad00000, 0x00000000cae00000|  0%| F|  |TAMS 0x00000000cad00000, 0x00000000cad00000| Untracked 
| 126|0x00000000cae00000, 0x00000000cae00000, 0x00000000caf00000|  0%| F|  |TAMS 0x00000000cae00000, 0x00000000cae00000| Untracked 
| 127|0x00000000caf00000, 0x00000000caf00000, 0x00000000cb000000|  0%| F|  |TAMS 0x00000000caf00000, 0x00000000caf00000| Untracked 
| 128|0x00000000cb000000, 0x00000000cb000000, 0x00000000cb100000|  0%| F|  |TAMS 0x00000000cb000000, 0x00000000cb000000| Untracked 
| 129|0x00000000cb100000, 0x00000000cb100000, 0x00000000cb200000|  0%| F|  |TAMS 0x00000000cb100000, 0x00000000cb100000| Untracked 
| 130|0x00000000cb200000, 0x00000000cb200000, 0x00000000cb300000|  0%| F|  |TAMS 0x00000000cb200000, 0x00000000cb200000| Untracked 
| 131|0x00000000cb300000, 0x00000000cb300000, 0x00000000cb400000|  0%| F|  |TAMS 0x00000000cb300000, 0x00000000cb300000| Untracked 
| 132|0x00000000cb400000, 0x00000000cb400000, 0x00000000cb500000|  0%| F|  |TAMS 0x00000000cb400000, 0x00000000cb400000| Untracked 
| 133|0x00000000cb500000, 0x00000000cb500000, 0x00000000cb600000|  0%| F|  |TAMS 0x00000000cb500000, 0x00000000cb500000| Untracked 
| 134|0x00000000cb600000, 0x00000000cb600000, 0x00000000cb700000|  0%| F|  |TAMS 0x00000000cb600000, 0x00000000cb600000| Untracked 
| 135|0x00000000cb700000, 0x00000000cb700000, 0x00000000cb800000|  0%| F|  |TAMS 0x00000000cb700000, 0x00000000cb700000| Untracked 
| 136|0x00000000cb800000, 0x00000000cb800000, 0x00000000cb900000|  0%| F|  |TAMS 0x00000000cb800000, 0x00000000cb800000| Untracked 
| 137|0x00000000cb900000, 0x00000000cb900000, 0x00000000cba00000|  0%| F|  |TAMS 0x00000000cb900000, 0x00000000cb900000| Untracked 
| 138|0x00000000cba00000, 0x00000000cba00000, 0x00000000cbb00000|  0%| F|  |TAMS 0x00000000cba00000, 0x00000000cba00000| Untracked 
| 139|0x00000000cbb00000, 0x00000000cbb00000, 0x00000000cbc00000|  0%| F|  |TAMS 0x00000000cbb00000, 0x00000000cbb00000| Untracked 
| 140|0x00000000cbc00000, 0x00000000cbc00000, 0x00000000cbd00000|  0%| F|  |TAMS 0x00000000cbc00000, 0x00000000cbc00000| Untracked 
| 141|0x00000000cbd00000, 0x00000000cbd00000, 0x00000000cbe00000|  0%| F|  |TAMS 0x00000000cbd00000, 0x00000000cbd00000| Untracked 
| 142|0x00000000cbe00000, 0x00000000cbe00000, 0x00000000cbf00000|  0%| F|  |TAMS 0x00000000cbe00000, 0x00000000cbe00000| Untracked 
| 143|0x00000000cbf00000, 0x00000000cbf00000, 0x00000000cc000000|  0%| F|  |TAMS 0x00000000cbf00000, 0x00000000cbf00000| Untracked 
| 144|0x00000000cc000000, 0x00000000cc000000, 0x00000000cc100000|  0%| F|  |TAMS 0x00000000cc000000, 0x00000000cc000000| Untracked 
| 145|0x00000000cc100000, 0x00000000cc100000, 0x00000000cc200000|  0%| F|  |TAMS 0x00000000cc100000, 0x00000000cc100000| Untracked 
| 146|0x00000000cc200000, 0x00000000cc200000, 0x00000000cc300000|  0%| F|  |TAMS 0x00000000cc200000, 0x00000000cc200000| Untracked 
| 147|0x00000000cc300000, 0x00000000cc300000, 0x00000000cc400000|  0%| F|  |TAMS 0x00000000cc300000, 0x00000000cc300000| Untracked 
| 148|0x00000000cc400000, 0x00000000cc400000, 0x00000000cc500000|  0%| F|  |TAMS 0x00000000cc400000, 0x00000000cc400000| Untracked 
| 149|0x00000000cc500000, 0x00000000cc500000, 0x00000000cc600000|  0%| F|  |TAMS 0x00000000cc500000, 0x00000000cc500000| Untracked 
| 150|0x00000000cc600000, 0x00000000cc600000, 0x00000000cc700000|  0%| F|  |TAMS 0x00000000cc600000, 0x00000000cc600000| Untracked 
| 151|0x00000000cc700000, 0x00000000cc700000, 0x00000000cc800000|  0%| F|  |TAMS 0x00000000cc700000, 0x00000000cc700000| Untracked 
| 152|0x00000000cc800000, 0x00000000cc900000, 0x00000000cc900000|100%| S|CS|TAMS 0x00000000cc800000, 0x00000000cc800000| Complete 
| 153|0x00000000cc900000, 0x00000000cc900000, 0x00000000cca00000|  0%| F|  |TAMS 0x00000000cc900000, 0x00000000cc900000| Untracked 
| 154|0x00000000cca00000, 0x00000000cca00000, 0x00000000ccb00000|  0%| F|  |TAMS 0x00000000cca00000, 0x00000000cca00000| Untracked 

Card table byte_map: [0x000001c536160000,0x000001c536350000] _byte_map_base: 0x000001c535b48000

Marking Bits (Prev, Next): (CMBitMap*) 0x000001c529aecef0, (CMBitMap*) 0x000001c529aeceb0
 Prev Bits: [0x000001c537480000, 0x000001c5383c0000)
 Next Bits: [0x000001c536540000, 0x000001c537480000)

Polling page: 0x000001c529b80000

Metaspace:

Usage:
  Non-class:     69.59 MB used.
      Class:     11.41 MB used.
       Both:     81.00 MB used.

Virtual space:
  Non-class space:       72.00 MB reserved,      69.94 MB ( 97%) committed,  9 nodes.
      Class space:        1.00 GB reserved,      11.69 MB (  1%) committed,  1 nodes.
             Both:        1.07 GB reserved,      81.62 MB (  7%) committed. 

Chunk freelists:
   Non-Class:  1.90 MB
       Class:  322.00 KB
        Both:  2.22 MB

MaxMetaspaceSize: unlimited
CompressedClassSpaceSize: 1.00 GB
Initial GC threshold: 21.00 MB
Current GC threshold: 136.06 MB
CDS: on
MetaspaceReclaimPolicy: balanced
 - commit_granule_bytes: 65536.
 - commit_granule_words: 8192.
 - virtual_space_node_default_size: 1048576.
 - enlarge_chunks_in_place: 1.
 - new_chunks_are_fully_committed: 0.
 - uncommit_free_chunks: 1.
 - use_allocation_guard: 0.
 - handle_deallocations: 1.


Internal statistics:

num_allocs_failed_limit: 8.
num_arena_births: 978.
num_arena_deaths: 274.
num_vsnodes_births: 10.
num_vsnodes_deaths: 0.
num_space_committed: 1307.
num_space_uncommitted: 1.
num_chunks_returned_to_freelist: 428.
num_chunks_taken_from_freelist: 4256.
num_chunk_merges: 102.
num_chunk_splits: 2837.
num_chunks_enlarged: 2145.
num_purges: 16.
num_inconsistent_stats: 0.

CodeCache: size=49152Kb used=19002Kb max_used=19002Kb free=30149Kb
 bounds [0x000001c532ad0000, 0x000001c533d60000, 0x000001c535ad0000]
 total_blobs=11383 nmethods=10681 adapters=628
 compilation: enabled
              stopped_count=0, restarted_count=0
 full_count=0

Compilation events (20 events):
Event: 813.608 Thread 0x000001c53a952340 10971   !   1       java.util.concurrent.ThreadPoolExecutor::interruptIdleWorkers (120 bytes)
Event: 813.615 Thread 0x000001c53a952340 nmethod 10971 0x000001c533d59c90 code [0x000001c533d59f00, 0x000001c533d5a588]
Event: 813.615 Thread 0x000001c53a952340 10974       1       org.webjars.WebJarAssetLocator$$Lambda$1452/0x000000080155acd8::accept (13 bytes)
Event: 813.619 Thread 0x000001c53a952340 nmethod 10974 0x000001c533d5ab90 code [0x000001c533d5ada0, 0x000001c533d5b3d8]
Event: 813.619 Thread 0x000001c53a952340 10975       1       org.webjars.WebJarAssetLocator::lambda$webJarVersion$1 (25 bytes)
Event: 813.620 Thread 0x000001c53a952340 nmethod 10975 0x000001c533d5b710 code [0x000001c533d5b920, 0x000001c533d5bf38]
Event: 813.620 Thread 0x000001c53a952340 10972       1       org.webjars.WebJarAssetLocator$$Lambda$1451/0x000000080155aab8::accept (9 bytes)
Event: 813.621 Thread 0x000001c53a952340 nmethod 10972 0x000001c533d5c210 code [0x000001c533d5c420, 0x000001c533d5ca58]
Event: 813.621 Thread 0x000001c53a952340 10973       1       org.webjars.WebJarAssetLocator::lambda$webJarResources$0 (26 bytes)
Event: 813.621 Thread 0x000001c53a952340 nmethod 10973 0x000001c533d5cd90 code [0x000001c533d5cfa0, 0x000001c533d5d5b8]
Event: 813.622 Thread 0x000001c53a952340 10976       1       jdk.internal.misc.VM::toThreadState (68 bytes)
Event: 813.623 Thread 0x000001c53a952340 nmethod 10976 0x000001c533d5d890 code [0x000001c533d5da60, 0x000001c533d5dc98]
Event: 814.030 Thread 0x000001c53a952340 10977       1       com.sun.management.GarbageCollectionNotificationInfo::getGcCause (5 bytes)
Event: 814.031 Thread 0x000001c53a952340 nmethod 10977 0x000001c533d5dd10 code [0x000001c533d5dea0, 0x000001c533d5df78]
Event: 814.031 Thread 0x000001c53a952340 10978       1       java.util.TreeMap$KeySet::spliterator (8 bytes)
Event: 814.033 Thread 0x000001c53a952340 nmethod 10978 0x000001c533d5e010 code [0x000001c533d5e1a0, 0x000001c533d5e288]
Event: 814.033 Thread 0x000001c53a952340 10979       1       sun.management.LazyCompositeData::getString (25 bytes)
Event: 814.039 Thread 0x000001c53a952340 nmethod 10979 0x000001c533d5e310 code [0x000001c533d5e4c0, 0x000001c533d5e658]
Event: 814.039 Thread 0x000001c53a952340 10980       1       io.micrometer.core.instrument.binder.jvm.JvmGcMetrics::access$500 (5 bytes)
Event: 814.047 Thread 0x000001c53a952340 nmethod 10980 0x000001c533d5e710 code [0x000001c533d5e8a0, 0x000001c533d5e958]

GC Heap History (20 events):
Event: 579.918 GC heap after
{Heap after GC invocations=85 (full 2):
 garbage-first heap   total 208896K, used 81479K [0x00000000c3000000, 0x0000000100000000)
  region size 1024K, 3 young (3072K), 3 survivors (3072K)
 Metaspace       used 82829K, committed 83392K, reserved 1122304K
  class space    used 11661K, committed 11904K, reserved 1048576K
}
Event: 753.283 GC heap before
{Heap before GC invocations=85 (full 2):
 garbage-first heap   total 208896K, used 111175K [0x00000000c3000000, 0x0000000100000000)
  region size 1024K, 33 young (33792K), 3 survivors (3072K)
 Metaspace       used 83091K, committed 83648K, reserved 1122304K
  class space    used 11697K, committed 11968K, reserved 1048576K
}
Event: 755.029 GC heap after
{Heap after GC invocations=86 (full 3):
 garbage-first heap   total 150528K, used 42233K [0x00000000c3000000, 0x0000000100000000)
  region size 1024K, 0 young (0K), 0 survivors (0K)
 Metaspace       used 82573K, committed 83584K, reserved 1122304K
  class space    used 11645K, committed 11968K, reserved 1048576K
}
Event: 792.406 GC heap before
{Heap before GC invocations=86 (full 3):
 garbage-first heap   total 150528K, used 106745K [0x00000000c3000000, 0x0000000100000000)
  region size 1024K, 64 young (65536K), 0 survivors (0K)
 Metaspace       used 82643K, committed 83584K, reserved 1122304K
  class space    used 11658K, committed 11968K, reserved 1048576K
}
Event: 792.622 GC heap after
{Heap after GC invocations=87 (full 3):
 garbage-first heap   total 150528K, used 47053K [0x00000000c3000000, 0x0000000100000000)
  region size 1024K, 5 young (5120K), 5 survivors (5120K)
 Metaspace       used 82643K, committed 83584K, reserved 1122304K
  class space    used 11658K, committed 11968K, reserved 1048576K
}
Event: 803.556 GC heap before
{Heap before GC invocations=88 (full 3):
 garbage-first heap   total 150528K, used 69581K [0x00000000c3000000, 0x0000000100000000)
  region size 1024K, 28 young (28672K), 5 survivors (5120K)
 Metaspace       used 82661K, committed 83584K, reserved 1122304K
  class space    used 11658K, committed 11968K, reserved 1048576K
}
Event: 803.693 GC heap after
{Heap after GC invocations=89 (full 3):
 garbage-first heap   total 150528K, used 49227K [0x00000000c3000000, 0x0000000100000000)
  region size 1024K, 3 young (3072K), 3 survivors (3072K)
 Metaspace       used 82661K, committed 83584K, reserved 1122304K
  class space    used 11658K, committed 11968K, reserved 1048576K
}
Event: 810.258 GC heap before
{Heap before GC invocations=90 (full 3):
 garbage-first heap   total 150528K, used 93259K [0x00000000c3000000, 0x0000000100000000)
  region size 1024K, 45 young (46080K), 3 survivors (3072K)
 Metaspace       used 82909K, committed 83584K, reserved 1122304K
  class space    used 11678K, committed 11968K, reserved 1048576K
}
Event: 810.335 GC heap after
{Heap after GC invocations=91 (full 3):
 garbage-first heap   total 150528K, used 51870K [0x00000000c3000000, 0x0000000100000000)
  region size 1024K, 6 young (6144K), 6 survivors (6144K)
 Metaspace       used 82909K, committed 83584K, reserved 1122304K
  class space    used 11678K, committed 11968K, reserved 1048576K
}
Event: 812.664 GC heap before
{Heap before GC invocations=91 (full 3):
 garbage-first heap   total 150528K, used 93854K [0x00000000c3000000, 0x0000000100000000)
  region size 1024K, 49 young (50176K), 6 survivors (6144K)
 Metaspace       used 82937K, committed 83584K, reserved 1122304K
  class space    used 11682K, committed 11968K, reserved 1048576K
}
Event: 812.741 GC heap after
{Heap after GC invocations=92 (full 3):
 garbage-first heap   total 150528K, used 59195K [0x00000000c3000000, 0x0000000100000000)
  region size 1024K, 7 young (7168K), 7 survivors (7168K)
 Metaspace       used 82937K, committed 83584K, reserved 1122304K
  class space    used 11682K, committed 11968K, reserved 1048576K
}
Event: 813.543 GC heap before
{Heap before GC invocations=92 (full 3):
 garbage-first heap   total 150528K, used 97083K [0x00000000c3000000, 0x0000000100000000)
  region size 1024K, 43 young (44032K), 7 survivors (7168K)
 Metaspace       used 82937K, committed 83584K, reserved 1122304K
  class space    used 11682K, committed 11968K, reserved 1048576K
}
Event: 813.588 GC heap after
{Heap after GC invocations=93 (full 3):
 garbage-first heap   total 150528K, used 70820K [0x00000000c3000000, 0x0000000100000000)
  region size 1024K, 6 young (6144K), 6 survivors (6144K)
 Metaspace       used 82937K, committed 83584K, reserved 1122304K
  class space    used 11682K, committed 11968K, reserved 1048576K
}
Event: 814.005 GC heap before
{Heap before GC invocations=94 (full 3):
 garbage-first heap   total 150528K, used 92324K [0x00000000c3000000, 0x0000000100000000)
  region size 1024K, 28 young (28672K), 6 survivors (6144K)
 Metaspace       used 82938K, committed 83584K, reserved 1122304K
  class space    used 11683K, committed 11968K, reserved 1048576K
}
Event: 814.030 GC heap after
{Heap after GC invocations=95 (full 3):
 garbage-first heap   total 150528K, used 76537K [0x00000000c3000000, 0x0000000100000000)
  region size 1024K, 4 young (4096K), 4 survivors (4096K)
 Metaspace       used 82938K, committed 83584K, reserved 1122304K
  class space    used 11683K, committed 11968K, reserved 1048576K
}
Event: 814.071 GC heap before
{Heap before GC invocations=95 (full 3):
 garbage-first heap   total 150528K, used 85753K [0x00000000c3000000, 0x0000000100000000)
  region size 1024K, 15 young (15360K), 4 survivors (4096K)
 Metaspace       used 82938K, committed 83584K, reserved 1122304K
  class space    used 11683K, committed 11968K, reserved 1048576K
}
Event: 814.079 GC heap after
{Heap after GC invocations=96 (full 3):
 garbage-first heap   total 150528K, used 78694K [0x00000000c3000000, 0x0000000100000000)
  region size 1024K, 3 young (3072K), 3 survivors (3072K)
 Metaspace       used 82938K, committed 83584K, reserved 1122304K
  class space    used 11683K, committed 11968K, reserved 1048576K
}
Event: 814.457 GC heap before
{Heap before GC invocations=97 (full 3):
 garbage-first heap   total 158720K, used 114534K [0x00000000c3000000, 0x0000000100000000)
  region size 1024K, 38 young (38912K), 3 survivors (3072K)
 Metaspace       used 82938K, committed 83584K, reserved 1122304K
  class space    used 11683K, committed 11968K, reserved 1048576K
}
Event: 814.490 GC heap after
{Heap after GC invocations=98 (full 3):
 garbage-first heap   total 158720K, used 88171K [0x00000000c3000000, 0x0000000100000000)
  region size 1024K, 5 young (5120K), 5 survivors (5120K)
 Metaspace       used 82938K, committed 83584K, reserved 1122304K
  class space    used 11683K, committed 11968K, reserved 1048576K
}
Event: 814.511 GC heap before
{Heap before GC invocations=98 (full 3):
 garbage-first heap   total 158720K, used 90219K [0x00000000c3000000, 0x0000000100000000)
  region size 1024K, 7 young (7168K), 5 survivors (5120K)
 Metaspace       used 82938K, committed 83584K, reserved 1122304K
  class space    used 11683K, committed 11968K, reserved 1048576K
}

Deoptimization events (20 events):
Event: 27.145 Thread 0x000001c53c5799b0 DEOPT PACKING pc=0x000001c533497f99 sp=0x0000006b3b6fa1b0
Event: 27.145 Thread 0x000001c53c5799b0 DEOPT UNPACKING pc=0x000001c532b26763 sp=0x0000006b3b6f9690 mode 3
Event: 28.126 Thread 0x000001c53c5799b0 DEOPT PACKING pc=0x000001c5330694aa sp=0x0000006b3b6f9720
Event: 28.126 Thread 0x000001c53c5799b0 DEOPT UNPACKING pc=0x000001c532b26763 sp=0x0000006b3b6f8c28 mode 3
Event: 30.059 Thread 0x000001c53c5799b0 DEOPT PACKING pc=0x000001c5335810fb sp=0x0000006b3b6fc600
Event: 30.059 Thread 0x000001c53c5799b0 DEOPT UNPACKING pc=0x000001c532b26763 sp=0x0000006b3b6fbb48 mode 3
Event: 75.710 Thread 0x000001c53bffe810 DEOPT PACKING pc=0x000001c53376fb4c sp=0x0000006b3b3fea70
Event: 75.710 Thread 0x000001c53bffe810 DEOPT UNPACKING pc=0x000001c532b26763 sp=0x0000006b3b3fdf98 mode 0
Event: 76.840 Thread 0x000001c53c5794e0 DEOPT PACKING pc=0x000001c53353ef9c sp=0x0000006b3a7fd070
Event: 76.840 Thread 0x000001c53c5794e0 DEOPT UNPACKING pc=0x000001c532b26763 sp=0x0000006b3a7fc530 mode 0
Event: 77.605 Thread 0x000001c53c579010 DEOPT PACKING pc=0x000001c533622a9c sp=0x0000006b3bdff500
Event: 77.605 Thread 0x000001c53c579010 DEOPT UNPACKING pc=0x000001c532b26763 sp=0x0000006b3bdfea80 mode 0
Event: 580.888 Thread 0x000001c541b8d6f0 DEOPT PACKING pc=0x000001c533c8e233 sp=0x0000006b3befcf80
Event: 580.889 Thread 0x000001c541b8d6f0 DEOPT UNPACKING pc=0x000001c532b26763 sp=0x0000006b3befc4a8 mode 3
Event: 742.532 Thread 0x000001c541c3cd80 DEOPT PACKING pc=0x000001c533cbd4bb sp=0x0000006b395fdd60
Event: 742.585 Thread 0x000001c541c3cd80 DEOPT UNPACKING pc=0x000001c532b26763 sp=0x0000006b395fd228 mode 3
Event: 742.591 Thread 0x000001c541c3cd80 DEOPT PACKING pc=0x000001c53387af2f sp=0x0000006b395fdc80
Event: 742.592 Thread 0x000001c541c3cd80 DEOPT UNPACKING pc=0x000001c532b26763 sp=0x0000006b395fd148 mode 3
Event: 766.911 Thread 0x000001c541c38550 DEOPT PACKING pc=0x000001c533cda780 sp=0x0000006b3a7fbac0
Event: 766.914 Thread 0x000001c541c38550 DEOPT UNPACKING pc=0x000001c532b26763 sp=0x0000006b3a7faf88 mode 3

Classes unloaded (20 events):
Event: 753.733 Thread 0x000001c529b61b10 Unloading class 0x0000000801709cd0 'com/kodlamaio/rentalservice/api/RentalsController'
Event: 753.733 Thread 0x000001c529b61b10 Unloading class 0x0000000801709ab0 'com/kodlamaio/common/utilities/results/ErrorDataResult'
Event: 753.733 Thread 0x000001c529b61b10 Unloading class 0x0000000801709890 'com/kodlamaio/common/utilities/results/DataResult'
Event: 753.733 Thread 0x000001c529b61b10 Unloading class 0x0000000801709678 'com/kodlamaio/common/utilities/results/Result'
Event: 753.733 Thread 0x000001c529b61b10 Unloading class 0x0000000801709420 'com/kodlamaio/common/utilities/exceptions/BusinessException'
Event: 753.733 Thread 0x000001c529b61b10 Unloading class 0x0000000801709228 'com/kodlamaio/common/utilities/mapping/ModelMapperService'
Event: 753.733 Thread 0x000001c529b61b10 Unloading class 0x0000000801709000 'com/kodlamaio/rentalservice/RentalServiceApplication'
Event: 753.733 Thread 0x000001c529b61b10 Unloading class 0x00000008015dc000 'jdk/internal/reflect/GeneratedConstructorAccessor52'
Event: 753.733 Thread 0x000001c529b61b10 Unloading class 0x000000080155c400 'jdk/internal/reflect/GeneratedConstructorAccessor48'
Event: 753.734 Thread 0x000001c529b61b10 Unloading class 0x000000080155c000 'jdk/internal/reflect/GeneratedMethodAccessor33'
Event: 753.734 Thread 0x000001c529b61b10 Unloading class 0x0000000800fb4000 'jdk/internal/reflect/GeneratedConstructorAccessor16'
Event: 753.735 Thread 0x000001c529b61b10 Unloading class 0x0000000800fa8c00 'jdk/internal/reflect/GeneratedConstructorAccessor15'
Event: 753.735 Thread 0x000001c529b61b10 Unloading class 0x0000000800fa8800 'jdk/internal/reflect/GeneratedConstructorAccessor14'
Event: 753.739 Thread 0x000001c529b61b10 Unloading class 0x0000000800fa8000 'jdk/internal/reflect/GeneratedConstructorAccessor12'
Event: 753.739 Thread 0x000001c529b61b10 Unloading class 0x0000000800f9d400 'jdk/internal/reflect/GeneratedConstructorAccessor11'
Event: 753.739 Thread 0x000001c529b61b10 Unloading class 0x0000000800f9d000 'jdk/internal/reflect/GeneratedConstructorAccessor10'
Event: 793.760 Thread 0x000001c529b61b10 Unloading class 0x00000008017b0000 'jdk/internal/reflect/GeneratedConstructorAccessor91'
Event: 793.761 Thread 0x000001c529b61b10 Unloading class 0x0000000801694400 'jdk/internal/reflect/GeneratedSerializationConstructorAccessor43'
Event: 793.761 Thread 0x000001c529b61b10 Unloading class 0x0000000801694000 'jdk/internal/reflect/GeneratedSerializationConstructorAccessor42'
Event: 793.761 Thread 0x000001c529b61b10 Unloading class 0x0000000800cc0400 'jdk/internal/reflect/GeneratedSerializationConstructorAccessor41'

Classes redefined (0 events):
No events

Internal exceptions (20 events):
Event: 814.047 Thread 0x000001c541b91a50 Exception <a 'sun/nio/fs/WindowsException'{0x00000000cc255780}> (0x00000000cc255780) 
thrown [t:\workspace\open\src\hotspot\share\prims\jni.cpp, line 516]
Event: 814.047 Thread 0x000001c541b91a50 Exception <a 'sun/nio/fs/WindowsException'{0x00000000cc255a78}> (0x00000000cc255a78) 
thrown [t:\workspace\open\src\hotspot\share\prims\jni.cpp, line 516]
Event: 814.047 Thread 0x000001c541b91a50 Exception <a 'sun/nio/fs/WindowsException'{0x00000000cc2563d8}> (0x00000000cc2563d8) 
thrown [t:\workspace\open\src\hotspot\share\prims\jni.cpp, line 516]
Event: 814.047 Thread 0x000001c541b91a50 Exception <a 'sun/nio/fs/WindowsException'{0x00000000cc256708}> (0x00000000cc256708) 
thrown [t:\workspace\open\src\hotspot\share\prims\jni.cpp, line 516]
Event: 814.047 Thread 0x000001c541b91a50 Exception <a 'sun/nio/fs/WindowsException'{0x00000000cc257040}> (0x00000000cc257040) 
thrown [t:\workspace\open\src\hotspot\share\prims\jni.cpp, line 516]
Event: 814.047 Thread 0x000001c541b91a50 Exception <a 'sun/nio/fs/WindowsException'{0x00000000cc257340}> (0x00000000cc257340) 
thrown [t:\workspace\open\src\hotspot\share\prims\jni.cpp, line 516]
Event: 814.047 Thread 0x000001c541b91a50 Exception <a 'sun/nio/fs/WindowsException'{0x00000000cc257c50}> (0x00000000cc257c50) 
thrown [t:\workspace\open\src\hotspot\share\prims\jni.cpp, line 516]
Event: 814.048 Thread 0x000001c541b91a50 Exception <a 'sun/nio/fs/WindowsException'{0x00000000cc257f18}> (0x00000000cc257f18) 
thrown [t:\workspace\open\src\hotspot\share\prims\jni.cpp, line 516]
Event: 814.048 Thread 0x000001c541b91a50 Exception <a 'sun/nio/fs/WindowsException'{0x00000000cc258830}> (0x00000000cc258830) 
thrown [t:\workspace\open\src\hotspot\share\prims\jni.cpp, line 516]
Event: 814.048 Thread 0x000001c541b91a50 Exception <a 'sun/nio/fs/WindowsException'{0x00000000cc258b10}> (0x00000000cc258b10) 
thrown [t:\workspace\open\src\hotspot\share\prims\jni.cpp, line 516]
Event: 814.048 Thread 0x000001c541b91a50 Exception <a 'sun/nio/fs/WindowsException'{0x00000000cc259420}> (0x00000000cc259420) 
thrown [t:\workspace\open\src\hotspot\share\prims\jni.cpp, line 516]
Event: 814.048 Thread 0x000001c541b91a50 Exception <a 'sun/nio/fs/WindowsException'{0x00000000cc2596f0}> (0x00000000cc2596f0) 
thrown [t:\workspace\open\src\hotspot\share\prims\jni.cpp, line 516]
Event: 814.048 Thread 0x000001c541b91a50 Exception <a 'sun/nio/fs/WindowsException'{0x00000000cc25a008}> (0x00000000cc25a008) 
thrown [t:\workspace\open\src\hotspot\share\prims\jni.cpp, line 516]
Event: 814.048 Thread 0x000001c541b91a50 Exception <a 'sun/nio/fs/WindowsException'{0x00000000cc25a2e8}> (0x00000000cc25a2e8) 
thrown [t:\workspace\open\src\hotspot\share\prims\jni.cpp, line 516]
Event: 814.048 Thread 0x000001c541b91a50 Exception <a 'sun/nio/fs/WindowsException'{0x00000000cc25ac20}> (0x00000000cc25ac20) 
thrown [t:\workspace\open\src\hotspot\share\prims\jni.cpp, line 516]
Event: 814.048 Thread 0x000001c541b91a50 Exception <a 'sun/nio/fs/WindowsException'{0x00000000cc25af20}> (0x00000000cc25af20) 
thrown [t:\workspace\open\src\hotspot\share\prims\jni.cpp, line 516]
Event: 814.048 Thread 0x000001c541b91a50 Exception <a 'sun/nio/fs/WindowsException'{0x00000000cc25b868}> (0x00000000cc25b868) 
thrown [t:\workspace\open\src\hotspot\share\prims\jni.cpp, line 516]
Event: 814.048 Thread 0x000001c541b91a50 Exception <a 'sun/nio/fs/WindowsException'{0x00000000cc25bb80}> (0x00000000cc25bb80) 
thrown [t:\workspace\open\src\hotspot\share\prims\jni.cpp, line 516]
Event: 814.048 Thread 0x000001c541b91a50 Exception <a 'sun/nio/fs/WindowsException'{0x00000000cc25c4c0}> (0x00000000cc25c4c0) 
thrown [t:\workspace\open\src\hotspot\share\prims\jni.cpp, line 516]
Event: 814.048 Thread 0x000001c541b91a50 Exception <a 'sun/nio/fs/WindowsException'{0x00000000cc25c7d0}> (0x00000000cc25c7d0) 
thrown [t:\workspace\open\src\hotspot\share\prims\jni.cpp, line 516]

VM Operations (20 events):
Event: 814.395 Executing VM operation: ICBufferFull done
Event: 814.398 Executing VM operation: ICBufferFull
Event: 814.398 Executing VM operation: ICBufferFull done
Event: 814.402 Executing VM operation: ICBufferFull
Event: 814.402 Executing VM operation: ICBufferFull done
Event: 814.405 Executing VM operation: ICBufferFull
Event: 814.405 Executing VM operation: ICBufferFull done
Event: 814.410 Executing VM operation: ICBufferFull
Event: 814.410 Executing VM operation: ICBufferFull done
Event: 814.412 Executing VM operation: ICBufferFull
Event: 814.412 Executing VM operation: ICBufferFull done
Event: 814.417 Executing VM operation: ICBufferFull
Event: 814.417 Executing VM operation: ICBufferFull done
Event: 814.439 Executing VM operation: ICBufferFull
Event: 814.439 Executing VM operation: ICBufferFull done
Event: 814.443 Executing VM operation: ICBufferFull
Event: 814.443 Executing VM operation: ICBufferFull done
Event: 814.454 Executing VM operation: G1CollectForAllocation
Event: 814.495 Executing VM operation: G1CollectForAllocation done
Event: 814.511 Executing VM operation: G1CollectForAllocation

Events (20 events):
Event: 813.631 Thread 0x000001c541b94f40 Thread exited: 0x000001c541b94f40
Event: 813.631 Thread 0x000001c541b93260 Thread exited: 0x000001c541b93260
Event: 813.631 Thread 0x000001c541b8e560 Thread exited: 0x000001c541b8e560
Event: 813.631 Thread 0x000001c541b910b0 Thread exited: 0x000001c541b910b0
Event: 813.631 Thread 0x000001c541b923f0 Thread exited: 0x000001c541b923f0
Event: 813.631 Thread 0x000001c541b8d6f0 Thread exited: 0x000001c541b8d6f0
Event: 813.865 Thread 0x000001c541b91f20 Thread added: 0x000001c541b91f20
Event: 813.866 Thread 0x000001c541b94f40 Thread added: 0x000001c541b94f40
Event: 813.867 Thread 0x000001c541b91a50 Thread added: 0x000001c541b91a50
Event: 813.867 Thread 0x000001c541b93730 Thread added: 0x000001c541b93730
Event: 813.867 Thread 0x000001c541b90240 Thread added: 0x000001c541b90240
Event: 813.867 Thread 0x000001c541b945a0 Thread added: 0x000001c541b945a0
Event: 813.867 Thread 0x000001c541b91580 Thread added: 0x000001c541b91580
Event: 813.871 Thread 0x000001c541b8fd70 Thread added: 0x000001c541b8fd70
Event: 814.511 Thread 0x000001c541b90240 Thread exited: 0x000001c541b90240
Event: 814.511 Thread 0x000001c541b8fd70 Thread exited: 0x000001c541b8fd70
Event: 814.511 Thread 0x000001c541b91a50 Thread exited: 0x000001c541b91a50
Event: 814.511 Thread 0x000001c541b93730 Thread exited: 0x000001c541b93730
Event: 814.511 Thread 0x000001c541b91580 Thread exited: 0x000001c541b91580
Event: 814.511 Thread 0x000001c541b945a0 Thread exited: 0x000001c541b945a0


Dynamic libraries:
0x00007ff72c050000 - 0x00007ff72c060000 	C:\Program Files\Java\jdk-17.0.2\bin\javaw.exe
0x00007ff9791c0000 - 0x00007ff9793c9000 	C:\WINDOWS\SYSTEM32\ntdll.dll
0x00007ff978600000 - 0x00007ff9786be000 	C:\WINDOWS\System32\KERNEL32.DLL
0x00007ff976990000 - 0x00007ff976d0b000 	C:\WINDOWS\System32\KERNELBASE.dll
0x00007ff976e80000 - 0x00007ff976f91000 	C:\WINDOWS\System32\ucrtbase.dll
0x00007ff971da0000 - 0x00007ff971db8000 	C:\Program Files\Java\jdk-17.0.2\bin\jli.dll
0x00007ff9778e0000 - 0x00007ff97798e000 	C:\WINDOWS\System32\ADVAPI32.dll
0x00007ff9788a0000 - 0x00007ff978943000 	C:\WINDOWS\System32\msvcrt.dll
0x00007ff978ea0000 - 0x00007ff978f3e000 	C:\WINDOWS\System32\sechost.dll
0x00007ff9786c0000 - 0x00007ff9787e0000 	C:\WINDOWS\System32\RPCRT4.dll
0x00007ff971250000 - 0x00007ff97126a000 	C:\Program Files\Java\jdk-17.0.2\bin\VCRUNTIME140.dll
0x00007ff977580000 - 0x00007ff97772d000 	C:\WINDOWS\System32\USER32.dll
0x00007ff976690000 - 0x00007ff9766b6000 	C:\WINDOWS\System32\win32u.dll
0x00007ff9787e0000 - 0x00007ff978809000 	C:\WINDOWS\System32\GDI32.dll
0x00007ff9766c0000 - 0x00007ff9767d8000 	C:\WINDOWS\System32\gdi32full.dll
0x00007ff976fa0000 - 0x00007ff97703d000 	C:\WINDOWS\System32\msvcp_win.dll
0x00007ff9636a0000 - 0x00007ff963945000 	C:\WINDOWS\WinSxS\amd64_microsoft.windows.common-controls_6595b64144ccf1df_6.0.22000.120_none_9d947278b86cc467\COMCTL32.dll
0x00007ff970270000 - 0x00007ff97027a000 	C:\WINDOWS\SYSTEM32\VERSION.dll
0x00007ff977130000 - 0x00007ff977162000 	C:\WINDOWS\System32\IMM32.DLL
0x00007ff972ba0000 - 0x00007ff972bac000 	C:\Program Files\Java\jdk-17.0.2\bin\vcruntime140_1.dll
0x00007ff96eb80000 - 0x00007ff96ec0d000 	C:\Program Files\Java\jdk-17.0.2\bin\msvcp140.dll
0x00007ff914150000 - 0x00007ff914d11000 	C:\Program Files\Java\jdk-17.0.2\bin\server\jvm.dll
0x00007ff978890000 - 0x00007ff978898000 	C:\WINDOWS\System32\PSAPI.DLL
0x00007ff9526f0000 - 0x00007ff9526f9000 	C:\WINDOWS\SYSTEM32\WSOCK32.dll
0x00007ff978f40000 - 0x00007ff978faf000 	C:\WINDOWS\System32\WS2_32.dll
0x00007ff970a40000 - 0x00007ff970a73000 	C:\WINDOWS\SYSTEM32\WINMM.dll
0x00007ff9757c0000 - 0x00007ff9757d8000 	C:\WINDOWS\SYSTEM32\kernel.appcore.dll
0x00007ff971160000 - 0x00007ff97116a000 	C:\Program Files\Java\jdk-17.0.2\bin\jimage.dll
0x00007ff974150000 - 0x00007ff974371000 	C:\WINDOWS\SYSTEM32\DBGHELP.DLL
0x00007ff952250000 - 0x00007ff952281000 	C:\WINDOWS\SYSTEM32\dbgcore.DLL
0x00007ff976850000 - 0x00007ff9768cf000 	C:\WINDOWS\System32\bcryptPrimitives.dll
0x00007ff96eae0000 - 0x00007ff96eb05000 	C:\Program Files\Java\jdk-17.0.2\bin\java.dll
0x00007ff954250000 - 0x00007ff954326000 	C:\Program Files\Java\jdk-17.0.2\bin\jsvml.dll
0x00007ff977dc0000 - 0x00007ff978577000 	C:\WINDOWS\System32\SHELL32.dll
0x00007ff974750000 - 0x00007ff974fb5000 	C:\WINDOWS\SYSTEM32\windows.storage.dll
0x00007ff977170000 - 0x00007ff9774e8000 	C:\WINDOWS\System32\combase.dll
0x00007ff9745e0000 - 0x00007ff974746000 	C:\WINDOWS\SYSTEM32\wintypes.dll
0x00007ff977040000 - 0x00007ff97712a000 	C:\WINDOWS\System32\SHCORE.dll
0x00007ff979120000 - 0x00007ff97917d000 	C:\WINDOWS\System32\shlwapi.dll
0x00007ff9765c0000 - 0x00007ff9765e1000 	C:\WINDOWS\SYSTEM32\profapi.dll
0x00007ff9633f0000 - 0x00007ff963409000 	C:\Program Files\Java\jdk-17.0.2\bin\net.dll
0x00007ff9713c0000 - 0x00007ff9714d4000 	C:\WINDOWS\SYSTEM32\WINHTTP.dll
0x00007ff975c60000 - 0x00007ff975cc7000 	C:\WINDOWS\system32\mswsock.dll
0x00007ff9631c0000 - 0x00007ff9631d6000 	C:\Program Files\Java\jdk-17.0.2\bin\nio.dll
0x00007ff9631a0000 - 0x00007ff9631b8000 	C:\Program Files\Java\jdk-17.0.2\bin\zip.dll
0x00007ff96eb70000 - 0x00007ff96eb79000 	C:\Program Files\Java\jdk-17.0.2\bin\management.dll
0x00007ff964890000 - 0x00007ff96489b000 	C:\Program Files\Java\jdk-17.0.2\bin\management_ext.dll
0x00007ff95e5c0000 - 0x00007ff95e5d7000 	C:\WINDOWS\system32\napinsp.dll
0x00007ff95e580000 - 0x00007ff95e59b000 	C:\WINDOWS\system32\pnrpnsp.dll
0x00007ff9752a0000 - 0x00007ff975388000 	C:\WINDOWS\SYSTEM32\DNSAPI.dll
0x00007ff975270000 - 0x00007ff97529d000 	C:\WINDOWS\SYSTEM32\IPHLPAPI.DLL
0x00007ff977730000 - 0x00007ff977739000 	C:\WINDOWS\System32\NSI.dll
0x00007ff95e560000 - 0x00007ff95e572000 	C:\WINDOWS\System32\winrnr.dll
0x00007ff96ffa0000 - 0x00007ff96ffb5000 	C:\WINDOWS\system32\wshbth.dll
0x00007ff95e540000 - 0x00007ff95e55f000 	C:\WINDOWS\system32\nlansp_c.dll
0x00007ff966e40000 - 0x00007ff966e4a000 	C:\Windows\System32\rasadhlp.dll
0x00007ff96fda0000 - 0x00007ff96fe21000 	C:\WINDOWS\System32\fwpuclnt.dll
0x00007ff975ec0000 - 0x00007ff975ed8000 	C:\WINDOWS\SYSTEM32\CRYPTSP.dll
0x00007ff975720000 - 0x00007ff975755000 	C:\WINDOWS\system32\rsaenh.dll
0x00007ff975d70000 - 0x00007ff975d99000 	C:\WINDOWS\SYSTEM32\USERENV.dll
0x00007ff976070000 - 0x00007ff976097000 	C:\WINDOWS\SYSTEM32\bcrypt.dll
0x00007ff975ee0000 - 0x00007ff975eec000 	C:\WINDOWS\SYSTEM32\CRYPTBASE.dll
0x00007ff971550000 - 0x00007ff971569000 	C:\WINDOWS\SYSTEM32\dhcpcsvc6.DLL
0x00007ff971760000 - 0x00007ff97177e000 	C:\WINDOWS\SYSTEM32\dhcpcsvc.DLL
0x00007ff9633e0000 - 0x00007ff9633f0000 	C:\Program Files\Java\jdk-17.0.2\bin\verify.dll
0x00007ff9628c0000 - 0x00007ff9628ce000 	C:\Program Files\Java\jdk-17.0.2\bin\sunmscapi.dll
0x00007ff976d10000 - 0x00007ff976e72000 	C:\WINDOWS\System32\CRYPT32.dll
0x00007ff976040000 - 0x00007ff976068000 	C:\WINDOWS\SYSTEM32\ncrypt.dll
0x00007ff976000000 - 0x00007ff976037000 	C:\WINDOWS\SYSTEM32\NTASN1.dll
0x00007ff96ec50000 - 0x00007ff96ec58000 	C:\WINDOWS\system32\wshunix.dll

dbghelp: loaded successfully - version: 4.0.5 - missing functions: none
symbol engine: initialized successfully - sym options: 0x614 - pdb path: .;C:\Program Files\Java\jdk-17.0.2\bin;C:\WINDOWS\SYSTEM32;C:\WINDOWS\WinSxS\amd64_microsoft.windows.common-controls_6595b64144ccf1df_6.0.22000.120_none_9d947278b86cc467;C:\Program Files\Java\jdk-17.0.2\bin\server

VM Arguments:
jvm_args: -Dcom.sun.management.jmxremote -Dcom.sun.management.jmxremote.port=51500 -Dcom.sun.management.jmxremote.authenticate=false -Dcom.sun.management.jmxremote.ssl=false -Djava.rmi.server.hostname=localhost -Dspring.jmx.enabled=true -Dspring.application.admin.enabled=true -XX:TieredStopAtLevel=1 -Dspring.boot.project.name=rental-service -Dfile.encoding=UTF-8 -XX:+ShowCodeDetailsInExceptionMessages 
java_command: com.kodlamaio.rentalservice.RentalServiceApplication --spring.output.ansi.enabled=always
java_class_path (initial): C:\casgem\backend\mikroservices\rental-service\target\classes;C:\casgem\backend\mikroservices\common\target\classes;C:\Users\brnoz\.m2\repository\org\springframework\boot\spring-boot-starter\2.7.6\spring-boot-starter-2.7.6.jar;C:\Users\brnoz\.m2\repository\org\springframework\boot\spring-boot\2.7.6\spring-boot-2.7.6.jar;C:\Users\brnoz\.m2\repository\org\springframework\spring-context\5.3.24\spring-context-5.3.24.jar;C:\Users\brnoz\.m2\repository\org\springframework\spring-aop\5.3.24\spring-aop-5.3.24.jar;C:\Users\brnoz\.m2\repository\org\springframework\spring-beans\5.3.24\spring-beans-5.3.24.jar;C:\Users\brnoz\.m2\repository\org\springframework\spring-expression\5.3.24\spring-expression-5.3.24.jar;C:\Users\brnoz\.m2\repository\org\springframework\boot\spring-boot-autoconfigure\2.7.6\spring-boot-autoconfigure-2.7.6.jar;C:\Users\brnoz\.m2\repository\org\springframework\boot\spring-boot-starter-logging\2.7.6\spring-boot-starter-logging-2.7.6.jar;C:\Users\brnoz\.m2\repository\ch\qos\logback\logback-classic\1.2.11\logback-classic-1.2.11.jar;C:\Users\brnoz\.m2\repository\ch\qos\logback\logback-core\1.2.11\logback-core-1.2.11.jar;C:\Users\brnoz\.m2\repository\org\apache\logging\log4j\log4j-to-slf4j\2.17.2\log4j-to-slf4j-2.17.2.jar;C:\Users\brnoz\.m2\repository\org\apache\logging\log4j\log4j-api\2.17.2\log4j-api-2.17.2.jar;C:\Users\brnoz\.m2\repository\org\slf4j\jul-to-slf4j\1.7.36\jul-to-slf4j-1.7.36.jar;C:\Users\brnoz\.m2\repository\jakarta\annotation\jakarta.annotation-api\1.3.5\jakarta.annotation-api-1.3.5.jar;C:\Users\brnoz\.m2\repository\org\springframework\spring-core\5.3.24\spring-core-5.3.24.jar;C:\Users\brnoz\.m2\repository\org\springframework\spring-jcl\5.3.24\spring-jcl-5.3.24.jar;C:\Users\brnoz\.m2\repository\org\yaml\snakeyaml\1.30\snakeyaml-1.30.jar;C:\Users\brnoz\.m2\repository\org\modelmapper\modelmapper\3.0.0\modelmapper-3.0.0.jar;C:\Users\brnoz\.m2\repository\org\projectlombok\lombok\1.18.24\lombok-1.18.24.jar;C:\Users\brnoz\
Launcher Type: SUN_STANDARD

[Global flags]
     intx CICompilerCount                          = 3                                         {product} {ergonomic}
     uint ConcGCThreads                            = 1                                         {product} {ergonomic}
     uint G1ConcRefinementThreads                  = 4                                         {product} {ergonomic}
   size_t G1HeapRegionSize                         = 1048576                                   {product} {ergonomic}
    uintx GCDrainStackTargetSize                   = 64                                        {product} {ergonomic}
   size_t InitialHeapSize                          = 65011712                                  {product} {ergonomic}
     bool ManagementServer                         = true                                      {product} {command line}
   size_t MarkStackSize                            = 4194304                                   {product} {ergonomic}
   size_t MaxHeapSize                              = 1023410176                                {product} {ergonomic}
   size_t MaxNewSize                               = 613416960                                 {product} {ergonomic}
   size_t MinHeapDeltaBytes                        = 1048576                                   {product} {ergonomic}
   size_t MinHeapSize                              = 8388608                                   {product} {ergonomic}
    uintx NonProfiledCodeHeapSize                  = 0                                      {pd product} {ergonomic}
     bool ProfileInterpreter                       = false                                  {pd product} {command line}
    uintx ProfiledCodeHeapSize                     = 0                                      {pd product} {ergonomic}
     bool ShowCodeDetailsInExceptionMessages       = true                                   {manageable} {command line}
   size_t SoftMaxHeapSize                          = 1023410176                             {manageable} {ergonomic}
     intx TieredStopAtLevel                        = 1                                         {product} {command line}
     bool UseCompressedClassPointers               = true                           {product lp64_product} {ergonomic}
     bool UseCompressedOops                        = true                           {product lp64_product} {ergonomic}
     bool UseG1GC                                  = true                                      {product} {ergonomic}
     bool UseLargePagesIndividualAllocation        = false                                  {pd product} {ergonomic}

Logging:
Log output configuration:
 #0: stdout all=warning uptime,level,tags
 #1: stderr all=off uptime,level,tags

Environment Variables:
PATH=C:\Program Files\Common Files\Oracle\Java\javapath;C:\Python\Python39\Scripts\;C:\Python\Python39\;C:\WINDOWS\system32;C:\WINDOWS;C:\WINDOWS\System32\Wbem;C:\WINDOWS\System32\WindowsPowerShell\v1.0\;C:\WINDOWS\System32\OpenSSH\;C:\Program Files\dotnet\;C:\Program Files\Microsoft SQL Server\130\Tools\Binn\;C:\Program Files\Microsoft SQL Server\Client SDK\ODBC\170\Tools\Binn\;C:\Program Files (x86)\Microsoft SQL Server\150\Tools\Binn\;C:\Program Files\Microsoft SQL Server\150\Tools\Binn\;C:\Program Files\Microsoft SQL Server\150\DTS\Binn\;C:\Program Files (x86)\Microsoft SQL Server\150\DTS\Binn\;C:\Program Files\Azure Data Studio\bin;C:\Program Files\Git\cmd;C:\composer;C:\xampp\php;C:\Program Files\Docker\Docker\resources\bin;C:\Users\brnoz\anaconda3;C:\Users\brnoz\anaconda3\Library\mingw-w64\bin;C:\Users\brnoz\anaconda3\Library\usr\bin;C:\Users\brnoz\anaconda3\Library\bin;C:\Users\brnoz\anaconda3\Scripts;C:\Users\brnoz\AppData\Local\Microsoft\WindowsApps;C:\Users\brnoz\.dotnet\tools;C:\Program Files\Azure Data Studio\bin;C:\Users\brnoz\AppData\Roaming\Composer\vendor\bin;C:\Program Files\JetBrains\PhpStorm 2021.2.3\bin;C:\Users\brnoz\AppData\Local\Microsoft\WindowsApps;C:\Program Files\JetBrains\IntelliJ IDEA Community Edition 2022.1\bin;C:\Users\brnoz\AppData\Local\Programs\Microsoft VS Code\bin;C:\Users\brnoz\.dotnet\tools
USERNAME=brnoz
OS=Windows_NT
PROCESSOR_IDENTIFIER=Intel64 Family 6 Model 126 Stepping 5, GenuineIntel



---------------  S Y S T E M  ---------------

OS:
 Windows 11 , 64 bit Build 22000 (10.0.22000.1335)
OS uptime: 17 days 3:31 hours
Hyper-V role detected

CPU: total 4 (initial active 4) (2 cores per cpu, 2 threads per core) family 6 model 126 stepping 5 microcode 0xa6, cx8, cmov, fxsr, ht, mmx, 3dnowpref, sse, sse2, sse3, ssse3, sse4.1, sse4.2, popcnt, lzcnt, tsc, tscinvbit, avx, avx2, aes, erms, clmul, bmi1, bmi2, adx, avx512f, avx512dq, avx512cd, avx512bw, avx512vl, sha, fma, vzeroupper, avx512_vpopcntdq, avx512_vpclmulqdq, avx512_vaes, avx512_vnni, clflush, clflushopt, avx512_vbmi2, avx512_vbmi, hv

Memory: 4k page, system-wide physical 3902M (32M free)
TotalPageFile size 15678M (AvailPageFile size 104M)
current process WorkingSet (physical memory assigned to process): 214M, peak: 364M
current process commit charge ("private bytes"): 377M, peak: 633M

vm_info: Java HotSpot(TM) 64-Bit Server VM (17.0.2+8-LTS-86) for windows-amd64 JRE (17.0.2+8-LTS-86), built on Dec  7 2021 21:51:03 by "mach5one" with MS VC++ 16.8 / 16.9 (VS2019)

END.
