#
# There is insufficient memory for the Java Runtime Environment to continue.
# Native memory allocation (mmap) failed to map 65536 bytes for Failed to commit metaspace.
# Possible reasons:
#   The system is out of physical RAM or swap space
#   The process is running with CompressedOops enabled, and the Java Heap may be blocking the growth of the native heap
# Possible solutions:
#   Reduce memory load on the system
#   Increase physical memory or swap space
#   Check if swap backing store is full
#   Decrease Java heap size (-Xmx/-Xms)
#   Decrease number of Java threads
#   Decrease Java thread stack sizes (-Xss)
#   Set larger code cache with -XX:ReservedCodeCacheSize=
#   JVM is running with Unscaled Compressed Oops mode in which the Java heap is
#     placed in the first 4GB address space. The Java Heap base address is the
#     maximum limit for the native heap growth. Please use -XX:HeapBaseMinAddress
#     to set the Java Heap base and to place the Java Heap above 4GB virtual address.
# This output file may be truncated or incomplete.
#
#  Out of Memory Error (virtualSpaceNode.cpp:110), pid=20180, tid=15848
#
# JRE version: Java(TM) SE Runtime Environment (17.0.2+8) (build 17.0.2+8-LTS-86)
# Java VM: Java HotSpot(TM) 64-Bit Server VM (17.0.2+8-LTS-86, mixed mode, emulated-client, sharing, tiered, compressed oops, compressed class ptrs, g1 gc, windows-amd64)
# No core dump will be written. Minidumps are not enabled by default on client versions of Windows
#

---------------  S U M M A R Y ------------

Command Line: -Dcom.sun.management.jmxremote -Dcom.sun.management.jmxremote.port=52351 -Dcom.sun.management.jmxremote.authenticate=false -Dcom.sun.management.jmxremote.ssl=false -Djava.rmi.server.hostname=localhost -Dspring.jmx.enabled=true -Dspring.application.admin.enabled=true -XX:TieredStopAtLevel=1 -Dspring.boot.project.name=paymentService -Dfile.encoding=UTF-8 -XX:+ShowCodeDetailsInExceptionMessages com.kodlamaio.paymentservice.PaymentServiceApplication --spring.output.ansi.enabled=always

Host: Intel(R) Core(TM) i3-1005G1 CPU @ 1.20GHz, 4 cores, 3G,  Windows 11 , 64 bit Build 22000 (10.0.22000.1335)
Time: Mon Jan  2 20:40:40 2023 Türkiye Standart Saati elapsed time: 114.296081 seconds (0d 0h 1m 54s)

---------------  T H R E A D  ---------------

Current thread (0x00000254e430ca20):  JavaThread "RMI TCP Connection(10)-127.0.0.1" daemon [_thread_in_vm, id=15848, stack(0x0000006724000000,0x0000006724100000)]

Stack: [0x0000006724000000,0x0000006724100000]
Native frames: (J=compiled Java code, j=interpreted, Vv=VM code, C=native code)
V  [jvm.dll+0x670baa]
V  [jvm.dll+0x7cfcb4]
V  [jvm.dll+0x7d145e]
V  [jvm.dll+0x7d1ac3]
V  [jvm.dll+0x242bc5]
V  [jvm.dll+0x7cbc5b]
V  [jvm.dll+0x616966]
V  [jvm.dll+0x6169ca]
V  [jvm.dll+0x6191da]
V  [jvm.dll+0x617306]
V  [jvm.dll+0x367ba2]
V  [jvm.dll+0x1dfadb]
V  [jvm.dll+0x537c59]
V  [jvm.dll+0x1eea37]
V  [jvm.dll+0x74a15b]
V  [jvm.dll+0x74b502]
V  [jvm.dll+0x74b838]
V  [jvm.dll+0x408129]
V  [jvm.dll+0x3d1e75]
C  [java.dll+0xc91a]

Java frames: (J=compiled Java code, j=interpreted, Vv=VM code)
J 4589  sun.nio.ch.SocketDispatcher.read0(Ljava/io/FileDescriptor;JI)I java.base@17.0.2 (0 bytes) @ 0x00000254d8025082 [0x00000254d8025020+0x0000000000000062]
J 4587 c1 sun.nio.ch.NioSocketImpl.tryRead(Ljava/io/FileDescriptor;[BII)I java.base@17.0.2 (87 bytes) @ 0x00000254d802552c [0x00000254d8025460+0x00000000000000cc]
J 6597 c1 sun.nio.ch.NioSocketImpl.timedRead(Ljava/io/FileDescriptor;[BIIJ)I java.base@17.0.2 (85 bytes) @ 0x00000254d83ef95c [0x00000254d83ef7e0+0x000000000000017c]
J 6050 c1 sun.nio.ch.NioSocketImpl.implRead([BII)I java.base@17.0.2 (220 bytes) @ 0x00000254d830c40c [0x00000254d830c180+0x000000000000028c]
J 6049 c1 sun.nio.ch.NioSocketImpl.read([BII)I java.base@17.0.2 (96 bytes) @ 0x00000254d830d7cc [0x00000254d830d640+0x000000000000018c]
J 6048 c1 sun.nio.ch.NioSocketImpl$1.read([BII)I java.base@17.0.2 (11 bytes) @ 0x00000254d830e55c [0x00000254d830e520+0x000000000000003c]
J 6047 c1 java.net.Socket$SocketInputStream.read([BII)I java.base@17.0.2 (11 bytes) @ 0x00000254d830bde4 [0x00000254d830bda0+0x0000000000000044]
J 6516 c1 java.io.BufferedInputStream.fill()V java.base@17.0.2 (203 bytes) @ 0x00000254d83d4a7c [0x00000254d83d4720+0x000000000000035c]
J 1168 c1 java.io.BufferedInputStream.read()I java.base@17.0.2 (49 bytes) @ 0x00000254d7a6eb44 [0x00000254d7a6eac0+0x0000000000000084]
J 6846 c1 java.io.FilterInputStream.read()I java.base@17.0.2 (8 bytes) @ 0x00000254d8449664 [0x00000254d8449620+0x0000000000000044]
j  sun.rmi.transport.tcp.TCPTransport.handleMessages(Lsun/rmi/transport/Connection;Z)V+25 java.rmi@17.0.2
j  sun.rmi.transport.tcp.TCPTransport$ConnectionHandler.run0()V+522 java.rmi@17.0.2
j  sun.rmi.transport.tcp.TCPTransport$ConnectionHandler.lambda$run$0()Ljava/lang/Void;+1 java.rmi@17.0.2
j  sun.rmi.transport.tcp.TCPTransport$ConnectionHandler$$Lambda$108+0x0000000800c8cb00.run()Ljava/lang/Object;+4 java.rmi@17.0.2
J 3055 c1 java.security.AccessController.doPrivileged(Ljava/security/PrivilegedAction;Ljava/security/AccessControlContext;)Ljava/lang/Object; java.base@17.0.2 (17 bytes) @ 0x00000254d7d7ffa4 [0x00000254d7d7ff40+0x0000000000000064]
j  sun.rmi.transport.tcp.TCPTransport$ConnectionHandler.run()V+37 java.rmi@17.0.2
j  java.util.concurrent.ThreadPoolExecutor.runWorker(Ljava/util/concurrent/ThreadPoolExecutor$Worker;)V+92 java.base@17.0.2
j  java.util.concurrent.ThreadPoolExecutor$Worker.run()V+5 java.base@17.0.2
j  java.lang.Thread.run()V+11 java.base@17.0.2
v  ~StubRoutines::call_stub

---------------  P R O C E S S  ---------------

Threads class SMR info:
_java_thread_list=0x00000254e5ed9860, length=52, elements={
0x00000254d00201c0, 0x00000254d0020d70, 0x00000254dee668f0, 0x00000254dee671b0,
0x00000254dee67b60, 0x00000254dee68510, 0x00000254dee68f70, 0x00000254deea1a10,
0x00000254d000be30, 0x00000254dfa1ff50, 0x00000254e019cb40, 0x00000254e0196830,
0x00000254e019baf0, 0x00000254e023d9b0, 0x00000254e02486b0, 0x00000254e024cb90,
0x00000254e0259420, 0x00000254e0b1cd70, 0x00000254e0b1e0b0, 0x00000254e0b1e580,
0x00000254e0b1ea50, 0x00000254e0b1bf00, 0x00000254e0b1dbe0, 0x00000254e0b1d240,
0x00000254e0b1d710, 0x00000254e0b1c3d0, 0x00000254e0b1c8a0, 0x00000254e430ff10,
0x00000254e43108b0, 0x00000254e430f570, 0x00000254e430c550, 0x00000254e4313400,
0x00000254e4311720, 0x00000254e43103e0, 0x00000254e430e700, 0x00000254e430e230,
0x00000254e4310d80, 0x00000254e4312a60, 0x00000254e43138d0, 0x00000254e430ebd0,
0x00000254e430c080, 0x00000254e430d3c0, 0x00000254e4311250, 0x00000254e4311bf0,
0x00000254e4312590, 0x00000254e430fa40, 0x00000254e4312f30, 0x00000254e430ca20,
0x00000254e430f0a0, 0x00000254e430cef0, 0x00000254e430d890, 0x00000254e430dd60
}

Java Threads: ( => current thread )
  0x00000254d00201c0 JavaThread "Reference Handler" daemon [_thread_blocked, id=23448, stack(0x0000006720d00000,0x0000006720e00000)]
  0x00000254d0020d70 JavaThread "Finalizer" daemon [_thread_blocked, id=10064, stack(0x0000006720e00000,0x0000006720f00000)]
  0x00000254dee668f0 JavaThread "Signal Dispatcher" daemon [_thread_blocked, id=22924, stack(0x0000006720f00000,0x0000006721000000)]
  0x00000254dee671b0 JavaThread "Attach Listener" daemon [_thread_blocked, id=10084, stack(0x0000006721000000,0x0000006721100000)]
  0x00000254dee67b60 JavaThread "Service Thread" daemon [_thread_blocked, id=17292, stack(0x0000006721100000,0x0000006721200000)]
  0x00000254dee68510 JavaThread "Monitor Deflation Thread" daemon [_thread_blocked, id=23352, stack(0x0000006721200000,0x0000006721300000)]
  0x00000254dee68f70 JavaThread "C1 CompilerThread0" daemon [_thread_blocked, id=14084, stack(0x0000006721300000,0x0000006721400000)]
  0x00000254deea1a10 JavaThread "Sweeper thread" daemon [_thread_blocked, id=10720, stack(0x0000006721400000,0x0000006721500000)]
  0x00000254d000be30 JavaThread "Common-Cleaner" daemon [_thread_blocked, id=13208, stack(0x0000006721500000,0x0000006721600000)]
  0x00000254dfa1ff50 JavaThread "Notification Thread" daemon [_thread_blocked, id=10324, stack(0x0000006721600000,0x0000006721700000)]
  0x00000254e019cb40 JavaThread "RMI TCP Accept-0" daemon [_thread_in_native, id=10320, stack(0x0000006721a00000,0x0000006721b00000)]
  0x00000254e0196830 JavaThread "RMI TCP Accept-52351" daemon [_thread_in_native, id=10404, stack(0x0000006721b00000,0x0000006721c00000)]
  0x00000254e019baf0 JavaThread "RMI TCP Connection(idle)" daemon [_thread_blocked, id=18076, stack(0x0000006721c00000,0x0000006721d00000)]
  0x00000254e023d9b0 JavaThread "RMI TCP Accept-0" daemon [_thread_in_native, id=10744, stack(0x0000006721d00000,0x0000006721e00000)]
  0x00000254e02486b0 JavaThread "RMI Scheduler(0)" daemon [_thread_blocked, id=10268, stack(0x0000006721f00000,0x0000006722000000)]
  0x00000254e024cb90 JavaThread "RMI TCP Connection(idle)" daemon [_thread_blocked, id=15916, stack(0x0000006722000000,0x0000006722100000)]
  0x00000254e0259420 JavaThread "JMX server connection timeout 21" daemon [_thread_blocked, id=13096, stack(0x0000006722100000,0x0000006722200000)]
  0x00000254e0b1cd70 JavaThread "Catalina-utility-1" [_thread_blocked, id=21720, stack(0x0000006722600000,0x0000006722700000)]
  0x00000254e0b1e0b0 JavaThread "Catalina-utility-2" [_thread_blocked, id=18840, stack(0x0000006722700000,0x0000006722800000)]
  0x00000254e0b1e580 JavaThread "container-0" [_thread_blocked, id=12868, stack(0x0000006722800000,0x0000006722900000)]
  0x00000254e0b1ea50 JavaThread "HikariPool-1 housekeeper" daemon [_thread_blocked, id=19440, stack(0x0000006722900000,0x0000006722a00000)]
  0x00000254e0b1bf00 JavaThread "spring.cloud.inetutils" daemon [_thread_blocked, id=11676, stack(0x0000006722a00000,0x0000006722b00000)]
  0x00000254e0b1dbe0 JavaThread "File Watcher" daemon [_thread_blocked, id=4336, stack(0x0000006722d00000,0x0000006722e00000)]
  0x00000254e0b1d240 JavaThread "Live Reload Server" daemon [_thread_in_native, id=3964, stack(0x0000006722f00000,0x0000006723000000)]
  0x00000254e0b1d710 JavaThread "http-nio-auto-1-exec-1" daemon [_thread_blocked, id=21824, stack(0x0000006722e00000,0x0000006722f00000)]
  0x00000254e0b1c3d0 JavaThread "http-nio-auto-1-exec-2" daemon [_thread_blocked, id=4192, stack(0x0000006723000000,0x0000006723100000)]
  0x00000254e0b1c8a0 JavaThread "http-nio-auto-1-exec-3" daemon [_thread_blocked, id=22320, stack(0x0000006723100000,0x0000006723200000)]
  0x00000254e430ff10 JavaThread "http-nio-auto-1-exec-4" daemon [_thread_blocked, id=14696, stack(0x0000006723200000,0x0000006723300000)]
  0x00000254e43108b0 JavaThread "http-nio-auto-1-exec-5" daemon [_thread_blocked, id=5636, stack(0x0000006723300000,0x0000006723400000)]
  0x00000254e430f570 JavaThread "http-nio-auto-1-exec-6" daemon [_thread_blocked, id=21512, stack(0x0000006723400000,0x0000006723500000)]
  0x00000254e430c550 JavaThread "http-nio-auto-1-exec-7" daemon [_thread_blocked, id=3516, stack(0x0000006723500000,0x0000006723600000)]
  0x00000254e4313400 JavaThread "http-nio-auto-1-exec-8" daemon [_thread_blocked, id=9804, stack(0x0000006723600000,0x0000006723700000)]
  0x00000254e4311720 JavaThread "http-nio-auto-1-exec-9" daemon [_thread_blocked, id=19780, stack(0x0000006723700000,0x0000006723800000)]
  0x00000254e43103e0 JavaThread "http-nio-auto-1-exec-10" daemon [_thread_blocked, id=13164, stack(0x0000006723800000,0x0000006723900000)]
  0x00000254e430e700 JavaThread "http-nio-auto-1-Poller" daemon [_thread_in_native, id=19348, stack(0x0000006723900000,0x0000006723a00000)]
  0x00000254e430e230 JavaThread "http-nio-auto-1-Acceptor" daemon [_thread_in_native, id=16220, stack(0x0000006723a00000,0x0000006723b00000)]
  0x00000254e4310d80 JavaThread "AsyncResolver-bootstrap-0" daemon [_thread_blocked, id=9736, stack(0x0000006723b00000,0x0000006723c00000)]
  0x00000254e4312a60 JavaThread "DiscoveryClient-0" daemon [_thread_blocked, id=12584, stack(0x0000006723c00000,0x0000006723d00000)]
  0x00000254e43138d0 JavaThread "DiscoveryClient-1" daemon [_thread_blocked, id=18592, stack(0x0000006723d00000,0x0000006723e00000)]
  0x00000254e430ebd0 JavaThread "DiscoveryClient-InstanceInfoReplicator-0" daemon [_thread_blocked, id=2292, stack(0x0000006723e00000,0x0000006723f00000)]
  0x00000254e430c080 JavaThread "DestroyJavaVM" [_thread_blocked, id=10640, stack(0x0000006720600000,0x0000006720700000)]
  0x00000254e430d3c0 JavaThread "RMI TCP Connection(idle)" daemon [_thread_blocked, id=10300, stack(0x0000006722200000,0x0000006722300000)]
  0x00000254e4311250 JavaThread "RMI TCP Connection(idle)" daemon [_thread_blocked, id=14856, stack(0x0000006722300000,0x0000006722400000)]
  0x00000254e4311bf0 JavaThread "RMI TCP Connection(idle)" daemon [_thread_blocked, id=22888, stack(0x0000006723f00000,0x0000006724000000)]
  0x00000254e4312590 JavaThread "RMI TCP Connection(idle)" daemon [_thread_blocked, id=13916, stack(0x0000006724100000,0x0000006724200000)]
  0x00000254e430fa40 JavaThread "RMI TCP Connection(idle)" daemon [_thread_blocked, id=20812, stack(0x0000006724200000,0x0000006724300000)]
  0x00000254e4312f30 JavaThread "RMI TCP Connection(idle)" daemon [_thread_blocked, id=13472, stack(0x0000006724300000,0x0000006724400000)]
=>0x00000254e430ca20 JavaThread "RMI TCP Connection(10)-127.0.0.1" daemon [_thread_in_vm, id=15848, stack(0x0000006724000000,0x0000006724100000)]
  0x00000254e430f0a0 JavaThread "JMX server connection timeout 115" daemon [_thread_blocked, id=3840, stack(0x0000006724400000,0x0000006724500000)]
  0x00000254e430cef0 JavaThread "RMI TCP Connection(idle)" daemon [_thread_blocked, id=22644, stack(0x0000006724500000,0x0000006724600000)]
  0x00000254e430d890 JavaThread "DiscoveryClient-CacheRefreshExecutor-0" daemon [_thread_blocked, id=19584, stack(0x0000006720300000,0x0000006720400000)]
  0x00000254e430dd60 JavaThread "DiscoveryClient-HeartbeatExecutor-0" daemon [_thread_blocked, id=21016, stack(0x0000006720400000,0x0000006720500000)]

Other Threads:
  0x00000254d001a720 VMThread "VM Thread" [stack: 0x0000006720c00000,0x0000006720d00000] [id=19312]
  0x00000254e019c3d0 WatcherThread [stack: 0x0000006721e00000,0x0000006721f00000] [id=9364]
  0x00000254cff9d6a0 GCTaskThread "GC Thread#0" [stack: 0x0000006720700000,0x0000006720800000] [id=11244]
  0x00000254e0101c30 GCTaskThread "GC Thread#1" [stack: 0x0000006721700000,0x0000006721800000] [id=11668]
  0x00000254e010cff0 GCTaskThread "GC Thread#2" [stack: 0x0000006721800000,0x0000006721900000] [id=22640]
  0x00000254e010d6b0 GCTaskThread "GC Thread#3" [stack: 0x0000006721900000,0x0000006721a00000] [id=15908]
  0x00000254cffa5fe0 ConcurrentGCThread "G1 Main Marker" [stack: 0x0000006720800000,0x0000006720900000] [id=13416]
  0x00000254cffa69f0 ConcurrentGCThread "G1 Conc#0" [stack: 0x0000006720900000,0x0000006720a00000] [id=23196]
  0x00000254cffe7d30 ConcurrentGCThread "G1 Refine#0" [stack: 0x0000006720a00000,0x0000006720b00000] [id=16488]
  0x00000254cffe9600 ConcurrentGCThread "G1 Service" [stack: 0x0000006720b00000,0x0000006720c00000] [id=10224]

Threads with active compile tasks:

VM state: not at safepoint (normal execution)

VM Mutex/Monitor currently owned by a thread:  ([mutex/lock_event])
[0x00000254cff694e0] Metaspace_lock - owner thread: 0x00000254e430ca20

Heap address: 0x00000000c3000000, size: 976 MB, Compressed Oops mode: 32-bit

CDS archive(s) mapped at: [0x0000000800000000-0x0000000800bc0000-0x0000000800bc0000), size 12320768, SharedBaseAddress: 0x0000000800000000, ArchiveRelocationMode: 0.
Compressed class space mapped at: 0x0000000800c00000-0x0000000840c00000, reserved size: 1073741824
Narrow klass base: 0x0000000800000000, Narrow klass shift: 0, Narrow klass range: 0x100000000

GC Precious Log:
 CPUs: 4 total, 4 available
 Memory: 3902M
 Large Page Support: Disabled
 NUMA Support: Disabled
 Compressed Oops: Enabled (32-bit)
 Heap Region Size: 1M
 Heap Min Capacity: 8M
 Heap Initial Capacity: 62M
 Heap Max Capacity: 976M
 Pre-touch: Disabled
 Parallel Workers: 4
 Concurrent Workers: 1
 Concurrent Refinement Workers: 4
 Periodic GC: Disabled

Heap:
 garbage-first heap   total 208896K, used 113027K [0x00000000c3000000, 0x0000000100000000)
  region size 1024K, 37 young (37888K), 7 survivors (7168K)
 Metaspace       used 69822K, committed 70272K, reserved 1114112K
  class space    used 10187K, committed 10368K, reserved 1048576K

Heap Regions: E=young(eden), S=young(survivor), O=old, HS=humongous(starts), HC=humongous(continues), CS=collection set, F=free, OA=open archive, CA=closed archive, TAMS=top-at-mark-start (previous, next)
|   0|0x00000000c3000000, 0x00000000c3100000, 0x00000000c3100000|100%|HS|  |TAMS 0x00000000c3100000, 0x00000000c3000000| Complete 
|   1|0x00000000c3100000, 0x00000000c3200000, 0x00000000c3200000|100%| O|  |TAMS 0x00000000c3200000, 0x00000000c3100000| Untracked 
|   2|0x00000000c3200000, 0x00000000c3300000, 0x00000000c3300000|100%| O|  |TAMS 0x00000000c3300000, 0x00000000c3200000| Untracked 
|   3|0x00000000c3300000, 0x00000000c3400000, 0x00000000c3400000|100%| O|  |TAMS 0x00000000c3400000, 0x00000000c3300000| Untracked 
|   4|0x00000000c3400000, 0x00000000c3500000, 0x00000000c3500000|100%| O|  |TAMS 0x00000000c3500000, 0x00000000c3400000| Untracked 
|   5|0x00000000c3500000, 0x00000000c3600000, 0x00000000c3600000|100%| O|  |TAMS 0x00000000c3600000, 0x00000000c3500000| Untracked 
|   6|0x00000000c3600000, 0x00000000c3700000, 0x00000000c3700000|100%| O|  |TAMS 0x00000000c3700000, 0x00000000c3600000| Untracked 
|   7|0x00000000c3700000, 0x00000000c3800000, 0x00000000c3800000|100%| O|  |TAMS 0x00000000c3800000, 0x00000000c3700000| Untracked 
|   8|0x00000000c3800000, 0x00000000c3900000, 0x00000000c3900000|100%| O|  |TAMS 0x00000000c3900000, 0x00000000c3800000| Untracked 
|   9|0x00000000c3900000, 0x00000000c3a00000, 0x00000000c3a00000|100%| O|  |TAMS 0x00000000c3a00000, 0x00000000c3900000| Untracked 
|  10|0x00000000c3a00000, 0x00000000c3b00000, 0x00000000c3b00000|100%| O|  |TAMS 0x00000000c3b00000, 0x00000000c3a00000| Untracked 
|  11|0x00000000c3b00000, 0x00000000c3c00000, 0x00000000c3c00000|100%| O|  |TAMS 0x00000000c3c00000, 0x00000000c3b00000| Untracked 
|  12|0x00000000c3c00000, 0x00000000c3d00000, 0x00000000c3d00000|100%| O|  |TAMS 0x00000000c3d00000, 0x00000000c3c00000| Untracked 
|  13|0x00000000c3d00000, 0x00000000c3de5000, 0x00000000c3e00000| 89%| O|  |TAMS 0x00000000c3de5000, 0x00000000c3d00000| Untracked 
|  14|0x00000000c3e00000, 0x00000000c3f00000, 0x00000000c3f00000|100%| O|  |TAMS 0x00000000c3f00000, 0x00000000c3e00000| Untracked 
|  15|0x00000000c3f00000, 0x00000000c4000000, 0x00000000c4000000|100%| O|  |TAMS 0x00000000c4000000, 0x00000000c3f00000| Untracked 
|  16|0x00000000c4000000, 0x00000000c4100000, 0x00000000c4100000|100%| O|  |TAMS 0x00000000c4100000, 0x00000000c4000000| Untracked 
|  17|0x00000000c4100000, 0x00000000c4200000, 0x00000000c4200000|100%| O|  |TAMS 0x00000000c4200000, 0x00000000c4100000| Untracked 
|  18|0x00000000c4200000, 0x00000000c4300000, 0x00000000c4300000|100%| O|  |TAMS 0x00000000c4300000, 0x00000000c4200000| Untracked 
|  19|0x00000000c4300000, 0x00000000c4400000, 0x00000000c4400000|100%| O|  |TAMS 0x00000000c4400000, 0x00000000c4300000| Untracked 
|  20|0x00000000c4400000, 0x00000000c4500000, 0x00000000c4500000|100%| O|  |TAMS 0x00000000c4500000, 0x00000000c4400000| Untracked 
|  21|0x00000000c4500000, 0x00000000c4600000, 0x00000000c4600000|100%| O|  |TAMS 0x00000000c4600000, 0x00000000c4500000| Untracked 
|  22|0x00000000c4600000, 0x00000000c4700000, 0x00000000c4700000|100%| O|  |TAMS 0x00000000c4700000, 0x00000000c4600000| Untracked 
|  23|0x00000000c4700000, 0x00000000c4800000, 0x00000000c4800000|100%| O|  |TAMS 0x00000000c4800000, 0x00000000c4700000| Untracked 
|  24|0x00000000c4800000, 0x00000000c4900000, 0x00000000c4900000|100%| O|  |TAMS 0x00000000c4900000, 0x00000000c4800000| Untracked 
|  25|0x00000000c4900000, 0x00000000c4a00000, 0x00000000c4a00000|100%| O|  |TAMS 0x00000000c4a00000, 0x00000000c4900000| Untracked 
|  26|0x00000000c4a00000, 0x00000000c4b00000, 0x00000000c4b00000|100%| O|  |TAMS 0x00000000c4b00000, 0x00000000c4a00000| Untracked 
|  27|0x00000000c4b00000, 0x00000000c4c00000, 0x00000000c4c00000|100%| O|  |TAMS 0x00000000c4c00000, 0x00000000c4b00000| Untracked 
|  28|0x00000000c4c00000, 0x00000000c4d00000, 0x00000000c4d00000|100%| O|  |TAMS 0x00000000c4d00000, 0x00000000c4c00000| Untracked 
|  29|0x00000000c4d00000, 0x00000000c4e00000, 0x00000000c4e00000|100%| O|  |TAMS 0x00000000c4e00000, 0x00000000c4d00000| Untracked 
|  30|0x00000000c4e00000, 0x00000000c4f00000, 0x00000000c4f00000|100%| O|  |TAMS 0x00000000c4f00000, 0x00000000c4e00000| Untracked 
|  31|0x00000000c4f00000, 0x00000000c5000000, 0x00000000c5000000|100%| O|  |TAMS 0x00000000c5000000, 0x00000000c4f00000| Untracked 
|  32|0x00000000c5000000, 0x00000000c5100000, 0x00000000c5100000|100%| O|  |TAMS 0x00000000c5100000, 0x00000000c5000000| Untracked 
|  33|0x00000000c5100000, 0x00000000c5200000, 0x00000000c5200000|100%| O|  |TAMS 0x00000000c5200000, 0x00000000c5100000| Untracked 
|  34|0x00000000c5200000, 0x00000000c5300000, 0x00000000c5300000|100%| O|  |TAMS 0x00000000c5300000, 0x00000000c5200000| Untracked 
|  35|0x00000000c5300000, 0x00000000c5400000, 0x00000000c5400000|100%| O|  |TAMS 0x00000000c5400000, 0x00000000c5300000| Untracked 
|  36|0x00000000c5400000, 0x00000000c5500000, 0x00000000c5500000|100%| O|  |TAMS 0x00000000c5500000, 0x00000000c5400000| Untracked 
|  37|0x00000000c5500000, 0x00000000c5600000, 0x00000000c5600000|100%| O|  |TAMS 0x00000000c5600000, 0x00000000c5500000| Untracked 
|  38|0x00000000c5600000, 0x00000000c5700000, 0x00000000c5700000|100%| O|  |TAMS 0x00000000c5600000, 0x00000000c5600000| Untracked 
|  39|0x00000000c5700000, 0x00000000c5800000, 0x00000000c5800000|100%| O|  |TAMS 0x00000000c5800000, 0x00000000c5700000| Untracked 
|  40|0x00000000c5800000, 0x00000000c5900000, 0x00000000c5900000|100%| O|  |TAMS 0x00000000c5900000, 0x00000000c5800000| Untracked 
|  41|0x00000000c5900000, 0x00000000c5a00000, 0x00000000c5a00000|100%| O|  |TAMS 0x00000000c5a00000, 0x00000000c5900000| Untracked 
|  42|0x00000000c5a00000, 0x00000000c5b00000, 0x00000000c5b00000|100%| O|  |TAMS 0x00000000c5b00000, 0x00000000c5a00000| Untracked 
|  43|0x00000000c5b00000, 0x00000000c5c00000, 0x00000000c5c00000|100%| O|  |TAMS 0x00000000c5c00000, 0x00000000c5b00000| Untracked 
|  44|0x00000000c5c00000, 0x00000000c5d00000, 0x00000000c5d00000|100%| O|  |TAMS 0x00000000c5d00000, 0x00000000c5c00000| Untracked 
|  45|0x00000000c5d00000, 0x00000000c5e00000, 0x00000000c5e00000|100%| O|  |TAMS 0x00000000c5e00000, 0x00000000c5d00000| Untracked 
|  46|0x00000000c5e00000, 0x00000000c5f00000, 0x00000000c5f00000|100%| O|  |TAMS 0x00000000c5f00000, 0x00000000c5e00000| Untracked 
|  47|0x00000000c5f00000, 0x00000000c6000000, 0x00000000c6000000|100%| O|  |TAMS 0x00000000c6000000, 0x00000000c5f00000| Untracked 
|  48|0x00000000c6000000, 0x00000000c6100000, 0x00000000c6100000|100%| O|  |TAMS 0x00000000c6100000, 0x00000000c6000000| Untracked 
|  49|0x00000000c6100000, 0x00000000c6100000, 0x00000000c6200000|  0%| F|  |TAMS 0x00000000c6100000, 0x00000000c6100000| Untracked 
|  50|0x00000000c6200000, 0x00000000c6300000, 0x00000000c6300000|100%| O|  |TAMS 0x00000000c6200000, 0x00000000c6200000| Untracked 
|  51|0x00000000c6300000, 0x00000000c6400000, 0x00000000c6400000|100%| O|  |TAMS 0x00000000c6300000, 0x00000000c6300000| Untracked 
|  52|0x00000000c6400000, 0x00000000c6500000, 0x00000000c6500000|100%| O|  |TAMS 0x00000000c6400000, 0x00000000c6400000| Untracked 
|  53|0x00000000c6500000, 0x00000000c6600000, 0x00000000c6600000|100%| O|  |TAMS 0x00000000c6500000, 0x00000000c6500000| Untracked 
|  54|0x00000000c6600000, 0x00000000c6700000, 0x00000000c6700000|100%| O|  |TAMS 0x00000000c6600000, 0x00000000c6600000| Untracked 
|  55|0x00000000c6700000, 0x00000000c6800000, 0x00000000c6800000|100%| O|  |TAMS 0x00000000c6700000, 0x00000000c6700000| Untracked 
|  56|0x00000000c6800000, 0x00000000c6900000, 0x00000000c6900000|100%| O|  |TAMS 0x00000000c6800000, 0x00000000c6800000| Untracked 
|  57|0x00000000c6900000, 0x00000000c6a00000, 0x00000000c6a00000|100%| O|  |TAMS 0x00000000c6900000, 0x00000000c6900000| Untracked 
|  58|0x00000000c6a00000, 0x00000000c6b00000, 0x00000000c6b00000|100%| O|  |TAMS 0x00000000c6a00000, 0x00000000c6a00000| Untracked 
|  59|0x00000000c6b00000, 0x00000000c6b00000, 0x00000000c6c00000|  0%| F|  |TAMS 0x00000000c6b00000, 0x00000000c6b00000| Untracked 
|  60|0x00000000c6c00000, 0x00000000c6d00000, 0x00000000c6d00000|100%| O|  |TAMS 0x00000000c6c00000, 0x00000000c6c00000| Untracked 
|  61|0x00000000c6d00000, 0x00000000c6e00000, 0x00000000c6e00000|100%| O|  |TAMS 0x00000000c6d00000, 0x00000000c6d00000| Untracked 
|  62|0x00000000c6e00000, 0x00000000c6f00000, 0x00000000c6f00000|100%| O|  |TAMS 0x00000000c6e00000, 0x00000000c6e00000| Untracked 
|  63|0x00000000c6f00000, 0x00000000c7000000, 0x00000000c7000000|100%| O|  |TAMS 0x00000000c6f00000, 0x00000000c6f00000| Untracked 
|  64|0x00000000c7000000, 0x00000000c7100000, 0x00000000c7100000|100%| O|  |TAMS 0x00000000c7000000, 0x00000000c7000000| Untracked 
|  65|0x00000000c7100000, 0x00000000c7200000, 0x00000000c7200000|100%| O|  |TAMS 0x00000000c7100000, 0x00000000c7100000| Untracked 
|  66|0x00000000c7200000, 0x00000000c7300000, 0x00000000c7300000|100%| O|  |TAMS 0x00000000c7200000, 0x00000000c7200000| Untracked 
|  67|0x00000000c7300000, 0x00000000c7400000, 0x00000000c7400000|100%| O|  |TAMS 0x00000000c7300000, 0x00000000c7300000| Untracked 
|  68|0x00000000c7400000, 0x00000000c7500000, 0x00000000c7500000|100%| O|  |TAMS 0x00000000c7400000, 0x00000000c7400000| Untracked 
|  69|0x00000000c7500000, 0x00000000c7600000, 0x00000000c7600000|100%| O|  |TAMS 0x00000000c7500000, 0x00000000c7500000| Untracked 
|  70|0x00000000c7600000, 0x00000000c7700000, 0x00000000c7700000|100%| O|  |TAMS 0x00000000c7600000, 0x00000000c7600000| Untracked 
|  71|0x00000000c7700000, 0x00000000c7800000, 0x00000000c7800000|100%| O|  |TAMS 0x00000000c7700000, 0x00000000c7700000| Untracked 
|  72|0x00000000c7800000, 0x00000000c7900000, 0x00000000c7900000|100%| O|  |TAMS 0x00000000c7800000, 0x00000000c7800000| Untracked 
|  73|0x00000000c7900000, 0x00000000c7a00000, 0x00000000c7a00000|100%| O|  |TAMS 0x00000000c7900000, 0x00000000c7900000| Untracked 
|  74|0x00000000c7a00000, 0x00000000c7b00000, 0x00000000c7b00000|100%| O|  |TAMS 0x00000000c7a00000, 0x00000000c7a00000| Untracked 
|  75|0x00000000c7b00000, 0x00000000c7c00000, 0x00000000c7c00000|100%| O|  |TAMS 0x00000000c7b00000, 0x00000000c7b00000| Untracked 
|  76|0x00000000c7c00000, 0x00000000c7d00000, 0x00000000c7d00000|100%| O|  |TAMS 0x00000000c7c00000, 0x00000000c7c00000| Untracked 
|  77|0x00000000c7d00000, 0x00000000c7d00000, 0x00000000c7e00000|  0%| F|  |TAMS 0x00000000c7d00000, 0x00000000c7d00000| Untracked 
|  78|0x00000000c7e00000, 0x00000000c7e00000, 0x00000000c7f00000|  0%| F|  |TAMS 0x00000000c7e00000, 0x00000000c7e00000| Untracked 
|  79|0x00000000c7f00000, 0x00000000c7f00000, 0x00000000c8000000|  0%| F|  |TAMS 0x00000000c7f00000, 0x00000000c7f00000| Untracked 
|  80|0x00000000c8000000, 0x00000000c8000000, 0x00000000c8100000|  0%| F|  |TAMS 0x00000000c8000000, 0x00000000c8000000| Untracked 
|  81|0x00000000c8100000, 0x00000000c8100000, 0x00000000c8200000|  0%| F|  |TAMS 0x00000000c8100000, 0x00000000c8100000| Untracked 
|  82|0x00000000c8200000, 0x00000000c8200000, 0x00000000c8300000|  0%| F|  |TAMS 0x00000000c8200000, 0x00000000c8200000| Untracked 
|  83|0x00000000c8300000, 0x00000000c8300000, 0x00000000c8400000|  0%| F|  |TAMS 0x00000000c8300000, 0x00000000c8300000| Untracked 
|  84|0x00000000c8400000, 0x00000000c8400000, 0x00000000c8500000|  0%| F|  |TAMS 0x00000000c8400000, 0x00000000c8400000| Untracked 
|  85|0x00000000c8500000, 0x00000000c8500000, 0x00000000c8600000|  0%| F|  |TAMS 0x00000000c8500000, 0x00000000c8500000| Untracked 
|  86|0x00000000c8600000, 0x00000000c8600000, 0x00000000c8700000|  0%| F|  |TAMS 0x00000000c8600000, 0x00000000c8600000| Untracked 
|  87|0x00000000c8700000, 0x00000000c8700000, 0x00000000c8800000|  0%| F|  |TAMS 0x00000000c8700000, 0x00000000c8700000| Untracked 
|  88|0x00000000c8800000, 0x00000000c8800000, 0x00000000c8900000|  0%| F|  |TAMS 0x00000000c8800000, 0x00000000c8800000| Untracked 
|  89|0x00000000c8900000, 0x00000000c8900000, 0x00000000c8a00000|  0%| F|  |TAMS 0x00000000c8900000, 0x00000000c8900000| Untracked 
|  90|0x00000000c8a00000, 0x00000000c8a00000, 0x00000000c8b00000|  0%| F|  |TAMS 0x00000000c8a00000, 0x00000000c8a00000| Untracked 
|  91|0x00000000c8b00000, 0x00000000c8b00000, 0x00000000c8c00000|  0%| F|  |TAMS 0x00000000c8b00000, 0x00000000c8b00000| Untracked 
|  92|0x00000000c8c00000, 0x00000000c8c00000, 0x00000000c8d00000|  0%| F|  |TAMS 0x00000000c8c00000, 0x00000000c8c00000| Untracked 
|  93|0x00000000c8d00000, 0x00000000c8d00000, 0x00000000c8e00000|  0%| F|  |TAMS 0x00000000c8d00000, 0x00000000c8d00000| Untracked 
|  94|0x00000000c8e00000, 0x00000000c8e00000, 0x00000000c8f00000|  0%| F|  |TAMS 0x00000000c8e00000, 0x00000000c8e00000| Untracked 
|  95|0x00000000c8f00000, 0x00000000c8f00000, 0x00000000c9000000|  0%| F|  |TAMS 0x00000000c8f00000, 0x00000000c8f00000| Untracked 
|  96|0x00000000c9000000, 0x00000000c9000000, 0x00000000c9100000|  0%| F|  |TAMS 0x00000000c9000000, 0x00000000c9000000| Untracked 
|  97|0x00000000c9100000, 0x00000000c9100000, 0x00000000c9200000|  0%| F|  |TAMS 0x00000000c9100000, 0x00000000c9100000| Untracked 
|  98|0x00000000c9200000, 0x00000000c9200000, 0x00000000c9300000|  0%| F|  |TAMS 0x00000000c9200000, 0x00000000c9200000| Untracked 
|  99|0x00000000c9300000, 0x00000000c9300000, 0x00000000c9400000|  0%| F|  |TAMS 0x00000000c9300000, 0x00000000c9300000| Untracked 
| 100|0x00000000c9400000, 0x00000000c9400000, 0x00000000c9500000|  0%| F|  |TAMS 0x00000000c9400000, 0x00000000c9400000| Untracked 
| 101|0x00000000c9500000, 0x00000000c9500000, 0x00000000c9600000|  0%| F|  |TAMS 0x00000000c9500000, 0x00000000c9500000| Untracked 
| 102|0x00000000c9600000, 0x00000000c9600000, 0x00000000c9700000|  0%| F|  |TAMS 0x00000000c9600000, 0x00000000c9600000| Untracked 
| 103|0x00000000c9700000, 0x00000000c9700000, 0x00000000c9800000|  0%| F|  |TAMS 0x00000000c9700000, 0x00000000c9700000| Untracked 
| 104|0x00000000c9800000, 0x00000000c9800000, 0x00000000c9900000|  0%| F|  |TAMS 0x00000000c9800000, 0x00000000c9800000| Untracked 
| 105|0x00000000c9900000, 0x00000000c9900000, 0x00000000c9a00000|  0%| F|  |TAMS 0x00000000c9900000, 0x00000000c9900000| Untracked 
| 106|0x00000000c9a00000, 0x00000000c9a00000, 0x00000000c9b00000|  0%| F|  |TAMS 0x00000000c9a00000, 0x00000000c9a00000| Untracked 
| 107|0x00000000c9b00000, 0x00000000c9b00000, 0x00000000c9c00000|  0%| F|  |TAMS 0x00000000c9b00000, 0x00000000c9b00000| Untracked 
| 108|0x00000000c9c00000, 0x00000000c9c00000, 0x00000000c9d00000|  0%| F|  |TAMS 0x00000000c9c00000, 0x00000000c9c00000| Untracked 
| 109|0x00000000c9d00000, 0x00000000c9d00000, 0x00000000c9e00000|  0%| F|  |TAMS 0x00000000c9d00000, 0x00000000c9d00000| Untracked 
| 110|0x00000000c9e00000, 0x00000000c9e00000, 0x00000000c9f00000|  0%| F|  |TAMS 0x00000000c9e00000, 0x00000000c9e00000| Untracked 
| 111|0x00000000c9f00000, 0x00000000c9f00000, 0x00000000ca000000|  0%| F|  |TAMS 0x00000000c9f00000, 0x00000000c9f00000| Untracked 
| 112|0x00000000ca000000, 0x00000000ca000000, 0x00000000ca100000|  0%| F|  |TAMS 0x00000000ca000000, 0x00000000ca000000| Untracked 
| 113|0x00000000ca100000, 0x00000000ca100000, 0x00000000ca200000|  0%| F|  |TAMS 0x00000000ca100000, 0x00000000ca100000| Untracked 
| 114|0x00000000ca200000, 0x00000000ca200000, 0x00000000ca300000|  0%| F|  |TAMS 0x00000000ca200000, 0x00000000ca200000| Untracked 
| 115|0x00000000ca300000, 0x00000000ca300000, 0x00000000ca400000|  0%| F|  |TAMS 0x00000000ca300000, 0x00000000ca300000| Untracked 
| 116|0x00000000ca400000, 0x00000000ca400000, 0x00000000ca500000|  0%| F|  |TAMS 0x00000000ca400000, 0x00000000ca400000| Untracked 
| 117|0x00000000ca500000, 0x00000000ca500000, 0x00000000ca600000|  0%| F|  |TAMS 0x00000000ca500000, 0x00000000ca500000| Untracked 
| 118|0x00000000ca600000, 0x00000000ca600000, 0x00000000ca700000|  0%| F|  |TAMS 0x00000000ca600000, 0x00000000ca600000| Untracked 
| 119|0x00000000ca700000, 0x00000000ca700000, 0x00000000ca800000|  0%| F|  |TAMS 0x00000000ca700000, 0x00000000ca700000| Untracked 
| 120|0x00000000ca800000, 0x00000000ca800000, 0x00000000ca900000|  0%| F|  |TAMS 0x00000000ca800000, 0x00000000ca800000| Untracked 
| 121|0x00000000ca900000, 0x00000000ca900000, 0x00000000caa00000|  0%| F|  |TAMS 0x00000000ca900000, 0x00000000ca900000| Untracked 
| 122|0x00000000caa00000, 0x00000000caa00000, 0x00000000cab00000|  0%| F|  |TAMS 0x00000000caa00000, 0x00000000caa00000| Untracked 
| 123|0x00000000cab00000, 0x00000000cab00000, 0x00000000cac00000|  0%| F|  |TAMS 0x00000000cab00000, 0x00000000cab00000| Untracked 
| 124|0x00000000cac00000, 0x00000000cac00000, 0x00000000cad00000|  0%| F|  |TAMS 0x00000000cac00000, 0x00000000cac00000| Untracked 
| 125|0x00000000cad00000, 0x00000000cad00000, 0x00000000cae00000|  0%| F|  |TAMS 0x00000000cad00000, 0x00000000cad00000| Untracked 
| 126|0x00000000cae00000, 0x00000000cae00000, 0x00000000caf00000|  0%| F|  |TAMS 0x00000000cae00000, 0x00000000cae00000| Untracked 
| 127|0x00000000caf00000, 0x00000000caf00000, 0x00000000cb000000|  0%| F|  |TAMS 0x00000000caf00000, 0x00000000caf00000| Untracked 
| 128|0x00000000cb000000, 0x00000000cb07bdb8, 0x00000000cb100000| 48%| S|CS|TAMS 0x00000000cb000000, 0x00000000cb000000| Complete 
| 129|0x00000000cb100000, 0x00000000cb200000, 0x00000000cb200000|100%| S|CS|TAMS 0x00000000cb100000, 0x00000000cb100000| Complete 
| 130|0x00000000cb200000, 0x00000000cb300000, 0x00000000cb300000|100%| S|CS|TAMS 0x00000000cb200000, 0x00000000cb200000| Complete 
| 131|0x00000000cb300000, 0x00000000cb400000, 0x00000000cb400000|100%| S|CS|TAMS 0x00000000cb300000, 0x00000000cb300000| Complete 
| 132|0x00000000cb400000, 0x00000000cb500000, 0x00000000cb500000|100%| S|CS|TAMS 0x00000000cb400000, 0x00000000cb400000| Complete 
| 133|0x00000000cb500000, 0x00000000cb600000, 0x00000000cb600000|100%| S|CS|TAMS 0x00000000cb500000, 0x00000000cb500000| Complete 
| 134|0x00000000cb600000, 0x00000000cb700000, 0x00000000cb700000|100%| S|CS|TAMS 0x00000000cb600000, 0x00000000cb600000| Complete 
| 135|0x00000000cb700000, 0x00000000cb700000, 0x00000000cb800000|  0%| F|  |TAMS 0x00000000cb700000, 0x00000000cb700000| Untracked 
| 136|0x00000000cb800000, 0x00000000cb800000, 0x00000000cb900000|  0%| F|  |TAMS 0x00000000cb800000, 0x00000000cb800000| Untracked 
| 137|0x00000000cb900000, 0x00000000cb900000, 0x00000000cba00000|  0%| F|  |TAMS 0x00000000cb900000, 0x00000000cb900000| Untracked 
| 138|0x00000000cba00000, 0x00000000cba00000, 0x00000000cbb00000|  0%| F|  |TAMS 0x00000000cba00000, 0x00000000cba00000| Untracked 
| 139|0x00000000cbb00000, 0x00000000cbb00000, 0x00000000cbc00000|  0%| F|  |TAMS 0x00000000cbb00000, 0x00000000cbb00000| Untracked 
| 140|0x00000000cbc00000, 0x00000000cbc00000, 0x00000000cbd00000|  0%| F|  |TAMS 0x00000000cbc00000, 0x00000000cbc00000| Untracked 
| 141|0x00000000cbd00000, 0x00000000cbd00000, 0x00000000cbe00000|  0%| F|  |TAMS 0x00000000cbd00000, 0x00000000cbd00000| Untracked 
| 142|0x00000000cbe00000, 0x00000000cbe00000, 0x00000000cbf00000|  0%| F|  |TAMS 0x00000000cbe00000, 0x00000000cbe00000| Untracked 
| 143|0x00000000cbf00000, 0x00000000cbf00000, 0x00000000cc000000|  0%| F|  |TAMS 0x00000000cbf00000, 0x00000000cbf00000| Untracked 
| 144|0x00000000cc000000, 0x00000000cc000000, 0x00000000cc100000|  0%| F|  |TAMS 0x00000000cc000000, 0x00000000cc000000| Untracked 
| 145|0x00000000cc100000, 0x00000000cc100000, 0x00000000cc200000|  0%| F|  |TAMS 0x00000000cc100000, 0x00000000cc100000| Untracked 
| 146|0x00000000cc200000, 0x00000000cc200000, 0x00000000cc300000|  0%| F|  |TAMS 0x00000000cc200000, 0x00000000cc200000| Untracked 
| 147|0x00000000cc300000, 0x00000000cc300000, 0x00000000cc400000|  0%| F|  |TAMS 0x00000000cc300000, 0x00000000cc300000| Untracked 
| 148|0x00000000cc400000, 0x00000000cc400000, 0x00000000cc500000|  0%| F|  |TAMS 0x00000000cc400000, 0x00000000cc400000| Untracked 
| 149|0x00000000cc500000, 0x00000000cc500000, 0x00000000cc600000|  0%| F|  |TAMS 0x00000000cc500000, 0x00000000cc500000| Untracked 
| 150|0x00000000cc600000, 0x00000000cc600000, 0x00000000cc700000|  0%| F|  |TAMS 0x00000000cc600000, 0x00000000cc600000| Untracked 
| 151|0x00000000cc700000, 0x00000000cc700000, 0x00000000cc800000|  0%| F|  |TAMS 0x00000000cc700000, 0x00000000cc700000| Untracked 
| 152|0x00000000cc800000, 0x00000000cc800000, 0x00000000cc900000|  0%| F|  |TAMS 0x00000000cc800000, 0x00000000cc800000| Untracked 
| 153|0x00000000cc900000, 0x00000000cc900000, 0x00000000cca00000|  0%| F|  |TAMS 0x00000000cc900000, 0x00000000cc900000| Untracked 
| 154|0x00000000cca00000, 0x00000000cca00000, 0x00000000ccb00000|  0%| F|  |TAMS 0x00000000cca00000, 0x00000000cca00000| Untracked 
| 155|0x00000000ccb00000, 0x00000000ccb00000, 0x00000000ccc00000|  0%| F|  |TAMS 0x00000000ccb00000, 0x00000000ccb00000| Untracked 
| 156|0x00000000ccc00000, 0x00000000ccc00000, 0x00000000ccd00000|  0%| F|  |TAMS 0x00000000ccc00000, 0x00000000ccc00000| Untracked 
| 157|0x00000000ccd00000, 0x00000000ccd00000, 0x00000000cce00000|  0%| F|  |TAMS 0x00000000ccd00000, 0x00000000ccd00000| Untracked 
| 158|0x00000000cce00000, 0x00000000cce00000, 0x00000000ccf00000|  0%| F|  |TAMS 0x00000000cce00000, 0x00000000cce00000| Untracked 
| 159|0x00000000ccf00000, 0x00000000ccf00000, 0x00000000cd000000|  0%| F|  |TAMS 0x00000000ccf00000, 0x00000000ccf00000| Untracked 
| 160|0x00000000cd000000, 0x00000000cd000000, 0x00000000cd100000|  0%| F|  |TAMS 0x00000000cd000000, 0x00000000cd000000| Untracked 
| 161|0x00000000cd100000, 0x00000000cd100000, 0x00000000cd200000|  0%| F|  |TAMS 0x00000000cd100000, 0x00000000cd100000| Untracked 
| 162|0x00000000cd200000, 0x00000000cd200000, 0x00000000cd300000|  0%| F|  |TAMS 0x00000000cd200000, 0x00000000cd200000| Untracked 
| 163|0x00000000cd300000, 0x00000000cd300000, 0x00000000cd400000|  0%| F|  |TAMS 0x00000000cd300000, 0x00000000cd300000| Untracked 
| 164|0x00000000cd400000, 0x00000000cd400000, 0x00000000cd500000|  0%| F|  |TAMS 0x00000000cd400000, 0x00000000cd400000| Untracked 
| 165|0x00000000cd500000, 0x00000000cd500000, 0x00000000cd600000|  0%| F|  |TAMS 0x00000000cd500000, 0x00000000cd500000| Untracked 
| 166|0x00000000cd600000, 0x00000000cd600000, 0x00000000cd700000|  0%| F|  |TAMS 0x00000000cd600000, 0x00000000cd600000| Untracked 
| 167|0x00000000cd700000, 0x00000000cd700000, 0x00000000cd800000|  0%| F|  |TAMS 0x00000000cd700000, 0x00000000cd700000| Untracked 
| 168|0x00000000cd800000, 0x00000000cd800000, 0x00000000cd900000|  0%| F|  |TAMS 0x00000000cd800000, 0x00000000cd800000| Untracked 
| 169|0x00000000cd900000, 0x00000000cd900000, 0x00000000cda00000|  0%| F|  |TAMS 0x00000000cd900000, 0x00000000cd900000| Untracked 
| 170|0x00000000cda00000, 0x00000000cda00000, 0x00000000cdb00000|  0%| F|  |TAMS 0x00000000cda00000, 0x00000000cda00000| Untracked 
| 171|0x00000000cdb00000, 0x00000000cdb00000, 0x00000000cdc00000|  0%| F|  |TAMS 0x00000000cdb00000, 0x00000000cdb00000| Untracked 
| 172|0x00000000cdc00000, 0x00000000cdc00000, 0x00000000cdd00000|  0%| F|  |TAMS 0x00000000cdc00000, 0x00000000cdc00000| Untracked 
| 173|0x00000000cdd00000, 0x00000000cdd00000, 0x00000000cde00000|  0%| F|  |TAMS 0x00000000cdd00000, 0x00000000cdd00000| Untracked 
| 174|0x00000000cde00000, 0x00000000cde23530, 0x00000000cdf00000| 13%| E|  |TAMS 0x00000000cde00000, 0x00000000cde00000| Complete 
| 175|0x00000000cdf00000, 0x00000000ce000000, 0x00000000ce000000|100%| E|CS|TAMS 0x00000000cdf00000, 0x00000000cdf00000| Complete 
| 176|0x00000000ce000000, 0x00000000ce100000, 0x00000000ce100000|100%| E|CS|TAMS 0x00000000ce000000, 0x00000000ce000000| Complete 
| 177|0x00000000ce100000, 0x00000000ce200000, 0x00000000ce200000|100%| E|CS|TAMS 0x00000000ce100000, 0x00000000ce100000| Complete 
| 178|0x00000000ce200000, 0x00000000ce300000, 0x00000000ce300000|100%| E|CS|TAMS 0x00000000ce200000, 0x00000000ce200000| Complete 
| 179|0x00000000ce300000, 0x00000000ce400000, 0x00000000ce400000|100%| E|CS|TAMS 0x00000000ce300000, 0x00000000ce300000| Complete 
| 180|0x00000000ce400000, 0x00000000ce500000, 0x00000000ce500000|100%| E|CS|TAMS 0x00000000ce400000, 0x00000000ce400000| Complete 
| 181|0x00000000ce500000, 0x00000000ce600000, 0x00000000ce600000|100%| E|CS|TAMS 0x00000000ce500000, 0x00000000ce500000| Complete 
| 182|0x00000000ce600000, 0x00000000ce700000, 0x00000000ce700000|100%| E|CS|TAMS 0x00000000ce600000, 0x00000000ce600000| Complete 
| 183|0x00000000ce700000, 0x00000000ce800000, 0x00000000ce800000|100%| E|CS|TAMS 0x00000000ce700000, 0x00000000ce700000| Complete 
| 184|0x00000000ce800000, 0x00000000ce900000, 0x00000000ce900000|100%| E|CS|TAMS 0x00000000ce800000, 0x00000000ce800000| Complete 
| 185|0x00000000ce900000, 0x00000000cea00000, 0x00000000cea00000|100%| E|CS|TAMS 0x00000000ce900000, 0x00000000ce900000| Complete 
| 186|0x00000000cea00000, 0x00000000ceb00000, 0x00000000ceb00000|100%| E|CS|TAMS 0x00000000cea00000, 0x00000000cea00000| Complete 
| 187|0x00000000ceb00000, 0x00000000cec00000, 0x00000000cec00000|100%| E|CS|TAMS 0x00000000ceb00000, 0x00000000ceb00000| Complete 
| 188|0x00000000cec00000, 0x00000000ced00000, 0x00000000ced00000|100%| E|CS|TAMS 0x00000000cec00000, 0x00000000cec00000| Complete 
| 189|0x00000000ced00000, 0x00000000cee00000, 0x00000000cee00000|100%| E|CS|TAMS 0x00000000ced00000, 0x00000000ced00000| Complete 
| 190|0x00000000cee00000, 0x00000000cef00000, 0x00000000cef00000|100%| E|CS|TAMS 0x00000000cee00000, 0x00000000cee00000| Complete 
| 191|0x00000000cef00000, 0x00000000cf000000, 0x00000000cf000000|100%| E|CS|TAMS 0x00000000cef00000, 0x00000000cef00000| Complete 
| 192|0x00000000cf000000, 0x00000000cf100000, 0x00000000cf100000|100%| E|CS|TAMS 0x00000000cf000000, 0x00000000cf000000| Complete 
| 193|0x00000000cf100000, 0x00000000cf200000, 0x00000000cf200000|100%| E|CS|TAMS 0x00000000cf100000, 0x00000000cf100000| Complete 
| 194|0x00000000cf200000, 0x00000000cf300000, 0x00000000cf300000|100%| E|CS|TAMS 0x00000000cf200000, 0x00000000cf200000| Complete 
| 195|0x00000000cf300000, 0x00000000cf400000, 0x00000000cf400000|100%| E|CS|TAMS 0x00000000cf300000, 0x00000000cf300000| Complete 
| 196|0x00000000cf400000, 0x00000000cf500000, 0x00000000cf500000|100%| E|CS|TAMS 0x00000000cf400000, 0x00000000cf400000| Complete 
| 197|0x00000000cf500000, 0x00000000cf600000, 0x00000000cf600000|100%| E|CS|TAMS 0x00000000cf500000, 0x00000000cf500000| Complete 
| 198|0x00000000cf600000, 0x00000000cf700000, 0x00000000cf700000|100%| E|CS|TAMS 0x00000000cf600000, 0x00000000cf600000| Complete 
| 199|0x00000000cf700000, 0x00000000cf800000, 0x00000000cf800000|100%| E|CS|TAMS 0x00000000cf700000, 0x00000000cf700000| Complete 
| 200|0x00000000cf800000, 0x00000000cf900000, 0x00000000cf900000|100%| E|CS|TAMS 0x00000000cf800000, 0x00000000cf800000| Complete 
| 201|0x00000000cf900000, 0x00000000cfa00000, 0x00000000cfa00000|100%| E|CS|TAMS 0x00000000cf900000, 0x00000000cf900000| Complete 
| 202|0x00000000cfa00000, 0x00000000cfb00000, 0x00000000cfb00000|100%| E|CS|TAMS 0x00000000cfa00000, 0x00000000cfa00000| Complete 
| 203|0x00000000cfb00000, 0x00000000cfc00000, 0x00000000cfc00000|100%| E|CS|TAMS 0x00000000cfb00000, 0x00000000cfb00000| Complete 

Card table byte_map: [0x00000254da7b0000,0x00000254da9a0000] _byte_map_base: 0x00000254da198000

Marking Bits (Prev, Next): (CMBitMap*) 0x00000254cff9dcf0, (CMBitMap*) 0x00000254cff9dcb0
 Prev Bits: [0x00000254dbad0000, 0x00000254dca10000)
 Next Bits: [0x00000254dab90000, 0x00000254dbad0000)

Polling page: 0x00000254cde20000

Metaspace:

Usage:
  Non-class:     58.24 MB used.
      Class:      9.95 MB used.
       Both:     68.19 MB used.

Virtual space:
  Non-class space:       64.00 MB reserved,      58.50 MB ( 91%) committed,  8 nodes.
      Class space:        1.00 GB reserved,      10.12 MB ( <1%) committed,  1 nodes.
             Both:        1.06 GB reserved,      68.62 MB (  6%) committed. 

Chunk freelists:
   Non-Class:  587.00 KB
       Class:  1.69 MB
        Both:  2.26 MB

MaxMetaspaceSize: unlimited
CompressedClassSpaceSize: 1.00 GB
Initial GC threshold: 21.00 MB
Current GC threshold: 100.31 MB
CDS: on
MetaspaceReclaimPolicy: balanced
 - commit_granule_bytes: 65536.
 - commit_granule_words: 8192.
 - virtual_space_node_default_size: 1048576.
 - enlarge_chunks_in_place: 1.
 - new_chunks_are_fully_committed: 0.
 - uncommit_free_chunks: 1.
 - use_allocation_guard: 0.
 - handle_deallocations: 1.


Internal statistics:

num_allocs_failed_limit: 9.
num_arena_births: 698.
num_arena_deaths: 66.
num_vsnodes_births: 9.
num_vsnodes_deaths: 0.
num_space_committed: 1098.
num_space_uncommitted: 0.
num_chunks_returned_to_freelist: 89.
num_chunks_taken_from_freelist: 3282.
num_chunk_merges: 30.
num_chunk_splits: 2314.
num_chunks_enlarged: 1764.
num_purges: 6.
num_inconsistent_stats: 0.

CodeCache: size=49152Kb used=13062Kb max_used=13062Kb free=36089Kb
 bounds [0x00000254d77b0000, 0x00000254d8480000, 0x00000254da7b0000]
 total_blobs=7592 nmethods=6958 adapters=561
 compilation: enabled
              stopped_count=0, restarted_count=0
 full_count=0

Compilation events (20 events):
Event: 109.338 Thread 0x00000254dee68f70 6949       1       com.fasterxml.jackson.databind.DeserializationFeature::getMask (5 bytes)
Event: 109.338 Thread 0x00000254dee68f70 nmethod 6949 0x00000254d846e290 code [0x00000254d846e420, 0x00000254d846e4f8]
Event: 109.338 Thread 0x00000254dee68f70 6950       1       com.fasterxml.jackson.core.json.UTF8StreamJsonParser::_padLastQuad (17 bytes)
Event: 109.338 Thread 0x00000254dee68f70 nmethod 6950 0x00000254d846e590 code [0x00000254d846e720, 0x00000254d846e7d8]
Event: 109.340 Thread 0x00000254dee68f70 6951       1       com.fasterxml.jackson.core.base.ParserMinimalBase::hasToken (14 bytes)
Event: 109.344 Thread 0x00000254dee68f70 nmethod 6951 0x00000254d846e890 code [0x00000254d846ea20, 0x00000254d846eaf8]
Event: 109.344 Thread 0x00000254dee68f70 6952       1       com.fasterxml.jackson.core.json.UTF8StreamJsonParser::_finishAndReturnString (137 bytes)
Event: 109.365 Thread 0x00000254dee68f70 nmethod 6952 0x00000254d846eb90 code [0x00000254d846edc0, 0x00000254d846f1d8]
Event: 109.365 Thread 0x00000254dee68f70 6953       1       com.fasterxml.jackson.core.util.TextBuffer::emptyAndGetCurrentSegment (63 bytes)
Event: 109.390 Thread 0x00000254dee68f70 nmethod 6953 0x00000254d846f590 code [0x00000254d846f740, 0x00000254d846fa58]
Event: 109.393 Thread 0x00000254dee68f70 6954       1       com.fasterxml.jackson.core.json.UTF8StreamJsonParser::_parseName (312 bytes)
Event: 109.397 Thread 0x00000254dee68f70 nmethod 6954 0x00000254d846fb90 code [0x00000254d846fe20, 0x00000254d84704b8]
Event: 111.175 Thread 0x00000254dee68f70 6957       1       org.springframework.boot.devtools.filewatch.DirectorySnapshot::equals (46 bytes)
Event: 111.201 Thread 0x00000254dee68f70 nmethod 6957 0x00000254d8470790 code [0x00000254d8470960, 0x00000254d8470bf8]
Event: 113.080 Thread 0x00000254dee68f70 6958       1       java.util.concurrent.ForkJoinPool::managedBlock (36 bytes)
Event: 113.099 Thread 0x00000254dee68f70 nmethod 6958 0x00000254d8470e10 code [0x00000254d8470fe0, 0x00000254d8471278]
Event: 113.099 Thread 0x00000254dee68f70 6959       1       java.util.concurrent.ForkJoinPool::unmanagedBlock (31 bytes)
Event: 113.100 Thread 0x00000254dee68f70 nmethod 6959 0x00000254d8471410 code [0x00000254d84715c0, 0x00000254d8471768]
Event: 113.773 Thread 0x00000254dee68f70 6960       1       java.util.concurrent.locks.LockSupport::park (9 bytes)
Event: 113.790 Thread 0x00000254dee68f70 nmethod 6960 0x00000254d8471890 code [0x00000254d8471a20, 0x00000254d8471ae8]

GC Heap History (20 events):
Event: 34.224 GC heap before
{Heap before GC invocations=28 (full 0):
 garbage-first heap   total 70656K, used 43726K [0x00000000c3000000, 0x0000000100000000)
  region size 1024K, 4 young (4096K), 3 survivors (3072K)
 Metaspace       used 61225K, committed 61632K, reserved 1105920K
  class space    used 8853K, committed 9024K, reserved 1048576K
}
Event: 34.236 GC heap after
{Heap after GC invocations=29 (full 0):
 garbage-first heap   total 84992K, used 42961K [0x00000000c3000000, 0x0000000100000000)
  region size 1024K, 1 young (1024K), 1 survivors (1024K)
 Metaspace       used 61225K, committed 61632K, reserved 1105920K
  class space    used 8853K, committed 9024K, reserved 1048576K
}
Event: 34.442 GC heap before
{Heap before GC invocations=29 (full 0):
 garbage-first heap   total 84992K, used 56273K [0x00000000c3000000, 0x0000000100000000)
  region size 1024K, 15 young (15360K), 1 survivors (1024K)
 Metaspace       used 61225K, committed 61632K, reserved 1105920K
  class space    used 8853K, committed 9024K, reserved 1048576K
}
Event: 34.447 GC heap after
{Heap after GC invocations=30 (full 0):
 garbage-first heap   total 84992K, used 45216K [0x00000000c3000000, 0x0000000100000000)
  region size 1024K, 3 young (3072K), 3 survivors (3072K)
 Metaspace       used 61225K, committed 61632K, reserved 1105920K
  class space    used 8853K, committed 9024K, reserved 1048576K
}
Event: 34.897 GC heap before
{Heap before GC invocations=31 (full 0):
 garbage-first heap   total 86016K, used 67744K [0x00000000c3000000, 0x0000000100000000)
  region size 1024K, 24 young (24576K), 3 survivors (3072K)
 Metaspace       used 61225K, committed 61632K, reserved 1105920K
  class space    used 8853K, committed 9024K, reserved 1048576K
}
Event: 34.905 GC heap after
{Heap after GC invocations=32 (full 0):
 garbage-first heap   total 86016K, used 49806K [0x00000000c3000000, 0x0000000100000000)
  region size 1024K, 3 young (3072K), 3 survivors (3072K)
 Metaspace       used 61225K, committed 61632K, reserved 1105920K
  class space    used 8853K, committed 9024K, reserved 1048576K
}
Event: 34.966 GC heap before
{Heap before GC invocations=32 (full 0):
 garbage-first heap   total 86016K, used 50830K [0x00000000c3000000, 0x0000000100000000)
  region size 1024K, 4 young (4096K), 3 survivors (3072K)
 Metaspace       used 61225K, committed 61632K, reserved 1105920K
  class space    used 8853K, committed 9024K, reserved 1048576K
}
Event: 34.975 GC heap after
{Heap after GC invocations=33 (full 0):
 garbage-first heap   total 86016K, used 50281K [0x00000000c3000000, 0x0000000100000000)
  region size 1024K, 1 young (1024K), 1 survivors (1024K)
 Metaspace       used 61225K, committed 61632K, reserved 1105920K
  class space    used 8853K, committed 9024K, reserved 1048576K
}
Event: 35.202 GC heap before
{Heap before GC invocations=33 (full 0):
 garbage-first heap   total 86016K, used 66665K [0x00000000c3000000, 0x0000000100000000)
  region size 1024K, 18 young (18432K), 1 survivors (1024K)
 Metaspace       used 61238K, committed 61632K, reserved 1105920K
  class space    used 8856K, committed 9024K, reserved 1048576K
}
Event: 35.213 GC heap after
{Heap after GC invocations=34 (full 0):
 garbage-first heap   total 86016K, used 57408K [0x00000000c3000000, 0x0000000100000000)
  region size 1024K, 3 young (3072K), 3 survivors (3072K)
 Metaspace       used 61238K, committed 61632K, reserved 1105920K
  class space    used 8856K, committed 9024K, reserved 1048576K
}
Event: 36.205 GC heap before
{Heap before GC invocations=35 (full 0):
 garbage-first heap   total 101376K, used 64576K [0x00000000c3000000, 0x0000000100000000)
  region size 1024K, 11 young (11264K), 3 survivors (3072K)
 Metaspace       used 61297K, committed 61632K, reserved 1105920K
  class space    used 8861K, committed 9024K, reserved 1048576K
}
Event: 36.213 GC heap after
{Heap after GC invocations=36 (full 0):
 garbage-first heap   total 101376K, used 59160K [0x00000000c3000000, 0x0000000100000000)
  region size 1024K, 2 young (2048K), 2 survivors (2048K)
 Metaspace       used 61297K, committed 61632K, reserved 1105920K
  class space    used 8861K, committed 9024K, reserved 1048576K
}
Event: 36.233 GC heap before
{Heap before GC invocations=36 (full 0):
 garbage-first heap   total 101376K, used 61208K [0x00000000c3000000, 0x0000000100000000)
  region size 1024K, 4 young (4096K), 2 survivors (2048K)
 Metaspace       used 61297K, committed 61632K, reserved 1105920K
  class space    used 8861K, committed 9024K, reserved 1048576K
}
Event: 36.238 GC heap after
{Heap after GC invocations=37 (full 0):
 garbage-first heap   total 208896K, used 59836K [0x00000000c3000000, 0x0000000100000000)
  region size 1024K, 1 young (1024K), 1 survivors (1024K)
 Metaspace       used 61297K, committed 61632K, reserved 1105920K
  class space    used 8861K, committed 9024K, reserved 1048576K
}
Event: 37.387 GC heap before
{Heap before GC invocations=37 (full 0):
 garbage-first heap   total 208896K, used 136636K [0x00000000c3000000, 0x0000000100000000)
  region size 1024K, 75 young (76800K), 1 survivors (1024K)
 Metaspace       used 61297K, committed 61632K, reserved 1105920K
  class space    used 8861K, committed 9024K, reserved 1048576K
}
Event: 37.425 GC heap after
{Heap after GC invocations=38 (full 0):
 garbage-first heap   total 208896K, used 78661K [0x00000000c3000000, 0x0000000100000000)
  region size 1024K, 10 young (10240K), 10 survivors (10240K)
 Metaspace       used 61297K, committed 61632K, reserved 1105920K
  class space    used 8861K, committed 9024K, reserved 1048576K
}
Event: 38.909 GC heap before
{Heap before GC invocations=38 (full 0):
 garbage-first heap   total 208896K, used 138053K [0x00000000c3000000, 0x0000000100000000)
  region size 1024K, 67 young (68608K), 10 survivors (10240K)
 Metaspace       used 61457K, committed 61888K, reserved 1105920K
  class space    used 8884K, committed 9088K, reserved 1048576K
}
Event: 38.931 GC heap after
{Heap after GC invocations=39 (full 0):
 garbage-first heap   total 208896K, used 78085K [0x00000000c3000000, 0x0000000100000000)
  region size 1024K, 2 young (2048K), 2 survivors (2048K)
 Metaspace       used 61457K, committed 61888K, reserved 1105920K
  class space    used 8884K, committed 9088K, reserved 1048576K
}
Event: 45.661 GC heap before
{Heap before GC invocations=39 (full 0):
 garbage-first heap   total 208896K, used 146693K [0x00000000c3000000, 0x0000000100000000)
  region size 1024K, 69 young (70656K), 2 survivors (2048K)
 Metaspace       used 67400K, committed 67840K, reserved 1114112K
  class space    used 9800K, committed 9984K, reserved 1048576K
}
Event: 45.751 GC heap after
{Heap after GC invocations=40 (full 0):
 garbage-first heap   total 208896K, used 83331K [0x00000000c3000000, 0x0000000100000000)
  region size 1024K, 7 young (7168K), 7 survivors (7168K)
 Metaspace       used 67400K, committed 67840K, reserved 1114112K
  class space    used 9800K, committed 9984K, reserved 1048576K
}

Deoptimization events (20 events):
Event: 12.396 Thread 0x00000254e0b1b090 DEOPT PACKING pc=0x00000254d7c96bad sp=0x00000067223fd9a0
Event: 12.396 Thread 0x00000254e0b1b090 DEOPT UNPACKING pc=0x00000254d7806763 sp=0x00000067223fcf00 mode 3
Event: 16.937 Thread 0x00000254e0b1b090 DEOPT PACKING pc=0x00000254d7bca824 sp=0x00000067223fcad0
Event: 16.938 Thread 0x00000254e0b1b090 DEOPT UNPACKING pc=0x00000254d7806763 sp=0x00000067223fc028 mode 0
Event: 22.985 Thread 0x00000254e0b1b090 DEOPT PACKING pc=0x00000254d7f748bc sp=0x00000067223fcfb0
Event: 22.986 Thread 0x00000254e0b1b090 DEOPT UNPACKING pc=0x00000254d7806763 sp=0x00000067223fc430 mode 3
Event: 23.003 Thread 0x00000254e0b1b090 DEOPT PACKING pc=0x00000254d7f76063 sp=0x00000067223fcbb0
Event: 23.003 Thread 0x00000254e0b1b090 DEOPT UNPACKING pc=0x00000254d7806763 sp=0x00000067223fc040 mode 3
Event: 31.701 Thread 0x00000254e0b1b090 DEOPT PACKING pc=0x00000254d7edf8f5 sp=0x00000067223f9b40
Event: 31.702 Thread 0x00000254e0b1b090 DEOPT UNPACKING pc=0x00000254d7806763 sp=0x00000067223f8f98 mode 3
Event: 32.636 Thread 0x00000254e0b1b090 DEOPT PACKING pc=0x00000254d7c0992a sp=0x00000067223f8b40
Event: 32.638 Thread 0x00000254e0b1b090 DEOPT UNPACKING pc=0x00000254d7806763 sp=0x00000067223f8048 mode 3
Event: 33.712 Thread 0x00000254e0b1b090 DEOPT PACKING pc=0x00000254d812ff7b sp=0x00000067223fc2f0
Event: 33.712 Thread 0x00000254e0b1b090 DEOPT UNPACKING pc=0x00000254d7806763 sp=0x00000067223fb838 mode 3
Event: 42.109 Thread 0x00000254e0b1b090 DEOPT PACKING pc=0x00000254d82a5399 sp=0x00000067223f9310
Event: 42.110 Thread 0x00000254e0b1b090 DEOPT UNPACKING pc=0x00000254d7806763 sp=0x00000067223f87f0 mode 3
Event: 45.191 Thread 0x00000254e0b1b090 DEOPT PACKING pc=0x00000254d8349cbd sp=0x00000067223fa0b0
Event: 45.192 Thread 0x00000254e0b1b090 DEOPT UNPACKING pc=0x00000254d7806763 sp=0x00000067223f9618 mode 3
Event: 47.651 Thread 0x00000254e0b1bf00 DEOPT PACKING pc=0x00000254d81c909c sp=0x0000006722aff2b0
Event: 47.651 Thread 0x00000254e0b1bf00 DEOPT UNPACKING pc=0x00000254d7806763 sp=0x0000006722afe830 mode 0

Classes unloaded (20 events):
Event: 33.259 Thread 0x00000254d001a720 Unloading class 0x0000000800cc4c00 'jdk/internal/reflect/GeneratedSerializationConstructorAccessor5'
Event: 33.260 Thread 0x00000254d001a720 Unloading class 0x0000000800cc4800 'jdk/internal/reflect/GeneratedSerializationConstructorAccessor4'
Event: 33.260 Thread 0x00000254d001a720 Unloading class 0x0000000800cc0800 'jdk/internal/reflect/GeneratedSerializationConstructorAccessor3'
Event: 33.260 Thread 0x00000254d001a720 Unloading class 0x0000000800cc0400 'jdk/internal/reflect/GeneratedSerializationConstructorAccessor2'
Event: 33.260 Thread 0x00000254d001a720 Unloading class 0x0000000800cc0000 'jdk/internal/reflect/GeneratedSerializationConstructorAccessor1'
Event: 33.260 Thread 0x00000254d001a720 Unloading class 0x0000000800c08800 'java/lang/invoke/LambdaForm$DMH+0x0000000800c08800'
Event: 33.260 Thread 0x00000254d001a720 Unloading class 0x0000000800c08000 'java/lang/invoke/LambdaForm$DMH+0x0000000800c08000'
Event: 33.260 Thread 0x00000254d001a720 Unloading class 0x0000000800c07400 'jdk/internal/reflect/GeneratedConstructorAccessor1'
Event: 33.260 Thread 0x00000254d001a720 Unloading class 0x0000000800c04400 'java/lang/invoke/LambdaForm$MH+0x0000000800c04400'
Event: 33.260 Thread 0x00000254d001a720 Unloading class 0x0000000800c04000 'java/lang/invoke/LambdaForm$MH+0x0000000800c04000'
Event: 35.322 Thread 0x00000254d001a720 Unloading class 0x0000000800e20400 'java/lang/invoke/LambdaForm$DMH+0x0000000800e20400'
Event: 35.322 Thread 0x00000254d001a720 Unloading class 0x0000000800d56c00 'java/lang/invoke/LambdaForm$MH+0x0000000800d56c00'
Event: 35.322 Thread 0x00000254d001a720 Unloading class 0x0000000800d56000 'java/lang/invoke/LambdaForm$MH+0x0000000800d56000'
Event: 35.322 Thread 0x00000254d001a720 Unloading class 0x0000000800cc3000 'java/lang/invoke/LambdaForm$MH+0x0000000800cc3000'
Event: 35.322 Thread 0x00000254d001a720 Unloading class 0x0000000800cc2800 'java/lang/invoke/LambdaForm$MH+0x0000000800cc2800'
Event: 35.322 Thread 0x00000254d001a720 Unloading class 0x0000000800cc2400 'java/lang/invoke/LambdaForm$MH+0x0000000800cc2400'
Event: 35.322 Thread 0x00000254d001a720 Unloading class 0x0000000800cc2000 'java/lang/invoke/LambdaForm$MH+0x0000000800cc2000'
Event: 35.322 Thread 0x00000254d001a720 Unloading class 0x0000000800cc1c00 'java/lang/invoke/LambdaForm$MH+0x0000000800cc1c00'
Event: 35.322 Thread 0x00000254d001a720 Unloading class 0x0000000800cc1800 'java/lang/invoke/LambdaForm$MH+0x0000000800cc1800'
Event: 35.322 Thread 0x00000254d001a720 Unloading class 0x0000000800c03800 'java/lang/invoke/LambdaForm$MH+0x0000000800c03800'

Classes redefined (0 events):
No events

Internal exceptions (20 events):
Event: 55.205 Thread 0x00000254e430ca20 Exception <a 'java/lang/ClassNotFoundException'{0x00000000ce938598}: org/springframework/context/support/LiveBeansView> (0x00000000ce938598) 
thrown [t:\workspace\open\src\hotspot\share\classfile\systemDictionary.cpp, line 256]
Event: 55.205 Thread 0x00000254e430ca20 Exception <a 'java/lang/ClassNotFoundException'{0x00000000ce938a10}: org/springframework/boot/actuate/endpoint/jmx/EndpointMBean> (0x00000000ce938a10) 
thrown [t:\workspace\open\src\hotspot\share\classfile\systemDictionary.cpp, line 256]
Event: 55.205 Thread 0x00000254e430ca20 Exception <a 'java/lang/ClassNotFoundException'{0x00000000ce938dd8}: org/springframework/boot/actuate/endpoint/jmx/DataEndpointMBean> (0x00000000ce938dd8) 
thrown [t:\workspace\open\src\hotspot\share\classfile\systemDictionary.cpp, line 256]
Event: 55.205 Thread 0x00000254e430ca20 Exception <a 'java/lang/ClassNotFoundException'{0x00000000ce939198}: org/springframework/context/support/LiveBeansView> (0x00000000ce939198) 
thrown [t:\workspace\open\src\hotspot\share\classfile\systemDictionary.cpp, line 256]
Event: 55.205 Thread 0x00000254e430ca20 Exception <a 'java/lang/ClassNotFoundException'{0x00000000ce939560}: org/springframework/boot/actuate/endpoint/jmx/EndpointMBean> (0x00000000ce939560) 
thrown [t:\workspace\open\src\hotspot\share\classfile\systemDictionary.cpp, line 256]
Event: 55.205 Thread 0x00000254e430ca20 Exception <a 'java/lang/ClassNotFoundException'{0x00000000ce939928}: org/springframework/boot/actuate/endpoint/jmx/DataEndpointMBean> (0x00000000ce939928) 
thrown [t:\workspace\open\src\hotspot\share\classfile\systemDictionary.cpp, line 256]
Event: 55.205 Thread 0x00000254e430ca20 Exception <a 'java/lang/ClassNotFoundException'{0x00000000ce939ce8}: org/springframework/context/support/LiveBeansView> (0x00000000ce939ce8) 
thrown [t:\workspace\open\src\hotspot\share\classfile\systemDictionary.cpp, line 256]
Event: 55.210 Thread 0x00000254e430ca20 Exception <a 'java/lang/ClassNotFoundException'{0x00000000ce9447e8}: org/springframework/boot/actuate/endpoint/jmx/EndpointMBean> (0x00000000ce9447e8) 
thrown [t:\workspace\open\src\hotspot\share\classfile\systemDictionary.cpp, line 256]
Event: 55.210 Thread 0x00000254e430ca20 Exception <a 'java/lang/ClassNotFoundException'{0x00000000ce944bb0}: org/springframework/boot/actuate/endpoint/jmx/DataEndpointMBean> (0x00000000ce944bb0) 
thrown [t:\workspace\open\src\hotspot\share\classfile\systemDictionary.cpp, line 256]
Event: 55.210 Thread 0x00000254e430ca20 Exception <a 'java/lang/ClassNotFoundException'{0x00000000ce944f70}: org/springframework/context/support/LiveBeansView> (0x00000000ce944f70) 
thrown [t:\workspace\open\src\hotspot\share\classfile\systemDictionary.cpp, line 256]
Event: 55.218 Thread 0x00000254e430ca20 Exception <a 'java/lang/ClassNotFoundException'{0x00000000ce94f9b0}: org/springframework/boot/actuate/endpoint/jmx/EndpointMBean> (0x00000000ce94f9b0) 
thrown [t:\workspace\open\src\hotspot\share\classfile\systemDictionary.cpp, line 256]
Event: 55.218 Thread 0x00000254e430ca20 Exception <a 'java/lang/ClassNotFoundException'{0x00000000ce94fd78}: org/springframework/boot/actuate/endpoint/jmx/DataEndpointMBean> (0x00000000ce94fd78) 
thrown [t:\workspace\open\src\hotspot\share\classfile\systemDictionary.cpp, line 256]
Event: 55.218 Thread 0x00000254e430ca20 Exception <a 'java/lang/ClassNotFoundException'{0x00000000ce950138}: org/springframework/context/support/LiveBeansView> (0x00000000ce950138) 
thrown [t:\workspace\open\src\hotspot\share\classfile\systemDictionary.cpp, line 256]
Event: 55.218 Thread 0x00000254e430ca20 Exception <a 'java/lang/ClassNotFoundException'{0x00000000ce9504e0}: org/springframework/boot/actuate/endpoint/jmx/EndpointMBean> (0x00000000ce9504e0) 
thrown [t:\workspace\open\src\hotspot\share\classfile\systemDictionary.cpp, line 256]
Event: 55.218 Thread 0x00000254e430ca20 Exception <a 'java/lang/ClassNotFoundException'{0x00000000ce950888}: org/springframework/boot/actuate/endpoint/jmx/DataEndpointMBean> (0x00000000ce950888) 
thrown [t:\workspace\open\src\hotspot\share\classfile\systemDictionary.cpp, line 256]
Event: 55.218 Thread 0x00000254e430ca20 Exception <a 'java/lang/ClassNotFoundException'{0x00000000ce950c28}: org/springframework/context/support/LiveBeansView> (0x00000000ce950c28) 
thrown [t:\workspace\open\src\hotspot\share\classfile\systemDictionary.cpp, line 256]
Event: 55.219 Thread 0x00000254e430ca20 Exception <a 'java/lang/ClassNotFoundException'{0x00000000ce950fe8}: org/springframework/boot/actuate/endpoint/jmx/EndpointMBean> (0x00000000ce950fe8) 
thrown [t:\workspace\open\src\hotspot\share\classfile\systemDictionary.cpp, line 256]
Event: 55.219 Thread 0x00000254e430ca20 Exception <a 'java/lang/ClassNotFoundException'{0x00000000ce9513a8}: org/springframework/boot/actuate/endpoint/jmx/DataEndpointMBean> (0x00000000ce9513a8) 
thrown [t:\workspace\open\src\hotspot\share\classfile\systemDictionary.cpp, line 256]
Event: 55.219 Thread 0x00000254e430ca20 Exception <a 'java/lang/ClassNotFoundException'{0x00000000ce951760}: org/springframework/context/support/LiveBeansView> (0x00000000ce951760) 
thrown [t:\workspace\open\src\hotspot\share\classfile\systemDictionary.cpp, line 256]
Event: 57.319 Thread 0x00000254e430ca20 Exception <a 'java/lang/reflect/InvocationTargetException'{0x00000000ce4c18b0}> (0x00000000ce4c18b0) 
thrown [t:\workspace\open\src\hotspot\share\runtime\reflection.cpp, line 1121]

VM Operations (20 events):
Event: 55.685 Executing VM operation: Cleanup
Event: 55.690 Executing VM operation: Cleanup done
Event: 57.072 Executing VM operation: HandshakeAllThreads
Event: 57.073 Executing VM operation: HandshakeAllThreads done
Event: 57.073 Executing VM operation: Cleanup
Event: 57.074 Executing VM operation: Cleanup done
Event: 58.075 Executing VM operation: Cleanup
Event: 58.075 Executing VM operation: Cleanup done
Event: 60.076 Executing VM operation: Cleanup
Event: 60.076 Executing VM operation: Cleanup done
Event: 77.085 Executing VM operation: Cleanup
Event: 77.111 Executing VM operation: Cleanup done
Event: 78.132 Executing VM operation: Cleanup
Event: 78.134 Executing VM operation: Cleanup done
Event: 79.135 Executing VM operation: Cleanup
Event: 79.135 Executing VM operation: Cleanup done
Event: 91.140 Executing VM operation: Cleanup
Event: 91.145 Executing VM operation: Cleanup done
Event: 114.171 Executing VM operation: Cleanup
Event: 114.195 Executing VM operation: Cleanup done

Events (20 events):
Event: 54.793 loading class javax/management/BadBinaryOpValueExpException done
Event: 54.793 loading class javax/management/BadAttributeValueExpException
Event: 54.800 loading class javax/management/BadAttributeValueExpException done
Event: 54.800 loading class javax/management/InvalidApplicationException
Event: 54.803 loading class javax/management/InvalidApplicationException done
Event: 54.807 loading class javax/management/InstanceOfQueryExp
Event: 54.843 loading class javax/management/InstanceOfQueryExp done
Event: 54.843 loading class javax/management/StringValueExp
Event: 54.847 loading class javax/management/ValueExp
Event: 54.848 loading class javax/management/ValueExp done
Event: 54.848 loading class javax/management/StringValueExp done
Event: 55.225 loading class javax/management/remote/rmi/RMIConnector$Util
Event: 55.236 loading class javax/management/remote/rmi/RMIConnector$Util done
Event: 55.469 Thread 0x00000254e430cef0 Thread added: 0x00000254e430cef0
Event: 57.202 loading class jdk/internal/vm/annotation/ForceInline
Event: 57.204 loading class jdk/internal/vm/annotation/ForceInline done
Event: 70.842 Thread 0x00000254e0b1b560 Thread exited: 0x00000254e0b1b560
Event: 77.207 Thread 0x00000254e430d890 Thread added: 0x00000254e430d890
Event: 77.208 Thread 0x00000254e430dd60 Thread added: 0x00000254e430dd60
Event: 114.229 loading class sun/net/ConnectionResetException


Dynamic libraries:
0x00007ff72c050000 - 0x00007ff72c060000 	C:\Program Files\Java\jdk-17.0.2\bin\javaw.exe
0x00007ff9791c0000 - 0x00007ff9793c9000 	C:\WINDOWS\SYSTEM32\ntdll.dll
0x00007ff978600000 - 0x00007ff9786be000 	C:\WINDOWS\System32\KERNEL32.DLL
0x00007ff976990000 - 0x00007ff976d0b000 	C:\WINDOWS\System32\KERNELBASE.dll
0x00007ff976e80000 - 0x00007ff976f91000 	C:\WINDOWS\System32\ucrtbase.dll
0x00007ff971da0000 - 0x00007ff971db8000 	C:\Program Files\Java\jdk-17.0.2\bin\jli.dll
0x00007ff9778e0000 - 0x00007ff97798e000 	C:\WINDOWS\System32\ADVAPI32.dll
0x00007ff9788a0000 - 0x00007ff978943000 	C:\WINDOWS\System32\msvcrt.dll
0x00007ff978ea0000 - 0x00007ff978f3e000 	C:\WINDOWS\System32\sechost.dll
0x00007ff9786c0000 - 0x00007ff9787e0000 	C:\WINDOWS\System32\RPCRT4.dll
0x00007ff977580000 - 0x00007ff97772d000 	C:\WINDOWS\System32\USER32.dll
0x00007ff976690000 - 0x00007ff9766b6000 	C:\WINDOWS\System32\win32u.dll
0x00007ff9787e0000 - 0x00007ff978809000 	C:\WINDOWS\System32\GDI32.dll
0x00007ff9766c0000 - 0x00007ff9767d8000 	C:\WINDOWS\System32\gdi32full.dll
0x00007ff976fa0000 - 0x00007ff97703d000 	C:\WINDOWS\System32\msvcp_win.dll
0x00007ff971250000 - 0x00007ff97126a000 	C:\Program Files\Java\jdk-17.0.2\bin\VCRUNTIME140.dll
0x00007ff9636a0000 - 0x00007ff963945000 	C:\WINDOWS\WinSxS\amd64_microsoft.windows.common-controls_6595b64144ccf1df_6.0.22000.120_none_9d947278b86cc467\COMCTL32.dll
0x00007ff970270000 - 0x00007ff97027a000 	C:\WINDOWS\SYSTEM32\VERSION.dll
0x00007ff977130000 - 0x00007ff977162000 	C:\WINDOWS\System32\IMM32.DLL
0x00007ff972ba0000 - 0x00007ff972bac000 	C:\Program Files\Java\jdk-17.0.2\bin\vcruntime140_1.dll
0x00007ff96eb80000 - 0x00007ff96ec0d000 	C:\Program Files\Java\jdk-17.0.2\bin\msvcp140.dll
0x00007ff914150000 - 0x00007ff914d11000 	C:\Program Files\Java\jdk-17.0.2\bin\server\jvm.dll
0x00007ff978890000 - 0x00007ff978898000 	C:\WINDOWS\System32\PSAPI.DLL
0x00007ff9526f0000 - 0x00007ff9526f9000 	C:\WINDOWS\SYSTEM32\WSOCK32.dll
0x00007ff978f40000 - 0x00007ff978faf000 	C:\WINDOWS\System32\WS2_32.dll
0x00007ff970a40000 - 0x00007ff970a73000 	C:\WINDOWS\SYSTEM32\WINMM.dll
0x00007ff9757c0000 - 0x00007ff9757d8000 	C:\WINDOWS\SYSTEM32\kernel.appcore.dll
0x00007ff971160000 - 0x00007ff97116a000 	C:\Program Files\Java\jdk-17.0.2\bin\jimage.dll
0x00007ff974150000 - 0x00007ff974371000 	C:\WINDOWS\SYSTEM32\DBGHELP.DLL
0x00007ff952250000 - 0x00007ff952281000 	C:\WINDOWS\SYSTEM32\dbgcore.DLL
0x00007ff976850000 - 0x00007ff9768cf000 	C:\WINDOWS\System32\bcryptPrimitives.dll
0x00007ff96eae0000 - 0x00007ff96eb05000 	C:\Program Files\Java\jdk-17.0.2\bin\java.dll
0x00007ff954250000 - 0x00007ff954326000 	C:\Program Files\Java\jdk-17.0.2\bin\jsvml.dll
0x00007ff977dc0000 - 0x00007ff978577000 	C:\WINDOWS\System32\SHELL32.dll
0x00007ff974750000 - 0x00007ff974fb5000 	C:\WINDOWS\SYSTEM32\windows.storage.dll
0x00007ff977170000 - 0x00007ff9774e8000 	C:\WINDOWS\System32\combase.dll
0x00007ff9745e0000 - 0x00007ff974746000 	C:\WINDOWS\SYSTEM32\wintypes.dll
0x00007ff977040000 - 0x00007ff97712a000 	C:\WINDOWS\System32\SHCORE.dll
0x00007ff979120000 - 0x00007ff97917d000 	C:\WINDOWS\System32\shlwapi.dll
0x00007ff9765c0000 - 0x00007ff9765e1000 	C:\WINDOWS\SYSTEM32\profapi.dll
0x00007ff9633f0000 - 0x00007ff963409000 	C:\Program Files\Java\jdk-17.0.2\bin\net.dll
0x00007ff9713c0000 - 0x00007ff9714d4000 	C:\WINDOWS\SYSTEM32\WINHTTP.dll
0x00007ff975c60000 - 0x00007ff975cc7000 	C:\WINDOWS\system32\mswsock.dll
0x00007ff9631c0000 - 0x00007ff9631d6000 	C:\Program Files\Java\jdk-17.0.2\bin\nio.dll
0x00007ff9631a0000 - 0x00007ff9631b8000 	C:\Program Files\Java\jdk-17.0.2\bin\zip.dll
0x00007ff96eb70000 - 0x00007ff96eb79000 	C:\Program Files\Java\jdk-17.0.2\bin\management.dll
0x00007ff964890000 - 0x00007ff96489b000 	C:\Program Files\Java\jdk-17.0.2\bin\management_ext.dll
0x00007ff95e5c0000 - 0x00007ff95e5d7000 	C:\WINDOWS\system32\napinsp.dll
0x00007ff95e580000 - 0x00007ff95e59b000 	C:\WINDOWS\system32\pnrpnsp.dll
0x00007ff9752a0000 - 0x00007ff975388000 	C:\WINDOWS\SYSTEM32\DNSAPI.dll
0x00007ff975270000 - 0x00007ff97529d000 	C:\WINDOWS\SYSTEM32\IPHLPAPI.DLL
0x00007ff977730000 - 0x00007ff977739000 	C:\WINDOWS\System32\NSI.dll
0x00007ff95e560000 - 0x00007ff95e572000 	C:\WINDOWS\System32\winrnr.dll
0x00007ff96ffa0000 - 0x00007ff96ffb5000 	C:\WINDOWS\system32\wshbth.dll
0x00007ff95e540000 - 0x00007ff95e55f000 	C:\WINDOWS\system32\nlansp_c.dll
0x00007ff966e40000 - 0x00007ff966e4a000 	C:\Windows\System32\rasadhlp.dll
0x00007ff96fda0000 - 0x00007ff96fe21000 	C:\WINDOWS\System32\fwpuclnt.dll
0x00007ff975ec0000 - 0x00007ff975ed8000 	C:\WINDOWS\SYSTEM32\CRYPTSP.dll
0x00007ff975720000 - 0x00007ff975755000 	C:\WINDOWS\system32\rsaenh.dll
0x00007ff975d70000 - 0x00007ff975d99000 	C:\WINDOWS\SYSTEM32\USERENV.dll
0x00007ff976070000 - 0x00007ff976097000 	C:\WINDOWS\SYSTEM32\bcrypt.dll
0x00007ff975ee0000 - 0x00007ff975eec000 	C:\WINDOWS\SYSTEM32\CRYPTBASE.dll
0x00007ff971550000 - 0x00007ff971569000 	C:\WINDOWS\SYSTEM32\dhcpcsvc6.DLL
0x00007ff971760000 - 0x00007ff97177e000 	C:\WINDOWS\SYSTEM32\dhcpcsvc.DLL
0x00007ff9633e0000 - 0x00007ff9633f0000 	C:\Program Files\Java\jdk-17.0.2\bin\verify.dll
0x00007ff9628c0000 - 0x00007ff9628ce000 	C:\Program Files\Java\jdk-17.0.2\bin\sunmscapi.dll
0x00007ff976d10000 - 0x00007ff976e72000 	C:\WINDOWS\System32\CRYPT32.dll
0x00007ff976040000 - 0x00007ff976068000 	C:\WINDOWS\SYSTEM32\ncrypt.dll
0x00007ff976000000 - 0x00007ff976037000 	C:\WINDOWS\SYSTEM32\NTASN1.dll
0x00007ff96ec50000 - 0x00007ff96ec58000 	C:\WINDOWS\system32\wshunix.dll

dbghelp: loaded successfully - version: 4.0.5 - missing functions: none
symbol engine: initialized successfully - sym options: 0x614 - pdb path: .;C:\Program Files\Java\jdk-17.0.2\bin;C:\WINDOWS\SYSTEM32;C:\WINDOWS\WinSxS\amd64_microsoft.windows.common-controls_6595b64144ccf1df_6.0.22000.120_none_9d947278b86cc467;C:\Program Files\Java\jdk-17.0.2\bin\server

VM Arguments:
jvm_args: -Dcom.sun.management.jmxremote -Dcom.sun.management.jmxremote.port=52351 -Dcom.sun.management.jmxremote.authenticate=false -Dcom.sun.management.jmxremote.ssl=false -Djava.rmi.server.hostname=localhost -Dspring.jmx.enabled=true -Dspring.application.admin.enabled=true -XX:TieredStopAtLevel=1 -Dspring.boot.project.name=paymentService -Dfile.encoding=UTF-8 -XX:+ShowCodeDetailsInExceptionMessages 
java_command: com.kodlamaio.paymentservice.PaymentServiceApplication --spring.output.ansi.enabled=always
java_class_path (initial): C:\casgem\backend\mikroservices\paymentService\target\classes;C:\casgem\backend\mikroservices\common\target\classes;C:\Users\brnoz\.m2\repository\org\springframework\boot\spring-boot-starter\2.7.6\spring-boot-starter-2.7.6.jar;C:\Users\brnoz\.m2\repository\org\springframework\boot\spring-boot\2.7.6\spring-boot-2.7.6.jar;C:\Users\brnoz\.m2\repository\org\springframework\spring-context\5.3.24\spring-context-5.3.24.jar;C:\Users\brnoz\.m2\repository\org\springframework\spring-aop\5.3.24\spring-aop-5.3.24.jar;C:\Users\brnoz\.m2\repository\org\springframework\spring-beans\5.3.24\spring-beans-5.3.24.jar;C:\Users\brnoz\.m2\repository\org\springframework\spring-expression\5.3.24\spring-expression-5.3.24.jar;C:\Users\brnoz\.m2\repository\org\springframework\boot\spring-boot-autoconfigure\2.7.6\spring-boot-autoconfigure-2.7.6.jar;C:\Users\brnoz\.m2\repository\org\springframework\boot\spring-boot-starter-logging\2.7.6\spring-boot-starter-logging-2.7.6.jar;C:\Users\brnoz\.m2\repository\ch\qos\logback\logback-classic\1.2.11\logback-classic-1.2.11.jar;C:\Users\brnoz\.m2\repository\ch\qos\logback\logback-core\1.2.11\logback-core-1.2.11.jar;C:\Users\brnoz\.m2\repository\org\apache\logging\log4j\log4j-to-slf4j\2.17.2\log4j-to-slf4j-2.17.2.jar;C:\Users\brnoz\.m2\repository\org\apache\logging\log4j\log4j-api\2.17.2\log4j-api-2.17.2.jar;C:\Users\brnoz\.m2\repository\org\slf4j\jul-to-slf4j\1.7.36\jul-to-slf4j-1.7.36.jar;C:\Users\brnoz\.m2\repository\jakarta\annotation\jakarta.annotation-api\1.3.5\jakarta.annotation-api-1.3.5.jar;C:\Users\brnoz\.m2\repository\org\springframework\spring-core\5.3.24\spring-core-5.3.24.jar;C:\Users\brnoz\.m2\repository\org\springframework\spring-jcl\5.3.24\spring-jcl-5.3.24.jar;C:\Users\brnoz\.m2\repository\org\yaml\snakeyaml\1.30\snakeyaml-1.30.jar;C:\Users\brnoz\.m2\repository\org\modelmapper\modelmapper\3.0.0\modelmapper-3.0.0.jar;C:\Users\brnoz\.m2\repository\org\projectlombok\lombok\1.18.24\lombok-1.18.24.jar;C:\Users\brnoz\
Launcher Type: SUN_STANDARD

[Global flags]
     intx CICompilerCount                          = 3                                         {product} {ergonomic}
     uint ConcGCThreads                            = 1                                         {product} {ergonomic}
     uint G1ConcRefinementThreads                  = 4                                         {product} {ergonomic}
   size_t G1HeapRegionSize                         = 1048576                                   {product} {ergonomic}
    uintx GCDrainStackTargetSize                   = 64                                        {product} {ergonomic}
   size_t InitialHeapSize                          = 65011712                                  {product} {ergonomic}
     bool ManagementServer                         = true                                      {product} {command line}
   size_t MarkStackSize                            = 4194304                                   {product} {ergonomic}
   size_t MaxHeapSize                              = 1023410176                                {product} {ergonomic}
   size_t MaxNewSize                               = 613416960                                 {product} {ergonomic}
   size_t MinHeapDeltaBytes                        = 1048576                                   {product} {ergonomic}
   size_t MinHeapSize                              = 8388608                                   {product} {ergonomic}
    uintx NonProfiledCodeHeapSize                  = 0                                      {pd product} {ergonomic}
     bool ProfileInterpreter                       = false                                  {pd product} {command line}
    uintx ProfiledCodeHeapSize                     = 0                                      {pd product} {ergonomic}
     bool ShowCodeDetailsInExceptionMessages       = true                                   {manageable} {command line}
   size_t SoftMaxHeapSize                          = 1023410176                             {manageable} {ergonomic}
     intx TieredStopAtLevel                        = 1                                         {product} {command line}
     bool UseCompressedClassPointers               = true                           {product lp64_product} {ergonomic}
     bool UseCompressedOops                        = true                           {product lp64_product} {ergonomic}
     bool UseG1GC                                  = true                                      {product} {ergonomic}
     bool UseLargePagesIndividualAllocation        = false                                  {pd product} {ergonomic}

Logging:
Log output configuration:
 #0: stdout all=warning uptime,level,tags
 #1: stderr all=off uptime,level,tags

Environment Variables:
PATH=C:\Program Files\Common Files\Oracle\Java\javapath;C:\Python\Python39\Scripts\;C:\Python\Python39\;C:\WINDOWS\system32;C:\WINDOWS;C:\WINDOWS\System32\Wbem;C:\WINDOWS\System32\WindowsPowerShell\v1.0\;C:\WINDOWS\System32\OpenSSH\;C:\Program Files\dotnet\;C:\Program Files\Microsoft SQL Server\130\Tools\Binn\;C:\Program Files\Microsoft SQL Server\Client SDK\ODBC\170\Tools\Binn\;C:\Program Files (x86)\Microsoft SQL Server\150\Tools\Binn\;C:\Program Files\Microsoft SQL Server\150\Tools\Binn\;C:\Program Files\Microsoft SQL Server\150\DTS\Binn\;C:\Program Files (x86)\Microsoft SQL Server\150\DTS\Binn\;C:\Program Files\Azure Data Studio\bin;C:\Program Files\Git\cmd;C:\composer;C:\xampp\php;C:\Program Files\Docker\Docker\resources\bin;C:\Users\brnoz\anaconda3;C:\Users\brnoz\anaconda3\Library\mingw-w64\bin;C:\Users\brnoz\anaconda3\Library\usr\bin;C:\Users\brnoz\anaconda3\Library\bin;C:\Users\brnoz\anaconda3\Scripts;C:\Users\brnoz\AppData\Local\Microsoft\WindowsApps;C:\Users\brnoz\.dotnet\tools;C:\Program Files\Azure Data Studio\bin;C:\Users\brnoz\AppData\Roaming\Composer\vendor\bin;C:\Program Files\JetBrains\PhpStorm 2021.2.3\bin;C:\Users\brnoz\AppData\Local\Microsoft\WindowsApps;C:\Program Files\JetBrains\IntelliJ IDEA Community Edition 2022.1\bin;C:\Users\brnoz\AppData\Local\Programs\Microsoft VS Code\bin;C:\Users\brnoz\.dotnet\tools
USERNAME=brnoz
OS=Windows_NT
PROCESSOR_IDENTIFIER=Intel64 Family 6 Model 126 Stepping 5, GenuineIntel



---------------  S Y S T E M  ---------------

OS:
 Windows 11 , 64 bit Build 22000 (10.0.22000.1335)
OS uptime: 17 days 2:09 hours
Hyper-V role detected

CPU: total 4 (initial active 4) (2 cores per cpu, 2 threads per core) family 6 model 126 stepping 5 microcode 0xa6, cx8, cmov, fxsr, ht, mmx, 3dnowpref, sse, sse2, sse3, ssse3, sse4.1, sse4.2, popcnt, lzcnt, tsc, tscinvbit, avx, avx2, aes, erms, clmul, bmi1, bmi2, adx, avx512f, avx512dq, avx512cd, avx512bw, avx512vl, sha, fma, vzeroupper, avx512_vpopcntdq, avx512_vpclmulqdq, avx512_vaes, avx512_vnni, clflush, clflushopt, avx512_vbmi2, avx512_vbmi, hv

Memory: 4k page, system-wide physical 3902M (41M free)
TotalPageFile size 15678M (AvailPageFile size 320M)
current process WorkingSet (physical memory assigned to process): 11M, peak: 234M
current process commit charge ("private bytes"): 402M, peak: 402M

vm_info: Java HotSpot(TM) 64-Bit Server VM (17.0.2+8-LTS-86) for windows-amd64 JRE (17.0.2+8-LTS-86), built on Dec  7 2021 21:51:03 by "mach5one" with MS VC++ 16.8 / 16.9 (VS2019)

END.
